running egg_info
writing ../../build/waveshare_servo/waveshare_servo.egg-info/PKG-INFO
writing dependency_links to ../../build/waveshare_servo/waveshare_servo.egg-info/dependency_links.txt
writing entry points to ../../build/waveshare_servo/waveshare_servo.egg-info/entry_points.txt
writing requirements to ../../build/waveshare_servo/waveshare_servo.egg-info/requires.txt
writing top-level names to ../../build/waveshare_servo/waveshare_servo.egg-info/top_level.txt
reading manifest file '../../build/waveshare_servo/waveshare_servo.egg-info/SOURCES.txt'
writing manifest file '../../build/waveshare_servo/waveshare_servo.egg-info/SOURCES.txt'
running build
running build_py
copying waveshare_servo/waveshare_servo_node.py -> /home/maro/3D_Mapping_Sphere_ROS2/Acuators_ws/build/waveshare_servo/build/lib/waveshare_servo
running install
running install_lib
copying /home/maro/3D_Mapping_Sphere_ROS2/Acuators_ws/build/waveshare_servo/build/lib/waveshare_servo/waveshare_servo_node.py -> /home/maro/3D_Mapping_Sphere_ROS2/Acuators_ws/install/waveshare_servo/lib/python3.12/site-packages/waveshare_servo
byte-compiling /home/maro/3D_Mapping_Sphere_ROS2/Acuators_ws/install/waveshare_servo/lib/python3.12/site-packages/waveshare_servo/waveshare_servo_node.py to waveshare_servo_node.cpython-312.pyc
running install_data
running install_egg_info
removing '/home/maro/3D_Mapping_Sphere_ROS2/Acuators_ws/install/waveshare_servo/lib/python3.12/site-packages/waveshare_servo-0.0.0-py3.12.egg-info' (and everything under it)
Copying ../../build/waveshare_servo/waveshare_servo.egg-info to /home/maro/3D_Mapping_Sphere_ROS2/Acuators_ws/install/waveshare_servo/lib/python3.12/site-packages/waveshare_servo-0.0.0-py3.12.egg-info
running install_scripts
Installing waveshare_servo_node script to /home/maro/3D_Mapping_Sphere_ROS2/Acuators_ws/install/waveshare_servo/lib/waveshare_servo
writing list of installed files to '/home/maro/3D_Mapping_Sphere_ROS2/Acuators_ws/build/waveshare_servo/install.log'
