[1.730s] Invoking command in '/home/maro/3D_Mapping_Sphere_ROS2/Acuators_ws/src/waveshare_servo': CMAKE_PREFIX_PATH=/home/maro/3D_Mapping_Sphere_ROS2/Acuators_ws/install/logitech_msgs:/home/maro/3D_Mapping_Sphere_ROS2/Acuators_ws/install/servo_pwm_node:/home/maro/3D_Mapping_Sphere_ROS2/Acuators_ws/install/logitech_controller:/opt/ros/jazzy/opt/gz_math_vendor:/opt/ros/jazzy/opt/gz_utils_vendor:/opt/ros/jazzy/opt/gz_cmake_vendor DEBUGINFOD_URLS=https://debuginfod.ubuntu.com PYTHONPATH=/home/maro/3D_Mapping_Sphere_ROS2/Acuators_ws/build/waveshare_servo/prefix_override:/usr/lib/python3/dist-packages/colcon_core/task/python/colcon_distutils_commands:/home/maro/3D_Mapping_Sphere_ROS2/Acuators_ws/install/waveshare_servo/lib/python3.12/site-packages:/home/maro/3D_Mapping_Sphere_ROS2/Acuators_ws/install/logitech_msgs/lib/python3.12/site-packages:/home/maro/3D_Mapping_Sphere_ROS2/Acuators_ws/install/khonsu/lib/python3.12/site-packages:/home/maro/3D_Mapping_Sphere_ROS2/Acuators_ws/install/waveshare_servo/lib/python3.12/site-packages:/opt/ros/jazzy/lib/python3.12/site-packages /usr/bin/python3 -W ignore:setup.py install is deprecated -W ignore:easy_install command is deprecated setup.py egg_info --egg-base ../../build/waveshare_servo build --build-base /home/maro/3D_Mapping_Sphere_ROS2/Acuators_ws/build/waveshare_servo/build install --record /home/maro/3D_Mapping_Sphere_ROS2/Acuators_ws/build/waveshare_servo/install.log --single-version-externally-managed install_data
[2.118s] running egg_info
[2.147s] writing ../../build/waveshare_servo/waveshare_servo.egg-info/PKG-INFO
[2.147s] writing dependency_links to ../../build/waveshare_servo/waveshare_servo.egg-info/dependency_links.txt
[2.148s] writing entry points to ../../build/waveshare_servo/waveshare_servo.egg-info/entry_points.txt
[2.148s] writing requirements to ../../build/waveshare_servo/waveshare_servo.egg-info/requires.txt
[2.148s] writing top-level names to ../../build/waveshare_servo/waveshare_servo.egg-info/top_level.txt
[2.203s] reading manifest file '../../build/waveshare_servo/waveshare_servo.egg-info/SOURCES.txt'
[2.205s] writing manifest file '../../build/waveshare_servo/waveshare_servo.egg-info/SOURCES.txt'
[2.205s] running build
[2.205s] running build_py
[2.206s] copying waveshare_servo/waveshare_servo_node.py -> /home/maro/3D_Mapping_Sphere_ROS2/Acuators_ws/build/waveshare_servo/build/lib/waveshare_servo
[2.206s] running install
[2.218s] running install_lib
[2.249s] copying /home/maro/3D_Mapping_Sphere_ROS2/Acuators_ws/build/waveshare_servo/build/lib/waveshare_servo/waveshare_servo_node.py -> /home/maro/3D_Mapping_Sphere_ROS2/Acuators_ws/install/waveshare_servo/lib/python3.12/site-packages/waveshare_servo
[2.250s] byte-compiling /home/maro/3D_Mapping_Sphere_ROS2/Acuators_ws/install/waveshare_servo/lib/python3.12/site-packages/waveshare_servo/waveshare_servo_node.py to waveshare_servo_node.cpython-312.pyc
[2.253s] running install_data
[2.253s] running install_egg_info
[2.285s] removing '/home/maro/3D_Mapping_Sphere_ROS2/Acuators_ws/install/waveshare_servo/lib/python3.12/site-packages/waveshare_servo-0.0.0-py3.12.egg-info' (and everything under it)
[2.286s] Copying ../../build/waveshare_servo/waveshare_servo.egg-info to /home/maro/3D_Mapping_Sphere_ROS2/Acuators_ws/install/waveshare_servo/lib/python3.12/site-packages/waveshare_servo-0.0.0-py3.12.egg-info
[2.287s] running install_scripts
[2.492s] Installing waveshare_servo_node script to /home/maro/3D_Mapping_Sphere_ROS2/Acuators_ws/install/waveshare_servo/lib/waveshare_servo
[2.494s] writing list of installed files to '/home/maro/3D_Mapping_Sphere_ROS2/Acuators_ws/build/waveshare_servo/install.log'
[2.584s] Invoked command in '/home/maro/3D_Mapping_Sphere_ROS2/Acuators_ws/src/waveshare_servo' returned '0': CMAKE_PREFIX_PATH=/home/maro/3D_Mapping_Sphere_ROS2/Acuators_ws/install/logitech_msgs:/home/maro/3D_Mapping_Sphere_ROS2/Acuators_ws/install/servo_pwm_node:/home/maro/3D_Mapping_Sphere_ROS2/Acuators_ws/install/logitech_controller:/opt/ros/jazzy/opt/gz_math_vendor:/opt/ros/jazzy/opt/gz_utils_vendor:/opt/ros/jazzy/opt/gz_cmake_vendor DEBUGINFOD_URLS=https://debuginfod.ubuntu.com PYTHONPATH=/home/maro/3D_Mapping_Sphere_ROS2/Acuators_ws/build/waveshare_servo/prefix_override:/usr/lib/python3/dist-packages/colcon_core/task/python/colcon_distutils_commands:/home/maro/3D_Mapping_Sphere_ROS2/Acuators_ws/install/waveshare_servo/lib/python3.12/site-packages:/home/maro/3D_Mapping_Sphere_ROS2/Acuators_ws/install/logitech_msgs/lib/python3.12/site-packages:/home/maro/3D_Mapping_Sphere_ROS2/Acuators_ws/install/khonsu/lib/python3.12/site-packages:/home/maro/3D_Mapping_Sphere_ROS2/Acuators_ws/install/waveshare_servo/lib/python3.12/site-packages:/opt/ros/jazzy/lib/python3.12/site-packages /usr/bin/python3 -W ignore:setup.py install is deprecated -W ignore:easy_install command is deprecated setup.py egg_info --egg-base ../../build/waveshare_servo build --build-base /home/maro/3D_Mapping_Sphere_ROS2/Acuators_ws/build/waveshare_servo/build install --record /home/maro/3D_Mapping_Sphere_ROS2/Acuators_ws/build/waveshare_servo/install.log --single-version-externally-managed install_data
