[  2%] Built target logitech_msgs__rosidl_generator_type_description
[  2%] Built target ament_cmake_python_copy_logitech_msgs
[  5%] Built target logitech_msgs__cpp
[ 20%] Built target logitech_msgs__rosidl_generator_c
[ 29%] Built target logitech_msgs__rosidl_typesupport_c
[ 38%] Built target logitech_msgs__rosidl_typesupport_introspection_c
[ 47%] Built target logitech_msgs__rosidl_typesupport_fastrtps_c
[ 64%] Built target logitech_msgs__rosidl_typesupport_cpp
[ 64%] Built target logitech_msgs__rosidl_typesupport_fastrtps_cpp
[ 73%] Built target logitech_msgs__rosidl_typesupport_introspection_cpp
[ 73%] Built target logitech_msgs
[ 76%] Built target logitech_msgs__py
[ 82%] Built target logitech_msgs__rosidl_generator_py
[ 88%] Built target logitech_msgs_s__rosidl_typesupport_introspection_c
[ 94%] Built target logitech_msgs_s__rosidl_typesupport_c
[100%] Built target logitech_msgs_s__rosidl_typesupport_fastrtps_c
running egg_info
writing logitech_msgs.egg-info/PKG-INFO
writing dependency_links to logitech_msgs.egg-info/dependency_links.txt
writing top-level names to logitech_msgs.egg-info/top_level.txt
reading manifest file 'logitech_msgs.egg-info/SOURCES.txt'
writing manifest file 'logitech_msgs.egg-info/SOURCES.txt'
[100%] Built target ament_cmake_python_build_logitech_msgs_egg
-- Install configuration: ""
-- Up-to-date: /home/maro/3D_Mapping_Sphere_ROS2/Acuators_ws/install/logitech_msgs/share/ament_index/resource_index/rosidl_interfaces/logitech_msgs
-- Up-to-date: /home/maro/3D_Mapping_Sphere_ROS2/Acuators_ws/install/logitech_msgs/share/logitech_msgs/msg/Controller.json
-- Up-to-date: /home/maro/3D_Mapping_Sphere_ROS2/Acuators_ws/install/logitech_msgs/include/logitech_msgs/logitech_msgs
-- Up-to-date: /home/maro/3D_Mapping_Sphere_ROS2/Acuators_ws/install/logitech_msgs/include/logitech_msgs/logitech_msgs/msg
-- Up-to-date: /home/maro/3D_Mapping_Sphere_ROS2/Acuators_ws/install/logitech_msgs/include/logitech_msgs/logitech_msgs/msg/rosidl_generator_c__visibility_control.h
-- Up-to-date: /home/maro/3D_Mapping_Sphere_ROS2/Acuators_ws/install/logitech_msgs/include/logitech_msgs/logitech_msgs/msg/detail
-- Up-to-date: /home/maro/3D_Mapping_Sphere_ROS2/Acuators_ws/install/logitech_msgs/include/logitech_msgs/logitech_msgs/msg/detail/controller__description.c
-- Up-to-date: /home/maro/3D_Mapping_Sphere_ROS2/Acuators_ws/install/logitech_msgs/include/logitech_msgs/logitech_msgs/msg/detail/controller__functions.h
-- Up-to-date: /home/maro/3D_Mapping_Sphere_ROS2/Acuators_ws/install/logitech_msgs/include/logitech_msgs/logitech_msgs/msg/detail/controller__functions.c
-- Up-to-date: /home/maro/3D_Mapping_Sphere_ROS2/Acuators_ws/install/logitech_msgs/include/logitech_msgs/logitech_msgs/msg/detail/controller__type_support.h
-- Installing: /home/maro/3D_Mapping_Sphere_ROS2/Acuators_ws/install/logitech_msgs/include/logitech_msgs/logitech_msgs/msg/detail/controller__type_support.c
-- Up-to-date: /home/maro/3D_Mapping_Sphere_ROS2/Acuators_ws/install/logitech_msgs/include/logitech_msgs/logitech_msgs/msg/detail/controller__struct.h
-- Up-to-date: /home/maro/3D_Mapping_Sphere_ROS2/Acuators_ws/install/logitech_msgs/include/logitech_msgs/logitech_msgs/msg/controller.h
-- Up-to-date: /home/maro/3D_Mapping_Sphere_ROS2/Acuators_ws/install/logitech_msgs/share/logitech_msgs/environment/library_path.sh
-- Up-to-date: /home/maro/3D_Mapping_Sphere_ROS2/Acuators_ws/install/logitech_msgs/share/logitech_msgs/environment/library_path.dsv
-- Up-to-date: /home/maro/3D_Mapping_Sphere_ROS2/Acuators_ws/install/logitech_msgs/lib/liblogitech_msgs__rosidl_generator_c.so
-- Up-to-date: /home/maro/3D_Mapping_Sphere_ROS2/Acuators_ws/install/logitech_msgs/include/logitech_msgs/logitech_msgs
-- Up-to-date: /home/maro/3D_Mapping_Sphere_ROS2/Acuators_ws/install/logitech_msgs/include/logitech_msgs/logitech_msgs/msg
-- Up-to-date: /home/maro/3D_Mapping_Sphere_ROS2/Acuators_ws/install/logitech_msgs/include/logitech_msgs/logitech_msgs/msg/rosidl_typesupport_fastrtps_c__visibility_control.h
-- Up-to-date: /home/maro/3D_Mapping_Sphere_ROS2/Acuators_ws/install/logitech_msgs/include/logitech_msgs/logitech_msgs/msg/detail
-- Up-to-date: /home/maro/3D_Mapping_Sphere_ROS2/Acuators_ws/install/logitech_msgs/include/logitech_msgs/logitech_msgs/msg/detail/controller__rosidl_typesupport_fastrtps_c.h
-- Up-to-date: /home/maro/3D_Mapping_Sphere_ROS2/Acuators_ws/install/logitech_msgs/lib/liblogitech_msgs__rosidl_typesupport_fastrtps_c.so
-- Up-to-date: /home/maro/3D_Mapping_Sphere_ROS2/Acuators_ws/install/logitech_msgs/include/logitech_msgs/logitech_msgs
-- Up-to-date: /home/maro/3D_Mapping_Sphere_ROS2/Acuators_ws/install/logitech_msgs/include/logitech_msgs/logitech_msgs/msg
-- Up-to-date: /home/maro/3D_Mapping_Sphere_ROS2/Acuators_ws/install/logitech_msgs/include/logitech_msgs/logitech_msgs/msg/detail
-- Up-to-date: /home/maro/3D_Mapping_Sphere_ROS2/Acuators_ws/install/logitech_msgs/include/logitech_msgs/logitech_msgs/msg/detail/controller__rosidl_typesupport_introspection_c.h
-- Installing: /home/maro/3D_Mapping_Sphere_ROS2/Acuators_ws/install/logitech_msgs/include/logitech_msgs/logitech_msgs/msg/detail/controller__type_support.c
-- Up-to-date: /home/maro/3D_Mapping_Sphere_ROS2/Acuators_ws/install/logitech_msgs/include/logitech_msgs/logitech_msgs/msg/rosidl_typesupport_introspection_c__visibility_control.h
-- Up-to-date: /home/maro/3D_Mapping_Sphere_ROS2/Acuators_ws/install/logitech_msgs/lib/liblogitech_msgs__rosidl_typesupport_introspection_c.so
-- Up-to-date: /home/maro/3D_Mapping_Sphere_ROS2/Acuators_ws/install/logitech_msgs/lib/liblogitech_msgs__rosidl_typesupport_c.so
-- Up-to-date: /home/maro/3D_Mapping_Sphere_ROS2/Acuators_ws/install/logitech_msgs/include/logitech_msgs/logitech_msgs
-- Up-to-date: /home/maro/3D_Mapping_Sphere_ROS2/Acuators_ws/install/logitech_msgs/include/logitech_msgs/logitech_msgs/msg
-- Up-to-date: /home/maro/3D_Mapping_Sphere_ROS2/Acuators_ws/install/logitech_msgs/include/logitech_msgs/logitech_msgs/msg/detail
-- Up-to-date: /home/maro/3D_Mapping_Sphere_ROS2/Acuators_ws/install/logitech_msgs/include/logitech_msgs/logitech_msgs/msg/detail/controller__struct.hpp
-- Up-to-date: /home/maro/3D_Mapping_Sphere_ROS2/Acuators_ws/install/logitech_msgs/include/logitech_msgs/logitech_msgs/msg/detail/controller__type_support.hpp
-- Up-to-date: /home/maro/3D_Mapping_Sphere_ROS2/Acuators_ws/install/logitech_msgs/include/logitech_msgs/logitech_msgs/msg/detail/controller__traits.hpp
-- Up-to-date: /home/maro/3D_Mapping_Sphere_ROS2/Acuators_ws/install/logitech_msgs/include/logitech_msgs/logitech_msgs/msg/detail/controller__builder.hpp
-- Up-to-date: /home/maro/3D_Mapping_Sphere_ROS2/Acuators_ws/install/logitech_msgs/include/logitech_msgs/logitech_msgs/msg/rosidl_generator_cpp__visibility_control.hpp
-- Up-to-date: /home/maro/3D_Mapping_Sphere_ROS2/Acuators_ws/install/logitech_msgs/include/logitech_msgs/logitech_msgs/msg/controller.hpp
-- Up-to-date: /home/maro/3D_Mapping_Sphere_ROS2/Acuators_ws/install/logitech_msgs/include/logitech_msgs/logitech_msgs
-- Up-to-date: /home/maro/3D_Mapping_Sphere_ROS2/Acuators_ws/install/logitech_msgs/include/logitech_msgs/logitech_msgs/msg
-- Up-to-date: /home/maro/3D_Mapping_Sphere_ROS2/Acuators_ws/install/logitech_msgs/include/logitech_msgs/logitech_msgs/msg/detail
-- Up-to-date: /home/maro/3D_Mapping_Sphere_ROS2/Acuators_ws/install/logitech_msgs/include/logitech_msgs/logitech_msgs/msg/detail/dds_fastrtps
-- Up-to-date: /home/maro/3D_Mapping_Sphere_ROS2/Acuators_ws/install/logitech_msgs/include/logitech_msgs/logitech_msgs/msg/detail/controller__rosidl_typesupport_fastrtps_cpp.hpp
-- Up-to-date: /home/maro/3D_Mapping_Sphere_ROS2/Acuators_ws/install/logitech_msgs/include/logitech_msgs/logitech_msgs/msg/rosidl_typesupport_fastrtps_cpp__visibility_control.h
-- Up-to-date: /home/maro/3D_Mapping_Sphere_ROS2/Acuators_ws/install/logitech_msgs/lib/liblogitech_msgs__rosidl_typesupport_fastrtps_cpp.so
-- Up-to-date: /home/maro/3D_Mapping_Sphere_ROS2/Acuators_ws/install/logitech_msgs/include/logitech_msgs/logitech_msgs
-- Up-to-date: /home/maro/3D_Mapping_Sphere_ROS2/Acuators_ws/install/logitech_msgs/include/logitech_msgs/logitech_msgs/msg
-- Up-to-date: /home/maro/3D_Mapping_Sphere_ROS2/Acuators_ws/install/logitech_msgs/include/logitech_msgs/logitech_msgs/msg/detail
-- Up-to-date: /home/maro/3D_Mapping_Sphere_ROS2/Acuators_ws/install/logitech_msgs/include/logitech_msgs/logitech_msgs/msg/detail/controller__rosidl_typesupport_introspection_cpp.hpp
-- Up-to-date: /home/maro/3D_Mapping_Sphere_ROS2/Acuators_ws/install/logitech_msgs/include/logitech_msgs/logitech_msgs/msg/detail/controller__type_support.cpp
-- Up-to-date: /home/maro/3D_Mapping_Sphere_ROS2/Acuators_ws/install/logitech_msgs/lib/liblogitech_msgs__rosidl_typesupport_introspection_cpp.so
-- Up-to-date: /home/maro/3D_Mapping_Sphere_ROS2/Acuators_ws/install/logitech_msgs/lib/liblogitech_msgs__rosidl_typesupport_cpp.so
-- Up-to-date: /home/maro/3D_Mapping_Sphere_ROS2/Acuators_ws/install/logitech_msgs/share/logitech_msgs/environment/pythonpath.sh
-- Up-to-date: /home/maro/3D_Mapping_Sphere_ROS2/Acuators_ws/install/logitech_msgs/share/logitech_msgs/environment/pythonpath.dsv
-- Up-to-date: /home/maro/3D_Mapping_Sphere_ROS2/Acuators_ws/install/logitech_msgs/lib/python3.12/site-packages/logitech_msgs-0.0.0-py3.12.egg-info
-- Installing: /home/maro/3D_Mapping_Sphere_ROS2/Acuators_ws/install/logitech_msgs/lib/python3.12/site-packages/logitech_msgs-0.0.0-py3.12.egg-info/dependency_links.txt
-- Installing: /home/maro/3D_Mapping_Sphere_ROS2/Acuators_ws/install/logitech_msgs/lib/python3.12/site-packages/logitech_msgs-0.0.0-py3.12.egg-info/PKG-INFO
-- Installing: /home/maro/3D_Mapping_Sphere_ROS2/Acuators_ws/install/logitech_msgs/lib/python3.12/site-packages/logitech_msgs-0.0.0-py3.12.egg-info/top_level.txt
-- Installing: /home/maro/3D_Mapping_Sphere_ROS2/Acuators_ws/install/logitech_msgs/lib/python3.12/site-packages/logitech_msgs-0.0.0-py3.12.egg-info/SOURCES.txt
-- Up-to-date: /home/maro/3D_Mapping_Sphere_ROS2/Acuators_ws/install/logitech_msgs/lib/python3.12/site-packages/logitech_msgs
-- Up-to-date: /home/maro/3D_Mapping_Sphere_ROS2/Acuators_ws/install/logitech_msgs/lib/python3.12/site-packages/logitech_msgs/_logitech_msgs_s.ep.rosidl_typesupport_fastrtps_c.c
-- Up-to-date: /home/maro/3D_Mapping_Sphere_ROS2/Acuators_ws/install/logitech_msgs/lib/python3.12/site-packages/logitech_msgs/logitech_msgs_s__rosidl_typesupport_introspection_c.so
-- Up-to-date: /home/maro/3D_Mapping_Sphere_ROS2/Acuators_ws/install/logitech_msgs/lib/python3.12/site-packages/logitech_msgs/logitech_msgs_s__rosidl_typesupport_c.so
-- Up-to-date: /home/maro/3D_Mapping_Sphere_ROS2/Acuators_ws/install/logitech_msgs/lib/python3.12/site-packages/logitech_msgs/logitech_msgs_s__rosidl_typesupport_fastrtps_c.so
-- Up-to-date: /home/maro/3D_Mapping_Sphere_ROS2/Acuators_ws/install/logitech_msgs/lib/python3.12/site-packages/logitech_msgs/__init__.py
-- Up-to-date: /home/maro/3D_Mapping_Sphere_ROS2/Acuators_ws/install/logitech_msgs/lib/python3.12/site-packages/logitech_msgs/_logitech_msgs_s.ep.rosidl_typesupport_c.c
-- Up-to-date: /home/maro/3D_Mapping_Sphere_ROS2/Acuators_ws/install/logitech_msgs/lib/python3.12/site-packages/logitech_msgs/_logitech_msgs_s.ep.rosidl_typesupport_introspection_c.c
-- Up-to-date: /home/maro/3D_Mapping_Sphere_ROS2/Acuators_ws/install/logitech_msgs/lib/python3.12/site-packages/logitech_msgs/msg
-- Up-to-date: /home/maro/3D_Mapping_Sphere_ROS2/Acuators_ws/install/logitech_msgs/lib/python3.12/site-packages/logitech_msgs/msg/_controller.py
-- Up-to-date: /home/maro/3D_Mapping_Sphere_ROS2/Acuators_ws/install/logitech_msgs/lib/python3.12/site-packages/logitech_msgs/msg/_controller_s.c
-- Up-to-date: /home/maro/3D_Mapping_Sphere_ROS2/Acuators_ws/install/logitech_msgs/lib/python3.12/site-packages/logitech_msgs/msg/__init__.py
Listing '/home/maro/3D_Mapping_Sphere_ROS2/Acuators_ws/install/logitech_msgs/lib/python3.12/site-packages/logitech_msgs'...
Listing '/home/maro/3D_Mapping_Sphere_ROS2/Acuators_ws/install/logitech_msgs/lib/python3.12/site-packages/logitech_msgs/msg'...
-- Up-to-date: /home/maro/3D_Mapping_Sphere_ROS2/Acuators_ws/install/logitech_msgs/lib/python3.12/site-packages/logitech_msgs/logitech_msgs_s__rosidl_typesupport_fastrtps_c.so
-- Up-to-date: /home/maro/3D_Mapping_Sphere_ROS2/Acuators_ws/install/logitech_msgs/lib/python3.12/site-packages/logitech_msgs/logitech_msgs_s__rosidl_typesupport_introspection_c.so
-- Up-to-date: /home/maro/3D_Mapping_Sphere_ROS2/Acuators_ws/install/logitech_msgs/lib/python3.12/site-packages/logitech_msgs/logitech_msgs_s__rosidl_typesupport_c.so
-- Up-to-date: /home/maro/3D_Mapping_Sphere_ROS2/Acuators_ws/install/logitech_msgs/lib/liblogitech_msgs__rosidl_generator_py.so
-- Up-to-date: /home/maro/3D_Mapping_Sphere_ROS2/Acuators_ws/install/logitech_msgs/share/logitech_msgs/msg/Controller.idl
-- Up-to-date: /home/maro/3D_Mapping_Sphere_ROS2/Acuators_ws/install/logitech_msgs/share/logitech_msgs/msg/Controller.msg
-- Up-to-date: /home/maro/3D_Mapping_Sphere_ROS2/Acuators_ws/install/logitech_msgs/share/ament_index/resource_index/package_run_dependencies/logitech_msgs
-- Up-to-date: /home/maro/3D_Mapping_Sphere_ROS2/Acuators_ws/install/logitech_msgs/share/ament_index/resource_index/parent_prefix_path/logitech_msgs
-- Up-to-date: /home/maro/3D_Mapping_Sphere_ROS2/Acuators_ws/install/logitech_msgs/share/logitech_msgs/environment/ament_prefix_path.sh
-- Up-to-date: /home/maro/3D_Mapping_Sphere_ROS2/Acuators_ws/install/logitech_msgs/share/logitech_msgs/environment/ament_prefix_path.dsv
-- Up-to-date: /home/maro/3D_Mapping_Sphere_ROS2/Acuators_ws/install/logitech_msgs/share/logitech_msgs/environment/path.sh
-- Up-to-date: /home/maro/3D_Mapping_Sphere_ROS2/Acuators_ws/install/logitech_msgs/share/logitech_msgs/environment/path.dsv
-- Up-to-date: /home/maro/3D_Mapping_Sphere_ROS2/Acuators_ws/install/logitech_msgs/share/logitech_msgs/local_setup.bash
-- Up-to-date: /home/maro/3D_Mapping_Sphere_ROS2/Acuators_ws/install/logitech_msgs/share/logitech_msgs/local_setup.sh
-- Up-to-date: /home/maro/3D_Mapping_Sphere_ROS2/Acuators_ws/install/logitech_msgs/share/logitech_msgs/local_setup.zsh
-- Up-to-date: /home/maro/3D_Mapping_Sphere_ROS2/Acuators_ws/install/logitech_msgs/share/logitech_msgs/local_setup.dsv
-- Installing: /home/maro/3D_Mapping_Sphere_ROS2/Acuators_ws/install/logitech_msgs/share/logitech_msgs/package.dsv
-- Up-to-date: /home/maro/3D_Mapping_Sphere_ROS2/Acuators_ws/install/logitech_msgs/share/ament_index/resource_index/packages/logitech_msgs
-- Up-to-date: /home/maro/3D_Mapping_Sphere_ROS2/Acuators_ws/install/logitech_msgs/share/logitech_msgs/cmake/export_logitech_msgs__rosidl_generator_cExport.cmake
-- Up-to-date: /home/maro/3D_Mapping_Sphere_ROS2/Acuators_ws/install/logitech_msgs/share/logitech_msgs/cmake/export_logitech_msgs__rosidl_generator_cExport-noconfig.cmake
-- Up-to-date: /home/maro/3D_Mapping_Sphere_ROS2/Acuators_ws/install/logitech_msgs/share/logitech_msgs/cmake/export_logitech_msgs__rosidl_typesupport_fastrtps_cExport.cmake
-- Up-to-date: /home/maro/3D_Mapping_Sphere_ROS2/Acuators_ws/install/logitech_msgs/share/logitech_msgs/cmake/export_logitech_msgs__rosidl_typesupport_fastrtps_cExport-noconfig.cmake
-- Up-to-date: /home/maro/3D_Mapping_Sphere_ROS2/Acuators_ws/install/logitech_msgs/share/logitech_msgs/cmake/logitech_msgs__rosidl_typesupport_introspection_cExport.cmake
-- Up-to-date: /home/maro/3D_Mapping_Sphere_ROS2/Acuators_ws/install/logitech_msgs/share/logitech_msgs/cmake/logitech_msgs__rosidl_typesupport_introspection_cExport-noconfig.cmake
-- Up-to-date: /home/maro/3D_Mapping_Sphere_ROS2/Acuators_ws/install/logitech_msgs/share/logitech_msgs/cmake/logitech_msgs__rosidl_typesupport_cExport.cmake
-- Up-to-date: /home/maro/3D_Mapping_Sphere_ROS2/Acuators_ws/install/logitech_msgs/share/logitech_msgs/cmake/logitech_msgs__rosidl_typesupport_cExport-noconfig.cmake
-- Up-to-date: /home/maro/3D_Mapping_Sphere_ROS2/Acuators_ws/install/logitech_msgs/share/logitech_msgs/cmake/export_logitech_msgs__rosidl_generator_cppExport.cmake
-- Up-to-date: /home/maro/3D_Mapping_Sphere_ROS2/Acuators_ws/install/logitech_msgs/share/logitech_msgs/cmake/export_logitech_msgs__rosidl_typesupport_fastrtps_cppExport.cmake
-- Up-to-date: /home/maro/3D_Mapping_Sphere_ROS2/Acuators_ws/install/logitech_msgs/share/logitech_msgs/cmake/export_logitech_msgs__rosidl_typesupport_fastrtps_cppExport-noconfig.cmake
-- Up-to-date: /home/maro/3D_Mapping_Sphere_ROS2/Acuators_ws/install/logitech_msgs/share/logitech_msgs/cmake/logitech_msgs__rosidl_typesupport_introspection_cppExport.cmake
-- Up-to-date: /home/maro/3D_Mapping_Sphere_ROS2/Acuators_ws/install/logitech_msgs/share/logitech_msgs/cmake/logitech_msgs__rosidl_typesupport_introspection_cppExport-noconfig.cmake
-- Up-to-date: /home/maro/3D_Mapping_Sphere_ROS2/Acuators_ws/install/logitech_msgs/share/logitech_msgs/cmake/logitech_msgs__rosidl_typesupport_cppExport.cmake
-- Up-to-date: /home/maro/3D_Mapping_Sphere_ROS2/Acuators_ws/install/logitech_msgs/share/logitech_msgs/cmake/logitech_msgs__rosidl_typesupport_cppExport-noconfig.cmake
-- Up-to-date: /home/maro/3D_Mapping_Sphere_ROS2/Acuators_ws/install/logitech_msgs/share/logitech_msgs/cmake/export_logitech_msgs__rosidl_generator_pyExport.cmake
-- Up-to-date: /home/maro/3D_Mapping_Sphere_ROS2/Acuators_ws/install/logitech_msgs/share/logitech_msgs/cmake/export_logitech_msgs__rosidl_generator_pyExport-noconfig.cmake
-- Up-to-date: /home/maro/3D_Mapping_Sphere_ROS2/Acuators_ws/install/logitech_msgs/share/logitech_msgs/cmake/rosidl_cmake-extras.cmake
-- Up-to-date: /home/maro/3D_Mapping_Sphere_ROS2/Acuators_ws/install/logitech_msgs/share/logitech_msgs/cmake/ament_cmake_export_include_directories-extras.cmake
-- Up-to-date: /home/maro/3D_Mapping_Sphere_ROS2/Acuators_ws/install/logitech_msgs/share/logitech_msgs/cmake/ament_cmake_export_libraries-extras.cmake
-- Up-to-date: /home/maro/3D_Mapping_Sphere_ROS2/Acuators_ws/install/logitech_msgs/share/logitech_msgs/cmake/ament_cmake_export_targets-extras.cmake
-- Up-to-date: /home/maro/3D_Mapping_Sphere_ROS2/Acuators_ws/install/logitech_msgs/share/logitech_msgs/cmake/rosidl_cmake_export_typesupport_targets-extras.cmake
-- Up-to-date: /home/maro/3D_Mapping_Sphere_ROS2/Acuators_ws/install/logitech_msgs/share/logitech_msgs/cmake/ament_cmake_export_dependencies-extras.cmake
-- Up-to-date: /home/maro/3D_Mapping_Sphere_ROS2/Acuators_ws/install/logitech_msgs/share/logitech_msgs/cmake/rosidl_cmake_export_typesupport_libraries-extras.cmake
-- Up-to-date: /home/maro/3D_Mapping_Sphere_ROS2/Acuators_ws/install/logitech_msgs/share/logitech_msgs/cmake/logitech_msgsConfig.cmake
-- Up-to-date: /home/maro/3D_Mapping_Sphere_ROS2/Acuators_ws/install/logitech_msgs/share/logitech_msgs/cmake/logitech_msgsConfig-version.cmake
-- Up-to-date: /home/maro/3D_Mapping_Sphere_ROS2/Acuators_ws/install/logitech_msgs/share/logitech_msgs/package.xml
