[0.030s] Invoking command in '/home/maro/3D_Mapping_Sphere_ROS2/Acuators_ws/build/logitech_msgs': CMAKE_PREFIX_PATH=${CMAKE_PREFIX_PATH}:/home/maro/3D_Mapping_Sphere_ROS2/Acuators_ws/install/khonsu:/home/maro/3D_Mapping_Sphere_ROS2/Acuators_ws/install/waveshare_servo:/opt/ros/jazzy DEBUGINFOD_URLS=https://debuginfod.ubuntu.com /usr/bin/cmake --build /home/maro/3D_Mapping_Sphere_ROS2/Acuators_ws/build/logitech_msgs -- -j4 -l4
[0.181s] [  2%] Built target logitech_msgs__rosidl_generator_type_description
[0.204s] [  2%] Built target ament_cmake_python_copy_logitech_msgs
[0.240s] [  5%] Built target logitech_msgs__cpp
[0.245s] [ 20%] Built target logitech_msgs__rosidl_generator_c
[0.315s] [ 29%] Built target logitech_msgs__rosidl_typesupport_c
[0.321s] [ 38%] Built target logitech_msgs__rosidl_typesupport_introspection_c
[0.329s] [ 47%] Built target logitech_msgs__rosidl_typesupport_fastrtps_c
[0.398s] [ 64%] Built target logitech_msgs__rosidl_typesupport_cpp
[0.400s] [ 64%] Built target logitech_msgs__rosidl_typesupport_fastrtps_cpp
[0.411s] [ 73%] Built target logitech_msgs__rosidl_typesupport_introspection_cpp
[0.453s] [ 73%] Built target logitech_msgs
[0.495s] [ 76%] Built target logitech_msgs__py
[0.556s] [ 82%] Built target logitech_msgs__rosidl_generator_py
[0.644s] [ 88%] Built target logitech_msgs_s__rosidl_typesupport_introspection_c
[0.653s] [ 94%] Built target logitech_msgs_s__rosidl_typesupport_c
[0.659s] [100%] Built target logitech_msgs_s__rosidl_typesupport_fastrtps_c
[0.738s] running egg_info
[0.772s] writing logitech_msgs.egg-info/PKG-INFO
[0.773s] writing dependency_links to logitech_msgs.egg-info/dependency_links.txt
[0.773s] writing top-level names to logitech_msgs.egg-info/top_level.txt
[0.861s] reading manifest file 'logitech_msgs.egg-info/SOURCES.txt'
[0.862s] writing manifest file 'logitech_msgs.egg-info/SOURCES.txt'
[0.936s] [100%] Built target ament_cmake_python_build_logitech_msgs_egg
[0.961s] Invoked command in '/home/maro/3D_Mapping_Sphere_ROS2/Acuators_ws/build/logitech_msgs' returned '0': CMAKE_PREFIX_PATH=${CMAKE_PREFIX_PATH}:/home/maro/3D_Mapping_Sphere_ROS2/Acuators_ws/install/khonsu:/home/maro/3D_Mapping_Sphere_ROS2/Acuators_ws/install/waveshare_servo:/opt/ros/jazzy DEBUGINFOD_URLS=https://debuginfod.ubuntu.com /usr/bin/cmake --build /home/maro/3D_Mapping_Sphere_ROS2/Acuators_ws/build/logitech_msgs -- -j4 -l4
[0.989s] Invoking command in '/home/maro/3D_Mapping_Sphere_ROS2/Acuators_ws/build/logitech_msgs': CMAKE_PREFIX_PATH=${CMAKE_PREFIX_PATH}:/home/maro/3D_Mapping_Sphere_ROS2/Acuators_ws/install/khonsu:/home/maro/3D_Mapping_Sphere_ROS2/Acuators_ws/install/waveshare_servo:/opt/ros/jazzy DEBUGINFOD_URLS=https://debuginfod.ubuntu.com /usr/bin/cmake --install /home/maro/3D_Mapping_Sphere_ROS2/Acuators_ws/build/logitech_msgs
[1.022s] -- Install configuration: ""
[1.024s] -- Up-to-date: /home/maro/3D_Mapping_Sphere_ROS2/Acuators_ws/install/logitech_msgs/share/ament_index/resource_index/rosidl_interfaces/logitech_msgs
[1.025s] -- Up-to-date: /home/maro/3D_Mapping_Sphere_ROS2/Acuators_ws/install/logitech_msgs/share/logitech_msgs/msg/Controller.json
[1.025s] -- Up-to-date: /home/maro/3D_Mapping_Sphere_ROS2/Acuators_ws/install/logitech_msgs/include/logitech_msgs/logitech_msgs
[1.026s] -- Up-to-date: /home/maro/3D_Mapping_Sphere_ROS2/Acuators_ws/install/logitech_msgs/include/logitech_msgs/logitech_msgs/msg
[1.026s] -- Up-to-date: /home/maro/3D_Mapping_Sphere_ROS2/Acuators_ws/install/logitech_msgs/include/logitech_msgs/logitech_msgs/msg/rosidl_generator_c__visibility_control.h
[1.026s] -- Up-to-date: /home/maro/3D_Mapping_Sphere_ROS2/Acuators_ws/install/logitech_msgs/include/logitech_msgs/logitech_msgs/msg/detail
[1.026s] -- Up-to-date: /home/maro/3D_Mapping_Sphere_ROS2/Acuators_ws/install/logitech_msgs/include/logitech_msgs/logitech_msgs/msg/detail/controller__description.c
[1.026s] -- Up-to-date: /home/maro/3D_Mapping_Sphere_ROS2/Acuators_ws/install/logitech_msgs/include/logitech_msgs/logitech_msgs/msg/detail/controller__functions.h
[1.026s] -- Up-to-date: /home/maro/3D_Mapping_Sphere_ROS2/Acuators_ws/install/logitech_msgs/include/logitech_msgs/logitech_msgs/msg/detail/controller__functions.c
[1.026s] -- Up-to-date: /home/maro/3D_Mapping_Sphere_ROS2/Acuators_ws/install/logitech_msgs/include/logitech_msgs/logitech_msgs/msg/detail/controller__type_support.h
[1.026s] -- Installing: /home/maro/3D_Mapping_Sphere_ROS2/Acuators_ws/install/logitech_msgs/include/logitech_msgs/logitech_msgs/msg/detail/controller__type_support.c
[1.027s] -- Up-to-date: /home/maro/3D_Mapping_Sphere_ROS2/Acuators_ws/install/logitech_msgs/include/logitech_msgs/logitech_msgs/msg/detail/controller__struct.h
[1.027s] -- Up-to-date: /home/maro/3D_Mapping_Sphere_ROS2/Acuators_ws/install/logitech_msgs/include/logitech_msgs/logitech_msgs/msg/controller.h
[1.027s] -- Up-to-date: /home/maro/3D_Mapping_Sphere_ROS2/Acuators_ws/install/logitech_msgs/share/logitech_msgs/environment/library_path.sh
[1.027s] -- Up-to-date: /home/maro/3D_Mapping_Sphere_ROS2/Acuators_ws/install/logitech_msgs/share/logitech_msgs/environment/library_path.dsv
[1.027s] -- Up-to-date: /home/maro/3D_Mapping_Sphere_ROS2/Acuators_ws/install/logitech_msgs/lib/liblogitech_msgs__rosidl_generator_c.so
[1.028s] -- Up-to-date: /home/maro/3D_Mapping_Sphere_ROS2/Acuators_ws/install/logitech_msgs/include/logitech_msgs/logitech_msgs
[1.028s] -- Up-to-date: /home/maro/3D_Mapping_Sphere_ROS2/Acuators_ws/install/logitech_msgs/include/logitech_msgs/logitech_msgs/msg
[1.028s] -- Up-to-date: /home/maro/3D_Mapping_Sphere_ROS2/Acuators_ws/install/logitech_msgs/include/logitech_msgs/logitech_msgs/msg/rosidl_typesupport_fastrtps_c__visibility_control.h
[1.028s] -- Up-to-date: /home/maro/3D_Mapping_Sphere_ROS2/Acuators_ws/install/logitech_msgs/include/logitech_msgs/logitech_msgs/msg/detail
[1.028s] -- Up-to-date: /home/maro/3D_Mapping_Sphere_ROS2/Acuators_ws/install/logitech_msgs/include/logitech_msgs/logitech_msgs/msg/detail/controller__rosidl_typesupport_fastrtps_c.h
[1.028s] -- Up-to-date: /home/maro/3D_Mapping_Sphere_ROS2/Acuators_ws/install/logitech_msgs/lib/liblogitech_msgs__rosidl_typesupport_fastrtps_c.so
[1.028s] -- Up-to-date: /home/maro/3D_Mapping_Sphere_ROS2/Acuators_ws/install/logitech_msgs/include/logitech_msgs/logitech_msgs
[1.028s] -- Up-to-date: /home/maro/3D_Mapping_Sphere_ROS2/Acuators_ws/install/logitech_msgs/include/logitech_msgs/logitech_msgs/msg
[1.029s] -- Up-to-date: /home/maro/3D_Mapping_Sphere_ROS2/Acuators_ws/install/logitech_msgs/include/logitech_msgs/logitech_msgs/msg/detail
[1.029s] -- Up-to-date: /home/maro/3D_Mapping_Sphere_ROS2/Acuators_ws/install/logitech_msgs/include/logitech_msgs/logitech_msgs/msg/detail/controller__rosidl_typesupport_introspection_c.h
[1.029s] -- Installing: /home/maro/3D_Mapping_Sphere_ROS2/Acuators_ws/install/logitech_msgs/include/logitech_msgs/logitech_msgs/msg/detail/controller__type_support.c
[1.029s] -- Up-to-date: /home/maro/3D_Mapping_Sphere_ROS2/Acuators_ws/install/logitech_msgs/include/logitech_msgs/logitech_msgs/msg/rosidl_typesupport_introspection_c__visibility_control.h
[1.029s] -- Up-to-date: /home/maro/3D_Mapping_Sphere_ROS2/Acuators_ws/install/logitech_msgs/lib/liblogitech_msgs__rosidl_typesupport_introspection_c.so
[1.029s] -- Up-to-date: /home/maro/3D_Mapping_Sphere_ROS2/Acuators_ws/install/logitech_msgs/lib/liblogitech_msgs__rosidl_typesupport_c.so
[1.030s] -- Up-to-date: /home/maro/3D_Mapping_Sphere_ROS2/Acuators_ws/install/logitech_msgs/include/logitech_msgs/logitech_msgs
[1.030s] -- Up-to-date: /home/maro/3D_Mapping_Sphere_ROS2/Acuators_ws/install/logitech_msgs/include/logitech_msgs/logitech_msgs/msg
[1.030s] -- Up-to-date: /home/maro/3D_Mapping_Sphere_ROS2/Acuators_ws/install/logitech_msgs/include/logitech_msgs/logitech_msgs/msg/detail
[1.030s] -- Up-to-date: /home/maro/3D_Mapping_Sphere_ROS2/Acuators_ws/install/logitech_msgs/include/logitech_msgs/logitech_msgs/msg/detail/controller__struct.hpp
[1.030s] -- Up-to-date: /home/maro/3D_Mapping_Sphere_ROS2/Acuators_ws/install/logitech_msgs/include/logitech_msgs/logitech_msgs/msg/detail/controller__type_support.hpp
[1.030s] -- Up-to-date: /home/maro/3D_Mapping_Sphere_ROS2/Acuators_ws/install/logitech_msgs/include/logitech_msgs/logitech_msgs/msg/detail/controller__traits.hpp
[1.030s] -- Up-to-date: /home/maro/3D_Mapping_Sphere_ROS2/Acuators_ws/install/logitech_msgs/include/logitech_msgs/logitech_msgs/msg/detail/controller__builder.hpp
[1.031s] -- Up-to-date: /home/maro/3D_Mapping_Sphere_ROS2/Acuators_ws/install/logitech_msgs/include/logitech_msgs/logitech_msgs/msg/rosidl_generator_cpp__visibility_control.hpp
[1.031s] -- Up-to-date: /home/maro/3D_Mapping_Sphere_ROS2/Acuators_ws/install/logitech_msgs/include/logitech_msgs/logitech_msgs/msg/controller.hpp
[1.031s] -- Up-to-date: /home/maro/3D_Mapping_Sphere_ROS2/Acuators_ws/install/logitech_msgs/include/logitech_msgs/logitech_msgs
[1.031s] -- Up-to-date: /home/maro/3D_Mapping_Sphere_ROS2/Acuators_ws/install/logitech_msgs/include/logitech_msgs/logitech_msgs/msg
[1.031s] -- Up-to-date: /home/maro/3D_Mapping_Sphere_ROS2/Acuators_ws/install/logitech_msgs/include/logitech_msgs/logitech_msgs/msg/detail
[1.032s] -- Up-to-date: /home/maro/3D_Mapping_Sphere_ROS2/Acuators_ws/install/logitech_msgs/include/logitech_msgs/logitech_msgs/msg/detail/dds_fastrtps
[1.032s] -- Up-to-date: /home/maro/3D_Mapping_Sphere_ROS2/Acuators_ws/install/logitech_msgs/include/logitech_msgs/logitech_msgs/msg/detail/controller__rosidl_typesupport_fastrtps_cpp.hpp
[1.032s] -- Up-to-date: /home/maro/3D_Mapping_Sphere_ROS2/Acuators_ws/install/logitech_msgs/include/logitech_msgs/logitech_msgs/msg/rosidl_typesupport_fastrtps_cpp__visibility_control.h
[1.032s] -- Up-to-date: /home/maro/3D_Mapping_Sphere_ROS2/Acuators_ws/install/logitech_msgs/lib/liblogitech_msgs__rosidl_typesupport_fastrtps_cpp.so
[1.032s] -- Up-to-date: /home/maro/3D_Mapping_Sphere_ROS2/Acuators_ws/install/logitech_msgs/include/logitech_msgs/logitech_msgs
[1.032s] -- Up-to-date: /home/maro/3D_Mapping_Sphere_ROS2/Acuators_ws/install/logitech_msgs/include/logitech_msgs/logitech_msgs/msg
[1.032s] -- Up-to-date: /home/maro/3D_Mapping_Sphere_ROS2/Acuators_ws/install/logitech_msgs/include/logitech_msgs/logitech_msgs/msg/detail
[1.033s] -- Up-to-date: /home/maro/3D_Mapping_Sphere_ROS2/Acuators_ws/install/logitech_msgs/include/logitech_msgs/logitech_msgs/msg/detail/controller__rosidl_typesupport_introspection_cpp.hpp
[1.033s] -- Up-to-date: /home/maro/3D_Mapping_Sphere_ROS2/Acuators_ws/install/logitech_msgs/include/logitech_msgs/logitech_msgs/msg/detail/controller__type_support.cpp
[1.033s] -- Up-to-date: /home/maro/3D_Mapping_Sphere_ROS2/Acuators_ws/install/logitech_msgs/lib/liblogitech_msgs__rosidl_typesupport_introspection_cpp.so
[1.033s] -- Up-to-date: /home/maro/3D_Mapping_Sphere_ROS2/Acuators_ws/install/logitech_msgs/lib/liblogitech_msgs__rosidl_typesupport_cpp.so
[1.033s] -- Up-to-date: /home/maro/3D_Mapping_Sphere_ROS2/Acuators_ws/install/logitech_msgs/share/logitech_msgs/environment/pythonpath.sh
[1.034s] -- Up-to-date: /home/maro/3D_Mapping_Sphere_ROS2/Acuators_ws/install/logitech_msgs/share/logitech_msgs/environment/pythonpath.dsv
[1.034s] -- Up-to-date: /home/maro/3D_Mapping_Sphere_ROS2/Acuators_ws/install/logitech_msgs/lib/python3.12/site-packages/logitech_msgs-0.0.0-py3.12.egg-info
[1.034s] -- Installing: /home/maro/3D_Mapping_Sphere_ROS2/Acuators_ws/install/logitech_msgs/lib/python3.12/site-packages/logitech_msgs-0.0.0-py3.12.egg-info/dependency_links.txt
[1.034s] -- Installing: /home/maro/3D_Mapping_Sphere_ROS2/Acuators_ws/install/logitech_msgs/lib/python3.12/site-packages/logitech_msgs-0.0.0-py3.12.egg-info/PKG-INFO
[1.034s] -- Installing: /home/maro/3D_Mapping_Sphere_ROS2/Acuators_ws/install/logitech_msgs/lib/python3.12/site-packages/logitech_msgs-0.0.0-py3.12.egg-info/top_level.txt
[1.034s] -- Installing: /home/maro/3D_Mapping_Sphere_ROS2/Acuators_ws/install/logitech_msgs/lib/python3.12/site-packages/logitech_msgs-0.0.0-py3.12.egg-info/SOURCES.txt
[1.034s] -- Up-to-date: /home/maro/3D_Mapping_Sphere_ROS2/Acuators_ws/install/logitech_msgs/lib/python3.12/site-packages/logitech_msgs
[1.034s] -- Up-to-date: /home/maro/3D_Mapping_Sphere_ROS2/Acuators_ws/install/logitech_msgs/lib/python3.12/site-packages/logitech_msgs/_logitech_msgs_s.ep.rosidl_typesupport_fastrtps_c.c
[1.034s] -- Up-to-date: /home/maro/3D_Mapping_Sphere_ROS2/Acuators_ws/install/logitech_msgs/lib/python3.12/site-packages/logitech_msgs/logitech_msgs_s__rosidl_typesupport_introspection_c.so
[1.035s] -- Up-to-date: /home/maro/3D_Mapping_Sphere_ROS2/Acuators_ws/install/logitech_msgs/lib/python3.12/site-packages/logitech_msgs/logitech_msgs_s__rosidl_typesupport_c.so
[1.035s] -- Up-to-date: /home/maro/3D_Mapping_Sphere_ROS2/Acuators_ws/install/logitech_msgs/lib/python3.12/site-packages/logitech_msgs/logitech_msgs_s__rosidl_typesupport_fastrtps_c.so
[1.035s] -- Up-to-date: /home/maro/3D_Mapping_Sphere_ROS2/Acuators_ws/install/logitech_msgs/lib/python3.12/site-packages/logitech_msgs/__init__.py
[1.035s] -- Up-to-date: /home/maro/3D_Mapping_Sphere_ROS2/Acuators_ws/install/logitech_msgs/lib/python3.12/site-packages/logitech_msgs/_logitech_msgs_s.ep.rosidl_typesupport_c.c
[1.035s] -- Up-to-date: /home/maro/3D_Mapping_Sphere_ROS2/Acuators_ws/install/logitech_msgs/lib/python3.12/site-packages/logitech_msgs/_logitech_msgs_s.ep.rosidl_typesupport_introspection_c.c
[1.035s] -- Up-to-date: /home/maro/3D_Mapping_Sphere_ROS2/Acuators_ws/install/logitech_msgs/lib/python3.12/site-packages/logitech_msgs/msg
[1.035s] -- Up-to-date: /home/maro/3D_Mapping_Sphere_ROS2/Acuators_ws/install/logitech_msgs/lib/python3.12/site-packages/logitech_msgs/msg/_controller.py
[1.036s] -- Up-to-date: /home/maro/3D_Mapping_Sphere_ROS2/Acuators_ws/install/logitech_msgs/lib/python3.12/site-packages/logitech_msgs/msg/_controller_s.c
[1.036s] -- Up-to-date: /home/maro/3D_Mapping_Sphere_ROS2/Acuators_ws/install/logitech_msgs/lib/python3.12/site-packages/logitech_msgs/msg/__init__.py
[1.088s] Listing '/home/maro/3D_Mapping_Sphere_ROS2/Acuators_ws/install/logitech_msgs/lib/python3.12/site-packages/logitech_msgs'...
[1.088s] Listing '/home/maro/3D_Mapping_Sphere_ROS2/Acuators_ws/install/logitech_msgs/lib/python3.12/site-packages/logitech_msgs/msg'...
[1.102s] -- Up-to-date: /home/maro/3D_Mapping_Sphere_ROS2/Acuators_ws/install/logitech_msgs/lib/python3.12/site-packages/logitech_msgs/logitech_msgs_s__rosidl_typesupport_fastrtps_c.so
[1.103s] -- Up-to-date: /home/maro/3D_Mapping_Sphere_ROS2/Acuators_ws/install/logitech_msgs/lib/python3.12/site-packages/logitech_msgs/logitech_msgs_s__rosidl_typesupport_introspection_c.so
[1.103s] -- Up-to-date: /home/maro/3D_Mapping_Sphere_ROS2/Acuators_ws/install/logitech_msgs/lib/python3.12/site-packages/logitech_msgs/logitech_msgs_s__rosidl_typesupport_c.so
[1.104s] -- Up-to-date: /home/maro/3D_Mapping_Sphere_ROS2/Acuators_ws/install/logitech_msgs/lib/liblogitech_msgs__rosidl_generator_py.so
[1.104s] -- Up-to-date: /home/maro/3D_Mapping_Sphere_ROS2/Acuators_ws/install/logitech_msgs/share/logitech_msgs/msg/Controller.idl
[1.104s] -- Up-to-date: /home/maro/3D_Mapping_Sphere_ROS2/Acuators_ws/install/logitech_msgs/share/logitech_msgs/msg/Controller.msg
[1.104s] -- Up-to-date: /home/maro/3D_Mapping_Sphere_ROS2/Acuators_ws/install/logitech_msgs/share/ament_index/resource_index/package_run_dependencies/logitech_msgs
[1.105s] -- Up-to-date: /home/maro/3D_Mapping_Sphere_ROS2/Acuators_ws/install/logitech_msgs/share/ament_index/resource_index/parent_prefix_path/logitech_msgs
[1.105s] -- Up-to-date: /home/maro/3D_Mapping_Sphere_ROS2/Acuators_ws/install/logitech_msgs/share/logitech_msgs/environment/ament_prefix_path.sh
[1.105s] -- Up-to-date: /home/maro/3D_Mapping_Sphere_ROS2/Acuators_ws/install/logitech_msgs/share/logitech_msgs/environment/ament_prefix_path.dsv
[1.105s] -- Up-to-date: /home/maro/3D_Mapping_Sphere_ROS2/Acuators_ws/install/logitech_msgs/share/logitech_msgs/environment/path.sh
[1.105s] -- Up-to-date: /home/maro/3D_Mapping_Sphere_ROS2/Acuators_ws/install/logitech_msgs/share/logitech_msgs/environment/path.dsv
[1.106s] -- Up-to-date: /home/maro/3D_Mapping_Sphere_ROS2/Acuators_ws/install/logitech_msgs/share/logitech_msgs/local_setup.bash
[1.106s] -- Up-to-date: /home/maro/3D_Mapping_Sphere_ROS2/Acuators_ws/install/logitech_msgs/share/logitech_msgs/local_setup.sh
[1.106s] -- Up-to-date: /home/maro/3D_Mapping_Sphere_ROS2/Acuators_ws/install/logitech_msgs/share/logitech_msgs/local_setup.zsh
[1.106s] -- Up-to-date: /home/maro/3D_Mapping_Sphere_ROS2/Acuators_ws/install/logitech_msgs/share/logitech_msgs/local_setup.dsv
[1.106s] -- Installing: /home/maro/3D_Mapping_Sphere_ROS2/Acuators_ws/install/logitech_msgs/share/logitech_msgs/package.dsv
[1.106s] -- Up-to-date: /home/maro/3D_Mapping_Sphere_ROS2/Acuators_ws/install/logitech_msgs/share/ament_index/resource_index/packages/logitech_msgs
[1.106s] -- Up-to-date: /home/maro/3D_Mapping_Sphere_ROS2/Acuators_ws/install/logitech_msgs/share/logitech_msgs/cmake/export_logitech_msgs__rosidl_generator_cExport.cmake
[1.106s] -- Up-to-date: /home/maro/3D_Mapping_Sphere_ROS2/Acuators_ws/install/logitech_msgs/share/logitech_msgs/cmake/export_logitech_msgs__rosidl_generator_cExport-noconfig.cmake
[1.107s] -- Up-to-date: /home/maro/3D_Mapping_Sphere_ROS2/Acuators_ws/install/logitech_msgs/share/logitech_msgs/cmake/export_logitech_msgs__rosidl_typesupport_fastrtps_cExport.cmake
[1.107s] -- Up-to-date: /home/maro/3D_Mapping_Sphere_ROS2/Acuators_ws/install/logitech_msgs/share/logitech_msgs/cmake/export_logitech_msgs__rosidl_typesupport_fastrtps_cExport-noconfig.cmake
[1.107s] -- Up-to-date: /home/maro/3D_Mapping_Sphere_ROS2/Acuators_ws/install/logitech_msgs/share/logitech_msgs/cmake/logitech_msgs__rosidl_typesupport_introspection_cExport.cmake
[1.108s] -- Up-to-date: /home/maro/3D_Mapping_Sphere_ROS2/Acuators_ws/install/logitech_msgs/share/logitech_msgs/cmake/logitech_msgs__rosidl_typesupport_introspection_cExport-noconfig.cmake
[1.108s] -- Up-to-date: /home/maro/3D_Mapping_Sphere_ROS2/Acuators_ws/install/logitech_msgs/share/logitech_msgs/cmake/logitech_msgs__rosidl_typesupport_cExport.cmake
[1.108s] -- Up-to-date: /home/maro/3D_Mapping_Sphere_ROS2/Acuators_ws/install/logitech_msgs/share/logitech_msgs/cmake/logitech_msgs__rosidl_typesupport_cExport-noconfig.cmake
[1.108s] -- Up-to-date: /home/maro/3D_Mapping_Sphere_ROS2/Acuators_ws/install/logitech_msgs/share/logitech_msgs/cmake/export_logitech_msgs__rosidl_generator_cppExport.cmake
[1.109s] -- Up-to-date: /home/maro/3D_Mapping_Sphere_ROS2/Acuators_ws/install/logitech_msgs/share/logitech_msgs/cmake/export_logitech_msgs__rosidl_typesupport_fastrtps_cppExport.cmake
[1.109s] -- Up-to-date: /home/maro/3D_Mapping_Sphere_ROS2/Acuators_ws/install/logitech_msgs/share/logitech_msgs/cmake/export_logitech_msgs__rosidl_typesupport_fastrtps_cppExport-noconfig.cmake
[1.110s] -- Up-to-date: /home/maro/3D_Mapping_Sphere_ROS2/Acuators_ws/install/logitech_msgs/share/logitech_msgs/cmake/logitech_msgs__rosidl_typesupport_introspection_cppExport.cmake
[1.110s] -- Up-to-date: /home/maro/3D_Mapping_Sphere_ROS2/Acuators_ws/install/logitech_msgs/share/logitech_msgs/cmake/logitech_msgs__rosidl_typesupport_introspection_cppExport-noconfig.cmake
[1.110s] -- Up-to-date: /home/maro/3D_Mapping_Sphere_ROS2/Acuators_ws/install/logitech_msgs/share/logitech_msgs/cmake/logitech_msgs__rosidl_typesupport_cppExport.cmake
[1.110s] -- Up-to-date: /home/maro/3D_Mapping_Sphere_ROS2/Acuators_ws/install/logitech_msgs/share/logitech_msgs/cmake/logitech_msgs__rosidl_typesupport_cppExport-noconfig.cmake
[1.111s] -- Up-to-date: /home/maro/3D_Mapping_Sphere_ROS2/Acuators_ws/install/logitech_msgs/share/logitech_msgs/cmake/export_logitech_msgs__rosidl_generator_pyExport.cmake
[1.111s] -- Up-to-date: /home/maro/3D_Mapping_Sphere_ROS2/Acuators_ws/install/logitech_msgs/share/logitech_msgs/cmake/export_logitech_msgs__rosidl_generator_pyExport-noconfig.cmake
[1.111s] -- Up-to-date: /home/maro/3D_Mapping_Sphere_ROS2/Acuators_ws/install/logitech_msgs/share/logitech_msgs/cmake/rosidl_cmake-extras.cmake
[1.111s] -- Up-to-date: /home/maro/3D_Mapping_Sphere_ROS2/Acuators_ws/install/logitech_msgs/share/logitech_msgs/cmake/ament_cmake_export_include_directories-extras.cmake
[1.112s] -- Up-to-date: /home/maro/3D_Mapping_Sphere_ROS2/Acuators_ws/install/logitech_msgs/share/logitech_msgs/cmake/ament_cmake_export_libraries-extras.cmake
[1.112s] -- Up-to-date: /home/maro/3D_Mapping_Sphere_ROS2/Acuators_ws/install/logitech_msgs/share/logitech_msgs/cmake/ament_cmake_export_targets-extras.cmake
[1.112s] -- Up-to-date: /home/maro/3D_Mapping_Sphere_ROS2/Acuators_ws/install/logitech_msgs/share/logitech_msgs/cmake/rosidl_cmake_export_typesupport_targets-extras.cmake
[1.112s] -- Up-to-date: /home/maro/3D_Mapping_Sphere_ROS2/Acuators_ws/install/logitech_msgs/share/logitech_msgs/cmake/ament_cmake_export_dependencies-extras.cmake
[1.112s] -- Up-to-date: /home/maro/3D_Mapping_Sphere_ROS2/Acuators_ws/install/logitech_msgs/share/logitech_msgs/cmake/rosidl_cmake_export_typesupport_libraries-extras.cmake
[1.113s] -- Up-to-date: /home/maro/3D_Mapping_Sphere_ROS2/Acuators_ws/install/logitech_msgs/share/logitech_msgs/cmake/logitech_msgsConfig.cmake
[1.113s] -- Up-to-date: /home/maro/3D_Mapping_Sphere_ROS2/Acuators_ws/install/logitech_msgs/share/logitech_msgs/cmake/logitech_msgsConfig-version.cmake
[1.113s] -- Up-to-date: /home/maro/3D_Mapping_Sphere_ROS2/Acuators_ws/install/logitech_msgs/share/logitech_msgs/package.xml
[1.122s] Invoked command in '/home/maro/3D_Mapping_Sphere_ROS2/Acuators_ws/build/logitech_msgs' returned '0': CMAKE_PREFIX_PATH=${CMAKE_PREFIX_PATH}:/home/maro/3D_Mapping_Sphere_ROS2/Acuators_ws/install/khonsu:/home/maro/3D_Mapping_Sphere_ROS2/Acuators_ws/install/waveshare_servo:/opt/ros/jazzy DEBUGINFOD_URLS=https://debuginfod.ubuntu.com /usr/bin/cmake --install /home/maro/3D_Mapping_Sphere_ROS2/Acuators_ws/build/logitech_msgs
