running egg_info
creating ../../build/waveshare_servo/waveshare_servo.egg-info
writing ../../build/waveshare_servo/waveshare_servo.egg-info/PKG-INFO
writing dependency_links to ../../build/waveshare_servo/waveshare_servo.egg-info/dependency_links.txt
writing entry points to ../../build/waveshare_servo/waveshare_servo.egg-info/entry_points.txt
writing requirements to ../../build/waveshare_servo/waveshare_servo.egg-info/requires.txt
writing top-level names to ../../build/waveshare_servo/waveshare_servo.egg-info/top_level.txt
writing manifest file '../../build/waveshare_servo/waveshare_servo.egg-info/SOURCES.txt'
reading manifest file '../../build/waveshare_servo/waveshare_servo.egg-info/SOURCES.txt'
writing manifest file '../../build/waveshare_servo/waveshare_servo.egg-info/SOURCES.txt'
running build
running build_py
creating /home/maro/3D_Mapping_Sphere_ROS2/Acuators_ws/build/waveshare_servo/build
creating /home/maro/3D_Mapping_Sphere_ROS2/Acuators_ws/build/waveshare_servo/build/lib
creating /home/maro/3D_Mapping_Sphere_ROS2/Acuators_ws/build/waveshare_servo/build/lib/STservo_sdk
copying STservo_sdk/scscl.py -> /home/maro/3D_Mapping_Sphere_ROS2/Acuators_ws/build/waveshare_servo/build/lib/STservo_sdk
copying STservo_sdk/stservo_def.py -> /home/maro/3D_Mapping_Sphere_ROS2/Acuators_ws/build/waveshare_servo/build/lib/STservo_sdk
copying STservo_sdk/group_sync_write.py -> /home/maro/3D_Mapping_Sphere_ROS2/Acuators_ws/build/waveshare_servo/build/lib/STservo_sdk
copying STservo_sdk/group_sync_read.py -> /home/maro/3D_Mapping_Sphere_ROS2/Acuators_ws/build/waveshare_servo/build/lib/STservo_sdk
copying STservo_sdk/__init__.py -> /home/maro/3D_Mapping_Sphere_ROS2/Acuators_ws/build/waveshare_servo/build/lib/STservo_sdk
copying STservo_sdk/port_handler.py -> /home/maro/3D_Mapping_Sphere_ROS2/Acuators_ws/build/waveshare_servo/build/lib/STservo_sdk
copying STservo_sdk/protocol_packet_handler.py -> /home/maro/3D_Mapping_Sphere_ROS2/Acuators_ws/build/waveshare_servo/build/lib/STservo_sdk
copying STservo_sdk/sts.py -> /home/maro/3D_Mapping_Sphere_ROS2/Acuators_ws/build/waveshare_servo/build/lib/STservo_sdk
creating /home/maro/3D_Mapping_Sphere_ROS2/Acuators_ws/build/waveshare_servo/build/lib/waveshare_servo
copying waveshare_servo/waveshare_servo_node.py -> /home/maro/3D_Mapping_Sphere_ROS2/Acuators_ws/build/waveshare_servo/build/lib/waveshare_servo
copying waveshare_servo/__init__.py -> /home/maro/3D_Mapping_Sphere_ROS2/Acuators_ws/build/waveshare_servo/build/lib/waveshare_servo
running install
running install_lib
creating /home/maro/3D_Mapping_Sphere_ROS2/Acuators_ws/install/waveshare_servo/lib/python3.12/site-packages/STservo_sdk
copying /home/maro/3D_Mapping_Sphere_ROS2/Acuators_ws/build/waveshare_servo/build/lib/STservo_sdk/scscl.py -> /home/maro/3D_Mapping_Sphere_ROS2/Acuators_ws/install/waveshare_servo/lib/python3.12/site-packages/STservo_sdk
copying /home/maro/3D_Mapping_Sphere_ROS2/Acuators_ws/build/waveshare_servo/build/lib/STservo_sdk/stservo_def.py -> /home/maro/3D_Mapping_Sphere_ROS2/Acuators_ws/install/waveshare_servo/lib/python3.12/site-packages/STservo_sdk
copying /home/maro/3D_Mapping_Sphere_ROS2/Acuators_ws/build/waveshare_servo/build/lib/STservo_sdk/group_sync_write.py -> /home/maro/3D_Mapping_Sphere_ROS2/Acuators_ws/install/waveshare_servo/lib/python3.12/site-packages/STservo_sdk
copying /home/maro/3D_Mapping_Sphere_ROS2/Acuators_ws/build/waveshare_servo/build/lib/STservo_sdk/group_sync_read.py -> /home/maro/3D_Mapping_Sphere_ROS2/Acuators_ws/install/waveshare_servo/lib/python3.12/site-packages/STservo_sdk
copying /home/maro/3D_Mapping_Sphere_ROS2/Acuators_ws/build/waveshare_servo/build/lib/STservo_sdk/__init__.py -> /home/maro/3D_Mapping_Sphere_ROS2/Acuators_ws/install/waveshare_servo/lib/python3.12/site-packages/STservo_sdk
copying /home/maro/3D_Mapping_Sphere_ROS2/Acuators_ws/build/waveshare_servo/build/lib/STservo_sdk/port_handler.py -> /home/maro/3D_Mapping_Sphere_ROS2/Acuators_ws/install/waveshare_servo/lib/python3.12/site-packages/STservo_sdk
copying /home/maro/3D_Mapping_Sphere_ROS2/Acuators_ws/build/waveshare_servo/build/lib/STservo_sdk/protocol_packet_handler.py -> /home/maro/3D_Mapping_Sphere_ROS2/Acuators_ws/install/waveshare_servo/lib/python3.12/site-packages/STservo_sdk
copying /home/maro/3D_Mapping_Sphere_ROS2/Acuators_ws/build/waveshare_servo/build/lib/STservo_sdk/sts.py -> /home/maro/3D_Mapping_Sphere_ROS2/Acuators_ws/install/waveshare_servo/lib/python3.12/site-packages/STservo_sdk
creating /home/maro/3D_Mapping_Sphere_ROS2/Acuators_ws/install/waveshare_servo/lib/python3.12/site-packages/waveshare_servo
copying /home/maro/3D_Mapping_Sphere_ROS2/Acuators_ws/build/waveshare_servo/build/lib/waveshare_servo/waveshare_servo_node.py -> /home/maro/3D_Mapping_Sphere_ROS2/Acuators_ws/install/waveshare_servo/lib/python3.12/site-packages/waveshare_servo
copying /home/maro/3D_Mapping_Sphere_ROS2/Acuators_ws/build/waveshare_servo/build/lib/waveshare_servo/__init__.py -> /home/maro/3D_Mapping_Sphere_ROS2/Acuators_ws/install/waveshare_servo/lib/python3.12/site-packages/waveshare_servo
byte-compiling /home/maro/3D_Mapping_Sphere_ROS2/Acuators_ws/install/waveshare_servo/lib/python3.12/site-packages/STservo_sdk/scscl.py to scscl.cpython-312.pyc
byte-compiling /home/maro/3D_Mapping_Sphere_ROS2/Acuators_ws/install/waveshare_servo/lib/python3.12/site-packages/STservo_sdk/stservo_def.py to stservo_def.cpython-312.pyc
byte-compiling /home/maro/3D_Mapping_Sphere_ROS2/Acuators_ws/install/waveshare_servo/lib/python3.12/site-packages/STservo_sdk/group_sync_write.py to group_sync_write.cpython-312.pyc
byte-compiling /home/maro/3D_Mapping_Sphere_ROS2/Acuators_ws/install/waveshare_servo/lib/python3.12/site-packages/STservo_sdk/group_sync_read.py to group_sync_read.cpython-312.pyc
byte-compiling /home/maro/3D_Mapping_Sphere_ROS2/Acuators_ws/install/waveshare_servo/lib/python3.12/site-packages/STservo_sdk/__init__.py to __init__.cpython-312.pyc
byte-compiling /home/maro/3D_Mapping_Sphere_ROS2/Acuators_ws/install/waveshare_servo/lib/python3.12/site-packages/STservo_sdk/port_handler.py to port_handler.cpython-312.pyc
byte-compiling /home/maro/3D_Mapping_Sphere_ROS2/Acuators_ws/install/waveshare_servo/lib/python3.12/site-packages/STservo_sdk/protocol_packet_handler.py to protocol_packet_handler.cpython-312.pyc
byte-compiling /home/maro/3D_Mapping_Sphere_ROS2/Acuators_ws/install/waveshare_servo/lib/python3.12/site-packages/STservo_sdk/sts.py to sts.cpython-312.pyc
byte-compiling /home/maro/3D_Mapping_Sphere_ROS2/Acuators_ws/install/waveshare_servo/lib/python3.12/site-packages/waveshare_servo/waveshare_servo_node.py to waveshare_servo_node.cpython-312.pyc
byte-compiling /home/maro/3D_Mapping_Sphere_ROS2/Acuators_ws/install/waveshare_servo/lib/python3.12/site-packages/waveshare_servo/__init__.py to __init__.cpython-312.pyc
running install_data
creating /home/maro/3D_Mapping_Sphere_ROS2/Acuators_ws/install/waveshare_servo/share/ament_index
creating /home/maro/3D_Mapping_Sphere_ROS2/Acuators_ws/install/waveshare_servo/share/ament_index/resource_index
creating /home/maro/3D_Mapping_Sphere_ROS2/Acuators_ws/install/waveshare_servo/share/ament_index/resource_index/packages
copying resource/waveshare_servo -> /home/maro/3D_Mapping_Sphere_ROS2/Acuators_ws/install/waveshare_servo/share/ament_index/resource_index/packages
copying package.xml -> /home/maro/3D_Mapping_Sphere_ROS2/Acuators_ws/install/waveshare_servo/share/waveshare_servo
running install_egg_info
Copying ../../build/waveshare_servo/waveshare_servo.egg-info to /home/maro/3D_Mapping_Sphere_ROS2/Acuators_ws/install/waveshare_servo/lib/python3.12/site-packages/waveshare_servo-0.0.0-py3.12.egg-info
running install_scripts
Installing waveshare_servo_node script to /home/maro/3D_Mapping_Sphere_ROS2/Acuators_ws/install/waveshare_servo/lib/waveshare_servo
writing list of installed files to '/home/maro/3D_Mapping_Sphere_ROS2/Acuators_ws/build/waveshare_servo/install.log'
