[2.629s] Invoking command in '/home/maro/3D_Mapping_Sphere_ROS2/Acuators_ws/src/waveshare_servo': AMENT_PREFIX_PATH=/home/maro/3D_Mapping_Sphere_ROS2/Acuators_ws/install/logitech_msgs:${AMENT_PREFIX_PATH} CMAKE_PREFIX_PATH=/home/maro/3D_Mapping_Sphere_ROS2/Acuators_ws/install/logitech_msgs:${CMAKE_PREFIX_PATH} DEBUGINFOD_URLS=https://debuginfod.ubuntu.com LD_LIBRARY_PATH=/home/maro/3D_Mapping_Sphere_ROS2/Acuators_ws/install/logitech_msgs/lib:${LD_LIBRARY_PATH} PYTHONPATH=/home/maro/3D_Mapping_Sphere_ROS2/Acuators_ws/build/waveshare_servo/prefix_override:/usr/lib/python3/dist-packages/colcon_core/task/python/colcon_distutils_commands:/home/maro/3D_Mapping_Sphere_ROS2/Acuators_ws/install/waveshare_servo/lib/python3.12/site-packages:/home/maro/3D_Mapping_Sphere_ROS2/Acuators_ws/install/logitech_msgs/lib/python3.12/site-packages:${PYTHONPATH} /usr/bin/python3 -W ignore:setup.py install is deprecated -W ignore:easy_install command is deprecated setup.py egg_info --egg-base ../../build/waveshare_servo build --build-base /home/maro/3D_Mapping_Sphere_ROS2/Acuators_ws/build/waveshare_servo/build install --record /home/maro/3D_Mapping_Sphere_ROS2/Acuators_ws/build/waveshare_servo/install.log --single-version-externally-managed install_data
[3.249s] running egg_info
[3.249s] creating ../../build/waveshare_servo/waveshare_servo.egg-info
[3.299s] writing ../../build/waveshare_servo/waveshare_servo.egg-info/PKG-INFO
[3.300s] writing dependency_links to ../../build/waveshare_servo/waveshare_servo.egg-info/dependency_links.txt
[3.300s] writing entry points to ../../build/waveshare_servo/waveshare_servo.egg-info/entry_points.txt
[3.300s] writing requirements to ../../build/waveshare_servo/waveshare_servo.egg-info/requires.txt
[3.301s] writing top-level names to ../../build/waveshare_servo/waveshare_servo.egg-info/top_level.txt
[3.303s] writing manifest file '../../build/waveshare_servo/waveshare_servo.egg-info/SOURCES.txt'
[3.404s] reading manifest file '../../build/waveshare_servo/waveshare_servo.egg-info/SOURCES.txt'
[3.404s] writing manifest file '../../build/waveshare_servo/waveshare_servo.egg-info/SOURCES.txt'
[3.404s] running build
[3.404s] running build_py
[3.405s] creating /home/maro/3D_Mapping_Sphere_ROS2/Acuators_ws/build/waveshare_servo/build
[3.405s] creating /home/maro/3D_Mapping_Sphere_ROS2/Acuators_ws/build/waveshare_servo/build/lib
[3.405s] creating /home/maro/3D_Mapping_Sphere_ROS2/Acuators_ws/build/waveshare_servo/build/lib/STservo_sdk
[3.405s] copying STservo_sdk/scscl.py -> /home/maro/3D_Mapping_Sphere_ROS2/Acuators_ws/build/waveshare_servo/build/lib/STservo_sdk
[3.414s] copying STservo_sdk/stservo_def.py -> /home/maro/3D_Mapping_Sphere_ROS2/Acuators_ws/build/waveshare_servo/build/lib/STservo_sdk
[3.414s] copying STservo_sdk/group_sync_write.py -> /home/maro/3D_Mapping_Sphere_ROS2/Acuators_ws/build/waveshare_servo/build/lib/STservo_sdk
[3.414s] copying STservo_sdk/group_sync_read.py -> /home/maro/3D_Mapping_Sphere_ROS2/Acuators_ws/build/waveshare_servo/build/lib/STservo_sdk
[3.415s] copying STservo_sdk/__init__.py -> /home/maro/3D_Mapping_Sphere_ROS2/Acuators_ws/build/waveshare_servo/build/lib/STservo_sdk
[3.415s] copying STservo_sdk/port_handler.py -> /home/maro/3D_Mapping_Sphere_ROS2/Acuators_ws/build/waveshare_servo/build/lib/STservo_sdk
[3.416s] copying STservo_sdk/protocol_packet_handler.py -> /home/maro/3D_Mapping_Sphere_ROS2/Acuators_ws/build/waveshare_servo/build/lib/STservo_sdk
[3.416s] copying STservo_sdk/sts.py -> /home/maro/3D_Mapping_Sphere_ROS2/Acuators_ws/build/waveshare_servo/build/lib/STservo_sdk
[3.420s] creating /home/maro/3D_Mapping_Sphere_ROS2/Acuators_ws/build/waveshare_servo/build/lib/waveshare_servo
[3.420s] copying waveshare_servo/waveshare_servo_node.py -> /home/maro/3D_Mapping_Sphere_ROS2/Acuators_ws/build/waveshare_servo/build/lib/waveshare_servo
[3.429s] copying waveshare_servo/__init__.py -> /home/maro/3D_Mapping_Sphere_ROS2/Acuators_ws/build/waveshare_servo/build/lib/waveshare_servo
[3.429s] running install
[3.436s] running install_lib
[3.480s] creating /home/maro/3D_Mapping_Sphere_ROS2/Acuators_ws/install/waveshare_servo/lib/python3.12/site-packages/STservo_sdk
[3.480s] copying /home/maro/3D_Mapping_Sphere_ROS2/Acuators_ws/build/waveshare_servo/build/lib/STservo_sdk/scscl.py -> /home/maro/3D_Mapping_Sphere_ROS2/Acuators_ws/install/waveshare_servo/lib/python3.12/site-packages/STservo_sdk
[3.481s] copying /home/maro/3D_Mapping_Sphere_ROS2/Acuators_ws/build/waveshare_servo/build/lib/STservo_sdk/stservo_def.py -> /home/maro/3D_Mapping_Sphere_ROS2/Acuators_ws/install/waveshare_servo/lib/python3.12/site-packages/STservo_sdk
[3.481s] copying /home/maro/3D_Mapping_Sphere_ROS2/Acuators_ws/build/waveshare_servo/build/lib/STservo_sdk/group_sync_write.py -> /home/maro/3D_Mapping_Sphere_ROS2/Acuators_ws/install/waveshare_servo/lib/python3.12/site-packages/STservo_sdk
[3.481s] copying /home/maro/3D_Mapping_Sphere_ROS2/Acuators_ws/build/waveshare_servo/build/lib/STservo_sdk/group_sync_read.py -> /home/maro/3D_Mapping_Sphere_ROS2/Acuators_ws/install/waveshare_servo/lib/python3.12/site-packages/STservo_sdk
[3.481s] copying /home/maro/3D_Mapping_Sphere_ROS2/Acuators_ws/build/waveshare_servo/build/lib/STservo_sdk/__init__.py -> /home/maro/3D_Mapping_Sphere_ROS2/Acuators_ws/install/waveshare_servo/lib/python3.12/site-packages/STservo_sdk
[3.481s] copying /home/maro/3D_Mapping_Sphere_ROS2/Acuators_ws/build/waveshare_servo/build/lib/STservo_sdk/port_handler.py -> /home/maro/3D_Mapping_Sphere_ROS2/Acuators_ws/install/waveshare_servo/lib/python3.12/site-packages/STservo_sdk
[3.481s] copying /home/maro/3D_Mapping_Sphere_ROS2/Acuators_ws/build/waveshare_servo/build/lib/STservo_sdk/protocol_packet_handler.py -> /home/maro/3D_Mapping_Sphere_ROS2/Acuators_ws/install/waveshare_servo/lib/python3.12/site-packages/STservo_sdk
[3.482s] copying /home/maro/3D_Mapping_Sphere_ROS2/Acuators_ws/build/waveshare_servo/build/lib/STservo_sdk/sts.py -> /home/maro/3D_Mapping_Sphere_ROS2/Acuators_ws/install/waveshare_servo/lib/python3.12/site-packages/STservo_sdk
[3.482s] creating /home/maro/3D_Mapping_Sphere_ROS2/Acuators_ws/install/waveshare_servo/lib/python3.12/site-packages/waveshare_servo
[3.482s] copying /home/maro/3D_Mapping_Sphere_ROS2/Acuators_ws/build/waveshare_servo/build/lib/waveshare_servo/waveshare_servo_node.py -> /home/maro/3D_Mapping_Sphere_ROS2/Acuators_ws/install/waveshare_servo/lib/python3.12/site-packages/waveshare_servo
[3.482s] copying /home/maro/3D_Mapping_Sphere_ROS2/Acuators_ws/build/waveshare_servo/build/lib/waveshare_servo/__init__.py -> /home/maro/3D_Mapping_Sphere_ROS2/Acuators_ws/install/waveshare_servo/lib/python3.12/site-packages/waveshare_servo
[3.485s] byte-compiling /home/maro/3D_Mapping_Sphere_ROS2/Acuators_ws/install/waveshare_servo/lib/python3.12/site-packages/STservo_sdk/scscl.py to scscl.cpython-312.pyc
[3.486s] byte-compiling /home/maro/3D_Mapping_Sphere_ROS2/Acuators_ws/install/waveshare_servo/lib/python3.12/site-packages/STservo_sdk/stservo_def.py to stservo_def.cpython-312.pyc
[3.486s] byte-compiling /home/maro/3D_Mapping_Sphere_ROS2/Acuators_ws/install/waveshare_servo/lib/python3.12/site-packages/STservo_sdk/group_sync_write.py to group_sync_write.cpython-312.pyc
[3.487s] byte-compiling /home/maro/3D_Mapping_Sphere_ROS2/Acuators_ws/install/waveshare_servo/lib/python3.12/site-packages/STservo_sdk/group_sync_read.py to group_sync_read.cpython-312.pyc
[3.490s] byte-compiling /home/maro/3D_Mapping_Sphere_ROS2/Acuators_ws/install/waveshare_servo/lib/python3.12/site-packages/STservo_sdk/__init__.py to __init__.cpython-312.pyc
[3.490s] byte-compiling /home/maro/3D_Mapping_Sphere_ROS2/Acuators_ws/install/waveshare_servo/lib/python3.12/site-packages/STservo_sdk/port_handler.py to port_handler.cpython-312.pyc
[3.492s] byte-compiling /home/maro/3D_Mapping_Sphere_ROS2/Acuators_ws/install/waveshare_servo/lib/python3.12/site-packages/STservo_sdk/protocol_packet_handler.py to protocol_packet_handler.cpython-312.pyc
[3.512s] byte-compiling /home/maro/3D_Mapping_Sphere_ROS2/Acuators_ws/install/waveshare_servo/lib/python3.12/site-packages/STservo_sdk/sts.py to sts.cpython-312.pyc
[3.512s] byte-compiling /home/maro/3D_Mapping_Sphere_ROS2/Acuators_ws/install/waveshare_servo/lib/python3.12/site-packages/waveshare_servo/waveshare_servo_node.py to waveshare_servo_node.cpython-312.pyc
[3.518s] byte-compiling /home/maro/3D_Mapping_Sphere_ROS2/Acuators_ws/install/waveshare_servo/lib/python3.12/site-packages/waveshare_servo/__init__.py to __init__.cpython-312.pyc
[3.519s] running install_data
[3.519s] creating /home/maro/3D_Mapping_Sphere_ROS2/Acuators_ws/install/waveshare_servo/share/ament_index
[3.519s] creating /home/maro/3D_Mapping_Sphere_ROS2/Acuators_ws/install/waveshare_servo/share/ament_index/resource_index
[3.519s] creating /home/maro/3D_Mapping_Sphere_ROS2/Acuators_ws/install/waveshare_servo/share/ament_index/resource_index/packages
[3.519s] copying resource/waveshare_servo -> /home/maro/3D_Mapping_Sphere_ROS2/Acuators_ws/install/waveshare_servo/share/ament_index/resource_index/packages
[3.519s] copying package.xml -> /home/maro/3D_Mapping_Sphere_ROS2/Acuators_ws/install/waveshare_servo/share/waveshare_servo
[3.519s] running install_egg_info
[3.558s] Copying ../../build/waveshare_servo/waveshare_servo.egg-info to /home/maro/3D_Mapping_Sphere_ROS2/Acuators_ws/install/waveshare_servo/lib/python3.12/site-packages/waveshare_servo-0.0.0-py3.12.egg-info
[3.566s] running install_scripts
[3.981s] Installing waveshare_servo_node script to /home/maro/3D_Mapping_Sphere_ROS2/Acuators_ws/install/waveshare_servo/lib/waveshare_servo
[3.986s] writing list of installed files to '/home/maro/3D_Mapping_Sphere_ROS2/Acuators_ws/build/waveshare_servo/install.log'
[4.280s] Invoked command in '/home/maro/3D_Mapping_Sphere_ROS2/Acuators_ws/src/waveshare_servo' returned '0': AMENT_PREFIX_PATH=/home/maro/3D_Mapping_Sphere_ROS2/Acuators_ws/install/logitech_msgs:${AMENT_PREFIX_PATH} CMAKE_PREFIX_PATH=/home/maro/3D_Mapping_Sphere_ROS2/Acuators_ws/install/logitech_msgs:${CMAKE_PREFIX_PATH} DEBUGINFOD_URLS=https://debuginfod.ubuntu.com LD_LIBRARY_PATH=/home/maro/3D_Mapping_Sphere_ROS2/Acuators_ws/install/logitech_msgs/lib:${LD_LIBRARY_PATH} PYTHONPATH=/home/maro/3D_Mapping_Sphere_ROS2/Acuators_ws/build/waveshare_servo/prefix_override:/usr/lib/python3/dist-packages/colcon_core/task/python/colcon_distutils_commands:/home/maro/3D_Mapping_Sphere_ROS2/Acuators_ws/install/waveshare_servo/lib/python3.12/site-packages:/home/maro/3D_Mapping_Sphere_ROS2/Acuators_ws/install/logitech_msgs/lib/python3.12/site-packages:${PYTHONPATH} /usr/bin/python3 -W ignore:setup.py install is deprecated -W ignore:easy_install command is deprecated setup.py egg_info --egg-base ../../build/waveshare_servo build --build-base /home/maro/3D_Mapping_Sphere_ROS2/Acuators_ws/build/waveshare_servo/build install --record /home/maro/3D_Mapping_Sphere_ROS2/Acuators_ws/build/waveshare_servo/install.log --single-version-externally-managed install_data
