[0.033s] Invoking command in '/home/maro/3D_Mapping_Sphere_ROS2/Acuators_ws/build/servo_pwm_node': CMAKE_PREFIX_PATH=/home/maro/3D_Mapping_Sphere_ROS2/Acuators_ws/install/logitech_msgs:/home/maro/3D_Mapping_Sphere_ROS2/Acuators_ws/install/servo_pwm_node:/home/maro/3D_Mapping_Sphere_ROS2/Acuators_ws/install/logitech_controller:/opt/ros/jazzy/opt/gz_math_vendor:/opt/ros/jazzy/opt/gz_utils_vendor:/opt/ros/jazzy/opt/gz_cmake_vendor:/home/maro/3D_Mapping_Sphere_ROS2/Acuators_ws/install/khonsu:/home/maro/3D_Mapping_Sphere_ROS2/Acuators_ws/install/waveshare_servo:/opt/ros/jazzy DEBUGINFOD_URLS=https://debuginfod.ubuntu.com PYTHONPATH=/home/maro/3D_Mapping_Sphere_ROS2/Acuators_ws/install/logitech_msgs/lib/python3.12/site-packages:/home/maro/3D_Mapping_Sphere_ROS2/Acuators_ws/install/khonsu/lib/python3.12/site-packages:/home/maro/3D_Mapping_Sphere_ROS2/Acuators_ws/install/waveshare_servo/lib/python3.12/site-packages:/opt/ros/jazzy/lib/python3.12/site-packages /usr/bin/cmake --build /home/maro/3D_Mapping_Sphere_ROS2/Acuators_ws/build/servo_pwm_node -- -j4 -l4
[0.208s] [100%] Built target servo_pwm_node
[0.546s] Invoked command in '/home/maro/3D_Mapping_Sphere_ROS2/Acuators_ws/build/servo_pwm_node' returned '0': CMAKE_PREFIX_PATH=/home/maro/3D_Mapping_Sphere_ROS2/Acuators_ws/install/logitech_msgs:/home/maro/3D_Mapping_Sphere_ROS2/Acuators_ws/install/servo_pwm_node:/home/maro/3D_Mapping_Sphere_ROS2/Acuators_ws/install/logitech_controller:/opt/ros/jazzy/opt/gz_math_vendor:/opt/ros/jazzy/opt/gz_utils_vendor:/opt/ros/jazzy/opt/gz_cmake_vendor:/home/maro/3D_Mapping_Sphere_ROS2/Acuators_ws/install/khonsu:/home/maro/3D_Mapping_Sphere_ROS2/Acuators_ws/install/waveshare_servo:/opt/ros/jazzy DEBUGINFOD_URLS=https://debuginfod.ubuntu.com PYTHONPATH=/home/maro/3D_Mapping_Sphere_ROS2/Acuators_ws/install/logitech_msgs/lib/python3.12/site-packages:/home/maro/3D_Mapping_Sphere_ROS2/Acuators_ws/install/khonsu/lib/python3.12/site-packages:/home/maro/3D_Mapping_Sphere_ROS2/Acuators_ws/install/waveshare_servo/lib/python3.12/site-packages:/opt/ros/jazzy/lib/python3.12/site-packages /usr/bin/cmake --build /home/maro/3D_Mapping_Sphere_ROS2/Acuators_ws/build/servo_pwm_node -- -j4 -l4
[0.549s] Invoking command in '/home/maro/3D_Mapping_Sphere_ROS2/Acuators_ws/build/servo_pwm_node': CMAKE_PREFIX_PATH=/home/maro/3D_Mapping_Sphere_ROS2/Acuators_ws/install/logitech_msgs:/home/maro/3D_Mapping_Sphere_ROS2/Acuators_ws/install/servo_pwm_node:/home/maro/3D_Mapping_Sphere_ROS2/Acuators_ws/install/logitech_controller:/opt/ros/jazzy/opt/gz_math_vendor:/opt/ros/jazzy/opt/gz_utils_vendor:/opt/ros/jazzy/opt/gz_cmake_vendor:/home/maro/3D_Mapping_Sphere_ROS2/Acuators_ws/install/khonsu:/home/maro/3D_Mapping_Sphere_ROS2/Acuators_ws/install/waveshare_servo:/opt/ros/jazzy DEBUGINFOD_URLS=https://debuginfod.ubuntu.com PYTHONPATH=/home/maro/3D_Mapping_Sphere_ROS2/Acuators_ws/install/logitech_msgs/lib/python3.12/site-packages:/home/maro/3D_Mapping_Sphere_ROS2/Acuators_ws/install/khonsu/lib/python3.12/site-packages:/home/maro/3D_Mapping_Sphere_ROS2/Acuators_ws/install/waveshare_servo/lib/python3.12/site-packages:/opt/ros/jazzy/lib/python3.12/site-packages /usr/bin/cmake --install /home/maro/3D_Mapping_Sphere_ROS2/Acuators_ws/build/servo_pwm_node
[0.577s] -- Install configuration: ""
[0.577s] -- Up-to-date: /home/maro/3D_Mapping_Sphere_ROS2/Acuators_ws/install/servo_pwm_node/lib/servo_pwm_node/servo_pwm_node
[0.578s] -- Up-to-date: /home/maro/3D_Mapping_Sphere_ROS2/Acuators_ws/install/servo_pwm_node/share/ament_index/resource_index/package_run_dependencies/servo_pwm_node
[0.578s] -- Up-to-date: /home/maro/3D_Mapping_Sphere_ROS2/Acuators_ws/install/servo_pwm_node/share/ament_index/resource_index/parent_prefix_path/servo_pwm_node
[0.581s] -- Up-to-date: /home/maro/3D_Mapping_Sphere_ROS2/Acuators_ws/install/servo_pwm_node/share/servo_pwm_node/environment/ament_prefix_path.sh
[0.581s] -- Up-to-date: /home/maro/3D_Mapping_Sphere_ROS2/Acuators_ws/install/servo_pwm_node/share/servo_pwm_node/environment/ament_prefix_path.dsv
[0.581s] -- Up-to-date: /home/maro/3D_Mapping_Sphere_ROS2/Acuators_ws/install/servo_pwm_node/share/servo_pwm_node/environment/path.sh
[0.582s] -- Up-to-date: /home/maro/3D_Mapping_Sphere_ROS2/Acuators_ws/install/servo_pwm_node/share/servo_pwm_node/environment/path.dsv
[0.582s] -- Up-to-date: /home/maro/3D_Mapping_Sphere_ROS2/Acuators_ws/install/servo_pwm_node/share/servo_pwm_node/local_setup.bash
[0.582s] -- Up-to-date: /home/maro/3D_Mapping_Sphere_ROS2/Acuators_ws/install/servo_pwm_node/share/servo_pwm_node/local_setup.sh
[0.582s] -- Up-to-date: /home/maro/3D_Mapping_Sphere_ROS2/Acuators_ws/install/servo_pwm_node/share/servo_pwm_node/local_setup.zsh
[0.582s] -- Up-to-date: /home/maro/3D_Mapping_Sphere_ROS2/Acuators_ws/install/servo_pwm_node/share/servo_pwm_node/local_setup.dsv
[0.582s] -- Installing: /home/maro/3D_Mapping_Sphere_ROS2/Acuators_ws/install/servo_pwm_node/share/servo_pwm_node/package.dsv
[0.582s] -- Up-to-date: /home/maro/3D_Mapping_Sphere_ROS2/Acuators_ws/install/servo_pwm_node/share/ament_index/resource_index/packages/servo_pwm_node
[0.582s] -- Up-to-date: /home/maro/3D_Mapping_Sphere_ROS2/Acuators_ws/install/servo_pwm_node/share/servo_pwm_node/cmake/servo_pwm_nodeConfig.cmake
[0.582s] -- Up-to-date: /home/maro/3D_Mapping_Sphere_ROS2/Acuators_ws/install/servo_pwm_node/share/servo_pwm_node/cmake/servo_pwm_nodeConfig-version.cmake
[0.582s] -- Up-to-date: /home/maro/3D_Mapping_Sphere_ROS2/Acuators_ws/install/servo_pwm_node/share/servo_pwm_node/package.xml
[0.603s] Invoked command in '/home/maro/3D_Mapping_Sphere_ROS2/Acuators_ws/build/servo_pwm_node' returned '0': CMAKE_PREFIX_PATH=/home/maro/3D_Mapping_Sphere_ROS2/Acuators_ws/install/logitech_msgs:/home/maro/3D_Mapping_Sphere_ROS2/Acuators_ws/install/servo_pwm_node:/home/maro/3D_Mapping_Sphere_ROS2/Acuators_ws/install/logitech_controller:/opt/ros/jazzy/opt/gz_math_vendor:/opt/ros/jazzy/opt/gz_utils_vendor:/opt/ros/jazzy/opt/gz_cmake_vendor:/home/maro/3D_Mapping_Sphere_ROS2/Acuators_ws/install/khonsu:/home/maro/3D_Mapping_Sphere_ROS2/Acuators_ws/install/waveshare_servo:/opt/ros/jazzy DEBUGINFOD_URLS=https://debuginfod.ubuntu.com PYTHONPATH=/home/maro/3D_Mapping_Sphere_ROS2/Acuators_ws/install/logitech_msgs/lib/python3.12/site-packages:/home/maro/3D_Mapping_Sphere_ROS2/Acuators_ws/install/khonsu/lib/python3.12/site-packages:/home/maro/3D_Mapping_Sphere_ROS2/Acuators_ws/install/waveshare_servo/lib/python3.12/site-packages:/opt/ros/jazzy/lib/python3.12/site-packages /usr/bin/cmake --install /home/maro/3D_Mapping_Sphere_ROS2/Acuators_ws/build/servo_pwm_node
