[0.023s] Invoking command in '/home/maro/3D_Mapping_Sphere_ROS2/mapping_ws/build/fast_lio': AMENT_PREFIX_PATH=/home/maro/3D_Mapping_Sphere_ROS2/mapping_ws/install/livox_ros_driver2:/home/maro/3D_Mapping_Sphere_ROS2/mapping_ws/install/livox_sdk2:${AMENT_PREFIX_PATH} CMAKE_PREFIX_PATH=/home/maro/3D_Mapping_Sphere_ROS2/mapping_ws/install/livox_ros_driver2:/home/maro/3D_Mapping_Sphere_ROS2/mapping_ws/install/livox_sdk2:/opt/ros/jazzy/opt/gz_math_vendor:/opt/ros/jazzy/opt/gz_utils_vendor:/opt/ros/jazzy/opt/gz_cmake_vendor:/opt/ros/jazzy DEBUGINFOD_URLS=https://debuginfod.ubuntu.com LD_LIBRARY_PATH=/home/maro/3D_Mapping_Sphere_ROS2/mapping_ws/install/livox_ros_driver2/lib:/home/maro/3D_Mapping_Sphere_ROS2/mapping_ws/install/livox_sdk2/lib:${LD_LIBRARY_PATH} PYTHONPATH=/home/maro/3D_Mapping_Sphere_ROS2/mapping_ws/install/livox_ros_driver2/lib/python3.12/site-packages:${PYTHONPATH} /usr/bin/cmake /home/maro/3D_Mapping_Sphere_ROS2/mapping_ws/src/FAST_LIO_ROS2 -DCMAKE_INSTALL_PREFIX=/home/maro/3D_Mapping_Sphere_ROS2/mapping_ws/install/fast_lio
[0.145s] -- The C compiler identification is GNU 13.3.0
[0.252s] -- The CXX compiler identification is GNU 13.3.0
[0.279s] -- Detecting C compiler ABI info
[0.504s] -- Detecting C compiler ABI info - done
[0.521s] -- Check for working C compiler: /usr/bin/cc - skipped
[0.522s] -- Detecting C compile features
[0.522s] -- Detecting C compile features - done
[0.546s] -- Detecting CXX compiler ABI info
[0.734s] -- Detecting CXX compiler ABI info - done
[0.748s] -- Check for working CXX compiler: /usr/bin/c++ - skipped
[0.749s] -- Detecting CXX compile features
[0.749s] -- Detecting CXX compile features - done
[0.750s] [0mCurrent CPU archtecture: aarch64[0m
[1.576s] [33mCMake Warning (dev) at CMakeLists.txt:47 (find_package):
[1.581s]   Policy CMP0148 is not set: The FindPythonInterp and FindPythonLibs modules
[1.581s]   are removed.  Run "cmake --help-policy CMP0148" for policy details.  Use
[1.581s]   the cmake_policy command to set the policy and suppress this warning.
[1.581s] 
[1.581s] This warning is for project developers.  Use -Wno-dev to suppress it.
[1.581s] [0m
[1.622s] -- Found PythonLibs: /usr/lib/aarch64-linux-gnu/libpython3.12.so (found version "3.12.3") 
[1.622s] -- Found ament_cmake: 2.5.4 (/opt/ros/jazzy/share/ament_cmake/cmake)
[1.946s] -- Found Python3: /usr/bin/python3 (found version "3.12.3") found components: Interpreter 
[2.186s] -- Found rclcpp: 28.1.10 (/opt/ros/jazzy/share/rclcpp/cmake)
[2.253s] -- Found rosidl_generator_c: 4.6.5 (/opt/ros/jazzy/share/rosidl_generator_c/cmake)
[2.278s] -- Found rosidl_generator_cpp: 4.6.5 (/opt/ros/jazzy/share/rosidl_generator_cpp/cmake)
[2.305s] -- Using all available rosidl_typesupport_c: rosidl_typesupport_fastrtps_c;rosidl_typesupport_introspection_c
[2.338s] -- Using all available rosidl_typesupport_cpp: rosidl_typesupport_fastrtps_cpp;rosidl_typesupport_introspection_cpp
[2.456s] -- Found rmw_implementation_cmake: 7.3.2 (/opt/ros/jazzy/share/rmw_implementation_cmake/cmake)
[2.460s] -- Found rmw_fastrtps_cpp: 8.4.2 (/opt/ros/jazzy/share/rmw_fastrtps_cpp/cmake)
[2.626s] -- Found OpenSSL: /usr/lib/aarch64-linux-gnu/libcrypto.so (found version "3.0.13")  
[2.657s] -- Found FastRTPS: /opt/ros/jazzy/include (Required is at least version "2.13") 
[2.693s] -- Using RMW implementation 'rmw_fastrtps_cpp' as default
[2.799s] -- Found rclcpp_components: 28.1.10 (/opt/ros/jazzy/share/rclcpp_components/cmake)
[2.853s] -- Found geometry_msgs: 5.3.6 (/opt/ros/jazzy/share/geometry_msgs/cmake)
[2.904s] -- Found nav_msgs: 5.3.6 (/opt/ros/jazzy/share/nav_msgs/cmake)
[2.958s] -- Found sensor_msgs: 5.3.6 (/opt/ros/jazzy/share/sensor_msgs/cmake)
[2.991s] -- Found std_srvs: 5.3.6 (/opt/ros/jazzy/share/std_srvs/cmake)
[3.015s] -- Found visualization_msgs: 5.3.6 (/opt/ros/jazzy/share/visualization_msgs/cmake)
[3.065s] -- Found pcl_ros: 2.6.2 (/opt/ros/jazzy/share/pcl_ros/cmake)
[3.199s] [33mCMake Warning (dev) at /usr/lib/aarch64-linux-gnu/cmake/pcl/Modules/FindFLANN.cmake:45 (find_package):
[3.200s]   Policy CMP0144 is not set: find_package uses upper-case <PACKAGENAME>_ROOT
[3.200s]   variables.  Run "cmake --help-policy CMP0144" for policy details.  Use the
[3.200s]   cmake_policy command to set the policy and suppress this warning.
[3.200s] 
[3.200s]   CMake variable FLANN_ROOT is set to:
[3.200s] 
[3.200s]     /usr
[3.200s] 
[3.200s]   For compatibility, find_package is ignoring the variable, but code in a
[3.200s]   .cmake module might still use it.
[3.200s] Call Stack (most recent call first):
[3.200s]   /usr/lib/aarch64-linux-gnu/cmake/pcl/PCLConfig.cmake:261 (find_package)
[3.201s]   /usr/lib/aarch64-linux-gnu/cmake/pcl/PCLConfig.cmake:306 (find_flann)
[3.201s]   /usr/lib/aarch64-linux-gnu/cmake/pcl/PCLConfig.cmake:570 (find_external_library)
[3.201s]   /opt/ros/jazzy/share/pcl_conversions/cmake/ament_cmake_export_dependencies-extras.cmake:21 (find_package)
[3.201s]   /opt/ros/jazzy/share/pcl_conversions/cmake/pcl_conversionsConfig.cmake:41 (include)
[3.201s]   /opt/ros/jazzy/share/pcl_ros/cmake/ament_cmake_export_dependencies-extras.cmake:21 (find_package)
[3.201s]   /opt/ros/jazzy/share/pcl_ros/cmake/pcl_rosConfig.cmake:41 (include)
[3.201s]   CMakeLists.txt:60 (find_package)
[3.201s] This warning is for project developers.  Use -Wno-dev to suppress it.
[3.201s] [0m
[3.201s] -- Found flann version 1.9.2
[3.203s] -- Found OpenMP_CXX: -fopenmp (found version "4.5") 
[3.203s] -- Found OpenMP: TRUE (found version "4.5") found components: CXX 
[5.566s] -- Checking for module 'libusb-1.0'
[5.594s] --   Found libusb-1.0, version 1.0.27
[5.673s] -- Found libusb: /usr/lib/aarch64-linux-gnu/libusb-1.0.so  
[5.674s] -- OpenNI found (version: 1.5.4.0, include: /usr/include/ni, lib: /usr/lib/libOpenNI.so;libusb::libusb)
[5.792s] -- OpenNI2 found (version: 2.2.0.33, include: /usr/include/openni2, lib: /usr/lib/aarch64-linux-gnu/libOpenNI2.so;libusb::libusb)
[5.796s] -- Could NOT find Pcap (missing: PCAP_LIBRARIES PCAP_INCLUDE_DIRS) 
[5.812s] -- Found ZLIB: /usr/lib/aarch64-linux-gnu/libz.so (found version "1.3")  
[5.833s] -- Found PNG: /usr/lib/aarch64-linux-gnu/libpng.so (found version "1.6.43") 
[6.485s] -- OpenNI found (version: 1.5.4.0, include: /usr/include/ni, lib: /usr/lib/libOpenNI.so;libusb::libusb)
[6.496s] -- OpenNI2 found (version: 2.2.0.33, include: /usr/include/openni2, lib: /usr/lib/aarch64-linux-gnu/libOpenNI2.so;libusb::libusb)
[7.127s] -- Found Qhull version 8.0.2
[7.781s] -- OpenNI found (version: 1.5.4.0, include: /usr/include/ni, lib: /usr/lib/libOpenNI.so;libusb::libusb)
[8.419s] -- Found PCL_COMMON: /usr/lib/aarch64-linux-gnu/libpcl_common.so  
[8.420s] -- Found PCL_KDTREE: /usr/lib/aarch64-linux-gnu/libpcl_kdtree.so  
[8.421s] -- Found PCL_OCTREE: /usr/lib/aarch64-linux-gnu/libpcl_octree.so  
[8.423s] -- Found PCL_SEARCH: /usr/lib/aarch64-linux-gnu/libpcl_search.so  
[8.424s] -- Found PCL_SAMPLE_CONSENSUS: /usr/lib/aarch64-linux-gnu/libpcl_sample_consensus.so  
[8.426s] -- Found PCL_FILTERS: /usr/lib/aarch64-linux-gnu/libpcl_filters.so  
[8.426s] -- Found PCL_2D: /usr/include/pcl-1.14  
[8.427s] -- Found PCL_GEOMETRY: /usr/include/pcl-1.14  
[8.428s] -- Found PCL_IO: /usr/lib/aarch64-linux-gnu/libpcl_io.so  
[8.430s] -- Found PCL_FEATURES: /usr/lib/aarch64-linux-gnu/libpcl_features.so  
[8.431s] -- Found PCL_ML: /usr/lib/aarch64-linux-gnu/libpcl_ml.so  
[8.432s] -- Found PCL_SEGMENTATION: /usr/lib/aarch64-linux-gnu/libpcl_segmentation.so  
[8.434s] -- Found PCL_VISUALIZATION: /usr/lib/aarch64-linux-gnu/libpcl_visualization.so  
[8.435s] -- Found PCL_SURFACE: /usr/lib/aarch64-linux-gnu/libpcl_surface.so  
[8.437s] -- Found PCL_REGISTRATION: /usr/lib/aarch64-linux-gnu/libpcl_registration.so  
[8.439s] -- Found PCL_KEYPOINTS: /usr/lib/aarch64-linux-gnu/libpcl_keypoints.so  
[8.440s] -- Found PCL_TRACKING: /usr/lib/aarch64-linux-gnu/libpcl_tracking.so  
[8.442s] -- Found PCL_RECOGNITION: /usr/lib/aarch64-linux-gnu/libpcl_recognition.so  
[8.443s] -- Found PCL_STEREO: /usr/lib/aarch64-linux-gnu/libpcl_stereo.so  
[8.445s] -- Found PCL_APPS: /usr/lib/aarch64-linux-gnu/libpcl_apps.so  
[8.446s] -- Found PCL_IN_HAND_SCANNER: /usr/include/pcl-1.14  
[8.447s] -- Found PCL_MODELER: /usr/include/pcl-1.14  
[8.447s] -- Found PCL_POINT_CLOUD_EDITOR: /usr/include/pcl-1.14  
[8.449s] -- Found PCL_OUTOFCORE: /usr/lib/aarch64-linux-gnu/libpcl_outofcore.so  
[8.451s] -- Found PCL_PEOPLE: /usr/lib/aarch64-linux-gnu/libpcl_people.so  
[8.646s] -- Found eigen3_cmake_module: 0.3.0 (/opt/ros/jazzy/share/eigen3_cmake_module/cmake)
[8.648s] -- Found Eigen3: TRUE (found version "3.4.0") 
[8.648s] -- Ensuring Eigen3 include directory is part of orocos-kdl CMake target
[8.655s] -- Found livox_ros_driver2: 1.0.0 (/home/maro/3D_Mapping_Sphere_ROS2/mapping_ws/install/livox_ros_driver2/share/livox_ros_driver2/cmake)
[8.699s] -- Found rosidl_default_generators: 1.6.0 (/opt/ros/jazzy/share/rosidl_default_generators/cmake)
[8.720s] -- Found rosidl_adapter: 4.6.5 (/opt/ros/jazzy/share/rosidl_adapter/cmake)
[8.724s] [33mCMake Warning (dev) at CMakeLists.txt:81 (find_package):
[8.725s]   Policy CMP0074 is not set: find_package uses <PackageName>_ROOT variables.
[8.725s]   Run "cmake --help-policy CMP0074" for policy details.  Use the cmake_policy
[8.725s]   command to set the policy and suppress this warning.
[8.725s] 
[8.725s]   CMake variable PCL_ROOT is set to:
[8.725s] 
[8.725s]     /usr
[8.725s] 
[8.725s]   For compatibility, CMake is ignoring the variable.
[8.725s] This warning is for project developers.  Use -Wno-dev to suppress it.
[8.725s] [0m
[8.736s] [0mEigen:/usr/include/eigen3[0m
[8.736s] -- PCL: /usr/include/pcl-1.14
[9.755s] -- Found ament_cmake_ros: 0.12.0 (/opt/ros/jazzy/share/ament_cmake_ros/cmake)
[10.989s] -- Using all available rosidl_typesupport_c: rosidl_typesupport_fastrtps_c;rosidl_typesupport_introspection_c
[11.476s] -- Using all available rosidl_typesupport_cpp: rosidl_typesupport_fastrtps_cpp;rosidl_typesupport_introspection_cpp
[11.476s] -- Found python_cmake_module: 0.11.1 (/opt/ros/jazzy/share/python_cmake_module/cmake)
[11.721s] -- Found PythonExtra: /usr/bin/python3  
[12.515s] -- Found Python3: /usr/bin/python3 (found version "3.12.3") found components: Interpreter Development NumPy Development.Module Development.Embed 
[12.600s] -- Configuring done (12.6s)
[12.767s] -- Generating done (0.1s)
[12.802s] -- Build files have been written to: /home/maro/3D_Mapping_Sphere_ROS2/mapping_ws/build/fast_lio
[12.858s] Invoked command in '/home/maro/3D_Mapping_Sphere_ROS2/mapping_ws/build/fast_lio' returned '0': AMENT_PREFIX_PATH=/home/maro/3D_Mapping_Sphere_ROS2/mapping_ws/install/livox_ros_driver2:/home/maro/3D_Mapping_Sphere_ROS2/mapping_ws/install/livox_sdk2:${AMENT_PREFIX_PATH} CMAKE_PREFIX_PATH=/home/maro/3D_Mapping_Sphere_ROS2/mapping_ws/install/livox_ros_driver2:/home/maro/3D_Mapping_Sphere_ROS2/mapping_ws/install/livox_sdk2:/opt/ros/jazzy/opt/gz_math_vendor:/opt/ros/jazzy/opt/gz_utils_vendor:/opt/ros/jazzy/opt/gz_cmake_vendor:/opt/ros/jazzy DEBUGINFOD_URLS=https://debuginfod.ubuntu.com LD_LIBRARY_PATH=/home/maro/3D_Mapping_Sphere_ROS2/mapping_ws/install/livox_ros_driver2/lib:/home/maro/3D_Mapping_Sphere_ROS2/mapping_ws/install/livox_sdk2/lib:${LD_LIBRARY_PATH} PYTHONPATH=/home/maro/3D_Mapping_Sphere_ROS2/mapping_ws/install/livox_ros_driver2/lib/python3.12/site-packages:${PYTHONPATH} /usr/bin/cmake /home/maro/3D_Mapping_Sphere_ROS2/mapping_ws/src/FAST_LIO_ROS2 -DCMAKE_INSTALL_PREFIX=/home/maro/3D_Mapping_Sphere_ROS2/mapping_ws/install/fast_lio
[12.860s] Invoking command in '/home/maro/3D_Mapping_Sphere_ROS2/mapping_ws/build/fast_lio': AMENT_PREFIX_PATH=/home/maro/3D_Mapping_Sphere_ROS2/mapping_ws/install/livox_ros_driver2:/home/maro/3D_Mapping_Sphere_ROS2/mapping_ws/install/livox_sdk2:${AMENT_PREFIX_PATH} CMAKE_PREFIX_PATH=/home/maro/3D_Mapping_Sphere_ROS2/mapping_ws/install/livox_ros_driver2:/home/maro/3D_Mapping_Sphere_ROS2/mapping_ws/install/livox_sdk2:/opt/ros/jazzy/opt/gz_math_vendor:/opt/ros/jazzy/opt/gz_utils_vendor:/opt/ros/jazzy/opt/gz_cmake_vendor:/opt/ros/jazzy DEBUGINFOD_URLS=https://debuginfod.ubuntu.com LD_LIBRARY_PATH=/home/maro/3D_Mapping_Sphere_ROS2/mapping_ws/install/livox_ros_driver2/lib:/home/maro/3D_Mapping_Sphere_ROS2/mapping_ws/install/livox_sdk2/lib:${LD_LIBRARY_PATH} PYTHONPATH=/home/maro/3D_Mapping_Sphere_ROS2/mapping_ws/install/livox_ros_driver2/lib/python3.12/site-packages:${PYTHONPATH} /usr/bin/cmake --build /home/maro/3D_Mapping_Sphere_ROS2/mapping_ws/build/fast_lio -- -j4 -l4
[12.973s] [  2%] [34m[1mGenerating type hashes for ROS interfaces[0m
[12.997s] [  2%] Built target ament_cmake_python_copy_fast_lio
[13.354s] running egg_info
[13.356s] creating fast_lio.egg-info
[13.399s] writing fast_lio.egg-info/PKG-INFO
[13.400s] writing dependency_links to fast_lio.egg-info/dependency_links.txt
[13.401s] writing top-level names to fast_lio.egg-info/top_level.txt
[13.402s] writing manifest file 'fast_lio.egg-info/SOURCES.txt'
[13.410s] [  2%] Built target fast_lio__rosidl_generator_type_description
[13.446s] [  5%] [34m[1mGenerating C++ code for ROS interfaces[0m
[13.503s] reading manifest file 'fast_lio.egg-info/SOURCES.txt'
[13.506s] writing manifest file 'fast_lio.egg-info/SOURCES.txt'
[13.590s] [  5%] Built target ament_cmake_python_build_fast_lio_egg
[13.614s] [  7%] [34m[1mGenerating C code for ROS interfaces[0m
[13.957s] [  7%] Built target fast_lio__cpp
[14.187s] [ 10%] [32mBuilding C object CMakeFiles/fast_lio__rosidl_generator_c.dir/rosidl_generator_c/fast_lio/msg/detail/pose6_d__functions.c.o[0m
[14.195s] [ 13%] [32mBuilding C object CMakeFiles/fast_lio__rosidl_generator_c.dir/rosidl_generator_c/fast_lio/msg/detail/pose6_d__description.c.o[0m
[14.284s] [ 15%] [32mBuilding C object CMakeFiles/fast_lio__rosidl_generator_c.dir/rosidl_generator_c/fast_lio/msg/detail/pose6_d__type_support.c.o[0m
[14.385s] [ 18%] [32m[1mLinking C shared library libfast_lio__rosidl_generator_c.so[0m
[14.454s] [ 18%] Built target fast_lio__rosidl_generator_c
[14.475s] [ 21%] [34m[1mGenerating C type support for eProsima Fast-RTPS[0m
[14.478s] [ 23%] [34m[1mGenerating C++ type support dispatch for ROS interfaces[0m
[14.939s] [ 31%] [34m[1mGenerating C introspection for ROS interfaces[0m
[14.942s] [ 31%] [32mBuilding CXX object CMakeFiles/fast_lio__rosidl_typesupport_cpp.dir/rosidl_typesupport_cpp/fast_lio/msg/pose6_d__type_support.cpp.o[0m
[14.942s] [ 31%] [34m[1mGenerating C++ type support for eProsima Fast-RTPS[0m
[15.023s] [ 34%] [32mBuilding CXX object CMakeFiles/fast_lio__rosidl_typesupport_fastrtps_c.dir/rosidl_typesupport_fastrtps_c/fast_lio/msg/detail/pose6_d__type_support_c.cpp.o[0m
[15.589s] [ 36%] [32mBuilding CXX object CMakeFiles/fast_lio__rosidl_typesupport_fastrtps_cpp.dir/rosidl_typesupport_fastrtps_cpp/fast_lio/msg/detail/dds_fastrtps/pose6_d__type_support.cpp.o[0m
[15.736s] [ 39%] [32mBuilding C object CMakeFiles/fast_lio__rosidl_typesupport_introspection_c.dir/rosidl_typesupport_introspection_c/fast_lio/msg/detail/pose6_d__type_support.c.o[0m
[15.972s] [ 42%] [32m[1mLinking C shared library libfast_lio__rosidl_typesupport_introspection_c.so[0m
[16.051s] [ 44%] [32m[1mLinking CXX shared library libfast_lio__rosidl_typesupport_cpp.so[0m
[16.075s] [ 44%] Built target fast_lio__rosidl_typesupport_introspection_c
[16.107s] [ 47%] [34m[1mGenerating C type support dispatch for ROS interfaces[0m
[16.179s] [ 47%] Built target fast_lio__rosidl_typesupport_cpp
[16.235s] [ 50%] [34m[1mGenerating C++ introspection for ROS interfaces[0m
[16.446s] [ 52%] [32m[1mLinking CXX shared library libfast_lio__rosidl_typesupport_fastrtps_c.so[0m
[16.561s] [ 52%] Built target fast_lio__rosidl_typesupport_fastrtps_c
[16.616s] [ 55%] [32mBuilding CXX object CMakeFiles/fastlio_mapping.dir/src/laserMapping.cpp.o[0m
[16.911s] [ 57%] [32mBuilding CXX object CMakeFiles/fast_lio__rosidl_typesupport_introspection_cpp.dir/rosidl_typesupport_introspection_cpp/fast_lio/msg/detail/pose6_d__type_support.cpp.o[0m
[16.930s] [ 60%] [32mBuilding CXX object CMakeFiles/fast_lio__rosidl_typesupport_c.dir/rosidl_typesupport_c/fast_lio/msg/pose6_d__type_support.cpp.o[0m
[17.052s] [ 63%] [32m[1mLinking CXX shared library libfast_lio__rosidl_typesupport_c.so[0m
[17.111s] [ 65%] [32m[1mLinking CXX shared library libfast_lio__rosidl_typesupport_fastrtps_cpp.so[0m
[17.147s] [ 65%] Built target fast_lio__rosidl_typesupport_c
[17.170s] [ 68%] [32mBuilding CXX object CMakeFiles/fastlio_mapping.dir/include/ikd-Tree/ikd_Tree.cpp.o[0m
[17.241s] [ 68%] Built target fast_lio__rosidl_typesupport_fastrtps_cpp
[17.265s] [ 71%] [32mBuilding CXX object CMakeFiles/fastlio_mapping.dir/src/preprocess.cpp.o[0m
[17.885s] [ 73%] [32m[1mLinking CXX shared library libfast_lio__rosidl_typesupport_introspection_cpp.so[0m
[18.003s] [ 73%] Built target fast_lio__rosidl_typesupport_introspection_cpp
[18.056s] [ 73%] Built target fast_lio
[18.117s] [ 76%] [34m[1mGenerating Python code for ROS interfaces[0m
[19.158s] [ 76%] Built target fast_lio__py
[19.233s] [ 78%] [32mBuilding C object CMakeFiles/fast_lio__rosidl_generator_py.dir/rosidl_generator_py/fast_lio/msg/_pose6_d_s.c.o[0m
[19.639s] [ 81%] [32m[1mLinking C shared library libfast_lio__rosidl_generator_py.so[0m
[19.822s] [ 81%] Built target fast_lio__rosidl_generator_py
[19.890s] [ 84%] [32mBuilding C object CMakeFiles/fast_lio_s__rosidl_typesupport_fastrtps_c.dir/rosidl_generator_py/fast_lio/_fast_lio_s.ep.rosidl_typesupport_fastrtps_c.c.o[0m
[20.288s] [ 86%] [32m[1mLinking C shared module rosidl_generator_py/fast_lio/fast_lio_s__rosidl_typesupport_fastrtps_c.so[0m
[20.370s] [ 86%] Built target fast_lio_s__rosidl_typesupport_fastrtps_c
[20.415s] [ 89%] [32mBuilding C object CMakeFiles/fast_lio_s__rosidl_typesupport_introspection_c.dir/rosidl_generator_py/fast_lio/_fast_lio_s.ep.rosidl_typesupport_introspection_c.c.o[0m
[20.742s] [ 92%] [32m[1mLinking C shared module rosidl_generator_py/fast_lio/fast_lio_s__rosidl_typesupport_introspection_c.so[0m
[20.847s] [ 92%] Built target fast_lio_s__rosidl_typesupport_introspection_c
[20.903s] [ 94%] [32mBuilding C object CMakeFiles/fast_lio_s__rosidl_typesupport_c.dir/rosidl_generator_py/fast_lio/_fast_lio_s.ep.rosidl_typesupport_c.c.o[0m
[21.185s] [ 97%] [32m[1mLinking C shared module rosidl_generator_py/fast_lio/fast_lio_s__rosidl_typesupport_c.so[0m
[21.261s] [ 97%] Built target fast_lio_s__rosidl_typesupport_c
[32.610s] In file included from [01m[K/usr/include/boost/bind/detail/requires_cxx11.hpp:9[m[K,
[32.610s]                  from [01m[K/usr/include/boost/bind/bind.hpp:24[m[K,
[32.611s]                  from [01m[K/usr/include/boost/bind.hpp:29[m[K,
[32.611s]                  from [01m[K/home/maro/3D_Mapping_Sphere_ROS2/mapping_ws/src/FAST_LIO_ROS2/include/IKFoM_toolkit/esekfom/esekfom.hpp:42[m[K,
[32.611s]                  from [01m[K/home/maro/3D_Mapping_Sphere_ROS2/mapping_ws/src/FAST_LIO_ROS2/include/use-ikfom.hpp:4[m[K,
[32.611s]                  from [01m[K/home/maro/3D_Mapping_Sphere_ROS2/mapping_ws/src/FAST_LIO_ROS2/src/IMU_Processing.hpp:22[m[K,
[32.611s]                  from [01m[K/home/maro/3D_Mapping_Sphere_ROS2/mapping_ws/src/FAST_LIO_ROS2/src/laserMapping.cpp:47[m[K:
[32.611s] [01m[K/usr/include/boost/bind.hpp:36:1:[m[K [01;36m[Knote: [m[K‘[01m[K#pragma message: The practice of declaring the Bind placeholders (_1, _2, ...) in the global namespace is deprecated. Please use <boost/bind/bind.hpp> + using namespace boost::placeholders, or define BOOST_BIND_GLOBAL_PLACEHOLDERS to retain the current behavior.[m[K’
[32.611s]    36 | [01;36m[KBOOST_PRAGMA_MESSAGE[m[K(
[32.612s]       | [01;36m[K^~~~~~~~~~~~~~~~~~~~[m[K
[41.564s] In file included from [01m[K/home/maro/3D_Mapping_Sphere_ROS2/mapping_ws/src/FAST_LIO_ROS2/include/IKFoM_toolkit/esekfom/../mtk/types/SOn.hpp:83[m[K,
[41.564s]                  from [01m[K/home/maro/3D_Mapping_Sphere_ROS2/mapping_ws/src/FAST_LIO_ROS2/include/IKFoM_toolkit/esekfom/esekfom.hpp:49[m[K:
[41.564s] /home/maro/3D_Mapping_Sphere_ROS2/mapping_ws/src/FAST_LIO_ROS2/include/IKFoM_toolkit/esekfom/../mtk/types/../src/mtkmath.hpp: In instantiation of ‘[01m[Kstd::pair<_FIter, _FIter> MTK::[01;32m[Kcos_sinc_sqrt[m[K(const scalar&) [35m[K[with scalar = double][m[K[m[K’:
[41.565s] [01m[K/home/maro/3D_Mapping_Sphere_ROS2/mapping_ws/src/FAST_LIO_ROS2/include/IKFoM_toolkit/esekfom/../mtk/types/../src/mtkmath.hpp:252:52:[m[K   required from ‘[01m[Kscalar MTK::[01;32m[Kexp[m[K(vectview<scalar, dim>, vectview<const scalar, dim>, const scalar&) [35m[K[with scalar = double; int n = 3][m[K[m[K’
[41.565s] [01m[K/home/maro/3D_Mapping_Sphere_ROS2/mapping_ws/src/FAST_LIO_ROS2/include/IKFoM_toolkit/esekfom/../mtk/types/S2.hpp:140:32:[m[K   required from ‘[01m[Kvoid MTK::S2<_scalar, den, num, S2_typ>::[01;32m[Kboxplus[m[K(MTK::vectview<const _scalar, 2>, scalar) [35m[K[with _scalar = double; int den = 98090; int num = 10000; int S2_typ = 1; scalar = double][m[K[m[K’
[41.565s] [01m[K/home/maro/3D_Mapping_Sphere_ROS2/mapping_ws/src/FAST_LIO_ROS2/include/use-ikfom.hpp:12:1:[m[K   required from here
[41.565s] [01m[K/home/maro/3D_Mapping_Sphere_ROS2/mapping_ws/src/FAST_LIO_ROS2/include/IKFoM_toolkit/esekfom/../mtk/types/../src/mtkmath.hpp:143:27:[m[K [01;36m[Knote: [m[Kparameter passing for argument of type ‘[01m[Kstd::pair<double, double>[m[K’ when C++17 is enabled changed to match C++14 ]8;;https://gcc.gnu.org/gcc-10/changes.html#empty_basein GCC 10.1]8;;
[41.565s]   143 | std::pair<scalar, scalar> [01;36m[Kcos_sinc_sqrt[m[K(const scalar &x2){
[41.565s]       |                           [01;36m[K^~~~~~~~~~~~~[m[K
[122.608s] [100%] [32m[1mLinking CXX executable fastlio_mapping[0m
[127.057s] [100%] Built target fastlio_mapping
[127.087s] Invoked command in '/home/maro/3D_Mapping_Sphere_ROS2/mapping_ws/build/fast_lio' returned '0': AMENT_PREFIX_PATH=/home/maro/3D_Mapping_Sphere_ROS2/mapping_ws/install/livox_ros_driver2:/home/maro/3D_Mapping_Sphere_ROS2/mapping_ws/install/livox_sdk2:${AMENT_PREFIX_PATH} CMAKE_PREFIX_PATH=/home/maro/3D_Mapping_Sphere_ROS2/mapping_ws/install/livox_ros_driver2:/home/maro/3D_Mapping_Sphere_ROS2/mapping_ws/install/livox_sdk2:/opt/ros/jazzy/opt/gz_math_vendor:/opt/ros/jazzy/opt/gz_utils_vendor:/opt/ros/jazzy/opt/gz_cmake_vendor:/opt/ros/jazzy DEBUGINFOD_URLS=https://debuginfod.ubuntu.com LD_LIBRARY_PATH=/home/maro/3D_Mapping_Sphere_ROS2/mapping_ws/install/livox_ros_driver2/lib:/home/maro/3D_Mapping_Sphere_ROS2/mapping_ws/install/livox_sdk2/lib:${LD_LIBRARY_PATH} PYTHONPATH=/home/maro/3D_Mapping_Sphere_ROS2/mapping_ws/install/livox_ros_driver2/lib/python3.12/site-packages:${PYTHONPATH} /usr/bin/cmake --build /home/maro/3D_Mapping_Sphere_ROS2/mapping_ws/build/fast_lio -- -j4 -l4
[127.091s] Invoking command in '/home/maro/3D_Mapping_Sphere_ROS2/mapping_ws/build/fast_lio': AMENT_PREFIX_PATH=/home/maro/3D_Mapping_Sphere_ROS2/mapping_ws/install/livox_ros_driver2:/home/maro/3D_Mapping_Sphere_ROS2/mapping_ws/install/livox_sdk2:${AMENT_PREFIX_PATH} CMAKE_PREFIX_PATH=/home/maro/3D_Mapping_Sphere_ROS2/mapping_ws/install/livox_ros_driver2:/home/maro/3D_Mapping_Sphere_ROS2/mapping_ws/install/livox_sdk2:/opt/ros/jazzy/opt/gz_math_vendor:/opt/ros/jazzy/opt/gz_utils_vendor:/opt/ros/jazzy/opt/gz_cmake_vendor:/opt/ros/jazzy DEBUGINFOD_URLS=https://debuginfod.ubuntu.com LD_LIBRARY_PATH=/home/maro/3D_Mapping_Sphere_ROS2/mapping_ws/install/livox_ros_driver2/lib:/home/maro/3D_Mapping_Sphere_ROS2/mapping_ws/install/livox_sdk2/lib:${LD_LIBRARY_PATH} PYTHONPATH=/home/maro/3D_Mapping_Sphere_ROS2/mapping_ws/install/livox_ros_driver2/lib/python3.12/site-packages:${PYTHONPATH} /usr/bin/cmake --install /home/maro/3D_Mapping_Sphere_ROS2/mapping_ws/build/fast_lio
[127.105s] -- Install configuration: "Release"
[127.105s] -- Installing: /home/maro/3D_Mapping_Sphere_ROS2/mapping_ws/install/fast_lio/share/ament_index/resource_index/rosidl_interfaces/fast_lio
[127.106s] -- Installing: /home/maro/3D_Mapping_Sphere_ROS2/mapping_ws/install/fast_lio/share/fast_lio/msg/Pose6D.json
[127.106s] -- Installing: /home/maro/3D_Mapping_Sphere_ROS2/mapping_ws/install/fast_lio/include/fast_lio/fast_lio
[127.106s] -- Installing: /home/maro/3D_Mapping_Sphere_ROS2/mapping_ws/install/fast_lio/include/fast_lio/fast_lio/msg
[127.106s] -- Installing: /home/maro/3D_Mapping_Sphere_ROS2/mapping_ws/install/fast_lio/include/fast_lio/fast_lio/msg/rosidl_generator_c__visibility_control.h
[127.106s] -- Installing: /home/maro/3D_Mapping_Sphere_ROS2/mapping_ws/install/fast_lio/include/fast_lio/fast_lio/msg/detail
[127.106s] -- Installing: /home/maro/3D_Mapping_Sphere_ROS2/mapping_ws/install/fast_lio/include/fast_lio/fast_lio/msg/detail/pose6_d__struct.h
[127.106s] -- Installing: /home/maro/3D_Mapping_Sphere_ROS2/mapping_ws/install/fast_lio/include/fast_lio/fast_lio/msg/detail/pose6_d__type_support.h
[127.106s] -- Installing: /home/maro/3D_Mapping_Sphere_ROS2/mapping_ws/install/fast_lio/include/fast_lio/fast_lio/msg/detail/pose6_d__description.c
[127.107s] -- Installing: /home/maro/3D_Mapping_Sphere_ROS2/mapping_ws/install/fast_lio/include/fast_lio/fast_lio/msg/detail/pose6_d__type_support.c
[127.107s] -- Installing: /home/maro/3D_Mapping_Sphere_ROS2/mapping_ws/install/fast_lio/include/fast_lio/fast_lio/msg/detail/pose6_d__functions.c
[127.107s] -- Installing: /home/maro/3D_Mapping_Sphere_ROS2/mapping_ws/install/fast_lio/include/fast_lio/fast_lio/msg/detail/pose6_d__functions.h
[127.107s] -- Installing: /home/maro/3D_Mapping_Sphere_ROS2/mapping_ws/install/fast_lio/include/fast_lio/fast_lio/msg/pose6_d.h
[127.107s] -- Installing: /home/maro/3D_Mapping_Sphere_ROS2/mapping_ws/install/fast_lio/share/fast_lio/environment/library_path.sh
[127.107s] -- Installing: /home/maro/3D_Mapping_Sphere_ROS2/mapping_ws/install/fast_lio/share/fast_lio/environment/library_path.dsv
[127.108s] -- Installing: /home/maro/3D_Mapping_Sphere_ROS2/mapping_ws/install/fast_lio/lib/libfast_lio__rosidl_generator_c.so
[127.108s] -- Set non-toolchain portion of runtime path of "/home/maro/3D_Mapping_Sphere_ROS2/mapping_ws/install/fast_lio/lib/libfast_lio__rosidl_generator_c.so" to ""
[127.108s] -- Up-to-date: /home/maro/3D_Mapping_Sphere_ROS2/mapping_ws/install/fast_lio/include/fast_lio/fast_lio
[127.108s] -- Up-to-date: /home/maro/3D_Mapping_Sphere_ROS2/mapping_ws/install/fast_lio/include/fast_lio/fast_lio/msg
[127.109s] -- Installing: /home/maro/3D_Mapping_Sphere_ROS2/mapping_ws/install/fast_lio/include/fast_lio/fast_lio/msg/rosidl_typesupport_fastrtps_c__visibility_control.h
[127.109s] -- Up-to-date: /home/maro/3D_Mapping_Sphere_ROS2/mapping_ws/install/fast_lio/include/fast_lio/fast_lio/msg/detail
[127.109s] -- Installing: /home/maro/3D_Mapping_Sphere_ROS2/mapping_ws/install/fast_lio/include/fast_lio/fast_lio/msg/detail/pose6_d__rosidl_typesupport_fastrtps_c.h
[127.109s] -- Installing: /home/maro/3D_Mapping_Sphere_ROS2/mapping_ws/install/fast_lio/lib/libfast_lio__rosidl_typesupport_fastrtps_c.so
[127.109s] -- Set non-toolchain portion of runtime path of "/home/maro/3D_Mapping_Sphere_ROS2/mapping_ws/install/fast_lio/lib/libfast_lio__rosidl_typesupport_fastrtps_c.so" to ""
[127.110s] -- Up-to-date: /home/maro/3D_Mapping_Sphere_ROS2/mapping_ws/install/fast_lio/include/fast_lio/fast_lio
[127.110s] -- Up-to-date: /home/maro/3D_Mapping_Sphere_ROS2/mapping_ws/install/fast_lio/include/fast_lio/fast_lio/msg
[127.110s] -- Up-to-date: /home/maro/3D_Mapping_Sphere_ROS2/mapping_ws/install/fast_lio/include/fast_lio/fast_lio/msg/detail
[127.110s] -- Installing: /home/maro/3D_Mapping_Sphere_ROS2/mapping_ws/install/fast_lio/include/fast_lio/fast_lio/msg/detail/pose6_d__traits.hpp
[127.110s] -- Installing: /home/maro/3D_Mapping_Sphere_ROS2/mapping_ws/install/fast_lio/include/fast_lio/fast_lio/msg/detail/pose6_d__type_support.hpp
[127.110s] -- Installing: /home/maro/3D_Mapping_Sphere_ROS2/mapping_ws/install/fast_lio/include/fast_lio/fast_lio/msg/detail/pose6_d__struct.hpp
[127.110s] -- Installing: /home/maro/3D_Mapping_Sphere_ROS2/mapping_ws/install/fast_lio/include/fast_lio/fast_lio/msg/detail/pose6_d__builder.hpp
[127.110s] -- Installing: /home/maro/3D_Mapping_Sphere_ROS2/mapping_ws/install/fast_lio/include/fast_lio/fast_lio/msg/pose6_d.hpp
[127.110s] -- Installing: /home/maro/3D_Mapping_Sphere_ROS2/mapping_ws/install/fast_lio/include/fast_lio/fast_lio/msg/rosidl_generator_cpp__visibility_control.hpp
[127.111s] -- Up-to-date: /home/maro/3D_Mapping_Sphere_ROS2/mapping_ws/install/fast_lio/include/fast_lio/fast_lio
[127.111s] -- Up-to-date: /home/maro/3D_Mapping_Sphere_ROS2/mapping_ws/install/fast_lio/include/fast_lio/fast_lio/msg
[127.111s] -- Up-to-date: /home/maro/3D_Mapping_Sphere_ROS2/mapping_ws/install/fast_lio/include/fast_lio/fast_lio/msg/detail
[127.111s] -- Installing: /home/maro/3D_Mapping_Sphere_ROS2/mapping_ws/install/fast_lio/include/fast_lio/fast_lio/msg/detail/pose6_d__rosidl_typesupport_fastrtps_cpp.hpp
[127.111s] -- Installing: /home/maro/3D_Mapping_Sphere_ROS2/mapping_ws/install/fast_lio/include/fast_lio/fast_lio/msg/detail/dds_fastrtps
[127.111s] -- Installing: /home/maro/3D_Mapping_Sphere_ROS2/mapping_ws/install/fast_lio/include/fast_lio/fast_lio/msg/rosidl_typesupport_fastrtps_cpp__visibility_control.h
[127.111s] -- Installing: /home/maro/3D_Mapping_Sphere_ROS2/mapping_ws/install/fast_lio/lib/libfast_lio__rosidl_typesupport_fastrtps_cpp.so
[127.112s] -- Set non-toolchain portion of runtime path of "/home/maro/3D_Mapping_Sphere_ROS2/mapping_ws/install/fast_lio/lib/libfast_lio__rosidl_typesupport_fastrtps_cpp.so" to ""
[127.112s] -- Up-to-date: /home/maro/3D_Mapping_Sphere_ROS2/mapping_ws/install/fast_lio/include/fast_lio/fast_lio
[127.112s] -- Up-to-date: /home/maro/3D_Mapping_Sphere_ROS2/mapping_ws/install/fast_lio/include/fast_lio/fast_lio/msg
[127.112s] -- Up-to-date: /home/maro/3D_Mapping_Sphere_ROS2/mapping_ws/install/fast_lio/include/fast_lio/fast_lio/msg/detail
[127.112s] -- Installing: /home/maro/3D_Mapping_Sphere_ROS2/mapping_ws/install/fast_lio/include/fast_lio/fast_lio/msg/detail/pose6_d__rosidl_typesupport_introspection_c.h
[127.112s] -- Installing: /home/maro/3D_Mapping_Sphere_ROS2/mapping_ws/install/fast_lio/include/fast_lio/fast_lio/msg/detail/pose6_d__type_support.c
[127.112s] -- Installing: /home/maro/3D_Mapping_Sphere_ROS2/mapping_ws/install/fast_lio/include/fast_lio/fast_lio/msg/rosidl_typesupport_introspection_c__visibility_control.h
[127.112s] -- Installing: /home/maro/3D_Mapping_Sphere_ROS2/mapping_ws/install/fast_lio/lib/libfast_lio__rosidl_typesupport_introspection_c.so
[127.113s] -- Set non-toolchain portion of runtime path of "/home/maro/3D_Mapping_Sphere_ROS2/mapping_ws/install/fast_lio/lib/libfast_lio__rosidl_typesupport_introspection_c.so" to ""
[127.113s] -- Installing: /home/maro/3D_Mapping_Sphere_ROS2/mapping_ws/install/fast_lio/lib/libfast_lio__rosidl_typesupport_c.so
[127.114s] -- Set non-toolchain portion of runtime path of "/home/maro/3D_Mapping_Sphere_ROS2/mapping_ws/install/fast_lio/lib/libfast_lio__rosidl_typesupport_c.so" to ""
[127.114s] -- Up-to-date: /home/maro/3D_Mapping_Sphere_ROS2/mapping_ws/install/fast_lio/include/fast_lio/fast_lio
[127.114s] -- Up-to-date: /home/maro/3D_Mapping_Sphere_ROS2/mapping_ws/install/fast_lio/include/fast_lio/fast_lio/msg
[127.114s] -- Up-to-date: /home/maro/3D_Mapping_Sphere_ROS2/mapping_ws/install/fast_lio/include/fast_lio/fast_lio/msg/detail
[127.114s] -- Installing: /home/maro/3D_Mapping_Sphere_ROS2/mapping_ws/install/fast_lio/include/fast_lio/fast_lio/msg/detail/pose6_d__rosidl_typesupport_introspection_cpp.hpp
[127.114s] -- Installing: /home/maro/3D_Mapping_Sphere_ROS2/mapping_ws/install/fast_lio/include/fast_lio/fast_lio/msg/detail/pose6_d__type_support.cpp
[127.114s] -- Installing: /home/maro/3D_Mapping_Sphere_ROS2/mapping_ws/install/fast_lio/lib/libfast_lio__rosidl_typesupport_introspection_cpp.so
[127.115s] -- Set non-toolchain portion of runtime path of "/home/maro/3D_Mapping_Sphere_ROS2/mapping_ws/install/fast_lio/lib/libfast_lio__rosidl_typesupport_introspection_cpp.so" to ""
[127.115s] -- Installing: /home/maro/3D_Mapping_Sphere_ROS2/mapping_ws/install/fast_lio/lib/libfast_lio__rosidl_typesupport_cpp.so
[127.115s] -- Set non-toolchain portion of runtime path of "/home/maro/3D_Mapping_Sphere_ROS2/mapping_ws/install/fast_lio/lib/libfast_lio__rosidl_typesupport_cpp.so" to ""
[127.115s] -- Installing: /home/maro/3D_Mapping_Sphere_ROS2/mapping_ws/install/fast_lio/share/fast_lio/environment/pythonpath.sh
[127.115s] -- Installing: /home/maro/3D_Mapping_Sphere_ROS2/mapping_ws/install/fast_lio/share/fast_lio/environment/pythonpath.dsv
[127.116s] -- Installing: /home/maro/3D_Mapping_Sphere_ROS2/mapping_ws/install/fast_lio/lib/python3.12/site-packages/fast_lio-0.0.0-py3.12.egg-info
[127.116s] -- Installing: /home/maro/3D_Mapping_Sphere_ROS2/mapping_ws/install/fast_lio/lib/python3.12/site-packages/fast_lio-0.0.0-py3.12.egg-info/dependency_links.txt
[127.116s] -- Installing: /home/maro/3D_Mapping_Sphere_ROS2/mapping_ws/install/fast_lio/lib/python3.12/site-packages/fast_lio-0.0.0-py3.12.egg-info/PKG-INFO
[127.116s] -- Installing: /home/maro/3D_Mapping_Sphere_ROS2/mapping_ws/install/fast_lio/lib/python3.12/site-packages/fast_lio-0.0.0-py3.12.egg-info/top_level.txt
[127.116s] -- Installing: /home/maro/3D_Mapping_Sphere_ROS2/mapping_ws/install/fast_lio/lib/python3.12/site-packages/fast_lio-0.0.0-py3.12.egg-info/SOURCES.txt
[127.116s] -- Installing: /home/maro/3D_Mapping_Sphere_ROS2/mapping_ws/install/fast_lio/lib/python3.12/site-packages/fast_lio
[127.117s] -- Installing: /home/maro/3D_Mapping_Sphere_ROS2/mapping_ws/install/fast_lio/lib/python3.12/site-packages/fast_lio/fast_lio_s__rosidl_typesupport_fastrtps_c.so
[127.117s] -- Installing: /home/maro/3D_Mapping_Sphere_ROS2/mapping_ws/install/fast_lio/lib/python3.12/site-packages/fast_lio/fast_lio_s__rosidl_typesupport_introspection_c.so
[127.117s] -- Installing: /home/maro/3D_Mapping_Sphere_ROS2/mapping_ws/install/fast_lio/lib/python3.12/site-packages/fast_lio/_fast_lio_s.ep.rosidl_typesupport_introspection_c.c
[127.117s] -- Installing: /home/maro/3D_Mapping_Sphere_ROS2/mapping_ws/install/fast_lio/lib/python3.12/site-packages/fast_lio/fast_lio_s__rosidl_typesupport_c.so
[127.118s] -- Installing: /home/maro/3D_Mapping_Sphere_ROS2/mapping_ws/install/fast_lio/lib/python3.12/site-packages/fast_lio/_fast_lio_s.ep.rosidl_typesupport_c.c
[127.118s] -- Installing: /home/maro/3D_Mapping_Sphere_ROS2/mapping_ws/install/fast_lio/lib/python3.12/site-packages/fast_lio/_fast_lio_s.ep.rosidl_typesupport_fastrtps_c.c
[127.118s] -- Installing: /home/maro/3D_Mapping_Sphere_ROS2/mapping_ws/install/fast_lio/lib/python3.12/site-packages/fast_lio/__init__.py
[127.118s] -- Installing: /home/maro/3D_Mapping_Sphere_ROS2/mapping_ws/install/fast_lio/lib/python3.12/site-packages/fast_lio/msg
[127.118s] -- Installing: /home/maro/3D_Mapping_Sphere_ROS2/mapping_ws/install/fast_lio/lib/python3.12/site-packages/fast_lio/msg/_pose6_d.py
[127.118s] -- Installing: /home/maro/3D_Mapping_Sphere_ROS2/mapping_ws/install/fast_lio/lib/python3.12/site-packages/fast_lio/msg/_pose6_d_s.c
[127.118s] -- Installing: /home/maro/3D_Mapping_Sphere_ROS2/mapping_ws/install/fast_lio/lib/python3.12/site-packages/fast_lio/msg/__init__.py
[127.184s] Listing '/home/maro/3D_Mapping_Sphere_ROS2/mapping_ws/install/fast_lio/lib/python3.12/site-packages/fast_lio'...
[127.184s] Compiling '/home/maro/3D_Mapping_Sphere_ROS2/mapping_ws/install/fast_lio/lib/python3.12/site-packages/fast_lio/__init__.py'...
[127.185s] Listing '/home/maro/3D_Mapping_Sphere_ROS2/mapping_ws/install/fast_lio/lib/python3.12/site-packages/fast_lio/msg'...
[127.185s] Compiling '/home/maro/3D_Mapping_Sphere_ROS2/mapping_ws/install/fast_lio/lib/python3.12/site-packages/fast_lio/msg/__init__.py'...
[127.185s] Compiling '/home/maro/3D_Mapping_Sphere_ROS2/mapping_ws/install/fast_lio/lib/python3.12/site-packages/fast_lio/msg/_pose6_d.py'...
[127.199s] -- Installing: /home/maro/3D_Mapping_Sphere_ROS2/mapping_ws/install/fast_lio/lib/python3.12/site-packages/fast_lio/fast_lio_s__rosidl_typesupport_fastrtps_c.so
[127.200s] -- Set non-toolchain portion of runtime path of "/home/maro/3D_Mapping_Sphere_ROS2/mapping_ws/install/fast_lio/lib/python3.12/site-packages/fast_lio/fast_lio_s__rosidl_typesupport_fastrtps_c.so" to ""
[127.200s] -- Installing: /home/maro/3D_Mapping_Sphere_ROS2/mapping_ws/install/fast_lio/lib/python3.12/site-packages/fast_lio/fast_lio_s__rosidl_typesupport_introspection_c.so
[127.201s] -- Set non-toolchain portion of runtime path of "/home/maro/3D_Mapping_Sphere_ROS2/mapping_ws/install/fast_lio/lib/python3.12/site-packages/fast_lio/fast_lio_s__rosidl_typesupport_introspection_c.so" to ""
[127.201s] -- Installing: /home/maro/3D_Mapping_Sphere_ROS2/mapping_ws/install/fast_lio/lib/python3.12/site-packages/fast_lio/fast_lio_s__rosidl_typesupport_c.so
[127.202s] -- Set non-toolchain portion of runtime path of "/home/maro/3D_Mapping_Sphere_ROS2/mapping_ws/install/fast_lio/lib/python3.12/site-packages/fast_lio/fast_lio_s__rosidl_typesupport_c.so" to ""
[127.202s] -- Installing: /home/maro/3D_Mapping_Sphere_ROS2/mapping_ws/install/fast_lio/lib/libfast_lio__rosidl_generator_py.so
[127.202s] -- Set non-toolchain portion of runtime path of "/home/maro/3D_Mapping_Sphere_ROS2/mapping_ws/install/fast_lio/lib/libfast_lio__rosidl_generator_py.so" to ""
[127.202s] -- Installing: /home/maro/3D_Mapping_Sphere_ROS2/mapping_ws/install/fast_lio/share/fast_lio/msg/Pose6D.idl
[127.202s] -- Installing: /home/maro/3D_Mapping_Sphere_ROS2/mapping_ws/install/fast_lio/share/fast_lio/msg/Pose6D.msg
[127.203s] -- Installing: /home/maro/3D_Mapping_Sphere_ROS2/mapping_ws/install/fast_lio/lib/fast_lio/fastlio_mapping
[127.208s] -- Set non-toolchain portion of runtime path of "/home/maro/3D_Mapping_Sphere_ROS2/mapping_ws/install/fast_lio/lib/fast_lio/fastlio_mapping" to ""
[127.209s] -- Installing: /home/maro/3D_Mapping_Sphere_ROS2/mapping_ws/install/fast_lio/share/fast_lio/config
[127.209s] -- Installing: /home/maro/3D_Mapping_Sphere_ROS2/mapping_ws/install/fast_lio/share/fast_lio/config/horizon.yaml
[127.216s] -- Installing: /home/maro/3D_Mapping_Sphere_ROS2/mapping_ws/install/fast_lio/share/fast_lio/config/ouster64.yaml
[127.217s] -- Installing: /home/maro/3D_Mapping_Sphere_ROS2/mapping_ws/install/fast_lio/share/fast_lio/config/velodyne.yaml
[127.217s] -- Installing: /home/maro/3D_Mapping_Sphere_ROS2/mapping_ws/install/fast_lio/share/fast_lio/config/mid360.yaml
[127.217s] -- Installing: /home/maro/3D_Mapping_Sphere_ROS2/mapping_ws/install/fast_lio/share/fast_lio/config/avia.yaml
[127.218s] -- Installing: /home/maro/3D_Mapping_Sphere_ROS2/mapping_ws/install/fast_lio/share/fast_lio/launch
[127.218s] -- Installing: /home/maro/3D_Mapping_Sphere_ROS2/mapping_ws/install/fast_lio/share/fast_lio/launch/mapping.launch.py
[127.218s] -- Installing: /home/maro/3D_Mapping_Sphere_ROS2/mapping_ws/install/fast_lio/share/fast_lio/launch/gdb_debug_example.launch
[127.218s] -- Installing: /home/maro/3D_Mapping_Sphere_ROS2/mapping_ws/install/fast_lio/share/fast_lio/rviz
[127.219s] -- Installing: /home/maro/3D_Mapping_Sphere_ROS2/mapping_ws/install/fast_lio/share/fast_lio/rviz/fastlio.rviz
[127.219s] -- Installing: /home/maro/3D_Mapping_Sphere_ROS2/mapping_ws/install/fast_lio/share/ament_index/resource_index/package_run_dependencies/fast_lio
[127.219s] -- Installing: /home/maro/3D_Mapping_Sphere_ROS2/mapping_ws/install/fast_lio/share/ament_index/resource_index/parent_prefix_path/fast_lio
[127.220s] -- Installing: /home/maro/3D_Mapping_Sphere_ROS2/mapping_ws/install/fast_lio/share/fast_lio/environment/ament_prefix_path.sh
[127.220s] -- Installing: /home/maro/3D_Mapping_Sphere_ROS2/mapping_ws/install/fast_lio/share/fast_lio/environment/ament_prefix_path.dsv
[127.220s] -- Installing: /home/maro/3D_Mapping_Sphere_ROS2/mapping_ws/install/fast_lio/share/fast_lio/environment/path.sh
[127.220s] -- Installing: /home/maro/3D_Mapping_Sphere_ROS2/mapping_ws/install/fast_lio/share/fast_lio/environment/path.dsv
[127.220s] -- Installing: /home/maro/3D_Mapping_Sphere_ROS2/mapping_ws/install/fast_lio/share/fast_lio/local_setup.bash
[127.221s] -- Installing: /home/maro/3D_Mapping_Sphere_ROS2/mapping_ws/install/fast_lio/share/fast_lio/local_setup.sh
[127.221s] -- Installing: /home/maro/3D_Mapping_Sphere_ROS2/mapping_ws/install/fast_lio/share/fast_lio/local_setup.zsh
[127.221s] -- Installing: /home/maro/3D_Mapping_Sphere_ROS2/mapping_ws/install/fast_lio/share/fast_lio/local_setup.dsv
[127.221s] -- Installing: /home/maro/3D_Mapping_Sphere_ROS2/mapping_ws/install/fast_lio/share/fast_lio/package.dsv
[127.221s] -- Installing: /home/maro/3D_Mapping_Sphere_ROS2/mapping_ws/install/fast_lio/share/ament_index/resource_index/packages/fast_lio
[127.222s] -- Installing: /home/maro/3D_Mapping_Sphere_ROS2/mapping_ws/install/fast_lio/share/fast_lio/cmake/export_fast_lio__rosidl_generator_cExport.cmake
[127.222s] -- Installing: /home/maro/3D_Mapping_Sphere_ROS2/mapping_ws/install/fast_lio/share/fast_lio/cmake/export_fast_lio__rosidl_generator_cExport-release.cmake
[127.222s] -- Installing: /home/maro/3D_Mapping_Sphere_ROS2/mapping_ws/install/fast_lio/share/fast_lio/cmake/export_fast_lio__rosidl_typesupport_fastrtps_cExport.cmake
[127.222s] -- Installing: /home/maro/3D_Mapping_Sphere_ROS2/mapping_ws/install/fast_lio/share/fast_lio/cmake/export_fast_lio__rosidl_typesupport_fastrtps_cExport-release.cmake
[127.223s] -- Installing: /home/maro/3D_Mapping_Sphere_ROS2/mapping_ws/install/fast_lio/share/fast_lio/cmake/export_fast_lio__rosidl_generator_cppExport.cmake
[127.223s] -- Installing: /home/maro/3D_Mapping_Sphere_ROS2/mapping_ws/install/fast_lio/share/fast_lio/cmake/export_fast_lio__rosidl_typesupport_fastrtps_cppExport.cmake
[127.223s] -- Installing: /home/maro/3D_Mapping_Sphere_ROS2/mapping_ws/install/fast_lio/share/fast_lio/cmake/export_fast_lio__rosidl_typesupport_fastrtps_cppExport-release.cmake
[127.223s] -- Installing: /home/maro/3D_Mapping_Sphere_ROS2/mapping_ws/install/fast_lio/share/fast_lio/cmake/fast_lio__rosidl_typesupport_introspection_cExport.cmake
[127.223s] -- Installing: /home/maro/3D_Mapping_Sphere_ROS2/mapping_ws/install/fast_lio/share/fast_lio/cmake/fast_lio__rosidl_typesupport_introspection_cExport-release.cmake
[127.224s] -- Installing: /home/maro/3D_Mapping_Sphere_ROS2/mapping_ws/install/fast_lio/share/fast_lio/cmake/fast_lio__rosidl_typesupport_cExport.cmake
[127.224s] -- Installing: /home/maro/3D_Mapping_Sphere_ROS2/mapping_ws/install/fast_lio/share/fast_lio/cmake/fast_lio__rosidl_typesupport_cExport-release.cmake
[127.224s] -- Installing: /home/maro/3D_Mapping_Sphere_ROS2/mapping_ws/install/fast_lio/share/fast_lio/cmake/fast_lio__rosidl_typesupport_introspection_cppExport.cmake
[127.224s] -- Installing: /home/maro/3D_Mapping_Sphere_ROS2/mapping_ws/install/fast_lio/share/fast_lio/cmake/fast_lio__rosidl_typesupport_introspection_cppExport-release.cmake
[127.225s] -- Installing: /home/maro/3D_Mapping_Sphere_ROS2/mapping_ws/install/fast_lio/share/fast_lio/cmake/fast_lio__rosidl_typesupport_cppExport.cmake
[127.225s] -- Installing: /home/maro/3D_Mapping_Sphere_ROS2/mapping_ws/install/fast_lio/share/fast_lio/cmake/fast_lio__rosidl_typesupport_cppExport-release.cmake
[127.225s] -- Installing: /home/maro/3D_Mapping_Sphere_ROS2/mapping_ws/install/fast_lio/share/fast_lio/cmake/export_fast_lio__rosidl_generator_pyExport.cmake
[127.225s] -- Installing: /home/maro/3D_Mapping_Sphere_ROS2/mapping_ws/install/fast_lio/share/fast_lio/cmake/export_fast_lio__rosidl_generator_pyExport-release.cmake
[127.225s] -- Installing: /home/maro/3D_Mapping_Sphere_ROS2/mapping_ws/install/fast_lio/share/fast_lio/cmake/rosidl_cmake-extras.cmake
[127.226s] -- Installing: /home/maro/3D_Mapping_Sphere_ROS2/mapping_ws/install/fast_lio/share/fast_lio/cmake/ament_cmake_export_include_directories-extras.cmake
[127.226s] -- Installing: /home/maro/3D_Mapping_Sphere_ROS2/mapping_ws/install/fast_lio/share/fast_lio/cmake/ament_cmake_export_libraries-extras.cmake
[127.226s] -- Installing: /home/maro/3D_Mapping_Sphere_ROS2/mapping_ws/install/fast_lio/share/fast_lio/cmake/ament_cmake_export_targets-extras.cmake
[127.226s] -- Installing: /home/maro/3D_Mapping_Sphere_ROS2/mapping_ws/install/fast_lio/share/fast_lio/cmake/rosidl_cmake_export_typesupport_targets-extras.cmake
[127.227s] -- Installing: /home/maro/3D_Mapping_Sphere_ROS2/mapping_ws/install/fast_lio/share/fast_lio/cmake/ament_cmake_export_dependencies-extras.cmake
[127.227s] -- Installing: /home/maro/3D_Mapping_Sphere_ROS2/mapping_ws/install/fast_lio/share/fast_lio/cmake/rosidl_cmake_export_typesupport_libraries-extras.cmake
[127.227s] -- Installing: /home/maro/3D_Mapping_Sphere_ROS2/mapping_ws/install/fast_lio/share/fast_lio/cmake/fast_lioConfig.cmake
[127.227s] -- Installing: /home/maro/3D_Mapping_Sphere_ROS2/mapping_ws/install/fast_lio/share/fast_lio/cmake/fast_lioConfig-version.cmake
[127.227s] -- Installing: /home/maro/3D_Mapping_Sphere_ROS2/mapping_ws/install/fast_lio/share/fast_lio/package.xml
[127.232s] Invoked command in '/home/maro/3D_Mapping_Sphere_ROS2/mapping_ws/build/fast_lio' returned '0': AMENT_PREFIX_PATH=/home/maro/3D_Mapping_Sphere_ROS2/mapping_ws/install/livox_ros_driver2:/home/maro/3D_Mapping_Sphere_ROS2/mapping_ws/install/livox_sdk2:${AMENT_PREFIX_PATH} CMAKE_PREFIX_PATH=/home/maro/3D_Mapping_Sphere_ROS2/mapping_ws/install/livox_ros_driver2:/home/maro/3D_Mapping_Sphere_ROS2/mapping_ws/install/livox_sdk2:/opt/ros/jazzy/opt/gz_math_vendor:/opt/ros/jazzy/opt/gz_utils_vendor:/opt/ros/jazzy/opt/gz_cmake_vendor:/opt/ros/jazzy DEBUGINFOD_URLS=https://debuginfod.ubuntu.com LD_LIBRARY_PATH=/home/maro/3D_Mapping_Sphere_ROS2/mapping_ws/install/livox_ros_driver2/lib:/home/maro/3D_Mapping_Sphere_ROS2/mapping_ws/install/livox_sdk2/lib:${LD_LIBRARY_PATH} PYTHONPATH=/home/maro/3D_Mapping_Sphere_ROS2/mapping_ws/install/livox_ros_driver2/lib/python3.12/site-packages:${PYTHONPATH} /usr/bin/cmake --install /home/maro/3D_Mapping_Sphere_ROS2/mapping_ws/build/fast_lio
