-- The C compiler identification is GNU 13.3.0
-- The CXX compiler identification is GNU 13.3.0
-- Detecting C compiler ABI info
-- Detecting C compiler ABI info - done
-- Check for working C compiler: /usr/bin/cc - skipped
-- Detecting C compile features
-- Detecting C compile features - done
-- Detecting CXX compiler ABI info
-- Detecting CXX compiler ABI info - done
-- Check for working CXX compiler: /usr/bin/c++ - skipped
-- Detecting CXX compile features
-- Detecting CXX compile features - done
-- Found ament_cmake: 2.5.4 (/opt/ros/jazzy/share/ament_cmake/cmake)
-- Found Python3: /usr/bin/python3 (found version "3.12.3") found components: Interpreter 
-- Found rosidl_default_generators: 1.6.0 (/opt/ros/jazzy/share/rosidl_default_generators/cmake)
-- Using all available rosidl_typesupport_c: rosidl_typesupport_fastrtps_c;rosidl_typesupport_introspection_c
-- Using all available rosidl_typesupport_cpp: rosidl_typesupport_fastrtps_cpp;rosidl_typesupport_introspection_cpp
-- Found rosidl_adapter: 4.6.5 (/opt/ros/jazzy/share/rosidl_adapter/cmake)
-- Found ament_lint_auto: 0.17.2 (/opt/ros/jazzy/share/ament_lint_auto/cmake)
-- Found ament_cmake_ros: 0.12.0 (/opt/ros/jazzy/share/ament_cmake_ros/cmake)
-- Using all available rosidl_typesupport_c: rosidl_typesupport_fastrtps_c;rosidl_typesupport_introspection_c
-- Using all available rosidl_typesupport_cpp: rosidl_typesupport_fastrtps_cpp;rosidl_typesupport_introspection_cpp
-- Found python_cmake_module: 0.11.1 (/opt/ros/jazzy/share/python_cmake_module/cmake)
-- Found PythonExtra: /usr/bin/python3  
-- Found Python3: /usr/bin/python3 (found version "3.12.3") found components: Interpreter Development NumPy Development.Module Development.Embed 
-- Added test 'lint_cmake' to check CMake code style
-- Added test 'xmllint' to check XML markup files
-- Configuring done (8.1s)
-- Generating done (0.1s)
-- Build files have been written to: /home/maro/3D_Mapping_Sphere_ROS2/Acuators_ws/build/logitech_msgs
[  2%] [34m[1mGenerating type hashes for ROS interfaces[0m
[  2%] Built target ament_cmake_python_copy_logitech_msgs
running egg_info
creating logitech_msgs.egg-info
writing logitech_msgs.egg-info/PKG-INFO
writing dependency_links to logitech_msgs.egg-info/dependency_links.txt
writing top-level names to logitech_msgs.egg-info/top_level.txt
writing manifest file 'logitech_msgs.egg-info/SOURCES.txt'
reading manifest file 'logitech_msgs.egg-info/SOURCES.txt'
writing manifest file 'logitech_msgs.egg-info/SOURCES.txt'
[  2%] Built target ament_cmake_python_build_logitech_msgs_egg
[  2%] Built target logitech_msgs__rosidl_generator_type_description
[  5%] [34m[1mGenerating C code for ROS interfaces[0m
[  8%] [34m[1mGenerating C++ code for ROS interfaces[0m
[  8%] Built target logitech_msgs__cpp
[ 11%] [32mBuilding C object CMakeFiles/logitech_msgs__rosidl_generator_c.dir/rosidl_generator_c/logitech_msgs/msg/detail/controller__functions.c.o[0m
[ 14%] [32mBuilding C object CMakeFiles/logitech_msgs__rosidl_generator_c.dir/rosidl_generator_c/logitech_msgs/msg/detail/controller__description.c.o[0m
[ 17%] [32mBuilding C object CMakeFiles/logitech_msgs__rosidl_generator_c.dir/rosidl_generator_c/logitech_msgs/msg/detail/controller__type_support.c.o[0m
[ 20%] [32m[1mLinking C shared library liblogitech_msgs__rosidl_generator_c.so[0m
[ 20%] Built target logitech_msgs__rosidl_generator_c
[ 23%] [34m[1mGenerating C type support for eProsima Fast-RTPS[0m
[ 26%] [34m[1mGenerating C introspection for ROS interfaces[0m
[ 29%] [32mBuilding CXX object CMakeFiles/logitech_msgs__rosidl_typesupport_fastrtps_c.dir/rosidl_typesupport_fastrtps_c/logitech_msgs/msg/detail/controller__type_support_c.cpp.o[0m
[ 32%] [32mBuilding C object CMakeFiles/logitech_msgs__rosidl_typesupport_introspection_c.dir/rosidl_typesupport_introspection_c/logitech_msgs/msg/detail/controller__type_support.c.o[0m
[ 35%] [32m[1mLinking C shared library liblogitech_msgs__rosidl_typesupport_introspection_c.so[0m
[ 35%] Built target logitech_msgs__rosidl_typesupport_introspection_c
[ 38%] [32m[1mLinking CXX shared library liblogitech_msgs__rosidl_typesupport_fastrtps_c.so[0m
[ 38%] Built target logitech_msgs__rosidl_typesupport_fastrtps_c
[ 41%] [34m[1mGenerating C++ type support for eProsima Fast-RTPS[0m
[ 44%] [32mBuilding CXX object CMakeFiles/logitech_msgs__rosidl_typesupport_fastrtps_cpp.dir/rosidl_typesupport_fastrtps_cpp/logitech_msgs/msg/detail/dds_fastrtps/controller__type_support.cpp.o[0m
[ 47%] [32m[1mLinking CXX shared library liblogitech_msgs__rosidl_typesupport_fastrtps_cpp.so[0m
[ 47%] Built target logitech_msgs__rosidl_typesupport_fastrtps_cpp
[ 50%] [34m[1mGenerating C++ introspection for ROS interfaces[0m
[ 52%] [32mBuilding CXX object CMakeFiles/logitech_msgs__rosidl_typesupport_introspection_cpp.dir/rosidl_typesupport_introspection_cpp/logitech_msgs/msg/detail/controller__type_support.cpp.o[0m
[ 55%] [32m[1mLinking CXX shared library liblogitech_msgs__rosidl_typesupport_introspection_cpp.so[0m
[ 55%] Built target logitech_msgs__rosidl_typesupport_introspection_cpp
[ 58%] [34m[1mGenerating C++ type support dispatch for ROS interfaces[0m
[ 61%] [32mBuilding CXX object CMakeFiles/logitech_msgs__rosidl_typesupport_cpp.dir/rosidl_typesupport_cpp/logitech_msgs/msg/controller__type_support.cpp.o[0m
[ 64%] [32m[1mLinking CXX shared library liblogitech_msgs__rosidl_typesupport_cpp.so[0m
[ 64%] Built target logitech_msgs__rosidl_typesupport_cpp
[ 67%] [34m[1mGenerating C type support dispatch for ROS interfaces[0m
[ 70%] [32mBuilding CXX object CMakeFiles/logitech_msgs__rosidl_typesupport_c.dir/rosidl_typesupport_c/logitech_msgs/msg/controller__type_support.cpp.o[0m
[ 73%] [32m[1mLinking CXX shared library liblogitech_msgs__rosidl_typesupport_c.so[0m
[ 73%] Built target logitech_msgs__rosidl_typesupport_c
[ 73%] Built target logitech_msgs
[ 76%] [34m[1mGenerating Python code for ROS interfaces[0m
[ 76%] Built target logitech_msgs__py
[ 79%] [32mBuilding C object CMakeFiles/logitech_msgs__rosidl_generator_py.dir/rosidl_generator_py/logitech_msgs/msg/_controller_s.c.o[0m
[ 82%] [32m[1mLinking C shared library liblogitech_msgs__rosidl_generator_py.so[0m
[ 82%] Built target logitech_msgs__rosidl_generator_py
[ 85%] [32mBuilding C object CMakeFiles/logitech_msgs_s__rosidl_typesupport_fastrtps_c.dir/rosidl_generator_py/logitech_msgs/_logitech_msgs_s.ep.rosidl_typesupport_fastrtps_c.c.o[0m
[ 88%] [32m[1mLinking C shared module rosidl_generator_py/logitech_msgs/logitech_msgs_s__rosidl_typesupport_fastrtps_c.so[0m
[ 88%] Built target logitech_msgs_s__rosidl_typesupport_fastrtps_c
[ 91%] [32mBuilding C object CMakeFiles/logitech_msgs_s__rosidl_typesupport_c.dir/rosidl_generator_py/logitech_msgs/_logitech_msgs_s.ep.rosidl_typesupport_c.c.o[0m
[ 94%] [32m[1mLinking C shared module rosidl_generator_py/logitech_msgs/logitech_msgs_s__rosidl_typesupport_c.so[0m
[ 94%] Built target logitech_msgs_s__rosidl_typesupport_c
[ 97%] [32mBuilding C object CMakeFiles/logitech_msgs_s__rosidl_typesupport_introspection_c.dir/rosidl_generator_py/logitech_msgs/_logitech_msgs_s.ep.rosidl_typesupport_introspection_c.c.o[0m
[100%] [32m[1mLinking C shared module rosidl_generator_py/logitech_msgs/logitech_msgs_s__rosidl_typesupport_introspection_c.so[0m
[100%] Built target logitech_msgs_s__rosidl_typesupport_introspection_c
-- Install configuration: ""
-- Installing: /home/maro/3D_Mapping_Sphere_ROS2/Acuators_ws/install/logitech_msgs/share/ament_index/resource_index/rosidl_interfaces/logitech_msgs
-- Installing: /home/maro/3D_Mapping_Sphere_ROS2/Acuators_ws/install/logitech_msgs/share/logitech_msgs/msg/Controller.json
-- Installing: /home/maro/3D_Mapping_Sphere_ROS2/Acuators_ws/install/logitech_msgs/include/logitech_msgs/logitech_msgs
-- Installing: /home/maro/3D_Mapping_Sphere_ROS2/Acuators_ws/install/logitech_msgs/include/logitech_msgs/logitech_msgs/msg
-- Installing: /home/maro/3D_Mapping_Sphere_ROS2/Acuators_ws/install/logitech_msgs/include/logitech_msgs/logitech_msgs/msg/rosidl_generator_c__visibility_control.h
-- Installing: /home/maro/3D_Mapping_Sphere_ROS2/Acuators_ws/install/logitech_msgs/include/logitech_msgs/logitech_msgs/msg/detail
-- Installing: /home/maro/3D_Mapping_Sphere_ROS2/Acuators_ws/install/logitech_msgs/include/logitech_msgs/logitech_msgs/msg/detail/controller__description.c
-- Installing: /home/maro/3D_Mapping_Sphere_ROS2/Acuators_ws/install/logitech_msgs/include/logitech_msgs/logitech_msgs/msg/detail/controller__functions.h
-- Installing: /home/maro/3D_Mapping_Sphere_ROS2/Acuators_ws/install/logitech_msgs/include/logitech_msgs/logitech_msgs/msg/detail/controller__functions.c
-- Installing: /home/maro/3D_Mapping_Sphere_ROS2/Acuators_ws/install/logitech_msgs/include/logitech_msgs/logitech_msgs/msg/detail/controller__type_support.h
-- Installing: /home/maro/3D_Mapping_Sphere_ROS2/Acuators_ws/install/logitech_msgs/include/logitech_msgs/logitech_msgs/msg/detail/controller__type_support.c
-- Installing: /home/maro/3D_Mapping_Sphere_ROS2/Acuators_ws/install/logitech_msgs/include/logitech_msgs/logitech_msgs/msg/detail/controller__struct.h
-- Installing: /home/maro/3D_Mapping_Sphere_ROS2/Acuators_ws/install/logitech_msgs/include/logitech_msgs/logitech_msgs/msg/controller.h
-- Installing: /home/maro/3D_Mapping_Sphere_ROS2/Acuators_ws/install/logitech_msgs/share/logitech_msgs/environment/library_path.sh
-- Installing: /home/maro/3D_Mapping_Sphere_ROS2/Acuators_ws/install/logitech_msgs/share/logitech_msgs/environment/library_path.dsv
-- Installing: /home/maro/3D_Mapping_Sphere_ROS2/Acuators_ws/install/logitech_msgs/lib/liblogitech_msgs__rosidl_generator_c.so
-- Set non-toolchain portion of runtime path of "/home/maro/3D_Mapping_Sphere_ROS2/Acuators_ws/install/logitech_msgs/lib/liblogitech_msgs__rosidl_generator_c.so" to ""
-- Up-to-date: /home/maro/3D_Mapping_Sphere_ROS2/Acuators_ws/install/logitech_msgs/include/logitech_msgs/logitech_msgs
-- Up-to-date: /home/maro/3D_Mapping_Sphere_ROS2/Acuators_ws/install/logitech_msgs/include/logitech_msgs/logitech_msgs/msg
-- Installing: /home/maro/3D_Mapping_Sphere_ROS2/Acuators_ws/install/logitech_msgs/include/logitech_msgs/logitech_msgs/msg/rosidl_typesupport_fastrtps_c__visibility_control.h
-- Up-to-date: /home/maro/3D_Mapping_Sphere_ROS2/Acuators_ws/install/logitech_msgs/include/logitech_msgs/logitech_msgs/msg/detail
-- Installing: /home/maro/3D_Mapping_Sphere_ROS2/Acuators_ws/install/logitech_msgs/include/logitech_msgs/logitech_msgs/msg/detail/controller__rosidl_typesupport_fastrtps_c.h
-- Installing: /home/maro/3D_Mapping_Sphere_ROS2/Acuators_ws/install/logitech_msgs/lib/liblogitech_msgs__rosidl_typesupport_fastrtps_c.so
-- Set non-toolchain portion of runtime path of "/home/maro/3D_Mapping_Sphere_ROS2/Acuators_ws/install/logitech_msgs/lib/liblogitech_msgs__rosidl_typesupport_fastrtps_c.so" to ""
-- Up-to-date: /home/maro/3D_Mapping_Sphere_ROS2/Acuators_ws/install/logitech_msgs/include/logitech_msgs/logitech_msgs
-- Up-to-date: /home/maro/3D_Mapping_Sphere_ROS2/Acuators_ws/install/logitech_msgs/include/logitech_msgs/logitech_msgs/msg
-- Up-to-date: /home/maro/3D_Mapping_Sphere_ROS2/Acuators_ws/install/logitech_msgs/include/logitech_msgs/logitech_msgs/msg/detail
-- Installing: /home/maro/3D_Mapping_Sphere_ROS2/Acuators_ws/install/logitech_msgs/include/logitech_msgs/logitech_msgs/msg/detail/controller__rosidl_typesupport_introspection_c.h
-- Installing: /home/maro/3D_Mapping_Sphere_ROS2/Acuators_ws/install/logitech_msgs/include/logitech_msgs/logitech_msgs/msg/detail/controller__type_support.c
-- Installing: /home/maro/3D_Mapping_Sphere_ROS2/Acuators_ws/install/logitech_msgs/include/logitech_msgs/logitech_msgs/msg/rosidl_typesupport_introspection_c__visibility_control.h
-- Installing: /home/maro/3D_Mapping_Sphere_ROS2/Acuators_ws/install/logitech_msgs/lib/liblogitech_msgs__rosidl_typesupport_introspection_c.so
-- Set non-toolchain portion of runtime path of "/home/maro/3D_Mapping_Sphere_ROS2/Acuators_ws/install/logitech_msgs/lib/liblogitech_msgs__rosidl_typesupport_introspection_c.so" to ""
-- Installing: /home/maro/3D_Mapping_Sphere_ROS2/Acuators_ws/install/logitech_msgs/lib/liblogitech_msgs__rosidl_typesupport_c.so
-- Set non-toolchain portion of runtime path of "/home/maro/3D_Mapping_Sphere_ROS2/Acuators_ws/install/logitech_msgs/lib/liblogitech_msgs__rosidl_typesupport_c.so" to ""
-- Up-to-date: /home/maro/3D_Mapping_Sphere_ROS2/Acuators_ws/install/logitech_msgs/include/logitech_msgs/logitech_msgs
-- Up-to-date: /home/maro/3D_Mapping_Sphere_ROS2/Acuators_ws/install/logitech_msgs/include/logitech_msgs/logitech_msgs/msg
-- Up-to-date: /home/maro/3D_Mapping_Sphere_ROS2/Acuators_ws/install/logitech_msgs/include/logitech_msgs/logitech_msgs/msg/detail
-- Installing: /home/maro/3D_Mapping_Sphere_ROS2/Acuators_ws/install/logitech_msgs/include/logitech_msgs/logitech_msgs/msg/detail/controller__struct.hpp
-- Installing: /home/maro/3D_Mapping_Sphere_ROS2/Acuators_ws/install/logitech_msgs/include/logitech_msgs/logitech_msgs/msg/detail/controller__type_support.hpp
-- Installing: /home/maro/3D_Mapping_Sphere_ROS2/Acuators_ws/install/logitech_msgs/include/logitech_msgs/logitech_msgs/msg/detail/controller__traits.hpp
-- Installing: /home/maro/3D_Mapping_Sphere_ROS2/Acuators_ws/install/logitech_msgs/include/logitech_msgs/logitech_msgs/msg/detail/controller__builder.hpp
-- Installing: /home/maro/3D_Mapping_Sphere_ROS2/Acuators_ws/install/logitech_msgs/include/logitech_msgs/logitech_msgs/msg/rosidl_generator_cpp__visibility_control.hpp
-- Installing: /home/maro/3D_Mapping_Sphere_ROS2/Acuators_ws/install/logitech_msgs/include/logitech_msgs/logitech_msgs/msg/controller.hpp
-- Up-to-date: /home/maro/3D_Mapping_Sphere_ROS2/Acuators_ws/install/logitech_msgs/include/logitech_msgs/logitech_msgs
-- Up-to-date: /home/maro/3D_Mapping_Sphere_ROS2/Acuators_ws/install/logitech_msgs/include/logitech_msgs/logitech_msgs/msg
-- Up-to-date: /home/maro/3D_Mapping_Sphere_ROS2/Acuators_ws/install/logitech_msgs/include/logitech_msgs/logitech_msgs/msg/detail
-- Installing: /home/maro/3D_Mapping_Sphere_ROS2/Acuators_ws/install/logitech_msgs/include/logitech_msgs/logitech_msgs/msg/detail/dds_fastrtps
-- Installing: /home/maro/3D_Mapping_Sphere_ROS2/Acuators_ws/install/logitech_msgs/include/logitech_msgs/logitech_msgs/msg/detail/controller__rosidl_typesupport_fastrtps_cpp.hpp
-- Installing: /home/maro/3D_Mapping_Sphere_ROS2/Acuators_ws/install/logitech_msgs/include/logitech_msgs/logitech_msgs/msg/rosidl_typesupport_fastrtps_cpp__visibility_control.h
-- Installing: /home/maro/3D_Mapping_Sphere_ROS2/Acuators_ws/install/logitech_msgs/lib/liblogitech_msgs__rosidl_typesupport_fastrtps_cpp.so
-- Set non-toolchain portion of runtime path of "/home/maro/3D_Mapping_Sphere_ROS2/Acuators_ws/install/logitech_msgs/lib/liblogitech_msgs__rosidl_typesupport_fastrtps_cpp.so" to ""
-- Up-to-date: /home/maro/3D_Mapping_Sphere_ROS2/Acuators_ws/install/logitech_msgs/include/logitech_msgs/logitech_msgs
-- Up-to-date: /home/maro/3D_Mapping_Sphere_ROS2/Acuators_ws/install/logitech_msgs/include/logitech_msgs/logitech_msgs/msg
-- Up-to-date: /home/maro/3D_Mapping_Sphere_ROS2/Acuators_ws/install/logitech_msgs/include/logitech_msgs/logitech_msgs/msg/detail
-- Installing: /home/maro/3D_Mapping_Sphere_ROS2/Acuators_ws/install/logitech_msgs/include/logitech_msgs/logitech_msgs/msg/detail/controller__rosidl_typesupport_introspection_cpp.hpp
-- Installing: /home/maro/3D_Mapping_Sphere_ROS2/Acuators_ws/install/logitech_msgs/include/logitech_msgs/logitech_msgs/msg/detail/controller__type_support.cpp
-- Installing: /home/maro/3D_Mapping_Sphere_ROS2/Acuators_ws/install/logitech_msgs/lib/liblogitech_msgs__rosidl_typesupport_introspection_cpp.so
-- Set non-toolchain portion of runtime path of "/home/maro/3D_Mapping_Sphere_ROS2/Acuators_ws/install/logitech_msgs/lib/liblogitech_msgs__rosidl_typesupport_introspection_cpp.so" to ""
-- Installing: /home/maro/3D_Mapping_Sphere_ROS2/Acuators_ws/install/logitech_msgs/lib/liblogitech_msgs__rosidl_typesupport_cpp.so
-- Set non-toolchain portion of runtime path of "/home/maro/3D_Mapping_Sphere_ROS2/Acuators_ws/install/logitech_msgs/lib/liblogitech_msgs__rosidl_typesupport_cpp.so" to ""
-- Installing: /home/maro/3D_Mapping_Sphere_ROS2/Acuators_ws/install/logitech_msgs/share/logitech_msgs/environment/pythonpath.sh
-- Installing: /home/maro/3D_Mapping_Sphere_ROS2/Acuators_ws/install/logitech_msgs/share/logitech_msgs/environment/pythonpath.dsv
-- Installing: /home/maro/3D_Mapping_Sphere_ROS2/Acuators_ws/install/logitech_msgs/lib/python3.12/site-packages/logitech_msgs-0.0.0-py3.12.egg-info
-- Installing: /home/maro/3D_Mapping_Sphere_ROS2/Acuators_ws/install/logitech_msgs/lib/python3.12/site-packages/logitech_msgs-0.0.0-py3.12.egg-info/dependency_links.txt
-- Installing: /home/maro/3D_Mapping_Sphere_ROS2/Acuators_ws/install/logitech_msgs/lib/python3.12/site-packages/logitech_msgs-0.0.0-py3.12.egg-info/PKG-INFO
-- Installing: /home/maro/3D_Mapping_Sphere_ROS2/Acuators_ws/install/logitech_msgs/lib/python3.12/site-packages/logitech_msgs-0.0.0-py3.12.egg-info/top_level.txt
-- Installing: /home/maro/3D_Mapping_Sphere_ROS2/Acuators_ws/install/logitech_msgs/lib/python3.12/site-packages/logitech_msgs-0.0.0-py3.12.egg-info/SOURCES.txt
-- Installing: /home/maro/3D_Mapping_Sphere_ROS2/Acuators_ws/install/logitech_msgs/lib/python3.12/site-packages/logitech_msgs
-- Installing: /home/maro/3D_Mapping_Sphere_ROS2/Acuators_ws/install/logitech_msgs/lib/python3.12/site-packages/logitech_msgs/_logitech_msgs_s.ep.rosidl_typesupport_fastrtps_c.c
-- Installing: /home/maro/3D_Mapping_Sphere_ROS2/Acuators_ws/install/logitech_msgs/lib/python3.12/site-packages/logitech_msgs/logitech_msgs_s__rosidl_typesupport_introspection_c.so
-- Installing: /home/maro/3D_Mapping_Sphere_ROS2/Acuators_ws/install/logitech_msgs/lib/python3.12/site-packages/logitech_msgs/logitech_msgs_s__rosidl_typesupport_c.so
-- Installing: /home/maro/3D_Mapping_Sphere_ROS2/Acuators_ws/install/logitech_msgs/lib/python3.12/site-packages/logitech_msgs/logitech_msgs_s__rosidl_typesupport_fastrtps_c.so
-- Installing: /home/maro/3D_Mapping_Sphere_ROS2/Acuators_ws/install/logitech_msgs/lib/python3.12/site-packages/logitech_msgs/__init__.py
-- Installing: /home/maro/3D_Mapping_Sphere_ROS2/Acuators_ws/install/logitech_msgs/lib/python3.12/site-packages/logitech_msgs/_logitech_msgs_s.ep.rosidl_typesupport_c.c
-- Installing: /home/maro/3D_Mapping_Sphere_ROS2/Acuators_ws/install/logitech_msgs/lib/python3.12/site-packages/logitech_msgs/_logitech_msgs_s.ep.rosidl_typesupport_introspection_c.c
-- Installing: /home/maro/3D_Mapping_Sphere_ROS2/Acuators_ws/install/logitech_msgs/lib/python3.12/site-packages/logitech_msgs/msg
-- Installing: /home/maro/3D_Mapping_Sphere_ROS2/Acuators_ws/install/logitech_msgs/lib/python3.12/site-packages/logitech_msgs/msg/_controller.py
-- Installing: /home/maro/3D_Mapping_Sphere_ROS2/Acuators_ws/install/logitech_msgs/lib/python3.12/site-packages/logitech_msgs/msg/_controller_s.c
-- Installing: /home/maro/3D_Mapping_Sphere_ROS2/Acuators_ws/install/logitech_msgs/lib/python3.12/site-packages/logitech_msgs/msg/__init__.py
Listing '/home/maro/3D_Mapping_Sphere_ROS2/Acuators_ws/install/logitech_msgs/lib/python3.12/site-packages/logitech_msgs'...
Compiling '/home/maro/3D_Mapping_Sphere_ROS2/Acuators_ws/install/logitech_msgs/lib/python3.12/site-packages/logitech_msgs/__init__.py'...
Listing '/home/maro/3D_Mapping_Sphere_ROS2/Acuators_ws/install/logitech_msgs/lib/python3.12/site-packages/logitech_msgs/msg'...
Compiling '/home/maro/3D_Mapping_Sphere_ROS2/Acuators_ws/install/logitech_msgs/lib/python3.12/site-packages/logitech_msgs/msg/__init__.py'...
Compiling '/home/maro/3D_Mapping_Sphere_ROS2/Acuators_ws/install/logitech_msgs/lib/python3.12/site-packages/logitech_msgs/msg/_controller.py'...
-- Installing: /home/maro/3D_Mapping_Sphere_ROS2/Acuators_ws/install/logitech_msgs/lib/python3.12/site-packages/logitech_msgs/logitech_msgs_s__rosidl_typesupport_fastrtps_c.so
-- Set non-toolchain portion of runtime path of "/home/maro/3D_Mapping_Sphere_ROS2/Acuators_ws/install/logitech_msgs/lib/python3.12/site-packages/logitech_msgs/logitech_msgs_s__rosidl_typesupport_fastrtps_c.so" to ""
-- Installing: /home/maro/3D_Mapping_Sphere_ROS2/Acuators_ws/install/logitech_msgs/lib/python3.12/site-packages/logitech_msgs/logitech_msgs_s__rosidl_typesupport_introspection_c.so
-- Set non-toolchain portion of runtime path of "/home/maro/3D_Mapping_Sphere_ROS2/Acuators_ws/install/logitech_msgs/lib/python3.12/site-packages/logitech_msgs/logitech_msgs_s__rosidl_typesupport_introspection_c.so" to ""
-- Installing: /home/maro/3D_Mapping_Sphere_ROS2/Acuators_ws/install/logitech_msgs/lib/python3.12/site-packages/logitech_msgs/logitech_msgs_s__rosidl_typesupport_c.so
-- Set non-toolchain portion of runtime path of "/home/maro/3D_Mapping_Sphere_ROS2/Acuators_ws/install/logitech_msgs/lib/python3.12/site-packages/logitech_msgs/logitech_msgs_s__rosidl_typesupport_c.so" to ""
-- Installing: /home/maro/3D_Mapping_Sphere_ROS2/Acuators_ws/install/logitech_msgs/lib/liblogitech_msgs__rosidl_generator_py.so
-- Set non-toolchain portion of runtime path of "/home/maro/3D_Mapping_Sphere_ROS2/Acuators_ws/install/logitech_msgs/lib/liblogitech_msgs__rosidl_generator_py.so" to ""
-- Installing: /home/maro/3D_Mapping_Sphere_ROS2/Acuators_ws/install/logitech_msgs/share/logitech_msgs/msg/Controller.idl
-- Installing: /home/maro/3D_Mapping_Sphere_ROS2/Acuators_ws/install/logitech_msgs/share/logitech_msgs/msg/Controller.msg
-- Installing: /home/maro/3D_Mapping_Sphere_ROS2/Acuators_ws/install/logitech_msgs/share/ament_index/resource_index/package_run_dependencies/logitech_msgs
-- Installing: /home/maro/3D_Mapping_Sphere_ROS2/Acuators_ws/install/logitech_msgs/share/ament_index/resource_index/parent_prefix_path/logitech_msgs
-- Installing: /home/maro/3D_Mapping_Sphere_ROS2/Acuators_ws/install/logitech_msgs/share/logitech_msgs/environment/ament_prefix_path.sh
-- Installing: /home/maro/3D_Mapping_Sphere_ROS2/Acuators_ws/install/logitech_msgs/share/logitech_msgs/environment/ament_prefix_path.dsv
-- Installing: /home/maro/3D_Mapping_Sphere_ROS2/Acuators_ws/install/logitech_msgs/share/logitech_msgs/environment/path.sh
-- Installing: /home/maro/3D_Mapping_Sphere_ROS2/Acuators_ws/install/logitech_msgs/share/logitech_msgs/environment/path.dsv
-- Installing: /home/maro/3D_Mapping_Sphere_ROS2/Acuators_ws/install/logitech_msgs/share/logitech_msgs/local_setup.bash
-- Installing: /home/maro/3D_Mapping_Sphere_ROS2/Acuators_ws/install/logitech_msgs/share/logitech_msgs/local_setup.sh
-- Installing: /home/maro/3D_Mapping_Sphere_ROS2/Acuators_ws/install/logitech_msgs/share/logitech_msgs/local_setup.zsh
-- Installing: /home/maro/3D_Mapping_Sphere_ROS2/Acuators_ws/install/logitech_msgs/share/logitech_msgs/local_setup.dsv
-- Installing: /home/maro/3D_Mapping_Sphere_ROS2/Acuators_ws/install/logitech_msgs/share/logitech_msgs/package.dsv
-- Installing: /home/maro/3D_Mapping_Sphere_ROS2/Acuators_ws/install/logitech_msgs/share/ament_index/resource_index/packages/logitech_msgs
-- Installing: /home/maro/3D_Mapping_Sphere_ROS2/Acuators_ws/install/logitech_msgs/share/logitech_msgs/cmake/export_logitech_msgs__rosidl_generator_cExport.cmake
-- Installing: /home/maro/3D_Mapping_Sphere_ROS2/Acuators_ws/install/logitech_msgs/share/logitech_msgs/cmake/export_logitech_msgs__rosidl_generator_cExport-noconfig.cmake
-- Installing: /home/maro/3D_Mapping_Sphere_ROS2/Acuators_ws/install/logitech_msgs/share/logitech_msgs/cmake/export_logitech_msgs__rosidl_typesupport_fastrtps_cExport.cmake
-- Installing: /home/maro/3D_Mapping_Sphere_ROS2/Acuators_ws/install/logitech_msgs/share/logitech_msgs/cmake/export_logitech_msgs__rosidl_typesupport_fastrtps_cExport-noconfig.cmake
-- Installing: /home/maro/3D_Mapping_Sphere_ROS2/Acuators_ws/install/logitech_msgs/share/logitech_msgs/cmake/logitech_msgs__rosidl_typesupport_introspection_cExport.cmake
-- Installing: /home/maro/3D_Mapping_Sphere_ROS2/Acuators_ws/install/logitech_msgs/share/logitech_msgs/cmake/logitech_msgs__rosidl_typesupport_introspection_cExport-noconfig.cmake
-- Installing: /home/maro/3D_Mapping_Sphere_ROS2/Acuators_ws/install/logitech_msgs/share/logitech_msgs/cmake/logitech_msgs__rosidl_typesupport_cExport.cmake
-- Installing: /home/maro/3D_Mapping_Sphere_ROS2/Acuators_ws/install/logitech_msgs/share/logitech_msgs/cmake/logitech_msgs__rosidl_typesupport_cExport-noconfig.cmake
-- Installing: /home/maro/3D_Mapping_Sphere_ROS2/Acuators_ws/install/logitech_msgs/share/logitech_msgs/cmake/export_logitech_msgs__rosidl_generator_cppExport.cmake
-- Installing: /home/maro/3D_Mapping_Sphere_ROS2/Acuators_ws/install/logitech_msgs/share/logitech_msgs/cmake/export_logitech_msgs__rosidl_typesupport_fastrtps_cppExport.cmake
-- Installing: /home/maro/3D_Mapping_Sphere_ROS2/Acuators_ws/install/logitech_msgs/share/logitech_msgs/cmake/export_logitech_msgs__rosidl_typesupport_fastrtps_cppExport-noconfig.cmake
-- Installing: /home/maro/3D_Mapping_Sphere_ROS2/Acuators_ws/install/logitech_msgs/share/logitech_msgs/cmake/logitech_msgs__rosidl_typesupport_introspection_cppExport.cmake
-- Installing: /home/maro/3D_Mapping_Sphere_ROS2/Acuators_ws/install/logitech_msgs/share/logitech_msgs/cmake/logitech_msgs__rosidl_typesupport_introspection_cppExport-noconfig.cmake
-- Installing: /home/maro/3D_Mapping_Sphere_ROS2/Acuators_ws/install/logitech_msgs/share/logitech_msgs/cmake/logitech_msgs__rosidl_typesupport_cppExport.cmake
-- Installing: /home/maro/3D_Mapping_Sphere_ROS2/Acuators_ws/install/logitech_msgs/share/logitech_msgs/cmake/logitech_msgs__rosidl_typesupport_cppExport-noconfig.cmake
-- Installing: /home/maro/3D_Mapping_Sphere_ROS2/Acuators_ws/install/logitech_msgs/share/logitech_msgs/cmake/export_logitech_msgs__rosidl_generator_pyExport.cmake
-- Installing: /home/maro/3D_Mapping_Sphere_ROS2/Acuators_ws/install/logitech_msgs/share/logitech_msgs/cmake/export_logitech_msgs__rosidl_generator_pyExport-noconfig.cmake
-- Installing: /home/maro/3D_Mapping_Sphere_ROS2/Acuators_ws/install/logitech_msgs/share/logitech_msgs/cmake/rosidl_cmake-extras.cmake
-- Installing: /home/maro/3D_Mapping_Sphere_ROS2/Acuators_ws/install/logitech_msgs/share/logitech_msgs/cmake/ament_cmake_export_include_directories-extras.cmake
-- Installing: /home/maro/3D_Mapping_Sphere_ROS2/Acuators_ws/install/logitech_msgs/share/logitech_msgs/cmake/ament_cmake_export_libraries-extras.cmake
-- Installing: /home/maro/3D_Mapping_Sphere_ROS2/Acuators_ws/install/logitech_msgs/share/logitech_msgs/cmake/ament_cmake_export_targets-extras.cmake
-- Installing: /home/maro/3D_Mapping_Sphere_ROS2/Acuators_ws/install/logitech_msgs/share/logitech_msgs/cmake/rosidl_cmake_export_typesupport_targets-extras.cmake
-- Installing: /home/maro/3D_Mapping_Sphere_ROS2/Acuators_ws/install/logitech_msgs/share/logitech_msgs/cmake/ament_cmake_export_dependencies-extras.cmake
-- Installing: /home/maro/3D_Mapping_Sphere_ROS2/Acuators_ws/install/logitech_msgs/share/logitech_msgs/cmake/rosidl_cmake_export_typesupport_libraries-extras.cmake
-- Installing: /home/maro/3D_Mapping_Sphere_ROS2/Acuators_ws/install/logitech_msgs/share/logitech_msgs/cmake/logitech_msgsConfig.cmake
-- Installing: /home/maro/3D_Mapping_Sphere_ROS2/Acuators_ws/install/logitech_msgs/share/logitech_msgs/cmake/logitech_msgsConfig-version.cmake
-- Installing: /home/maro/3D_Mapping_Sphere_ROS2/Acuators_ws/install/logitech_msgs/share/logitech_msgs/package.xml
