[0.015s] Invoking command in '/home/maro/3D_Mapping_Sphere_ROS2/mapping_ws/build/livox_ros_driver2': AMENT_PREFIX_PATH=/home/maro/3D_Mapping_Sphere_ROS2/mapping_ws/install/livox_sdk2:${AMENT_PREFIX_PATH} CMAKE_PREFIX_PATH=/home/maro/3D_Mapping_Sphere_ROS2/mapping_ws/install/livox_sdk2:/opt/ros/jazzy/opt/gz_math_vendor:/opt/ros/jazzy/opt/gz_utils_vendor:/opt/ros/jazzy/opt/gz_cmake_vendor:/opt/ros/jazzy DEBUGINFOD_URLS=https://debuginfod.ubuntu.com LD_LIBRARY_PATH=/home/maro/3D_Mapping_Sphere_ROS2/mapping_ws/install/livox_sdk2/lib:${LD_LIBRARY_PATH} /usr/bin/cmake /home/maro/3D_Mapping_Sphere_ROS2/mapping_ws/src/livox_ros_driver2 -DCMAKE_INSTALL_PREFIX=/home/maro/3D_Mapping_Sphere_ROS2/mapping_ws/install/livox_ros_driver2
[0.143s] -- The C compiler identification is GNU 13.3.0
[0.261s] -- The CXX compiler identification is GNU 13.3.0
[0.291s] -- Detecting C compiler ABI info
[0.500s] -- Detecting C compiler ABI info - done
[0.517s] -- Check for working C compiler: /usr/bin/cc - skipped
[0.518s] -- Detecting C compile features
[0.519s] -- Detecting C compile features - done
[0.546s] -- Detecting CXX compiler ABI info
[0.759s] -- Detecting CXX compiler ABI info - done
[0.776s] -- Check for working CXX compiler: /usr/bin/c++ - skipped
[0.777s] -- Detecting CXX compile features
[0.778s] -- Detecting CXX compile features - done
[0.791s] -- livox_ros_driver2 version: 1.2.4
[0.797s] -- Found ament_cmake_auto: 2.5.4 (/opt/ros/jazzy/share/ament_cmake_auto/cmake)
[1.037s] -- Found Python3: /usr/bin/python3 (found version "3.12.3") found components: Interpreter 
[1.398s] -- Using all available rosidl_typesupport_c: rosidl_typesupport_fastrtps_c;rosidl_typesupport_introspection_c
[1.471s] -- Using all available rosidl_typesupport_cpp: rosidl_typesupport_fastrtps_cpp;rosidl_typesupport_introspection_cpp
[1.530s] -- Found rosidl_adapter: 4.6.5 (/opt/ros/jazzy/share/rosidl_adapter/cmake)
[1.646s] -- Found rmw_implementation_cmake: 7.3.2 (/opt/ros/jazzy/share/rmw_implementation_cmake/cmake)
[1.650s] -- Found rmw_fastrtps_cpp: 8.4.2 (/opt/ros/jazzy/share/rmw_fastrtps_cpp/cmake)
[1.798s] -- Found OpenSSL: /usr/lib/aarch64-linux-gnu/libcrypto.so (found version "3.0.13")  
[1.826s] -- Found FastRTPS: /opt/ros/jazzy/include (Required is at least version "2.13") 
[1.868s] -- Using RMW implementation 'rmw_fastrtps_cpp' as default
[2.237s] [33mCMake Warning (dev) at /usr/lib/aarch64-linux-gnu/cmake/pcl/Modules/FindFLANN.cmake:45 (find_package):
[2.237s]   Policy CMP0144 is not set: find_package uses upper-case <PACKAGENAME>_ROOT
[2.237s]   variables.  Run "cmake --help-policy CMP0144" for policy details.  Use the
[2.237s]   cmake_policy command to set the policy and suppress this warning.
[2.237s] 
[2.238s]   CMake variable FLANN_ROOT is set to:
[2.238s] 
[2.238s]     /usr
[2.238s] 
[2.238s]   For compatibility, find_package is ignoring the variable, but code in a
[2.238s]   .cmake module might still use it.
[2.238s] Call Stack (most recent call first):
[2.238s]   /usr/lib/aarch64-linux-gnu/cmake/pcl/PCLConfig.cmake:261 (find_package)
[2.238s]   /usr/lib/aarch64-linux-gnu/cmake/pcl/PCLConfig.cmake:306 (find_flann)
[2.238s]   /usr/lib/aarch64-linux-gnu/cmake/pcl/PCLConfig.cmake:570 (find_external_library)
[2.238s]   /opt/ros/jazzy/share/pcl_conversions/cmake/ament_cmake_export_dependencies-extras.cmake:21 (find_package)
[2.238s]   /opt/ros/jazzy/share/pcl_conversions/cmake/pcl_conversionsConfig.cmake:41 (include)
[2.239s]   /opt/ros/jazzy/share/ament_cmake_auto/cmake/ament_auto_find_build_dependencies.cmake:67 (find_package)
[2.239s]   CMakeLists.txt:34 (ament_auto_find_build_dependencies)
[2.239s] This warning is for project developers.  Use -Wno-dev to suppress it.
[2.239s] [0m
[2.240s] -- Found flann version 1.9.2
[2.816s] -- Found OpenMP_CXX: -fopenmp (found version "4.5") 
[2.816s] -- Found OpenMP: TRUE (found version "4.5") found components: CXX 
[5.241s] -- Checking for module 'libusb-1.0'
[5.270s] --   Found libusb-1.0, version 1.0.27
[5.347s] -- Found libusb: /usr/lib/aarch64-linux-gnu/libusb-1.0.so  
[5.350s] -- OpenNI found (version: 1.5.4.0, include: /usr/include/ni, lib: /usr/lib/libOpenNI.so;libusb::libusb)
[5.467s] -- OpenNI2 found (version: 2.2.0.33, include: /usr/include/openni2, lib: /usr/lib/aarch64-linux-gnu/libOpenNI2.so;libusb::libusb)
[5.475s] -- Could NOT find Pcap (missing: PCAP_LIBRARIES PCAP_INCLUDE_DIRS) 
[5.491s] -- Found ZLIB: /usr/lib/aarch64-linux-gnu/libz.so (found version "1.3")  
[5.513s] -- Found PNG: /usr/lib/aarch64-linux-gnu/libpng.so (found version "1.6.43") 
[6.153s] -- OpenNI found (version: 1.5.4.0, include: /usr/include/ni, lib: /usr/lib/libOpenNI.so;libusb::libusb)
[6.164s] -- OpenNI2 found (version: 2.2.0.33, include: /usr/include/openni2, lib: /usr/lib/aarch64-linux-gnu/libOpenNI2.so;libusb::libusb)
[6.781s] -- Found Qhull version 8.0.2
[7.411s] -- OpenNI found (version: 1.5.4.0, include: /usr/include/ni, lib: /usr/lib/libOpenNI.so;libusb::libusb)
[8.044s] -- Found PCL_COMMON: /usr/lib/aarch64-linux-gnu/libpcl_common.so  
[8.046s] -- Found PCL_KDTREE: /usr/lib/aarch64-linux-gnu/libpcl_kdtree.so  
[8.048s] -- Found PCL_OCTREE: /usr/lib/aarch64-linux-gnu/libpcl_octree.so  
[8.050s] -- Found PCL_SEARCH: /usr/lib/aarch64-linux-gnu/libpcl_search.so  
[8.052s] -- Found PCL_SAMPLE_CONSENSUS: /usr/lib/aarch64-linux-gnu/libpcl_sample_consensus.so  
[8.053s] -- Found PCL_FILTERS: /usr/lib/aarch64-linux-gnu/libpcl_filters.so  
[8.054s] -- Found PCL_2D: /usr/include/pcl-1.14  
[8.055s] -- Found PCL_GEOMETRY: /usr/include/pcl-1.14  
[8.057s] -- Found PCL_IO: /usr/lib/aarch64-linux-gnu/libpcl_io.so  
[8.059s] -- Found PCL_FEATURES: /usr/lib/aarch64-linux-gnu/libpcl_features.so  
[8.060s] -- Found PCL_ML: /usr/lib/aarch64-linux-gnu/libpcl_ml.so  
[8.062s] -- Found PCL_SEGMENTATION: /usr/lib/aarch64-linux-gnu/libpcl_segmentation.so  
[8.064s] -- Found PCL_VISUALIZATION: /usr/lib/aarch64-linux-gnu/libpcl_visualization.so  
[8.065s] -- Found PCL_SURFACE: /usr/lib/aarch64-linux-gnu/libpcl_surface.so  
[8.067s] -- Found PCL_REGISTRATION: /usr/lib/aarch64-linux-gnu/libpcl_registration.so  
[8.069s] -- Found PCL_KEYPOINTS: /usr/lib/aarch64-linux-gnu/libpcl_keypoints.so  
[8.070s] -- Found PCL_TRACKING: /usr/lib/aarch64-linux-gnu/libpcl_tracking.so  
[8.073s] -- Found PCL_RECOGNITION: /usr/lib/aarch64-linux-gnu/libpcl_recognition.so  
[8.075s] -- Found PCL_STEREO: /usr/lib/aarch64-linux-gnu/libpcl_stereo.so  
[8.078s] -- Found PCL_APPS: /usr/lib/aarch64-linux-gnu/libpcl_apps.so  
[8.083s] -- Found PCL_IN_HAND_SCANNER: /usr/include/pcl-1.14  
[8.083s] -- Found PCL_MODELER: /usr/include/pcl-1.14  
[8.084s] -- Found PCL_POINT_CLOUD_EDITOR: /usr/include/pcl-1.14  
[8.085s] -- Found PCL_OUTOFCORE: /usr/lib/aarch64-linux-gnu/libpcl_outofcore.so  
[8.087s] -- Found PCL_PEOPLE: /usr/lib/aarch64-linux-gnu/libpcl_people.so  
[8.126s] [33mCMake Warning (dev) at CMakeLists.txt:35 (find_package):
[8.126s]   Policy CMP0074 is not set: find_package uses <PackageName>_ROOT variables.
[8.126s]   Run "cmake --help-policy CMP0074" for policy details.  Use the cmake_policy
[8.126s]   command to set the policy and suppress this warning.
[8.126s] 
[8.126s]   CMake variable PCL_ROOT is set to:
[8.126s] 
[8.126s]     /usr
[8.126s] 
[8.126s]   For compatibility, CMake is ignoring the variable.
[8.126s] This warning is for project developers.  Use -Wno-dev to suppress it.
[8.126s] [0m
[8.146s] -- Found PkgConfig: /usr/bin/pkg-config (found version "1.8.1") 
[8.148s] -- Checking for module 'apr-1'
[8.231s] --   Package 'apr-1', required by 'virtual:world', not found
[9.131s] -- Found ament_cmake_ros: 0.12.0 (/opt/ros/jazzy/share/ament_cmake_ros/cmake)
[9.927s] -- Using all available rosidl_typesupport_c: rosidl_typesupport_fastrtps_c;rosidl_typesupport_introspection_c
[10.972s] -- Using all available rosidl_typesupport_cpp: rosidl_typesupport_fastrtps_cpp;rosidl_typesupport_introspection_cpp
[10.975s] -- Found python_cmake_module: 0.11.1 (/opt/ros/jazzy/share/python_cmake_module/cmake)
[11.221s] -- Found PythonExtra: /usr/bin/python3  
[12.010s] -- Found Python3: /usr/bin/python3 (found version "3.12.3") found components: Interpreter Development NumPy Development.Module Development.Embed 
[12.117s] -- Found ament_lint_auto: 0.17.2 (/opt/ros/jazzy/share/ament_lint_auto/cmake)
[12.153s] -- Added test 'copyright' to check source files copyright and LICENSE
[12.167s] -- Added test 'cppcheck' to perform static code analysis on C / C++ code
[12.169s] -- Configured cppcheck include dirs: /home/maro/3D_Mapping_Sphere_ROS2/mapping_ws/src/livox_ros_driver2/3rdparty;/home/maro/3D_Mapping_Sphere_ROS2/mapping_ws/src/livox_ros_driver2/src
[12.169s] -- Configured cppcheck exclude dirs and/or files: 
[12.184s] -- Added test 'cpplint' to check C / C++ code against the Google style
[12.185s] -- Configured cpplint exclude dirs and/or files: 
[12.188s] -- Added test 'flake8' to check Python code syntax and style conventions
[12.188s] -- Configured 'flake8' exclude dirs and/or files: 
[12.194s] -- Added test 'lint_cmake' to check CMake code style
[12.197s] -- Added test 'pep257' to check Python code against some of the docstring style conventions in PEP 257
[12.212s] -- Added test 'uncrustify' to check C / C++ code style
[12.212s] -- Configured uncrustify additional arguments: 
[12.216s] -- Added test 'xmllint' to check XML markup files
[12.223s] -- Configuring done (12.2s)
[12.404s] -- Generating done (0.1s)
[12.430s] -- Build files have been written to: /home/maro/3D_Mapping_Sphere_ROS2/mapping_ws/build/livox_ros_driver2
[12.485s] Invoked command in '/home/maro/3D_Mapping_Sphere_ROS2/mapping_ws/build/livox_ros_driver2' returned '0': AMENT_PREFIX_PATH=/home/maro/3D_Mapping_Sphere_ROS2/mapping_ws/install/livox_sdk2:${AMENT_PREFIX_PATH} CMAKE_PREFIX_PATH=/home/maro/3D_Mapping_Sphere_ROS2/mapping_ws/install/livox_sdk2:/opt/ros/jazzy/opt/gz_math_vendor:/opt/ros/jazzy/opt/gz_utils_vendor:/opt/ros/jazzy/opt/gz_cmake_vendor:/opt/ros/jazzy DEBUGINFOD_URLS=https://debuginfod.ubuntu.com LD_LIBRARY_PATH=/home/maro/3D_Mapping_Sphere_ROS2/mapping_ws/install/livox_sdk2/lib:${LD_LIBRARY_PATH} /usr/bin/cmake /home/maro/3D_Mapping_Sphere_ROS2/mapping_ws/src/livox_ros_driver2 -DCMAKE_INSTALL_PREFIX=/home/maro/3D_Mapping_Sphere_ROS2/mapping_ws/install/livox_ros_driver2
[12.489s] Invoking command in '/home/maro/3D_Mapping_Sphere_ROS2/mapping_ws/build/livox_ros_driver2': AMENT_PREFIX_PATH=/home/maro/3D_Mapping_Sphere_ROS2/mapping_ws/install/livox_sdk2:${AMENT_PREFIX_PATH} CMAKE_PREFIX_PATH=/home/maro/3D_Mapping_Sphere_ROS2/mapping_ws/install/livox_sdk2:/opt/ros/jazzy/opt/gz_math_vendor:/opt/ros/jazzy/opt/gz_utils_vendor:/opt/ros/jazzy/opt/gz_cmake_vendor:/opt/ros/jazzy DEBUGINFOD_URLS=https://debuginfod.ubuntu.com LD_LIBRARY_PATH=/home/maro/3D_Mapping_Sphere_ROS2/mapping_ws/install/livox_sdk2/lib:${LD_LIBRARY_PATH} /usr/bin/cmake --build /home/maro/3D_Mapping_Sphere_ROS2/mapping_ws/build/livox_ros_driver2 -- -j4 -l4
[12.597s] [  1%] [34m[1mGenerating type hashes for ROS interfaces[0m
[12.604s] [  3%] [32mBuilding CXX object CMakeFiles/livox_ros_driver2_node.dir/rclcpp_components/node_main_livox_ros_driver2_node.cpp.o[0m
[12.616s] [  3%] Built target ament_cmake_python_copy_livox_ros_driver2
[13.012s] running egg_info
[13.014s] creating livox_ros_driver2.egg-info
[13.044s] writing livox_ros_driver2.egg-info/PKG-INFO
[13.047s] writing dependency_links to livox_ros_driver2.egg-info/dependency_links.txt
[13.048s] writing top-level names to livox_ros_driver2.egg-info/top_level.txt
[13.048s] writing manifest file 'livox_ros_driver2.egg-info/SOURCES.txt'
[13.162s] reading manifest file 'livox_ros_driver2.egg-info/SOURCES.txt'
[13.162s] writing manifest file 'livox_ros_driver2.egg-info/SOURCES.txt'
[13.256s] [  3%] Built target livox_interfaces2__rosidl_generator_type_description
[13.274s] [  3%] Built target ament_cmake_python_build_livox_ros_driver2_egg
[13.300s] [  4%] [34m[1mGenerating C code for ROS interfaces[0m
[13.304s] [  6%] [34m[1mGenerating C++ code for ROS interfaces[0m
[14.225s] [  6%] Built target livox_interfaces2__cpp
[14.386s] [  8%] [32mBuilding C object CMakeFiles/livox_interfaces2__rosidl_generator_c.dir/rosidl_generator_c/livox_ros_driver2/msg/detail/custom_point__type_support.c.o[0m
[14.390s] [  9%] [32mBuilding C object CMakeFiles/livox_interfaces2__rosidl_generator_c.dir/rosidl_generator_c/livox_ros_driver2/msg/detail/custom_point__description.c.o[0m
[14.391s] [ 11%] [32mBuilding C object CMakeFiles/livox_interfaces2__rosidl_generator_c.dir/rosidl_generator_c/livox_ros_driver2/msg/detail/custom_point__functions.c.o[0m
[14.482s] [ 12%] [32mBuilding C object CMakeFiles/livox_interfaces2__rosidl_generator_c.dir/rosidl_generator_c/livox_ros_driver2/msg/detail/custom_msg__description.c.o[0m
[14.514s] [ 14%] [32mBuilding C object CMakeFiles/livox_interfaces2__rosidl_generator_c.dir/rosidl_generator_c/livox_ros_driver2/msg/detail/custom_msg__type_support.c.o[0m
[14.514s] [ 16%] [32mBuilding C object CMakeFiles/livox_interfaces2__rosidl_generator_c.dir/rosidl_generator_c/livox_ros_driver2/msg/detail/custom_msg__functions.c.o[0m
[14.650s] [ 17%] [32m[1mLinking C shared library liblivox_ros_driver2__rosidl_generator_c.so[0m
[14.727s] [ 17%] Built target livox_interfaces2__rosidl_generator_c
[14.758s] [ 19%] [34m[1mGenerating C++ type support dispatch for ROS interfaces[0m
[14.767s] [ 20%] [34m[1mGenerating C type support for eProsima Fast-RTPS[0m
[15.478s] [ 22%] [32mBuilding CXX object CMakeFiles/livox_interfaces2__rosidl_typesupport_cpp.dir/rosidl_typesupport_cpp/livox_ros_driver2/msg/custom_point__type_support.cpp.o[0m
[15.693s] [ 24%] [32mBuilding CXX object CMakeFiles/livox_interfaces2__rosidl_typesupport_fastrtps_c.dir/rosidl_typesupport_fastrtps_c/livox_ros_driver2/msg/detail/custom_point__type_support_c.cpp.o[0m
[16.144s] [ 25%] [32mBuilding CXX object CMakeFiles/livox_interfaces2__rosidl_typesupport_cpp.dir/rosidl_typesupport_cpp/livox_ros_driver2/msg/custom_msg__type_support.cpp.o[0m
[16.652s] [ 27%] [32mBuilding CXX object CMakeFiles/livox_interfaces2__rosidl_typesupport_fastrtps_c.dir/rosidl_typesupport_fastrtps_c/livox_ros_driver2/msg/detail/custom_msg__type_support_c.cpp.o[0m
[16.864s] [ 29%] [32m[1mLinking CXX shared library liblivox_ros_driver2__rosidl_typesupport_cpp.so[0m
[16.953s] [ 29%] Built target livox_interfaces2__rosidl_typesupport_cpp
[17.535s] [ 30%] [32m[1mLinking CXX shared library liblivox_ros_driver2__rosidl_typesupport_fastrtps_c.so[0m
[17.634s] [ 30%] Built target livox_interfaces2__rosidl_typesupport_fastrtps_c
[19.194s] [ 32%] [32m[1mLinking CXX executable livox_ros_driver2_node[0m
[19.456s] [ 32%] Built target livox_ros_driver2_node
[19.476s] [ 33%] [34m[1mGenerating C++ type support for eProsima Fast-RTPS[0m
[20.117s] [ 35%] [32mBuilding CXX object CMakeFiles/livox_interfaces2__rosidl_typesupport_fastrtps_cpp.dir/rosidl_typesupport_fastrtps_cpp/livox_ros_driver2/msg/detail/dds_fastrtps/custom_point__type_support.cpp.o[0m
[20.855s] [ 37%] [32mBuilding CXX object CMakeFiles/livox_interfaces2__rosidl_typesupport_fastrtps_cpp.dir/rosidl_typesupport_fastrtps_cpp/livox_ros_driver2/msg/detail/dds_fastrtps/custom_msg__type_support.cpp.o[0m
[21.669s] [ 38%] [32m[1mLinking CXX shared library liblivox_ros_driver2__rosidl_typesupport_fastrtps_cpp.so[0m
[21.822s] [ 38%] Built target livox_interfaces2__rosidl_typesupport_fastrtps_cpp
[21.842s] [ 40%] [34m[1mGenerating C++ introspection for ROS interfaces[0m
[22.449s] [ 41%] [32mBuilding CXX object CMakeFiles/livox_interfaces2__rosidl_typesupport_introspection_cpp.dir/rosidl_typesupport_introspection_cpp/livox_ros_driver2/msg/detail/custom_point__type_support.cpp.o[0m
[22.937s] [ 43%] [32mBuilding CXX object CMakeFiles/livox_interfaces2__rosidl_typesupport_introspection_cpp.dir/rosidl_typesupport_introspection_cpp/livox_ros_driver2/msg/detail/custom_msg__type_support.cpp.o[0m
[23.490s] [ 45%] [32m[1mLinking CXX shared library liblivox_ros_driver2__rosidl_typesupport_introspection_cpp.so[0m
[23.644s] [ 45%] Built target livox_interfaces2__rosidl_typesupport_introspection_cpp
[23.691s] [ 46%] [32mBuilding CXX object CMakeFiles/livox_ros_driver2.dir/src/livox_ros_driver2.cpp.o[0m
[35.025s] [ 48%] [32mBuilding CXX object CMakeFiles/livox_ros_driver2.dir/src/lddc.cpp.o[0m
[36.043s] [ 50%] [32mBuilding CXX object CMakeFiles/livox_ros_driver2.dir/src/driver_node.cpp.o[0m
[47.593s] [ 51%] [32mBuilding CXX object CMakeFiles/livox_ros_driver2.dir/src/lds.cpp.o[0m
[49.043s] [ 53%] [32mBuilding CXX object CMakeFiles/livox_ros_driver2.dir/src/lds_lidar.cpp.o[0m
[50.766s] [ 54%] [32mBuilding CXX object CMakeFiles/livox_ros_driver2.dir/src/comm/comm.cpp.o[0m
[51.955s] [ 56%] [32mBuilding CXX object CMakeFiles/livox_ros_driver2.dir/src/comm/ldq.cpp.o[0m
[52.751s] [ 58%] [32mBuilding CXX object CMakeFiles/livox_ros_driver2.dir/src/comm/semaphore.cpp.o[0m
[53.153s] [ 59%] [32mBuilding CXX object CMakeFiles/livox_ros_driver2.dir/src/comm/lidar_imu_data_queue.cpp.o[0m
[53.162s] [ 61%] [32mBuilding CXX object CMakeFiles/livox_ros_driver2.dir/src/comm/cache_index.cpp.o[0m
[53.663s] [ 62%] [32mBuilding CXX object CMakeFiles/livox_ros_driver2.dir/src/comm/pub_handler.cpp.o[0m
[54.493s] [ 64%] [32mBuilding CXX object CMakeFiles/livox_ros_driver2.dir/src/parse_cfg_file/parse_cfg_file.cpp.o[0m
[56.049s] [ 66%] [32mBuilding CXX object CMakeFiles/livox_ros_driver2.dir/src/parse_cfg_file/parse_livox_lidar_cfg.cpp.o[0m
[56.098s] [ 67%] [32mBuilding CXX object CMakeFiles/livox_ros_driver2.dir/src/call_back/lidar_common_callback.cpp.o[0m
[57.328s] [ 69%] [32mBuilding CXX object CMakeFiles/livox_ros_driver2.dir/src/call_back/livox_lidar_callback.cpp.o[0m
[58.518s] [ 70%] [32m[1mLinking CXX shared library liblivox_ros_driver2.so[0m
[63.061s] [ 70%] Built target livox_ros_driver2
[63.080s] [ 74%] [34m[1mGenerating C type support dispatch for ROS interfaces[0m
[63.081s] [ 74%] [34m[1mGenerating C introspection for ROS interfaces[0m
[63.691s] [ 75%] [32mBuilding CXX object CMakeFiles/livox_interfaces2__rosidl_typesupport_c.dir/rosidl_typesupport_c/livox_ros_driver2/msg/custom_point__type_support.cpp.o[0m
[63.705s] [ 77%] [32mBuilding CXX object CMakeFiles/livox_interfaces2__rosidl_typesupport_c.dir/rosidl_typesupport_c/livox_ros_driver2/msg/custom_msg__type_support.cpp.o[0m
[63.732s] [ 79%] [32mBuilding C object CMakeFiles/livox_interfaces2__rosidl_typesupport_introspection_c.dir/rosidl_typesupport_introspection_c/livox_ros_driver2/msg/detail/custom_msg__type_support.c.o[0m
[63.732s] [ 80%] [32mBuilding C object CMakeFiles/livox_interfaces2__rosidl_typesupport_introspection_c.dir/rosidl_typesupport_introspection_c/livox_ros_driver2/msg/detail/custom_point__type_support.c.o[0m
[63.816s] [ 82%] [32m[1mLinking CXX shared library liblivox_ros_driver2__rosidl_typesupport_c.so[0m
[63.827s] [ 83%] [32m[1mLinking C shared library liblivox_ros_driver2__rosidl_typesupport_introspection_c.so[0m
[63.895s] [ 83%] Built target livox_interfaces2__rosidl_typesupport_introspection_c
[63.896s] [ 83%] Built target livox_interfaces2__rosidl_typesupport_c
[63.930s] [ 83%] Built target livox_interfaces2
[63.980s] [ 85%] [34m[1mGenerating Python code for ROS interfaces[0m
[64.913s] [ 85%] Built target livox_interfaces2__py
[64.951s] [ 88%] [32mBuilding C object CMakeFiles/livox_interfaces2__rosidl_generator_py.dir/rosidl_generator_py/livox_ros_driver2/msg/_custom_point_s.c.o[0m
[64.952s] [ 88%] [32mBuilding C object CMakeFiles/livox_interfaces2__rosidl_generator_py.dir/rosidl_generator_py/livox_ros_driver2/msg/_custom_msg_s.c.o[0m
[65.211s] [ 90%] [32m[1mLinking C shared library liblivox_interfaces2__rosidl_generator_py.so[0m
[65.297s] [ 90%] Built target livox_interfaces2__rosidl_generator_py
[65.334s] [ 95%] [32mBuilding C object CMakeFiles/livox_ros_driver2_s__rosidl_typesupport_c.dir/rosidl_generator_py/livox_ros_driver2/_livox_ros_driver2_s.ep.rosidl_typesupport_c.c.o[0m
[65.334s] [ 95%] [32mBuilding C object CMakeFiles/livox_ros_driver2_s__rosidl_typesupport_fastrtps_c.dir/rosidl_generator_py/livox_ros_driver2/_livox_ros_driver2_s.ep.rosidl_typesupport_fastrtps_c.c.o[0m
[65.335s] [ 95%] [32mBuilding C object CMakeFiles/livox_ros_driver2_s__rosidl_typesupport_introspection_c.dir/rosidl_generator_py/livox_ros_driver2/_livox_ros_driver2_s.ep.rosidl_typesupport_introspection_c.c.o[0m
[65.569s] [ 96%] [32m[1mLinking C shared module rosidl_generator_py/livox_ros_driver2/livox_ros_driver2_s__rosidl_typesupport_introspection_c.so[0m
[65.590s] [ 98%] [32m[1mLinking C shared module rosidl_generator_py/livox_ros_driver2/livox_ros_driver2_s__rosidl_typesupport_c.so[0m
[65.620s] [100%] [32m[1mLinking C shared module rosidl_generator_py/livox_ros_driver2/livox_ros_driver2_s__rosidl_typesupport_fastrtps_c.so[0m
[65.674s] [100%] Built target livox_ros_driver2_s__rosidl_typesupport_introspection_c
[65.686s] [100%] Built target livox_ros_driver2_s__rosidl_typesupport_c
[65.716s] [100%] Built target livox_ros_driver2_s__rosidl_typesupport_fastrtps_c
[65.750s] Invoked command in '/home/maro/3D_Mapping_Sphere_ROS2/mapping_ws/build/livox_ros_driver2' returned '0': AMENT_PREFIX_PATH=/home/maro/3D_Mapping_Sphere_ROS2/mapping_ws/install/livox_sdk2:${AMENT_PREFIX_PATH} CMAKE_PREFIX_PATH=/home/maro/3D_Mapping_Sphere_ROS2/mapping_ws/install/livox_sdk2:/opt/ros/jazzy/opt/gz_math_vendor:/opt/ros/jazzy/opt/gz_utils_vendor:/opt/ros/jazzy/opt/gz_cmake_vendor:/opt/ros/jazzy DEBUGINFOD_URLS=https://debuginfod.ubuntu.com LD_LIBRARY_PATH=/home/maro/3D_Mapping_Sphere_ROS2/mapping_ws/install/livox_sdk2/lib:${LD_LIBRARY_PATH} /usr/bin/cmake --build /home/maro/3D_Mapping_Sphere_ROS2/mapping_ws/build/livox_ros_driver2 -- -j4 -l4
[65.752s] Invoking command in '/home/maro/3D_Mapping_Sphere_ROS2/mapping_ws/build/livox_ros_driver2': AMENT_PREFIX_PATH=/home/maro/3D_Mapping_Sphere_ROS2/mapping_ws/install/livox_sdk2:${AMENT_PREFIX_PATH} CMAKE_PREFIX_PATH=/home/maro/3D_Mapping_Sphere_ROS2/mapping_ws/install/livox_sdk2:/opt/ros/jazzy/opt/gz_math_vendor:/opt/ros/jazzy/opt/gz_utils_vendor:/opt/ros/jazzy/opt/gz_cmake_vendor:/opt/ros/jazzy DEBUGINFOD_URLS=https://debuginfod.ubuntu.com LD_LIBRARY_PATH=/home/maro/3D_Mapping_Sphere_ROS2/mapping_ws/install/livox_sdk2/lib:${LD_LIBRARY_PATH} /usr/bin/cmake --install /home/maro/3D_Mapping_Sphere_ROS2/mapping_ws/build/livox_ros_driver2
[65.772s] -- Install configuration: ""
[65.772s] -- Installing: /home/maro/3D_Mapping_Sphere_ROS2/mapping_ws/install/livox_ros_driver2/share/ament_index/resource_index/rosidl_interfaces/livox_ros_driver2
[65.772s] -- Installing: /home/maro/3D_Mapping_Sphere_ROS2/mapping_ws/install/livox_ros_driver2/share/livox_ros_driver2/msg/CustomPoint.json
[65.775s] -- Installing: /home/maro/3D_Mapping_Sphere_ROS2/mapping_ws/install/livox_ros_driver2/share/livox_ros_driver2/msg/CustomMsg.json
[65.775s] -- Installing: /home/maro/3D_Mapping_Sphere_ROS2/mapping_ws/install/livox_ros_driver2/include/livox_ros_driver2/livox_ros_driver2
[65.775s] -- Installing: /home/maro/3D_Mapping_Sphere_ROS2/mapping_ws/install/livox_ros_driver2/include/livox_ros_driver2/livox_ros_driver2/msg
[65.775s] -- Installing: /home/maro/3D_Mapping_Sphere_ROS2/mapping_ws/install/livox_ros_driver2/include/livox_ros_driver2/livox_ros_driver2/msg/rosidl_generator_c__visibility_control.h
[65.776s] -- Installing: /home/maro/3D_Mapping_Sphere_ROS2/mapping_ws/install/livox_ros_driver2/include/livox_ros_driver2/livox_ros_driver2/msg/custom_point.h
[65.776s] -- Installing: /home/maro/3D_Mapping_Sphere_ROS2/mapping_ws/install/livox_ros_driver2/include/livox_ros_driver2/livox_ros_driver2/msg/detail
[65.776s] -- Installing: /home/maro/3D_Mapping_Sphere_ROS2/mapping_ws/install/livox_ros_driver2/include/livox_ros_driver2/livox_ros_driver2/msg/detail/custom_point__functions.h
[65.776s] -- Installing: /home/maro/3D_Mapping_Sphere_ROS2/mapping_ws/install/livox_ros_driver2/include/livox_ros_driver2/livox_ros_driver2/msg/detail/custom_msg__type_support.h
[65.776s] -- Installing: /home/maro/3D_Mapping_Sphere_ROS2/mapping_ws/install/livox_ros_driver2/include/livox_ros_driver2/livox_ros_driver2/msg/detail/custom_msg__struct.h
[65.777s] -- Installing: /home/maro/3D_Mapping_Sphere_ROS2/mapping_ws/install/livox_ros_driver2/include/livox_ros_driver2/livox_ros_driver2/msg/detail/custom_msg__description.c
[65.777s] -- Installing: /home/maro/3D_Mapping_Sphere_ROS2/mapping_ws/install/livox_ros_driver2/include/livox_ros_driver2/livox_ros_driver2/msg/detail/custom_msg__functions.c
[65.778s] -- Installing: /home/maro/3D_Mapping_Sphere_ROS2/mapping_ws/install/livox_ros_driver2/include/livox_ros_driver2/livox_ros_driver2/msg/detail/custom_point__functions.c
[65.778s] -- Installing: /home/maro/3D_Mapping_Sphere_ROS2/mapping_ws/install/livox_ros_driver2/include/livox_ros_driver2/livox_ros_driver2/msg/detail/custom_point__struct.h
[65.778s] -- Installing: /home/maro/3D_Mapping_Sphere_ROS2/mapping_ws/install/livox_ros_driver2/include/livox_ros_driver2/livox_ros_driver2/msg/detail/custom_msg__type_support.c
[65.779s] -- Installing: /home/maro/3D_Mapping_Sphere_ROS2/mapping_ws/install/livox_ros_driver2/include/livox_ros_driver2/livox_ros_driver2/msg/detail/custom_msg__functions.h
[65.779s] -- Installing: /home/maro/3D_Mapping_Sphere_ROS2/mapping_ws/install/livox_ros_driver2/include/livox_ros_driver2/livox_ros_driver2/msg/detail/custom_point__description.c
[65.779s] -- Installing: /home/maro/3D_Mapping_Sphere_ROS2/mapping_ws/install/livox_ros_driver2/include/livox_ros_driver2/livox_ros_driver2/msg/detail/custom_point__type_support.c
[65.780s] -- Installing: /home/maro/3D_Mapping_Sphere_ROS2/mapping_ws/install/livox_ros_driver2/include/livox_ros_driver2/livox_ros_driver2/msg/detail/custom_point__type_support.h
[65.781s] -- Installing: /home/maro/3D_Mapping_Sphere_ROS2/mapping_ws/install/livox_ros_driver2/include/livox_ros_driver2/livox_ros_driver2/msg/custom_msg.h
[65.781s] -- Installing: /home/maro/3D_Mapping_Sphere_ROS2/mapping_ws/install/livox_ros_driver2/share/livox_ros_driver2/environment/library_path.sh
[65.781s] -- Installing: /home/maro/3D_Mapping_Sphere_ROS2/mapping_ws/install/livox_ros_driver2/share/livox_ros_driver2/environment/library_path.dsv
[65.781s] -- Installing: /home/maro/3D_Mapping_Sphere_ROS2/mapping_ws/install/livox_ros_driver2/lib/liblivox_ros_driver2__rosidl_generator_c.so
[65.781s] -- Set non-toolchain portion of runtime path of "/home/maro/3D_Mapping_Sphere_ROS2/mapping_ws/install/livox_ros_driver2/lib/liblivox_ros_driver2__rosidl_generator_c.so" to ""
[65.781s] -- Up-to-date: /home/maro/3D_Mapping_Sphere_ROS2/mapping_ws/install/livox_ros_driver2/include/livox_ros_driver2/livox_ros_driver2
[65.782s] -- Up-to-date: /home/maro/3D_Mapping_Sphere_ROS2/mapping_ws/install/livox_ros_driver2/include/livox_ros_driver2/livox_ros_driver2/msg
[65.782s] -- Installing: /home/maro/3D_Mapping_Sphere_ROS2/mapping_ws/install/livox_ros_driver2/include/livox_ros_driver2/livox_ros_driver2/msg/rosidl_typesupport_fastrtps_c__visibility_control.h
[65.783s] -- Up-to-date: /home/maro/3D_Mapping_Sphere_ROS2/mapping_ws/install/livox_ros_driver2/include/livox_ros_driver2/livox_ros_driver2/msg/detail
[65.783s] -- Installing: /home/maro/3D_Mapping_Sphere_ROS2/mapping_ws/install/livox_ros_driver2/include/livox_ros_driver2/livox_ros_driver2/msg/detail/custom_msg__rosidl_typesupport_fastrtps_c.h
[65.783s] -- Installing: /home/maro/3D_Mapping_Sphere_ROS2/mapping_ws/install/livox_ros_driver2/include/livox_ros_driver2/livox_ros_driver2/msg/detail/custom_point__rosidl_typesupport_fastrtps_c.h
[65.784s] -- Installing: /home/maro/3D_Mapping_Sphere_ROS2/mapping_ws/install/livox_ros_driver2/lib/liblivox_ros_driver2__rosidl_typesupport_fastrtps_c.so
[65.784s] -- Set non-toolchain portion of runtime path of "/home/maro/3D_Mapping_Sphere_ROS2/mapping_ws/install/livox_ros_driver2/lib/liblivox_ros_driver2__rosidl_typesupport_fastrtps_c.so" to ""
[65.785s] -- Up-to-date: /home/maro/3D_Mapping_Sphere_ROS2/mapping_ws/install/livox_ros_driver2/include/livox_ros_driver2/livox_ros_driver2
[65.785s] -- Up-to-date: /home/maro/3D_Mapping_Sphere_ROS2/mapping_ws/install/livox_ros_driver2/include/livox_ros_driver2/livox_ros_driver2/msg
[65.785s] -- Up-to-date: /home/maro/3D_Mapping_Sphere_ROS2/mapping_ws/install/livox_ros_driver2/include/livox_ros_driver2/livox_ros_driver2/msg/detail
[65.785s] -- Installing: /home/maro/3D_Mapping_Sphere_ROS2/mapping_ws/install/livox_ros_driver2/include/livox_ros_driver2/livox_ros_driver2/msg/detail/custom_msg__rosidl_typesupport_introspection_c.h
[65.785s] -- Installing: /home/maro/3D_Mapping_Sphere_ROS2/mapping_ws/install/livox_ros_driver2/include/livox_ros_driver2/livox_ros_driver2/msg/detail/custom_point__rosidl_typesupport_introspection_c.h
[65.785s] -- Installing: /home/maro/3D_Mapping_Sphere_ROS2/mapping_ws/install/livox_ros_driver2/include/livox_ros_driver2/livox_ros_driver2/msg/detail/custom_msg__type_support.c
[65.786s] -- Installing: /home/maro/3D_Mapping_Sphere_ROS2/mapping_ws/install/livox_ros_driver2/include/livox_ros_driver2/livox_ros_driver2/msg/detail/custom_point__type_support.c
[65.786s] -- Installing: /home/maro/3D_Mapping_Sphere_ROS2/mapping_ws/install/livox_ros_driver2/include/livox_ros_driver2/livox_ros_driver2/msg/rosidl_typesupport_introspection_c__visibility_control.h
[65.786s] -- Installing: /home/maro/3D_Mapping_Sphere_ROS2/mapping_ws/install/livox_ros_driver2/lib/liblivox_ros_driver2__rosidl_typesupport_introspection_c.so
[65.787s] -- Set non-toolchain portion of runtime path of "/home/maro/3D_Mapping_Sphere_ROS2/mapping_ws/install/livox_ros_driver2/lib/liblivox_ros_driver2__rosidl_typesupport_introspection_c.so" to ""
[65.787s] -- Installing: /home/maro/3D_Mapping_Sphere_ROS2/mapping_ws/install/livox_ros_driver2/lib/liblivox_ros_driver2__rosidl_typesupport_c.so
[65.787s] -- Set non-toolchain portion of runtime path of "/home/maro/3D_Mapping_Sphere_ROS2/mapping_ws/install/livox_ros_driver2/lib/liblivox_ros_driver2__rosidl_typesupport_c.so" to ""
[65.787s] -- Up-to-date: /home/maro/3D_Mapping_Sphere_ROS2/mapping_ws/install/livox_ros_driver2/include/livox_ros_driver2/livox_ros_driver2
[65.788s] -- Up-to-date: /home/maro/3D_Mapping_Sphere_ROS2/mapping_ws/install/livox_ros_driver2/include/livox_ros_driver2/livox_ros_driver2/msg
[65.788s] -- Installing: /home/maro/3D_Mapping_Sphere_ROS2/mapping_ws/install/livox_ros_driver2/include/livox_ros_driver2/livox_ros_driver2/msg/custom_point.hpp
[65.788s] -- Installing: /home/maro/3D_Mapping_Sphere_ROS2/mapping_ws/install/livox_ros_driver2/include/livox_ros_driver2/livox_ros_driver2/msg/custom_msg.hpp
[65.788s] -- Up-to-date: /home/maro/3D_Mapping_Sphere_ROS2/mapping_ws/install/livox_ros_driver2/include/livox_ros_driver2/livox_ros_driver2/msg/detail
[65.789s] -- Installing: /home/maro/3D_Mapping_Sphere_ROS2/mapping_ws/install/livox_ros_driver2/include/livox_ros_driver2/livox_ros_driver2/msg/detail/custom_msg__builder.hpp
[65.789s] -- Installing: /home/maro/3D_Mapping_Sphere_ROS2/mapping_ws/install/livox_ros_driver2/include/livox_ros_driver2/livox_ros_driver2/msg/detail/custom_point__traits.hpp
[65.790s] -- Installing: /home/maro/3D_Mapping_Sphere_ROS2/mapping_ws/install/livox_ros_driver2/include/livox_ros_driver2/livox_ros_driver2/msg/detail/custom_msg__type_support.hpp
[65.790s] -- Installing: /home/maro/3D_Mapping_Sphere_ROS2/mapping_ws/install/livox_ros_driver2/include/livox_ros_driver2/livox_ros_driver2/msg/detail/custom_msg__traits.hpp
[65.791s] -- Installing: /home/maro/3D_Mapping_Sphere_ROS2/mapping_ws/install/livox_ros_driver2/include/livox_ros_driver2/livox_ros_driver2/msg/detail/custom_point__type_support.hpp
[65.791s] -- Installing: /home/maro/3D_Mapping_Sphere_ROS2/mapping_ws/install/livox_ros_driver2/include/livox_ros_driver2/livox_ros_driver2/msg/detail/custom_point__struct.hpp
[65.791s] -- Installing: /home/maro/3D_Mapping_Sphere_ROS2/mapping_ws/install/livox_ros_driver2/include/livox_ros_driver2/livox_ros_driver2/msg/detail/custom_point__builder.hpp
[65.792s] -- Installing: /home/maro/3D_Mapping_Sphere_ROS2/mapping_ws/install/livox_ros_driver2/include/livox_ros_driver2/livox_ros_driver2/msg/detail/custom_msg__struct.hpp
[65.792s] -- Installing: /home/maro/3D_Mapping_Sphere_ROS2/mapping_ws/install/livox_ros_driver2/include/livox_ros_driver2/livox_ros_driver2/msg/rosidl_generator_cpp__visibility_control.hpp
[65.793s] -- Up-to-date: /home/maro/3D_Mapping_Sphere_ROS2/mapping_ws/install/livox_ros_driver2/include/livox_ros_driver2/livox_ros_driver2
[65.793s] -- Up-to-date: /home/maro/3D_Mapping_Sphere_ROS2/mapping_ws/install/livox_ros_driver2/include/livox_ros_driver2/livox_ros_driver2/msg
[65.793s] -- Up-to-date: /home/maro/3D_Mapping_Sphere_ROS2/mapping_ws/install/livox_ros_driver2/include/livox_ros_driver2/livox_ros_driver2/msg/detail
[65.794s] -- Installing: /home/maro/3D_Mapping_Sphere_ROS2/mapping_ws/install/livox_ros_driver2/include/livox_ros_driver2/livox_ros_driver2/msg/detail/custom_msg__rosidl_typesupport_fastrtps_cpp.hpp
[65.795s] -- Installing: /home/maro/3D_Mapping_Sphere_ROS2/mapping_ws/install/livox_ros_driver2/include/livox_ros_driver2/livox_ros_driver2/msg/detail/dds_fastrtps
[65.795s] -- Installing: /home/maro/3D_Mapping_Sphere_ROS2/mapping_ws/install/livox_ros_driver2/include/livox_ros_driver2/livox_ros_driver2/msg/detail/custom_point__rosidl_typesupport_fastrtps_cpp.hpp
[65.795s] -- Installing: /home/maro/3D_Mapping_Sphere_ROS2/mapping_ws/install/livox_ros_driver2/include/livox_ros_driver2/livox_ros_driver2/msg/rosidl_typesupport_fastrtps_cpp__visibility_control.h
[65.796s] -- Installing: /home/maro/3D_Mapping_Sphere_ROS2/mapping_ws/install/livox_ros_driver2/lib/liblivox_ros_driver2__rosidl_typesupport_fastrtps_cpp.so
[65.796s] -- Set non-toolchain portion of runtime path of "/home/maro/3D_Mapping_Sphere_ROS2/mapping_ws/install/livox_ros_driver2/lib/liblivox_ros_driver2__rosidl_typesupport_fastrtps_cpp.so" to ""
[65.796s] -- Up-to-date: /home/maro/3D_Mapping_Sphere_ROS2/mapping_ws/install/livox_ros_driver2/include/livox_ros_driver2/livox_ros_driver2
[65.796s] -- Up-to-date: /home/maro/3D_Mapping_Sphere_ROS2/mapping_ws/install/livox_ros_driver2/include/livox_ros_driver2/livox_ros_driver2/msg
[65.797s] -- Up-to-date: /home/maro/3D_Mapping_Sphere_ROS2/mapping_ws/install/livox_ros_driver2/include/livox_ros_driver2/livox_ros_driver2/msg/detail
[65.797s] -- Installing: /home/maro/3D_Mapping_Sphere_ROS2/mapping_ws/install/livox_ros_driver2/include/livox_ros_driver2/livox_ros_driver2/msg/detail/custom_msg__type_support.cpp
[65.797s] -- Installing: /home/maro/3D_Mapping_Sphere_ROS2/mapping_ws/install/livox_ros_driver2/include/livox_ros_driver2/livox_ros_driver2/msg/detail/custom_point__rosidl_typesupport_introspection_cpp.hpp
[65.798s] -- Installing: /home/maro/3D_Mapping_Sphere_ROS2/mapping_ws/install/livox_ros_driver2/include/livox_ros_driver2/livox_ros_driver2/msg/detail/custom_msg__rosidl_typesupport_introspection_cpp.hpp
[65.798s] -- Installing: /home/maro/3D_Mapping_Sphere_ROS2/mapping_ws/install/livox_ros_driver2/include/livox_ros_driver2/livox_ros_driver2/msg/detail/custom_point__type_support.cpp
[65.798s] -- Installing: /home/maro/3D_Mapping_Sphere_ROS2/mapping_ws/install/livox_ros_driver2/lib/liblivox_ros_driver2__rosidl_typesupport_introspection_cpp.so
[65.798s] -- Set non-toolchain portion of runtime path of "/home/maro/3D_Mapping_Sphere_ROS2/mapping_ws/install/livox_ros_driver2/lib/liblivox_ros_driver2__rosidl_typesupport_introspection_cpp.so" to ""
[65.798s] -- Installing: /home/maro/3D_Mapping_Sphere_ROS2/mapping_ws/install/livox_ros_driver2/lib/liblivox_ros_driver2__rosidl_typesupport_cpp.so
[65.798s] -- Set non-toolchain portion of runtime path of "/home/maro/3D_Mapping_Sphere_ROS2/mapping_ws/install/livox_ros_driver2/lib/liblivox_ros_driver2__rosidl_typesupport_cpp.so" to ""
[65.798s] -- Installing: /home/maro/3D_Mapping_Sphere_ROS2/mapping_ws/install/livox_ros_driver2/share/livox_ros_driver2/environment/pythonpath.sh
[65.798s] -- Installing: /home/maro/3D_Mapping_Sphere_ROS2/mapping_ws/install/livox_ros_driver2/share/livox_ros_driver2/environment/pythonpath.dsv
[65.799s] -- Installing: /home/maro/3D_Mapping_Sphere_ROS2/mapping_ws/install/livox_ros_driver2/lib/python3.12/site-packages/livox_ros_driver2-1.0.0-py3.12.egg-info
[65.799s] -- Installing: /home/maro/3D_Mapping_Sphere_ROS2/mapping_ws/install/livox_ros_driver2/lib/python3.12/site-packages/livox_ros_driver2-1.0.0-py3.12.egg-info/dependency_links.txt
[65.799s] -- Installing: /home/maro/3D_Mapping_Sphere_ROS2/mapping_ws/install/livox_ros_driver2/lib/python3.12/site-packages/livox_ros_driver2-1.0.0-py3.12.egg-info/PKG-INFO
[65.799s] -- Installing: /home/maro/3D_Mapping_Sphere_ROS2/mapping_ws/install/livox_ros_driver2/lib/python3.12/site-packages/livox_ros_driver2-1.0.0-py3.12.egg-info/top_level.txt
[65.799s] -- Installing: /home/maro/3D_Mapping_Sphere_ROS2/mapping_ws/install/livox_ros_driver2/lib/python3.12/site-packages/livox_ros_driver2-1.0.0-py3.12.egg-info/SOURCES.txt
[65.799s] -- Installing: /home/maro/3D_Mapping_Sphere_ROS2/mapping_ws/install/livox_ros_driver2/lib/python3.12/site-packages/livox_ros_driver2
[65.799s] -- Installing: /home/maro/3D_Mapping_Sphere_ROS2/mapping_ws/install/livox_ros_driver2/lib/python3.12/site-packages/livox_ros_driver2/_livox_ros_driver2_s.ep.rosidl_typesupport_c.c
[65.799s] -- Installing: /home/maro/3D_Mapping_Sphere_ROS2/mapping_ws/install/livox_ros_driver2/lib/python3.12/site-packages/livox_ros_driver2/_livox_ros_driver2_s.ep.rosidl_typesupport_fastrtps_c.c
[65.799s] -- Installing: /home/maro/3D_Mapping_Sphere_ROS2/mapping_ws/install/livox_ros_driver2/lib/python3.12/site-packages/livox_ros_driver2/livox_ros_driver2_s__rosidl_typesupport_introspection_c.so
[65.799s] -- Installing: /home/maro/3D_Mapping_Sphere_ROS2/mapping_ws/install/livox_ros_driver2/lib/python3.12/site-packages/livox_ros_driver2/__init__.py
[65.799s] -- Installing: /home/maro/3D_Mapping_Sphere_ROS2/mapping_ws/install/livox_ros_driver2/lib/python3.12/site-packages/livox_ros_driver2/msg
[65.800s] -- Installing: /home/maro/3D_Mapping_Sphere_ROS2/mapping_ws/install/livox_ros_driver2/lib/python3.12/site-packages/livox_ros_driver2/msg/_custom_point_s.c
[65.800s] -- Installing: /home/maro/3D_Mapping_Sphere_ROS2/mapping_ws/install/livox_ros_driver2/lib/python3.12/site-packages/livox_ros_driver2/msg/_custom_msg_s.c
[65.800s] -- Installing: /home/maro/3D_Mapping_Sphere_ROS2/mapping_ws/install/livox_ros_driver2/lib/python3.12/site-packages/livox_ros_driver2/msg/__init__.py
[65.800s] -- Installing: /home/maro/3D_Mapping_Sphere_ROS2/mapping_ws/install/livox_ros_driver2/lib/python3.12/site-packages/livox_ros_driver2/msg/_custom_point.py
[65.800s] -- Installing: /home/maro/3D_Mapping_Sphere_ROS2/mapping_ws/install/livox_ros_driver2/lib/python3.12/site-packages/livox_ros_driver2/msg/_custom_msg.py
[65.800s] -- Installing: /home/maro/3D_Mapping_Sphere_ROS2/mapping_ws/install/livox_ros_driver2/lib/python3.12/site-packages/livox_ros_driver2/livox_ros_driver2_s__rosidl_typesupport_c.so
[65.800s] -- Installing: /home/maro/3D_Mapping_Sphere_ROS2/mapping_ws/install/livox_ros_driver2/lib/python3.12/site-packages/livox_ros_driver2/_livox_ros_driver2_s.ep.rosidl_typesupport_introspection_c.c
[65.800s] -- Installing: /home/maro/3D_Mapping_Sphere_ROS2/mapping_ws/install/livox_ros_driver2/lib/python3.12/site-packages/livox_ros_driver2/livox_ros_driver2_s__rosidl_typesupport_fastrtps_c.so
[65.860s] Listing '/home/maro/3D_Mapping_Sphere_ROS2/mapping_ws/install/livox_ros_driver2/lib/python3.12/site-packages/livox_ros_driver2'...
[65.861s] Compiling '/home/maro/3D_Mapping_Sphere_ROS2/mapping_ws/install/livox_ros_driver2/lib/python3.12/site-packages/livox_ros_driver2/__init__.py'...
[65.861s] Listing '/home/maro/3D_Mapping_Sphere_ROS2/mapping_ws/install/livox_ros_driver2/lib/python3.12/site-packages/livox_ros_driver2/msg'...
[65.861s] Compiling '/home/maro/3D_Mapping_Sphere_ROS2/mapping_ws/install/livox_ros_driver2/lib/python3.12/site-packages/livox_ros_driver2/msg/__init__.py'...
[65.861s] Compiling '/home/maro/3D_Mapping_Sphere_ROS2/mapping_ws/install/livox_ros_driver2/lib/python3.12/site-packages/livox_ros_driver2/msg/_custom_msg.py'...
[65.861s] Compiling '/home/maro/3D_Mapping_Sphere_ROS2/mapping_ws/install/livox_ros_driver2/lib/python3.12/site-packages/livox_ros_driver2/msg/_custom_point.py'...
[65.879s] -- Installing: /home/maro/3D_Mapping_Sphere_ROS2/mapping_ws/install/livox_ros_driver2/lib/python3.12/site-packages/livox_ros_driver2/livox_ros_driver2_s__rosidl_typesupport_fastrtps_c.so
[65.880s] -- Set non-toolchain portion of runtime path of "/home/maro/3D_Mapping_Sphere_ROS2/mapping_ws/install/livox_ros_driver2/lib/python3.12/site-packages/livox_ros_driver2/livox_ros_driver2_s__rosidl_typesupport_fastrtps_c.so" to ""
[65.882s] -- Installing: /home/maro/3D_Mapping_Sphere_ROS2/mapping_ws/install/livox_ros_driver2/lib/python3.12/site-packages/livox_ros_driver2/livox_ros_driver2_s__rosidl_typesupport_introspection_c.so
[65.882s] -- Set non-toolchain portion of runtime path of "/home/maro/3D_Mapping_Sphere_ROS2/mapping_ws/install/livox_ros_driver2/lib/python3.12/site-packages/livox_ros_driver2/livox_ros_driver2_s__rosidl_typesupport_introspection_c.so" to ""
[65.883s] -- Installing: /home/maro/3D_Mapping_Sphere_ROS2/mapping_ws/install/livox_ros_driver2/lib/python3.12/site-packages/livox_ros_driver2/livox_ros_driver2_s__rosidl_typesupport_c.so
[65.883s] -- Set non-toolchain portion of runtime path of "/home/maro/3D_Mapping_Sphere_ROS2/mapping_ws/install/livox_ros_driver2/lib/python3.12/site-packages/livox_ros_driver2/livox_ros_driver2_s__rosidl_typesupport_c.so" to ""
[65.883s] -- Installing: /home/maro/3D_Mapping_Sphere_ROS2/mapping_ws/install/livox_ros_driver2/lib/liblivox_interfaces2__rosidl_generator_py.so
[65.884s] -- Set non-toolchain portion of runtime path of "/home/maro/3D_Mapping_Sphere_ROS2/mapping_ws/install/livox_ros_driver2/lib/liblivox_interfaces2__rosidl_generator_py.so" to ""
[65.884s] -- Installing: /home/maro/3D_Mapping_Sphere_ROS2/mapping_ws/install/livox_ros_driver2/share/livox_ros_driver2/msg/CustomPoint.idl
[65.885s] -- Installing: /home/maro/3D_Mapping_Sphere_ROS2/mapping_ws/install/livox_ros_driver2/share/livox_ros_driver2/msg/CustomMsg.idl
[65.885s] -- Installing: /home/maro/3D_Mapping_Sphere_ROS2/mapping_ws/install/livox_ros_driver2/share/livox_ros_driver2/msg/CustomPoint.msg
[65.885s] -- Installing: /home/maro/3D_Mapping_Sphere_ROS2/mapping_ws/install/livox_ros_driver2/share/livox_ros_driver2/msg/CustomMsg.msg
[65.885s] -- Installing: /home/maro/3D_Mapping_Sphere_ROS2/mapping_ws/install/livox_ros_driver2/lib/livox_ros_driver2/livox_ros_driver2_node
[65.886s] -- Set non-toolchain portion of runtime path of "/home/maro/3D_Mapping_Sphere_ROS2/mapping_ws/install/livox_ros_driver2/lib/livox_ros_driver2/livox_ros_driver2_node" to ""
[65.886s] -- Installing: /home/maro/3D_Mapping_Sphere_ROS2/mapping_ws/install/livox_ros_driver2/lib/liblivox_ros_driver2.so
[65.901s] -- Set non-toolchain portion of runtime path of "/home/maro/3D_Mapping_Sphere_ROS2/mapping_ws/install/livox_ros_driver2/lib/liblivox_ros_driver2.so" to ""
[65.902s] -- Installing: /home/maro/3D_Mapping_Sphere_ROS2/mapping_ws/install/livox_ros_driver2/share/livox_ros_driver2/config
[65.902s] -- Installing: /home/maro/3D_Mapping_Sphere_ROS2/mapping_ws/install/livox_ros_driver2/share/livox_ros_driver2/config/MID360_config.json
[65.909s] -- Installing: /home/maro/3D_Mapping_Sphere_ROS2/mapping_ws/install/livox_ros_driver2/share/livox_ros_driver2/config/HAP_config _multi org.json
[65.909s] -- Installing: /home/maro/3D_Mapping_Sphere_ROS2/mapping_ws/install/livox_ros_driver2/share/livox_ros_driver2/config/display_point_cloud_ROS2.rviz
[65.910s] -- Installing: /home/maro/3D_Mapping_Sphere_ROS2/mapping_ws/install/livox_ros_driver2/share/livox_ros_driver2/config/HAP_config.json
[65.910s] -- Installing: /home/maro/3D_Mapping_Sphere_ROS2/mapping_ws/install/livox_ros_driver2/share/livox_ros_driver2/config/HAP_config _multi.json
[65.910s] -- Installing: /home/maro/3D_Mapping_Sphere_ROS2/mapping_ws/install/livox_ros_driver2/share/livox_ros_driver2/config/mixed_HAP_MID360_config.json
[65.910s] -- Installing: /home/maro/3D_Mapping_Sphere_ROS2/mapping_ws/install/livox_ros_driver2/share/livox_ros_driver2/config/display_point_cloud_ROS1.rviz
[65.911s] -- Installing: /home/maro/3D_Mapping_Sphere_ROS2/mapping_ws/install/livox_ros_driver2/share/livox_ros_driver2/launch
[65.911s] -- Installing: /home/maro/3D_Mapping_Sphere_ROS2/mapping_ws/install/livox_ros_driver2/share/livox_ros_driver2/launch/msg_HAP_launch.py
[65.911s] -- Installing: /home/maro/3D_Mapping_Sphere_ROS2/mapping_ws/install/livox_ros_driver2/share/livox_ros_driver2/launch/rviz_MID360_launch.py
[65.911s] -- Installing: /home/maro/3D_Mapping_Sphere_ROS2/mapping_ws/install/livox_ros_driver2/share/livox_ros_driver2/launch/rviz_HAP_launch.py
[65.912s] -- Installing: /home/maro/3D_Mapping_Sphere_ROS2/mapping_ws/install/livox_ros_driver2/share/livox_ros_driver2/launch/msg_MID360_launch.py
[65.912s] -- Installing: /home/maro/3D_Mapping_Sphere_ROS2/mapping_ws/install/livox_ros_driver2/share/livox_ros_driver2/launch/msg_MID360_pc2_launch.yaml
[65.912s] -- Installing: /home/maro/3D_Mapping_Sphere_ROS2/mapping_ws/install/livox_ros_driver2/share/livox_ros_driver2/launch/rviz_mixed.py
[65.912s] -- Installing: /home/maro/3D_Mapping_Sphere_ROS2/mapping_ws/install/livox_ros_driver2/share/ament_index/resource_index/package_run_dependencies/livox_ros_driver2
[65.913s] -- Installing: /home/maro/3D_Mapping_Sphere_ROS2/mapping_ws/install/livox_ros_driver2/share/ament_index/resource_index/parent_prefix_path/livox_ros_driver2
[65.913s] -- Installing: /home/maro/3D_Mapping_Sphere_ROS2/mapping_ws/install/livox_ros_driver2/share/livox_ros_driver2/environment/ament_prefix_path.sh
[65.913s] -- Installing: /home/maro/3D_Mapping_Sphere_ROS2/mapping_ws/install/livox_ros_driver2/share/livox_ros_driver2/environment/ament_prefix_path.dsv
[65.913s] -- Installing: /home/maro/3D_Mapping_Sphere_ROS2/mapping_ws/install/livox_ros_driver2/share/livox_ros_driver2/environment/path.sh
[65.914s] -- Installing: /home/maro/3D_Mapping_Sphere_ROS2/mapping_ws/install/livox_ros_driver2/share/livox_ros_driver2/environment/path.dsv
[65.914s] -- Installing: /home/maro/3D_Mapping_Sphere_ROS2/mapping_ws/install/livox_ros_driver2/share/livox_ros_driver2/local_setup.bash
[65.914s] -- Installing: /home/maro/3D_Mapping_Sphere_ROS2/mapping_ws/install/livox_ros_driver2/share/livox_ros_driver2/local_setup.sh
[65.914s] -- Installing: /home/maro/3D_Mapping_Sphere_ROS2/mapping_ws/install/livox_ros_driver2/share/livox_ros_driver2/local_setup.zsh
[65.914s] -- Installing: /home/maro/3D_Mapping_Sphere_ROS2/mapping_ws/install/livox_ros_driver2/share/livox_ros_driver2/local_setup.dsv
[65.915s] -- Installing: /home/maro/3D_Mapping_Sphere_ROS2/mapping_ws/install/livox_ros_driver2/share/livox_ros_driver2/package.dsv
[65.915s] -- Installing: /home/maro/3D_Mapping_Sphere_ROS2/mapping_ws/install/livox_ros_driver2/share/ament_index/resource_index/packages/livox_ros_driver2
[65.915s] -- Installing: /home/maro/3D_Mapping_Sphere_ROS2/mapping_ws/install/livox_ros_driver2/share/livox_ros_driver2/cmake/export_livox_interfaces2__rosidl_generator_cExport.cmake
[65.915s] -- Installing: /home/maro/3D_Mapping_Sphere_ROS2/mapping_ws/install/livox_ros_driver2/share/livox_ros_driver2/cmake/export_livox_interfaces2__rosidl_generator_cExport-noconfig.cmake
[65.916s] -- Installing: /home/maro/3D_Mapping_Sphere_ROS2/mapping_ws/install/livox_ros_driver2/share/livox_ros_driver2/cmake/export_livox_interfaces2__rosidl_typesupport_fastrtps_cExport.cmake
[65.916s] -- Installing: /home/maro/3D_Mapping_Sphere_ROS2/mapping_ws/install/livox_ros_driver2/share/livox_ros_driver2/cmake/export_livox_interfaces2__rosidl_typesupport_fastrtps_cExport-noconfig.cmake
[65.916s] -- Installing: /home/maro/3D_Mapping_Sphere_ROS2/mapping_ws/install/livox_ros_driver2/share/livox_ros_driver2/cmake/livox_interfaces2__rosidl_typesupport_introspection_cExport.cmake
[65.916s] -- Installing: /home/maro/3D_Mapping_Sphere_ROS2/mapping_ws/install/livox_ros_driver2/share/livox_ros_driver2/cmake/livox_interfaces2__rosidl_typesupport_introspection_cExport-noconfig.cmake
[65.916s] -- Installing: /home/maro/3D_Mapping_Sphere_ROS2/mapping_ws/install/livox_ros_driver2/share/livox_ros_driver2/cmake/livox_interfaces2__rosidl_typesupport_cExport.cmake
[65.917s] -- Installing: /home/maro/3D_Mapping_Sphere_ROS2/mapping_ws/install/livox_ros_driver2/share/livox_ros_driver2/cmake/livox_interfaces2__rosidl_typesupport_cExport-noconfig.cmake
[65.917s] -- Installing: /home/maro/3D_Mapping_Sphere_ROS2/mapping_ws/install/livox_ros_driver2/share/livox_ros_driver2/cmake/export_livox_interfaces2__rosidl_generator_cppExport.cmake
[65.917s] -- Installing: /home/maro/3D_Mapping_Sphere_ROS2/mapping_ws/install/livox_ros_driver2/share/livox_ros_driver2/cmake/export_livox_interfaces2__rosidl_typesupport_fastrtps_cppExport.cmake
[65.917s] -- Installing: /home/maro/3D_Mapping_Sphere_ROS2/mapping_ws/install/livox_ros_driver2/share/livox_ros_driver2/cmake/export_livox_interfaces2__rosidl_typesupport_fastrtps_cppExport-noconfig.cmake
[65.917s] -- Installing: /home/maro/3D_Mapping_Sphere_ROS2/mapping_ws/install/livox_ros_driver2/share/livox_ros_driver2/cmake/livox_interfaces2__rosidl_typesupport_introspection_cppExport.cmake
[65.918s] -- Installing: /home/maro/3D_Mapping_Sphere_ROS2/mapping_ws/install/livox_ros_driver2/share/livox_ros_driver2/cmake/livox_interfaces2__rosidl_typesupport_introspection_cppExport-noconfig.cmake
[65.918s] -- Installing: /home/maro/3D_Mapping_Sphere_ROS2/mapping_ws/install/livox_ros_driver2/share/livox_ros_driver2/cmake/livox_interfaces2__rosidl_typesupport_cppExport.cmake
[65.918s] -- Installing: /home/maro/3D_Mapping_Sphere_ROS2/mapping_ws/install/livox_ros_driver2/share/livox_ros_driver2/cmake/livox_interfaces2__rosidl_typesupport_cppExport-noconfig.cmake
[65.918s] -- Installing: /home/maro/3D_Mapping_Sphere_ROS2/mapping_ws/install/livox_ros_driver2/share/livox_ros_driver2/cmake/export_livox_interfaces2__rosidl_generator_pyExport.cmake
[65.919s] -- Installing: /home/maro/3D_Mapping_Sphere_ROS2/mapping_ws/install/livox_ros_driver2/share/livox_ros_driver2/cmake/export_livox_interfaces2__rosidl_generator_pyExport-noconfig.cmake
[65.919s] -- Installing: /home/maro/3D_Mapping_Sphere_ROS2/mapping_ws/install/livox_ros_driver2/share/ament_index/resource_index/rclcpp_components/livox_ros_driver2
[65.919s] -- Installing: /home/maro/3D_Mapping_Sphere_ROS2/mapping_ws/install/livox_ros_driver2/share/livox_ros_driver2/cmake/rosidl_cmake-extras.cmake
[65.919s] -- Installing: /home/maro/3D_Mapping_Sphere_ROS2/mapping_ws/install/livox_ros_driver2/share/livox_ros_driver2/cmake/ament_cmake_export_dependencies-extras.cmake
[65.920s] -- Installing: /home/maro/3D_Mapping_Sphere_ROS2/mapping_ws/install/livox_ros_driver2/share/livox_ros_driver2/cmake/ament_cmake_export_include_directories-extras.cmake
[65.920s] -- Installing: /home/maro/3D_Mapping_Sphere_ROS2/mapping_ws/install/livox_ros_driver2/share/livox_ros_driver2/cmake/ament_cmake_export_libraries-extras.cmake
[65.920s] -- Installing: /home/maro/3D_Mapping_Sphere_ROS2/mapping_ws/install/livox_ros_driver2/share/livox_ros_driver2/cmake/ament_cmake_export_targets-extras.cmake
[65.920s] -- Installing: /home/maro/3D_Mapping_Sphere_ROS2/mapping_ws/install/livox_ros_driver2/share/livox_ros_driver2/cmake/rosidl_cmake_export_typesupport_targets-extras.cmake
[65.920s] -- Installing: /home/maro/3D_Mapping_Sphere_ROS2/mapping_ws/install/livox_ros_driver2/share/livox_ros_driver2/cmake/rosidl_cmake_export_typesupport_libraries-extras.cmake
[65.921s] -- Installing: /home/maro/3D_Mapping_Sphere_ROS2/mapping_ws/install/livox_ros_driver2/share/livox_ros_driver2/cmake/livox_ros_driver2Config.cmake
[65.921s] -- Installing: /home/maro/3D_Mapping_Sphere_ROS2/mapping_ws/install/livox_ros_driver2/share/livox_ros_driver2/cmake/livox_ros_driver2Config-version.cmake
[65.921s] -- Installing: /home/maro/3D_Mapping_Sphere_ROS2/mapping_ws/install/livox_ros_driver2/share/livox_ros_driver2/package.xml
[65.926s] Invoked command in '/home/maro/3D_Mapping_Sphere_ROS2/mapping_ws/build/livox_ros_driver2' returned '0': AMENT_PREFIX_PATH=/home/maro/3D_Mapping_Sphere_ROS2/mapping_ws/install/livox_sdk2:${AMENT_PREFIX_PATH} CMAKE_PREFIX_PATH=/home/maro/3D_Mapping_Sphere_ROS2/mapping_ws/install/livox_sdk2:/opt/ros/jazzy/opt/gz_math_vendor:/opt/ros/jazzy/opt/gz_utils_vendor:/opt/ros/jazzy/opt/gz_cmake_vendor:/opt/ros/jazzy DEBUGINFOD_URLS=https://debuginfod.ubuntu.com LD_LIBRARY_PATH=/home/maro/3D_Mapping_Sphere_ROS2/mapping_ws/install/livox_sdk2/lib:${LD_LIBRARY_PATH} /usr/bin/cmake --install /home/maro/3D_Mapping_Sphere_ROS2/mapping_ws/build/livox_ros_driver2
