[2.076s] Invoking command in '/home/maro/3D_Mapping_Sphere_ROS2/Acuators_ws/src/khonsu': AMENT_PREFIX_PATH=/home/maro/3D_Mapping_Sphere_ROS2/Acuators_ws/install/waveshare_servo:/home/maro/3D_Mapping_Sphere_ROS2/Acuators_ws/install/servo_pwm_node:/home/maro/3D_Mapping_Sphere_ROS2/Acuators_ws/install/logitech_controller:/home/maro/3D_Mapping_Sphere_ROS2/Acuators_ws/install/logitech_msgs:${AMENT_PREFIX_PATH} CMAKE_PREFIX_PATH=/home/maro/3D_Mapping_Sphere_ROS2/Acuators_ws/install/servo_pwm_node:/home/maro/3D_Mapping_Sphere_ROS2/Acuators_ws/install/logitech_controller:/home/maro/3D_Mapping_Sphere_ROS2/Acuators_ws/install/logitech_msgs:${CMAKE_PREFIX_PATH} DEBUGINFOD_URLS=https://debuginfod.ubuntu.com LD_LIBRARY_PATH=/home/maro/3D_Mapping_Sphere_ROS2/Acuators_ws/install/logitech_msgs/lib:${LD_LIBRARY_PATH} PYTHONPATH=/home/maro/3D_Mapping_Sphere_ROS2/Acuators_ws/build/khonsu/prefix_override:/usr/lib/python3/dist-packages/colcon_core/task/python/colcon_distutils_commands:/home/maro/3D_Mapping_Sphere_ROS2/Acuators_ws/install/khonsu/lib/python3.12/site-packages:/home/maro/3D_Mapping_Sphere_ROS2/Acuators_ws/install/waveshare_servo/lib/python3.12/site-packages:/home/maro/3D_Mapping_Sphere_ROS2/Acuators_ws/install/logitech_msgs/lib/python3.12/site-packages:${PYTHONPATH} /usr/bin/python3 -W ignore:setup.py install is deprecated -W ignore:easy_install command is deprecated setup.py egg_info --egg-base ../../build/khonsu build --build-base /home/maro/3D_Mapping_Sphere_ROS2/Acuators_ws/build/khonsu/build install --record /home/maro/3D_Mapping_Sphere_ROS2/Acuators_ws/build/khonsu/install.log --single-version-externally-managed install_data
[2.679s] running egg_info
[2.679s] creating ../../build/khonsu/khonsu.egg-info
[2.723s] writing ../../build/khonsu/khonsu.egg-info/PKG-INFO
[2.723s] writing dependency_links to ../../build/khonsu/khonsu.egg-info/dependency_links.txt
[2.723s] writing requirements to ../../build/khonsu/khonsu.egg-info/requires.txt
[2.724s] writing top-level names to ../../build/khonsu/khonsu.egg-info/top_level.txt
[2.724s] writing manifest file '../../build/khonsu/khonsu.egg-info/SOURCES.txt'
[2.806s] reading manifest file '../../build/khonsu/khonsu.egg-info/SOURCES.txt'
[2.807s] writing manifest file '../../build/khonsu/khonsu.egg-info/SOURCES.txt'
[2.808s] running build
[2.808s] running build_py
[2.808s] creating /home/maro/3D_Mapping_Sphere_ROS2/Acuators_ws/build/khonsu/build
[2.809s] creating /home/maro/3D_Mapping_Sphere_ROS2/Acuators_ws/build/khonsu/build/lib
[2.809s] creating /home/maro/3D_Mapping_Sphere_ROS2/Acuators_ws/build/khonsu/build/lib/khonsu
[2.809s] copying khonsu/__init__.py -> /home/maro/3D_Mapping_Sphere_ROS2/Acuators_ws/build/khonsu/build/lib/khonsu
[2.809s] running install
[2.826s] running install_lib
[2.871s] creating /home/maro/3D_Mapping_Sphere_ROS2/Acuators_ws/install/khonsu/lib/python3.12/site-packages/khonsu
[2.874s] copying /home/maro/3D_Mapping_Sphere_ROS2/Acuators_ws/build/khonsu/build/lib/khonsu/__init__.py -> /home/maro/3D_Mapping_Sphere_ROS2/Acuators_ws/install/khonsu/lib/python3.12/site-packages/khonsu
[2.876s] byte-compiling /home/maro/3D_Mapping_Sphere_ROS2/Acuators_ws/install/khonsu/lib/python3.12/site-packages/khonsu/__init__.py to __init__.cpython-312.pyc
[2.878s] running install_data
[2.879s] copying package.xml -> /home/maro/3D_Mapping_Sphere_ROS2/Acuators_ws/install/khonsu/share/khonsu
[2.879s] creating /home/maro/3D_Mapping_Sphere_ROS2/Acuators_ws/install/khonsu/share/khonsu/launch
[2.880s] copying launch/movingNodes.launch.py -> /home/maro/3D_Mapping_Sphere_ROS2/Acuators_ws/install/khonsu/share/khonsu/launch
[2.881s] running install_egg_info
[2.929s] Copying ../../build/khonsu/khonsu.egg-info to /home/maro/3D_Mapping_Sphere_ROS2/Acuators_ws/install/khonsu/lib/python3.12/site-packages/khonsu-0.0.0-py3.12.egg-info
[2.933s] running install_scripts
[3.231s] writing list of installed files to '/home/maro/3D_Mapping_Sphere_ROS2/Acuators_ws/build/khonsu/install.log'
[3.358s] Invoked command in '/home/maro/3D_Mapping_Sphere_ROS2/Acuators_ws/src/khonsu' returned '0': AMENT_PREFIX_PATH=/home/maro/3D_Mapping_Sphere_ROS2/Acuators_ws/install/waveshare_servo:/home/maro/3D_Mapping_Sphere_ROS2/Acuators_ws/install/servo_pwm_node:/home/maro/3D_Mapping_Sphere_ROS2/Acuators_ws/install/logitech_controller:/home/maro/3D_Mapping_Sphere_ROS2/Acuators_ws/install/logitech_msgs:${AMENT_PREFIX_PATH} CMAKE_PREFIX_PATH=/home/maro/3D_Mapping_Sphere_ROS2/Acuators_ws/install/servo_pwm_node:/home/maro/3D_Mapping_Sphere_ROS2/Acuators_ws/install/logitech_controller:/home/maro/3D_Mapping_Sphere_ROS2/Acuators_ws/install/logitech_msgs:${CMAKE_PREFIX_PATH} DEBUGINFOD_URLS=https://debuginfod.ubuntu.com LD_LIBRARY_PATH=/home/maro/3D_Mapping_Sphere_ROS2/Acuators_ws/install/logitech_msgs/lib:${LD_LIBRARY_PATH} PYTHONPATH=/home/maro/3D_Mapping_Sphere_ROS2/Acuators_ws/build/khonsu/prefix_override:/usr/lib/python3/dist-packages/colcon_core/task/python/colcon_distutils_commands:/home/maro/3D_Mapping_Sphere_ROS2/Acuators_ws/install/khonsu/lib/python3.12/site-packages:/home/maro/3D_Mapping_Sphere_ROS2/Acuators_ws/install/waveshare_servo/lib/python3.12/site-packages:/home/maro/3D_Mapping_Sphere_ROS2/Acuators_ws/install/logitech_msgs/lib/python3.12/site-packages:${PYTHONPATH} /usr/bin/python3 -W ignore:setup.py install is deprecated -W ignore:easy_install command is deprecated setup.py egg_info --egg-base ../../build/khonsu build --build-base /home/maro/3D_Mapping_Sphere_ROS2/Acuators_ws/build/khonsu/build install --record /home/maro/3D_Mapping_Sphere_ROS2/Acuators_ws/build/khonsu/install.log --single-version-externally-managed install_data
