-- The C compiler identification is GNU 13.3.0
-- The CXX compiler identification is GNU 13.3.0
-- Detecting C compiler ABI info
-- Detecting C compiler ABI info - done
-- Check for working C compiler: /usr/bin/cc - skipped
-- Detecting C compile features
-- Detecting C compile features - done
-- Detecting CXX compiler ABI info
-- Detecting CXX compiler ABI info - done
-- Check for working CXX compiler: /usr/bin/c++ - skipped
-- Detecting CXX compile features
-- Detecting CXX compile features - done
-- Found ament_cmake: 2.5.4 (/opt/ros/jazzy/share/ament_cmake/cmake)
-- Found Python3: /usr/bin/python3 (found version "3.12.3") found components: Interpreter 
-- Found rclcpp: 28.1.10 (/opt/ros/jazzy/share/rclcpp/cmake)
-- Found rosidl_generator_c: 4.6.5 (/opt/ros/jazzy/share/rosidl_generator_c/cmake)
-- Found rosidl_generator_cpp: 4.6.5 (/opt/ros/jazzy/share/rosidl_generator_cpp/cmake)
-- Using all available rosidl_typesupport_c: rosidl_typesupport_fastrtps_c;rosidl_typesupport_introspection_c
-- Using all available rosidl_typesupport_cpp: rosidl_typesupport_fastrtps_cpp;rosidl_typesupport_introspection_cpp
-- Found rmw_implementation_cmake: 7.3.2 (/opt/ros/jazzy/share/rmw_implementation_cmake/cmake)
-- Found rmw_fastrtps_cpp: 8.4.2 (/opt/ros/jazzy/share/rmw_fastrtps_cpp/cmake)
-- Found OpenSSL: /usr/lib/aarch64-linux-gnu/libcrypto.so (found version "3.0.13")  
-- Found FastRTPS: /opt/ros/jazzy/include (Required is at least version "2.13") 
-- Using RMW implementation 'rmw_fastrtps_cpp' as default
-- Found sensor_msgs: 5.3.6 (/opt/ros/jazzy/share/sensor_msgs/cmake)
-- Found logitech_msgs: 0.0.0 (/home/maro/3D_Mapping_Sphere_ROS2/Acuators_ws/install/logitech_msgs/share/logitech_msgs/cmake)
-- Found ament_lint_auto: 0.17.2 (/opt/ros/jazzy/share/ament_lint_auto/cmake)
-- Added test 'cppcheck' to perform static code analysis on C / C++ code
-- Configured cppcheck include dirs: 
-- Configured cppcheck exclude dirs and/or files: 
-- Added test 'lint_cmake' to check CMake code style
-- Added test 'uncrustify' to check C / C++ code style
-- Configured uncrustify additional arguments: 
-- Added test 'xmllint' to check XML markup files
-- Configuring done (4.2s)
-- Generating done (0.0s)
-- Build files have been written to: /home/maro/3D_Mapping_Sphere_ROS2/Acuators_ws/build/logitech_controller
[ 50%] [32mBuilding CXX object CMakeFiles/controller_node.dir/src/controller_node.cpp.o[0m
[100%] [32m[1mLinking CXX executable controller_node[0m
[100%] Built target controller_node
-- Install configuration: ""
-- Installing: /home/maro/3D_Mapping_Sphere_ROS2/Acuators_ws/install/logitech_controller/lib/logitech_controller/controller_node
-- Set non-toolchain portion of runtime path of "/home/maro/3D_Mapping_Sphere_ROS2/Acuators_ws/install/logitech_controller/lib/logitech_controller/controller_node" to ""
-- Installing: /home/maro/3D_Mapping_Sphere_ROS2/Acuators_ws/install/logitech_controller/share/ament_index/resource_index/package_run_dependencies/logitech_controller
-- Installing: /home/maro/3D_Mapping_Sphere_ROS2/Acuators_ws/install/logitech_controller/share/ament_index/resource_index/parent_prefix_path/logitech_controller
-- Installing: /home/maro/3D_Mapping_Sphere_ROS2/Acuators_ws/install/logitech_controller/share/logitech_controller/environment/ament_prefix_path.sh
-- Installing: /home/maro/3D_Mapping_Sphere_ROS2/Acuators_ws/install/logitech_controller/share/logitech_controller/environment/ament_prefix_path.dsv
-- Installing: /home/maro/3D_Mapping_Sphere_ROS2/Acuators_ws/install/logitech_controller/share/logitech_controller/environment/path.sh
-- Installing: /home/maro/3D_Mapping_Sphere_ROS2/Acuators_ws/install/logitech_controller/share/logitech_controller/environment/path.dsv
-- Installing: /home/maro/3D_Mapping_Sphere_ROS2/Acuators_ws/install/logitech_controller/share/logitech_controller/local_setup.bash
-- Installing: /home/maro/3D_Mapping_Sphere_ROS2/Acuators_ws/install/logitech_controller/share/logitech_controller/local_setup.sh
-- Installing: /home/maro/3D_Mapping_Sphere_ROS2/Acuators_ws/install/logitech_controller/share/logitech_controller/local_setup.zsh
-- Installing: /home/maro/3D_Mapping_Sphere_ROS2/Acuators_ws/install/logitech_controller/share/logitech_controller/local_setup.dsv
-- Installing: /home/maro/3D_Mapping_Sphere_ROS2/Acuators_ws/install/logitech_controller/share/logitech_controller/package.dsv
-- Installing: /home/maro/3D_Mapping_Sphere_ROS2/Acuators_ws/install/logitech_controller/share/ament_index/resource_index/packages/logitech_controller
-- Installing: /home/maro/3D_Mapping_Sphere_ROS2/Acuators_ws/install/logitech_controller/share/logitech_controller/cmake/logitech_controllerConfig.cmake
-- Installing: /home/maro/3D_Mapping_Sphere_ROS2/Acuators_ws/install/logitech_controller/share/logitech_controller/cmake/logitech_controllerConfig-version.cmake
-- Installing: /home/maro/3D_Mapping_Sphere_ROS2/Acuators_ws/install/logitech_controller/share/logitech_controller/package.xml
