[0.046s] Invoking command in '/home/maro/3D_Mapping_Sphere_ROS2/Acuators_ws/build/logitech_controller': AMENT_PREFIX_PATH=/home/maro/3D_Mapping_Sphere_ROS2/Acuators_ws/install/logitech_msgs:${AMENT_PREFIX_PATH} CMAKE_PREFIX_PATH=/home/maro/3D_Mapping_Sphere_ROS2/Acuators_ws/install/logitech_msgs:/opt/ros/jazzy/opt/gz_math_vendor:/opt/ros/jazzy/opt/gz_utils_vendor:/opt/ros/jazzy/opt/gz_cmake_vendor:/opt/ros/jazzy DEBUGINFOD_URLS=https://debuginfod.ubuntu.com LD_LIBRARY_PATH=/home/maro/3D_Mapping_Sphere_ROS2/Acuators_ws/install/logitech_msgs/lib:${LD_LIBRARY_PATH} PYTHONPATH=/home/maro/3D_Mapping_Sphere_ROS2/Acuators_ws/install/logitech_msgs/lib/python3.12/site-packages:${PYTHONPATH} /usr/bin/cmake /home/maro/3D_Mapping_Sphere_ROS2/Acuators_ws/src/logitech_controller -DCMAKE_INSTALL_PREFIX=/home/maro/3D_Mapping_Sphere_ROS2/Acuators_ws/install/logitech_controller
[0.325s] -- The C compiler identification is GNU 13.3.0
[0.477s] -- The CXX compiler identification is GNU 13.3.0
[0.555s] -- Detecting C compiler ABI info
[0.992s] -- Detecting C compiler ABI info - done
[1.036s] -- Check for working C compiler: /usr/bin/cc - skipped
[1.037s] -- Detecting C compile features
[1.045s] -- Detecting C compile features - done
[1.092s] -- Detecting CXX compiler ABI info
[1.550s] -- Detecting CXX compiler ABI info - done
[1.627s] -- Check for working CXX compiler: /usr/bin/c++ - skipped
[1.627s] -- Detecting CXX compile features
[1.628s] -- Detecting CXX compile features - done
[1.633s] -- Found ament_cmake: 2.5.4 (/opt/ros/jazzy/share/ament_cmake/cmake)
[2.292s] -- Found Python3: /usr/bin/python3 (found version "3.12.3") found components: Interpreter 
[2.639s] -- Found rclcpp: 28.1.10 (/opt/ros/jazzy/share/rclcpp/cmake)
[2.792s] -- Found rosidl_generator_c: 4.6.5 (/opt/ros/jazzy/share/rosidl_generator_c/cmake)
[2.818s] -- Found rosidl_generator_cpp: 4.6.5 (/opt/ros/jazzy/share/rosidl_generator_cpp/cmake)
[2.865s] -- Using all available rosidl_typesupport_c: rosidl_typesupport_fastrtps_c;rosidl_typesupport_introspection_c
[2.914s] -- Using all available rosidl_typesupport_cpp: rosidl_typesupport_fastrtps_cpp;rosidl_typesupport_introspection_cpp
[3.144s] -- Found rmw_implementation_cmake: 7.3.2 (/opt/ros/jazzy/share/rmw_implementation_cmake/cmake)
[3.144s] -- Found rmw_fastrtps_cpp: 8.4.2 (/opt/ros/jazzy/share/rmw_fastrtps_cpp/cmake)
[3.468s] -- Found OpenSSL: /usr/lib/aarch64-linux-gnu/libcrypto.so (found version "3.0.13")  
[3.504s] -- Found FastRTPS: /opt/ros/jazzy/include (Required is at least version "2.13") 
[3.577s] -- Using RMW implementation 'rmw_fastrtps_cpp' as default
[3.797s] -- Found sensor_msgs: 5.3.6 (/opt/ros/jazzy/share/sensor_msgs/cmake)
[3.908s] -- Found logitech_msgs: 0.0.0 (/home/maro/3D_Mapping_Sphere_ROS2/Acuators_ws/install/logitech_msgs/share/logitech_msgs/cmake)
[3.925s] -- Found ament_lint_auto: 0.17.2 (/opt/ros/jazzy/share/ament_lint_auto/cmake)
[4.247s] -- Added test 'cppcheck' to perform static code analysis on C / C++ code
[4.248s] -- Configured cppcheck include dirs: 
[4.248s] -- Configured cppcheck exclude dirs and/or files: 
[4.255s] -- Added test 'lint_cmake' to check CMake code style
[4.256s] -- Added test 'uncrustify' to check C / C++ code style
[4.256s] -- Configured uncrustify additional arguments: 
[4.260s] -- Added test 'xmllint' to check XML markup files
[4.266s] -- Configuring done (4.2s)
[4.307s] -- Generating done (0.0s)
[4.315s] -- Build files have been written to: /home/maro/3D_Mapping_Sphere_ROS2/Acuators_ws/build/logitech_controller
[4.355s] Invoked command in '/home/maro/3D_Mapping_Sphere_ROS2/Acuators_ws/build/logitech_controller' returned '0': AMENT_PREFIX_PATH=/home/maro/3D_Mapping_Sphere_ROS2/Acuators_ws/install/logitech_msgs:${AMENT_PREFIX_PATH} CMAKE_PREFIX_PATH=/home/maro/3D_Mapping_Sphere_ROS2/Acuators_ws/install/logitech_msgs:/opt/ros/jazzy/opt/gz_math_vendor:/opt/ros/jazzy/opt/gz_utils_vendor:/opt/ros/jazzy/opt/gz_cmake_vendor:/opt/ros/jazzy DEBUGINFOD_URLS=https://debuginfod.ubuntu.com LD_LIBRARY_PATH=/home/maro/3D_Mapping_Sphere_ROS2/Acuators_ws/install/logitech_msgs/lib:${LD_LIBRARY_PATH} PYTHONPATH=/home/maro/3D_Mapping_Sphere_ROS2/Acuators_ws/install/logitech_msgs/lib/python3.12/site-packages:${PYTHONPATH} /usr/bin/cmake /home/maro/3D_Mapping_Sphere_ROS2/Acuators_ws/src/logitech_controller -DCMAKE_INSTALL_PREFIX=/home/maro/3D_Mapping_Sphere_ROS2/Acuators_ws/install/logitech_controller
[4.363s] Invoking command in '/home/maro/3D_Mapping_Sphere_ROS2/Acuators_ws/build/logitech_controller': AMENT_PREFIX_PATH=/home/maro/3D_Mapping_Sphere_ROS2/Acuators_ws/install/logitech_msgs:${AMENT_PREFIX_PATH} CMAKE_PREFIX_PATH=/home/maro/3D_Mapping_Sphere_ROS2/Acuators_ws/install/logitech_msgs:/opt/ros/jazzy/opt/gz_math_vendor:/opt/ros/jazzy/opt/gz_utils_vendor:/opt/ros/jazzy/opt/gz_cmake_vendor:/opt/ros/jazzy DEBUGINFOD_URLS=https://debuginfod.ubuntu.com LD_LIBRARY_PATH=/home/maro/3D_Mapping_Sphere_ROS2/Acuators_ws/install/logitech_msgs/lib:${LD_LIBRARY_PATH} PYTHONPATH=/home/maro/3D_Mapping_Sphere_ROS2/Acuators_ws/install/logitech_msgs/lib/python3.12/site-packages:${PYTHONPATH} /usr/bin/cmake --build /home/maro/3D_Mapping_Sphere_ROS2/Acuators_ws/build/logitech_controller -- -j4 -l4
[4.548s] [ 50%] [32mBuilding CXX object CMakeFiles/controller_node.dir/src/controller_node.cpp.o[0m
[28.548s] [100%] [32m[1mLinking CXX executable controller_node[0m
[29.911s] [100%] Built target controller_node
[29.951s] Invoked command in '/home/maro/3D_Mapping_Sphere_ROS2/Acuators_ws/build/logitech_controller' returned '0': AMENT_PREFIX_PATH=/home/maro/3D_Mapping_Sphere_ROS2/Acuators_ws/install/logitech_msgs:${AMENT_PREFIX_PATH} CMAKE_PREFIX_PATH=/home/maro/3D_Mapping_Sphere_ROS2/Acuators_ws/install/logitech_msgs:/opt/ros/jazzy/opt/gz_math_vendor:/opt/ros/jazzy/opt/gz_utils_vendor:/opt/ros/jazzy/opt/gz_cmake_vendor:/opt/ros/jazzy DEBUGINFOD_URLS=https://debuginfod.ubuntu.com LD_LIBRARY_PATH=/home/maro/3D_Mapping_Sphere_ROS2/Acuators_ws/install/logitech_msgs/lib:${LD_LIBRARY_PATH} PYTHONPATH=/home/maro/3D_Mapping_Sphere_ROS2/Acuators_ws/install/logitech_msgs/lib/python3.12/site-packages:${PYTHONPATH} /usr/bin/cmake --build /home/maro/3D_Mapping_Sphere_ROS2/Acuators_ws/build/logitech_controller -- -j4 -l4
[29.957s] Invoking command in '/home/maro/3D_Mapping_Sphere_ROS2/Acuators_ws/build/logitech_controller': AMENT_PREFIX_PATH=/home/maro/3D_Mapping_Sphere_ROS2/Acuators_ws/install/logitech_msgs:${AMENT_PREFIX_PATH} CMAKE_PREFIX_PATH=/home/maro/3D_Mapping_Sphere_ROS2/Acuators_ws/install/logitech_msgs:/opt/ros/jazzy/opt/gz_math_vendor:/opt/ros/jazzy/opt/gz_utils_vendor:/opt/ros/jazzy/opt/gz_cmake_vendor:/opt/ros/jazzy DEBUGINFOD_URLS=https://debuginfod.ubuntu.com LD_LIBRARY_PATH=/home/maro/3D_Mapping_Sphere_ROS2/Acuators_ws/install/logitech_msgs/lib:${LD_LIBRARY_PATH} PYTHONPATH=/home/maro/3D_Mapping_Sphere_ROS2/Acuators_ws/install/logitech_msgs/lib/python3.12/site-packages:${PYTHONPATH} /usr/bin/cmake --install /home/maro/3D_Mapping_Sphere_ROS2/Acuators_ws/build/logitech_controller
[29.975s] -- Install configuration: ""
[29.975s] -- Installing: /home/maro/3D_Mapping_Sphere_ROS2/Acuators_ws/install/logitech_controller/lib/logitech_controller/controller_node
[29.996s] -- Set non-toolchain portion of runtime path of "/home/maro/3D_Mapping_Sphere_ROS2/Acuators_ws/install/logitech_controller/lib/logitech_controller/controller_node" to ""
[29.999s] -- Installing: /home/maro/3D_Mapping_Sphere_ROS2/Acuators_ws/install/logitech_controller/share/ament_index/resource_index/package_run_dependencies/logitech_controller
[29.999s] -- Installing: /home/maro/3D_Mapping_Sphere_ROS2/Acuators_ws/install/logitech_controller/share/ament_index/resource_index/parent_prefix_path/logitech_controller
[29.999s] -- Installing: /home/maro/3D_Mapping_Sphere_ROS2/Acuators_ws/install/logitech_controller/share/logitech_controller/environment/ament_prefix_path.sh
[29.999s] -- Installing: /home/maro/3D_Mapping_Sphere_ROS2/Acuators_ws/install/logitech_controller/share/logitech_controller/environment/ament_prefix_path.dsv
[29.999s] -- Installing: /home/maro/3D_Mapping_Sphere_ROS2/Acuators_ws/install/logitech_controller/share/logitech_controller/environment/path.sh
[29.999s] -- Installing: /home/maro/3D_Mapping_Sphere_ROS2/Acuators_ws/install/logitech_controller/share/logitech_controller/environment/path.dsv
[29.999s] -- Installing: /home/maro/3D_Mapping_Sphere_ROS2/Acuators_ws/install/logitech_controller/share/logitech_controller/local_setup.bash
[30.000s] -- Installing: /home/maro/3D_Mapping_Sphere_ROS2/Acuators_ws/install/logitech_controller/share/logitech_controller/local_setup.sh
[30.000s] -- Installing: /home/maro/3D_Mapping_Sphere_ROS2/Acuators_ws/install/logitech_controller/share/logitech_controller/local_setup.zsh
[30.003s] -- Installing: /home/maro/3D_Mapping_Sphere_ROS2/Acuators_ws/install/logitech_controller/share/logitech_controller/local_setup.dsv
[30.003s] -- Installing: /home/maro/3D_Mapping_Sphere_ROS2/Acuators_ws/install/logitech_controller/share/logitech_controller/package.dsv
[30.003s] -- Installing: /home/maro/3D_Mapping_Sphere_ROS2/Acuators_ws/install/logitech_controller/share/ament_index/resource_index/packages/logitech_controller
[30.003s] -- Installing: /home/maro/3D_Mapping_Sphere_ROS2/Acuators_ws/install/logitech_controller/share/logitech_controller/cmake/logitech_controllerConfig.cmake
[30.003s] -- Installing: /home/maro/3D_Mapping_Sphere_ROS2/Acuators_ws/install/logitech_controller/share/logitech_controller/cmake/logitech_controllerConfig-version.cmake
[30.003s] -- Installing: /home/maro/3D_Mapping_Sphere_ROS2/Acuators_ws/install/logitech_controller/share/logitech_controller/package.xml
[30.006s] Invoked command in '/home/maro/3D_Mapping_Sphere_ROS2/Acuators_ws/build/logitech_controller' returned '0': AMENT_PREFIX_PATH=/home/maro/3D_Mapping_Sphere_ROS2/Acuators_ws/install/logitech_msgs:${AMENT_PREFIX_PATH} CMAKE_PREFIX_PATH=/home/maro/3D_Mapping_Sphere_ROS2/Acuators_ws/install/logitech_msgs:/opt/ros/jazzy/opt/gz_math_vendor:/opt/ros/jazzy/opt/gz_utils_vendor:/opt/ros/jazzy/opt/gz_cmake_vendor:/opt/ros/jazzy DEBUGINFOD_URLS=https://debuginfod.ubuntu.com LD_LIBRARY_PATH=/home/maro/3D_Mapping_Sphere_ROS2/Acuators_ws/install/logitech_msgs/lib:${LD_LIBRARY_PATH} PYTHONPATH=/home/maro/3D_Mapping_Sphere_ROS2/Acuators_ws/install/logitech_msgs/lib/python3.12/site-packages:${PYTHONPATH} /usr/bin/cmake --install /home/maro/3D_Mapping_Sphere_ROS2/Acuators_ws/build/logitech_controller
