[0.038s] Invoking command in '/home/maro/3D_Mapping_Sphere_ROS2/Acuators_ws/build/servo_pwm_node': AMENT_PREFIX_PATH=/home/maro/3D_Mapping_Sphere_ROS2/Acuators_ws/install/logitech_msgs:${AMENT_PREFIX_PATH} CMAKE_PREFIX_PATH=/home/maro/3D_Mapping_Sphere_ROS2/Acuators_ws/install/logitech_msgs:/opt/ros/jazzy/opt/gz_math_vendor:/opt/ros/jazzy/opt/gz_utils_vendor:/opt/ros/jazzy/opt/gz_cmake_vendor:/opt/ros/jazzy DEBUGINFOD_URLS=https://debuginfod.ubuntu.com LD_LIBRARY_PATH=/home/maro/3D_Mapping_Sphere_ROS2/Acuators_ws/install/logitech_msgs/lib:${LD_LIBRARY_PATH} PYTHONPATH=/home/maro/3D_Mapping_Sphere_ROS2/Acuators_ws/install/logitech_msgs/lib/python3.12/site-packages:${PYTHONPATH} /usr/bin/cmake /home/maro/3D_Mapping_Sphere_ROS2/Acuators_ws/src/servo_pwm_node -DCMAKE_INSTALL_PREFIX=/home/maro/3D_Mapping_Sphere_ROS2/Acuators_ws/install/servo_pwm_node
[0.483s] -- The C compiler identification is GNU 13.3.0
[0.679s] -- The CXX compiler identification is GNU 13.3.0
[0.754s] -- Detecting C compiler ABI info
[1.100s] -- Detecting C compiler ABI info - done
[1.144s] -- Check for working C compiler: /usr/bin/cc - skipped
[1.146s] -- Detecting C compile features
[1.151s] -- Detecting C compile features - done
[1.199s] -- Detecting CXX compiler ABI info
[1.590s] -- Detecting CXX compiler ABI info - done
[1.607s] -- Check for working CXX compiler: /usr/bin/c++ - skipped
[1.607s] -- Detecting CXX compile features
[1.611s] -- Detecting CXX compile features - done
[1.612s] -- Found ament_cmake: 2.5.4 (/opt/ros/jazzy/share/ament_cmake/cmake)
[2.392s] -- Found Python3: /usr/bin/python3 (found version "3.12.3") found components: Interpreter 
[3.016s] -- Found rclcpp: 28.1.10 (/opt/ros/jazzy/share/rclcpp/cmake)
[3.177s] -- Found rosidl_generator_c: 4.6.5 (/opt/ros/jazzy/share/rosidl_generator_c/cmake)
[3.240s] -- Found rosidl_generator_cpp: 4.6.5 (/opt/ros/jazzy/share/rosidl_generator_cpp/cmake)
[3.296s] -- Using all available rosidl_typesupport_c: rosidl_typesupport_fastrtps_c;rosidl_typesupport_introspection_c
[3.347s] -- Using all available rosidl_typesupport_cpp: rosidl_typesupport_fastrtps_cpp;rosidl_typesupport_introspection_cpp
[3.630s] -- Found rmw_implementation_cmake: 7.3.2 (/opt/ros/jazzy/share/rmw_implementation_cmake/cmake)
[3.639s] -- Found rmw_fastrtps_cpp: 8.4.2 (/opt/ros/jazzy/share/rmw_fastrtps_cpp/cmake)
[3.918s] -- Found OpenSSL: /usr/lib/aarch64-linux-gnu/libcrypto.so (found version "3.0.13")  
[3.966s] -- Found FastRTPS: /opt/ros/jazzy/include (Required is at least version "2.13") 
[4.027s] -- Using RMW implementation 'rmw_fastrtps_cpp' as default
[4.214s] -- Found logitech_msgs: 0.0.0 (/home/maro/3D_Mapping_Sphere_ROS2/Acuators_ws/install/logitech_msgs/share/logitech_msgs/cmake)
[4.254s] -- Found ament_lint_auto: 0.17.2 (/opt/ros/jazzy/share/ament_lint_auto/cmake)
[4.651s] -- Added test 'cppcheck' to perform static code analysis on C / C++ code
[4.652s] -- Configured cppcheck include dirs: 
[4.652s] -- Configured cppcheck exclude dirs and/or files: 
[4.654s] -- Added test 'lint_cmake' to check CMake code style
[4.661s] -- Added test 'uncrustify' to check C / C++ code style
[4.661s] -- Configured uncrustify additional arguments: 
[4.662s] -- Added test 'xmllint' to check XML markup files
[4.668s] -- Configuring done (4.6s)
[4.689s] -- Generating done (0.0s)
[4.696s] -- Build files have been written to: /home/maro/3D_Mapping_Sphere_ROS2/Acuators_ws/build/servo_pwm_node
[4.732s] Invoked command in '/home/maro/3D_Mapping_Sphere_ROS2/Acuators_ws/build/servo_pwm_node' returned '0': AMENT_PREFIX_PATH=/home/maro/3D_Mapping_Sphere_ROS2/Acuators_ws/install/logitech_msgs:${AMENT_PREFIX_PATH} CMAKE_PREFIX_PATH=/home/maro/3D_Mapping_Sphere_ROS2/Acuators_ws/install/logitech_msgs:/opt/ros/jazzy/opt/gz_math_vendor:/opt/ros/jazzy/opt/gz_utils_vendor:/opt/ros/jazzy/opt/gz_cmake_vendor:/opt/ros/jazzy DEBUGINFOD_URLS=https://debuginfod.ubuntu.com LD_LIBRARY_PATH=/home/maro/3D_Mapping_Sphere_ROS2/Acuators_ws/install/logitech_msgs/lib:${LD_LIBRARY_PATH} PYTHONPATH=/home/maro/3D_Mapping_Sphere_ROS2/Acuators_ws/install/logitech_msgs/lib/python3.12/site-packages:${PYTHONPATH} /usr/bin/cmake /home/maro/3D_Mapping_Sphere_ROS2/Acuators_ws/src/servo_pwm_node -DCMAKE_INSTALL_PREFIX=/home/maro/3D_Mapping_Sphere_ROS2/Acuators_ws/install/servo_pwm_node
[4.733s] Invoking command in '/home/maro/3D_Mapping_Sphere_ROS2/Acuators_ws/build/servo_pwm_node': AMENT_PREFIX_PATH=/home/maro/3D_Mapping_Sphere_ROS2/Acuators_ws/install/logitech_msgs:${AMENT_PREFIX_PATH} CMAKE_PREFIX_PATH=/home/maro/3D_Mapping_Sphere_ROS2/Acuators_ws/install/logitech_msgs:/opt/ros/jazzy/opt/gz_math_vendor:/opt/ros/jazzy/opt/gz_utils_vendor:/opt/ros/jazzy/opt/gz_cmake_vendor:/opt/ros/jazzy DEBUGINFOD_URLS=https://debuginfod.ubuntu.com LD_LIBRARY_PATH=/home/maro/3D_Mapping_Sphere_ROS2/Acuators_ws/install/logitech_msgs/lib:${LD_LIBRARY_PATH} PYTHONPATH=/home/maro/3D_Mapping_Sphere_ROS2/Acuators_ws/install/logitech_msgs/lib/python3.12/site-packages:${PYTHONPATH} /usr/bin/cmake --build /home/maro/3D_Mapping_Sphere_ROS2/Acuators_ws/build/servo_pwm_node -- -j4 -l4
[4.874s] [ 50%] [32mBuilding CXX object CMakeFiles/servo_pwm_node.dir/src/servo_pwm_node.cpp.o[0m
[25.585s] [100%] [32m[1mLinking CXX executable servo_pwm_node[0m
[26.827s] [100%] Built target servo_pwm_node
[26.869s] Invoked command in '/home/maro/3D_Mapping_Sphere_ROS2/Acuators_ws/build/servo_pwm_node' returned '0': AMENT_PREFIX_PATH=/home/maro/3D_Mapping_Sphere_ROS2/Acuators_ws/install/logitech_msgs:${AMENT_PREFIX_PATH} CMAKE_PREFIX_PATH=/home/maro/3D_Mapping_Sphere_ROS2/Acuators_ws/install/logitech_msgs:/opt/ros/jazzy/opt/gz_math_vendor:/opt/ros/jazzy/opt/gz_utils_vendor:/opt/ros/jazzy/opt/gz_cmake_vendor:/opt/ros/jazzy DEBUGINFOD_URLS=https://debuginfod.ubuntu.com LD_LIBRARY_PATH=/home/maro/3D_Mapping_Sphere_ROS2/Acuators_ws/install/logitech_msgs/lib:${LD_LIBRARY_PATH} PYTHONPATH=/home/maro/3D_Mapping_Sphere_ROS2/Acuators_ws/install/logitech_msgs/lib/python3.12/site-packages:${PYTHONPATH} /usr/bin/cmake --build /home/maro/3D_Mapping_Sphere_ROS2/Acuators_ws/build/servo_pwm_node -- -j4 -l4
[26.872s] Invoking command in '/home/maro/3D_Mapping_Sphere_ROS2/Acuators_ws/build/servo_pwm_node': AMENT_PREFIX_PATH=/home/maro/3D_Mapping_Sphere_ROS2/Acuators_ws/install/logitech_msgs:${AMENT_PREFIX_PATH} CMAKE_PREFIX_PATH=/home/maro/3D_Mapping_Sphere_ROS2/Acuators_ws/install/logitech_msgs:/opt/ros/jazzy/opt/gz_math_vendor:/opt/ros/jazzy/opt/gz_utils_vendor:/opt/ros/jazzy/opt/gz_cmake_vendor:/opt/ros/jazzy DEBUGINFOD_URLS=https://debuginfod.ubuntu.com LD_LIBRARY_PATH=/home/maro/3D_Mapping_Sphere_ROS2/Acuators_ws/install/logitech_msgs/lib:${LD_LIBRARY_PATH} PYTHONPATH=/home/maro/3D_Mapping_Sphere_ROS2/Acuators_ws/install/logitech_msgs/lib/python3.12/site-packages:${PYTHONPATH} /usr/bin/cmake --install /home/maro/3D_Mapping_Sphere_ROS2/Acuators_ws/build/servo_pwm_node
[26.892s] -- Install configuration: ""
[26.893s] -- Installing: /home/maro/3D_Mapping_Sphere_ROS2/Acuators_ws/install/servo_pwm_node/lib/servo_pwm_node/servo_pwm_node
[26.903s] -- Set non-toolchain portion of runtime path of "/home/maro/3D_Mapping_Sphere_ROS2/Acuators_ws/install/servo_pwm_node/lib/servo_pwm_node/servo_pwm_node" to ""
[26.903s] -- Installing: /home/maro/3D_Mapping_Sphere_ROS2/Acuators_ws/install/servo_pwm_node/share/ament_index/resource_index/package_run_dependencies/servo_pwm_node
[26.905s] -- Installing: /home/maro/3D_Mapping_Sphere_ROS2/Acuators_ws/install/servo_pwm_node/share/ament_index/resource_index/parent_prefix_path/servo_pwm_node
[26.905s] -- Installing: /home/maro/3D_Mapping_Sphere_ROS2/Acuators_ws/install/servo_pwm_node/share/servo_pwm_node/environment/ament_prefix_path.sh
[26.906s] -- Installing: /home/maro/3D_Mapping_Sphere_ROS2/Acuators_ws/install/servo_pwm_node/share/servo_pwm_node/environment/ament_prefix_path.dsv
[26.907s] -- Installing: /home/maro/3D_Mapping_Sphere_ROS2/Acuators_ws/install/servo_pwm_node/share/servo_pwm_node/environment/path.sh
[26.908s] -- Installing: /home/maro/3D_Mapping_Sphere_ROS2/Acuators_ws/install/servo_pwm_node/share/servo_pwm_node/environment/path.dsv
[26.908s] -- Installing: /home/maro/3D_Mapping_Sphere_ROS2/Acuators_ws/install/servo_pwm_node/share/servo_pwm_node/local_setup.bash
[26.910s] -- Installing: /home/maro/3D_Mapping_Sphere_ROS2/Acuators_ws/install/servo_pwm_node/share/servo_pwm_node/local_setup.sh
[26.910s] -- Installing: /home/maro/3D_Mapping_Sphere_ROS2/Acuators_ws/install/servo_pwm_node/share/servo_pwm_node/local_setup.zsh
[26.911s] -- Installing: /home/maro/3D_Mapping_Sphere_ROS2/Acuators_ws/install/servo_pwm_node/share/servo_pwm_node/local_setup.dsv
[26.911s] -- Installing: /home/maro/3D_Mapping_Sphere_ROS2/Acuators_ws/install/servo_pwm_node/share/servo_pwm_node/package.dsv
[26.911s] -- Installing: /home/maro/3D_Mapping_Sphere_ROS2/Acuators_ws/install/servo_pwm_node/share/ament_index/resource_index/packages/servo_pwm_node
[26.913s] -- Installing: /home/maro/3D_Mapping_Sphere_ROS2/Acuators_ws/install/servo_pwm_node/share/servo_pwm_node/cmake/servo_pwm_nodeConfig.cmake
[26.914s] -- Installing: /home/maro/3D_Mapping_Sphere_ROS2/Acuators_ws/install/servo_pwm_node/share/servo_pwm_node/cmake/servo_pwm_nodeConfig-version.cmake
[26.915s] -- Installing: /home/maro/3D_Mapping_Sphere_ROS2/Acuators_ws/install/servo_pwm_node/share/servo_pwm_node/package.xml
[26.936s] Invoked command in '/home/maro/3D_Mapping_Sphere_ROS2/Acuators_ws/build/servo_pwm_node' returned '0': AMENT_PREFIX_PATH=/home/maro/3D_Mapping_Sphere_ROS2/Acuators_ws/install/logitech_msgs:${AMENT_PREFIX_PATH} CMAKE_PREFIX_PATH=/home/maro/3D_Mapping_Sphere_ROS2/Acuators_ws/install/logitech_msgs:/opt/ros/jazzy/opt/gz_math_vendor:/opt/ros/jazzy/opt/gz_utils_vendor:/opt/ros/jazzy/opt/gz_cmake_vendor:/opt/ros/jazzy DEBUGINFOD_URLS=https://debuginfod.ubuntu.com LD_LIBRARY_PATH=/home/maro/3D_Mapping_Sphere_ROS2/Acuators_ws/install/logitech_msgs/lib:${LD_LIBRARY_PATH} PYTHONPATH=/home/maro/3D_Mapping_Sphere_ROS2/Acuators_ws/install/logitech_msgs/lib/python3.12/site-packages:${PYTHONPATH} /usr/bin/cmake --install /home/maro/3D_Mapping_Sphere_ROS2/Acuators_ws/build/servo_pwm_node
