/home/maro/3D_Mapping_Sphere_ROS2/Acuators_ws/install/waveshare_servo/lib/python3.12/site-packages/STservo_sdk/scscl.py
/home/maro/3D_Mapping_Sphere_ROS2/Acuators_ws/install/waveshare_servo/lib/python3.12/site-packages/STservo_sdk/stservo_def.py
/home/maro/3D_Mapping_Sphere_ROS2/Acuators_ws/install/waveshare_servo/lib/python3.12/site-packages/STservo_sdk/group_sync_write.py
/home/maro/3D_Mapping_Sphere_ROS2/Acuators_ws/install/waveshare_servo/lib/python3.12/site-packages/STservo_sdk/group_sync_read.py
/home/maro/3D_Mapping_Sphere_ROS2/Acuators_ws/install/waveshare_servo/lib/python3.12/site-packages/STservo_sdk/__init__.py
/home/maro/3D_Mapping_Sphere_ROS2/Acuators_ws/install/waveshare_servo/lib/python3.12/site-packages/STservo_sdk/port_handler.py
/home/maro/3D_Mapping_Sphere_ROS2/Acuators_ws/install/waveshare_servo/lib/python3.12/site-packages/STservo_sdk/protocol_packet_handler.py
/home/maro/3D_Mapping_Sphere_ROS2/Acuators_ws/install/waveshare_servo/lib/python3.12/site-packages/STservo_sdk/sts.py
/home/maro/3D_Mapping_Sphere_ROS2/Acuators_ws/install/waveshare_servo/lib/python3.12/site-packages/waveshare_servo/waveshare_servo_node.py
/home/maro/3D_Mapping_Sphere_ROS2/Acuators_ws/install/waveshare_servo/lib/python3.12/site-packages/waveshare_servo/__init__.py
/home/maro/3D_Mapping_Sphere_ROS2/Acuators_ws/install/waveshare_servo/lib/python3.12/site-packages/STservo_sdk/__pycache__/scscl.cpython-312.pyc
/home/maro/3D_Mapping_Sphere_ROS2/Acuators_ws/install/waveshare_servo/lib/python3.12/site-packages/STservo_sdk/__pycache__/stservo_def.cpython-312.pyc
/home/maro/3D_Mapping_Sphere_ROS2/Acuators_ws/install/waveshare_servo/lib/python3.12/site-packages/STservo_sdk/__pycache__/group_sync_write.cpython-312.pyc
/home/maro/3D_Mapping_Sphere_ROS2/Acuators_ws/install/waveshare_servo/lib/python3.12/site-packages/STservo_sdk/__pycache__/group_sync_read.cpython-312.pyc
/home/maro/3D_Mapping_Sphere_ROS2/Acuators_ws/install/waveshare_servo/lib/python3.12/site-packages/STservo_sdk/__pycache__/__init__.cpython-312.pyc
/home/maro/3D_Mapping_Sphere_ROS2/Acuators_ws/install/waveshare_servo/lib/python3.12/site-packages/STservo_sdk/__pycache__/port_handler.cpython-312.pyc
/home/maro/3D_Mapping_Sphere_ROS2/Acuators_ws/install/waveshare_servo/lib/python3.12/site-packages/STservo_sdk/__pycache__/protocol_packet_handler.cpython-312.pyc
/home/maro/3D_Mapping_Sphere_ROS2/Acuators_ws/install/waveshare_servo/lib/python3.12/site-packages/STservo_sdk/__pycache__/sts.cpython-312.pyc
/home/maro/3D_Mapping_Sphere_ROS2/Acuators_ws/install/waveshare_servo/lib/python3.12/site-packages/waveshare_servo/__pycache__/waveshare_servo_node.cpython-312.pyc
/home/maro/3D_Mapping_Sphere_ROS2/Acuators_ws/install/waveshare_servo/lib/python3.12/site-packages/waveshare_servo/__pycache__/__init__.cpython-312.pyc
/home/maro/3D_Mapping_Sphere_ROS2/Acuators_ws/install/waveshare_servo/share/ament_index/resource_index/packages/waveshare_servo
/home/maro/3D_Mapping_Sphere_ROS2/Acuators_ws/install/waveshare_servo/share/waveshare_servo/package.xml
/home/maro/3D_Mapping_Sphere_ROS2/Acuators_ws/install/waveshare_servo/lib/python3.12/site-packages/waveshare_servo-0.0.0-py3.12.egg-info/dependency_links.txt
/home/maro/3D_Mapping_Sphere_ROS2/Acuators_ws/install/waveshare_servo/lib/python3.12/site-packages/waveshare_servo-0.0.0-py3.12.egg-info/PKG-INFO
/home/maro/3D_Mapping_Sphere_ROS2/Acuators_ws/install/waveshare_servo/lib/python3.12/site-packages/waveshare_servo-0.0.0-py3.12.egg-info/entry_points.txt
/home/maro/3D_Mapping_Sphere_ROS2/Acuators_ws/install/waveshare_servo/lib/python3.12/site-packages/waveshare_servo-0.0.0-py3.12.egg-info/requires.txt
/home/maro/3D_Mapping_Sphere_ROS2/Acuators_ws/install/waveshare_servo/lib/python3.12/site-packages/waveshare_servo-0.0.0-py3.12.egg-info/top_level.txt
/home/maro/3D_Mapping_Sphere_ROS2/Acuators_ws/install/waveshare_servo/lib/python3.12/site-packages/waveshare_servo-0.0.0-py3.12.egg-info/zip-safe
/home/maro/3D_Mapping_Sphere_ROS2/Acuators_ws/install/waveshare_servo/lib/python3.12/site-packages/waveshare_servo-0.0.0-py3.12.egg-info/SOURCES.txt
/home/maro/3D_Mapping_Sphere_ROS2/Acuators_ws/install/waveshare_servo/lib/waveshare_servo/waveshare_servo_node
