[1.930s] Invoking command in '/home/maro/3D_Mapping_Sphere_ROS2/mapping_ws/src/bno_imu': DEBUGINFOD_URLS=https://debuginfod.ubuntu.com PYTHONPATH=/home/maro/3D_Mapping_Sphere_ROS2/mapping_ws/build/bno_imu/prefix_override:/usr/lib/python3/dist-packages/colcon_core/task/python/colcon_distutils_commands:/home/maro/3D_Mapping_Sphere_ROS2/mapping_ws/install/bno_imu/lib/python3.12/site-packages:${PYTHONPATH} /usr/bin/python3 -W ignore:setup.py install is deprecated -W ignore:easy_install command is deprecated setup.py egg_info --egg-base ../../build/bno_imu build --build-base /home/maro/3D_Mapping_Sphere_ROS2/mapping_ws/build/bno_imu/build install --record /home/maro/3D_Mapping_Sphere_ROS2/mapping_ws/build/bno_imu/install.log --single-version-externally-managed install_data
[2.419s] running egg_info
[2.419s] creating ../../build/bno_imu/bno_imu.egg-info
[2.452s] writing ../../build/bno_imu/bno_imu.egg-info/PKG-INFO
[2.453s] writing dependency_links to ../../build/bno_imu/bno_imu.egg-info/dependency_links.txt
[2.453s] writing entry points to ../../build/bno_imu/bno_imu.egg-info/entry_points.txt
[2.453s] writing requirements to ../../build/bno_imu/bno_imu.egg-info/requires.txt
[2.453s] writing top-level names to ../../build/bno_imu/bno_imu.egg-info/top_level.txt
[2.454s] writing manifest file '../../build/bno_imu/bno_imu.egg-info/SOURCES.txt'
[2.519s] reading manifest file '../../build/bno_imu/bno_imu.egg-info/SOURCES.txt'
[2.520s] writing manifest file '../../build/bno_imu/bno_imu.egg-info/SOURCES.txt'
[2.522s] running build
[2.522s] running build_py
[2.523s] creating /home/maro/3D_Mapping_Sphere_ROS2/mapping_ws/build/bno_imu/build
[2.523s] creating /home/maro/3D_Mapping_Sphere_ROS2/mapping_ws/build/bno_imu/build/lib
[2.523s] creating /home/maro/3D_Mapping_Sphere_ROS2/mapping_ws/build/bno_imu/build/lib/bno_imu
[2.523s] copying bno_imu/bno_imu_node.py -> /home/maro/3D_Mapping_Sphere_ROS2/mapping_ws/build/bno_imu/build/lib/bno_imu
[2.530s] copying bno_imu/__init__.py -> /home/maro/3D_Mapping_Sphere_ROS2/mapping_ws/build/bno_imu/build/lib/bno_imu
[2.531s] running install
[2.543s] running install_lib
[2.572s] creating /home/maro/3D_Mapping_Sphere_ROS2/mapping_ws/install/bno_imu/lib/python3.12/site-packages/bno_imu
[2.572s] copying /home/maro/3D_Mapping_Sphere_ROS2/mapping_ws/build/bno_imu/build/lib/bno_imu/bno_imu_node.py -> /home/maro/3D_Mapping_Sphere_ROS2/mapping_ws/install/bno_imu/lib/python3.12/site-packages/bno_imu
[2.572s] copying /home/maro/3D_Mapping_Sphere_ROS2/mapping_ws/build/bno_imu/build/lib/bno_imu/__init__.py -> /home/maro/3D_Mapping_Sphere_ROS2/mapping_ws/install/bno_imu/lib/python3.12/site-packages/bno_imu
[2.573s] byte-compiling /home/maro/3D_Mapping_Sphere_ROS2/mapping_ws/install/bno_imu/lib/python3.12/site-packages/bno_imu/bno_imu_node.py to bno_imu_node.cpython-312.pyc
[2.575s] byte-compiling /home/maro/3D_Mapping_Sphere_ROS2/mapping_ws/install/bno_imu/lib/python3.12/site-packages/bno_imu/__init__.py to __init__.cpython-312.pyc
[2.575s] running install_data
[2.575s] creating /home/maro/3D_Mapping_Sphere_ROS2/mapping_ws/install/bno_imu/share/ament_index
[2.575s] creating /home/maro/3D_Mapping_Sphere_ROS2/mapping_ws/install/bno_imu/share/ament_index/resource_index
[2.575s] creating /home/maro/3D_Mapping_Sphere_ROS2/mapping_ws/install/bno_imu/share/ament_index/resource_index/packages
[2.575s] copying resource/bno_imu -> /home/maro/3D_Mapping_Sphere_ROS2/mapping_ws/install/bno_imu/share/ament_index/resource_index/packages
[2.576s] copying package.xml -> /home/maro/3D_Mapping_Sphere_ROS2/mapping_ws/install/bno_imu/share/bno_imu
[2.576s] creating /home/maro/3D_Mapping_Sphere_ROS2/mapping_ws/install/bno_imu/share/bno_imu/launch
[2.576s] copying launch/bno08x_imu_launch.py -> /home/maro/3D_Mapping_Sphere_ROS2/mapping_ws/install/bno_imu/share/bno_imu/launch
[2.576s] running install_egg_info
[2.614s] Copying ../../build/bno_imu/bno_imu.egg-info to /home/maro/3D_Mapping_Sphere_ROS2/mapping_ws/install/bno_imu/lib/python3.12/site-packages/bno_imu-0.0.0-py3.12.egg-info
[2.616s] running install_scripts
[2.847s] Installing bno_imu_node script to /home/maro/3D_Mapping_Sphere_ROS2/mapping_ws/install/bno_imu/lib/bno_imu
[2.848s] writing list of installed files to '/home/maro/3D_Mapping_Sphere_ROS2/mapping_ws/build/bno_imu/install.log'
[2.973s] Invoked command in '/home/maro/3D_Mapping_Sphere_ROS2/mapping_ws/src/bno_imu' returned '0': DEBUGINFOD_URLS=https://debuginfod.ubuntu.com PYTHONPATH=/home/maro/3D_Mapping_Sphere_ROS2/mapping_ws/build/bno_imu/prefix_override:/usr/lib/python3/dist-packages/colcon_core/task/python/colcon_distutils_commands:/home/maro/3D_Mapping_Sphere_ROS2/mapping_ws/install/bno_imu/lib/python3.12/site-packages:${PYTHONPATH} /usr/bin/python3 -W ignore:setup.py install is deprecated -W ignore:easy_install command is deprecated setup.py egg_info --egg-base ../../build/bno_imu build --build-base /home/maro/3D_Mapping_Sphere_ROS2/mapping_ws/build/bno_imu/build install --record /home/maro/3D_Mapping_Sphere_ROS2/mapping_ws/build/bno_imu/install.log --single-version-externally-managed install_data
