[0.451s] DEBUG:colcon:Command line arguments: ['/usr/bin/colcon', 'build']
[0.452s] DEBUG:colcon:Parsed command line arguments: Namespace(log_base=None, log_level=None, verb_name='build', build_base='build', install_base='install', merge_install=False, symlink_install=False, test_result_base=None, continue_on_error=False, executor='parallel', parallel_workers=4, event_handlers=None, ignore_user_meta=False, metas=['./colcon.meta'], base_paths=['.'], packages_ignore=None, packages_ignore_regex=None, paths=None, packages_up_to=None, packages_up_to_regex=None, packages_above=None, packages_above_and_dependencies=None, packages_above_depth=None, packages_select_by_dep=None, packages_skip_by_dep=None, packages_skip_up_to=None, packages_select_build_failed=False, packages_skip_build_finished=False, packages_select_test_failures=False, packages_skip_test_passed=False, packages_select=None, packages_skip=None, packages_select_regex=None, packages_skip_regex=None, packages_start=None, packages_end=None, allow_overriding=[], cmake_args=None, cmake_target=None, cmake_target_skip_unavailable=False, cmake_clean_cache=False, cmake_clean_first=False, cmake_force_configure=False, meson_args=[], ament_cmake_args=None, catkin_cmake_args=None, catkin_skip_building_tests=False, mixin_files=None, mixin=None, verb_parser=<colcon_mixin.mixin.mixin_argument.MixinArgumentDecorator object at 0xffffa56a0cb0>, verb_extension=<colcon_core.verb.build.BuildVerb object at 0xffffa585d160>, main=<bound method BuildVerb.main of <colcon_core.verb.build.BuildVerb object at 0xffffa585d160>>, mixin_verb=('build',))
[0.541s] Level 1:colcon.colcon_core.package_discovery:discover_packages(colcon_meta) check parameters
[0.542s] Level 1:colcon.colcon_core.package_discovery:discover_packages(recursive) check parameters
[0.542s] Level 1:colcon.colcon_core.package_discovery:discover_packages(ignore) check parameters
[0.542s] Level 1:colcon.colcon_core.package_discovery:discover_packages(path) check parameters
[0.542s] Level 1:colcon.colcon_core.package_discovery:discover_packages(colcon_meta) discover
[0.542s] Level 1:colcon.colcon_core.package_discovery:discover_packages(recursive) discover
[0.542s] INFO:colcon.colcon_core.package_discovery:Crawling recursively for packages in '/home/maro/3D_Mapping_Sphere_ROS2/Acuators_ws'
[0.542s] Level 1:colcon.colcon_core.package_identification:_identify(.) by extensions ['ignore', 'ignore_ament_install']
[0.542s] Level 1:colcon.colcon_core.package_identification:_identify(.) by extension 'ignore'
[0.542s] Level 1:colcon.colcon_core.package_identification:_identify(.) by extension 'ignore_ament_install'
[0.542s] Level 1:colcon.colcon_core.package_identification:_identify(.) by extensions ['colcon_pkg']
[0.542s] Level 1:colcon.colcon_core.package_identification:_identify(.) by extension 'colcon_pkg'
[0.542s] Level 1:colcon.colcon_core.package_identification:_identify(.) by extensions ['colcon_meta']
[0.543s] Level 1:colcon.colcon_core.package_identification:_identify(.) by extension 'colcon_meta'
[0.543s] Level 1:colcon.colcon_core.package_identification:_identify(.) by extensions ['ros']
[0.543s] Level 1:colcon.colcon_core.package_identification:_identify(.) by extension 'ros'
[0.625s] Level 1:colcon.colcon_core.package_identification:_identify(.) by extensions ['cmake', 'meson', 'python']
[0.626s] Level 1:colcon.colcon_core.package_identification:_identify(.) by extension 'cmake'
[0.626s] Level 1:colcon.colcon_core.package_identification:_identify(.) by extension 'meson'
[0.626s] Level 1:colcon.colcon_core.package_identification:_identify(.) by extension 'python'
[0.626s] Level 1:colcon.colcon_core.package_identification:_identify(.) by extensions ['python_setup_py']
[0.626s] Level 1:colcon.colcon_core.package_identification:_identify(.) by extension 'python_setup_py'
[0.626s] Level 1:colcon.colcon_core.package_identification:_identify(build) by extensions ['ignore', 'ignore_ament_install']
[0.626s] Level 1:colcon.colcon_core.package_identification:_identify(build) by extension 'ignore'
[0.626s] Level 1:colcon.colcon_core.package_identification:_identify(build) ignored
[0.626s] Level 1:colcon.colcon_core.package_identification:_identify(install) by extensions ['ignore', 'ignore_ament_install']
[0.627s] Level 1:colcon.colcon_core.package_identification:_identify(install) by extension 'ignore'
[0.627s] Level 1:colcon.colcon_core.package_identification:_identify(install) ignored
[0.627s] Level 1:colcon.colcon_core.package_identification:_identify(log) by extensions ['ignore', 'ignore_ament_install']
[0.627s] Level 1:colcon.colcon_core.package_identification:_identify(log) by extension 'ignore'
[0.627s] Level 1:colcon.colcon_core.package_identification:_identify(log) ignored
[0.628s] Level 1:colcon.colcon_core.package_identification:_identify(src) by extensions ['ignore', 'ignore_ament_install']
[0.628s] Level 1:colcon.colcon_core.package_identification:_identify(src) by extension 'ignore'
[0.628s] Level 1:colcon.colcon_core.package_identification:_identify(src) by extension 'ignore_ament_install'
[0.628s] Level 1:colcon.colcon_core.package_identification:_identify(src) by extensions ['colcon_pkg']
[0.628s] Level 1:colcon.colcon_core.package_identification:_identify(src) by extension 'colcon_pkg'
[0.628s] Level 1:colcon.colcon_core.package_identification:_identify(src) by extensions ['colcon_meta']
[0.628s] Level 1:colcon.colcon_core.package_identification:_identify(src) by extension 'colcon_meta'
[0.628s] Level 1:colcon.colcon_core.package_identification:_identify(src) by extensions ['ros']
[0.628s] Level 1:colcon.colcon_core.package_identification:_identify(src) by extension 'ros'
[0.629s] Level 1:colcon.colcon_core.package_identification:_identify(src) by extensions ['cmake', 'meson', 'python']
[0.629s] Level 1:colcon.colcon_core.package_identification:_identify(src) by extension 'cmake'
[0.629s] Level 1:colcon.colcon_core.package_identification:_identify(src) by extension 'meson'
[0.629s] Level 1:colcon.colcon_core.package_identification:_identify(src) by extension 'python'
[0.629s] Level 1:colcon.colcon_core.package_identification:_identify(src) by extensions ['python_setup_py']
[0.629s] Level 1:colcon.colcon_core.package_identification:_identify(src) by extension 'python_setup_py'
[0.629s] Level 1:colcon.colcon_core.package_identification:_identify(src/khonsu) by extensions ['ignore', 'ignore_ament_install']
[0.629s] Level 1:colcon.colcon_core.package_identification:_identify(src/khonsu) by extension 'ignore'
[0.629s] Level 1:colcon.colcon_core.package_identification:_identify(src/khonsu) by extension 'ignore_ament_install'
[0.629s] Level 1:colcon.colcon_core.package_identification:_identify(src/khonsu) by extensions ['colcon_pkg']
[0.629s] Level 1:colcon.colcon_core.package_identification:_identify(src/khonsu) by extension 'colcon_pkg'
[0.629s] Level 1:colcon.colcon_core.package_identification:_identify(src/khonsu) by extensions ['colcon_meta']
[0.629s] Level 1:colcon.colcon_core.package_identification:_identify(src/khonsu) by extension 'colcon_meta'
[0.629s] Level 1:colcon.colcon_core.package_identification:_identify(src/khonsu) by extensions ['ros']
[0.630s] Level 1:colcon.colcon_core.package_identification:_identify(src/khonsu) by extension 'ros'
[0.634s] DEBUG:colcon.colcon_core.package_identification:Package 'src/khonsu' with type 'ros.ament_python' and name 'khonsu'
[0.634s] Level 1:colcon.colcon_core.package_identification:_identify(src/logitech_controller) by extensions ['ignore', 'ignore_ament_install']
[0.635s] Level 1:colcon.colcon_core.package_identification:_identify(src/logitech_controller) by extension 'ignore'
[0.635s] Level 1:colcon.colcon_core.package_identification:_identify(src/logitech_controller) by extension 'ignore_ament_install'
[0.635s] Level 1:colcon.colcon_core.package_identification:_identify(src/logitech_controller) by extensions ['colcon_pkg']
[0.635s] Level 1:colcon.colcon_core.package_identification:_identify(src/logitech_controller) by extension 'colcon_pkg'
[0.635s] Level 1:colcon.colcon_core.package_identification:_identify(src/logitech_controller) by extensions ['colcon_meta']
[0.635s] Level 1:colcon.colcon_core.package_identification:_identify(src/logitech_controller) by extension 'colcon_meta'
[0.635s] Level 1:colcon.colcon_core.package_identification:_identify(src/logitech_controller) by extensions ['ros']
[0.635s] Level 1:colcon.colcon_core.package_identification:_identify(src/logitech_controller) by extension 'ros'
[0.636s] DEBUG:colcon.colcon_core.package_identification:Package 'src/logitech_controller' with type 'ros.ament_cmake' and name 'logitech_controller'
[0.636s] Level 1:colcon.colcon_core.package_identification:_identify(src/logitech_msgs) by extensions ['ignore', 'ignore_ament_install']
[0.636s] Level 1:colcon.colcon_core.package_identification:_identify(src/logitech_msgs) by extension 'ignore'
[0.637s] Level 1:colcon.colcon_core.package_identification:_identify(src/logitech_msgs) by extension 'ignore_ament_install'
[0.637s] Level 1:colcon.colcon_core.package_identification:_identify(src/logitech_msgs) by extensions ['colcon_pkg']
[0.637s] Level 1:colcon.colcon_core.package_identification:_identify(src/logitech_msgs) by extension 'colcon_pkg'
[0.637s] Level 1:colcon.colcon_core.package_identification:_identify(src/logitech_msgs) by extensions ['colcon_meta']
[0.637s] Level 1:colcon.colcon_core.package_identification:_identify(src/logitech_msgs) by extension 'colcon_meta'
[0.637s] Level 1:colcon.colcon_core.package_identification:_identify(src/logitech_msgs) by extensions ['ros']
[0.637s] Level 1:colcon.colcon_core.package_identification:_identify(src/logitech_msgs) by extension 'ros'
[0.638s] DEBUG:colcon.colcon_core.package_identification:Package 'src/logitech_msgs' with type 'ros.ament_cmake' and name 'logitech_msgs'
[0.638s] Level 1:colcon.colcon_core.package_identification:_identify(src/servo_pwm_node) by extensions ['ignore', 'ignore_ament_install']
[0.638s] Level 1:colcon.colcon_core.package_identification:_identify(src/servo_pwm_node) by extension 'ignore'
[0.638s] Level 1:colcon.colcon_core.package_identification:_identify(src/servo_pwm_node) by extension 'ignore_ament_install'
[0.638s] Level 1:colcon.colcon_core.package_identification:_identify(src/servo_pwm_node) by extensions ['colcon_pkg']
[0.638s] Level 1:colcon.colcon_core.package_identification:_identify(src/servo_pwm_node) by extension 'colcon_pkg'
[0.638s] Level 1:colcon.colcon_core.package_identification:_identify(src/servo_pwm_node) by extensions ['colcon_meta']
[0.638s] Level 1:colcon.colcon_core.package_identification:_identify(src/servo_pwm_node) by extension 'colcon_meta'
[0.638s] Level 1:colcon.colcon_core.package_identification:_identify(src/servo_pwm_node) by extensions ['ros']
[0.638s] Level 1:colcon.colcon_core.package_identification:_identify(src/servo_pwm_node) by extension 'ros'
[0.639s] DEBUG:colcon.colcon_core.package_identification:Package 'src/servo_pwm_node' with type 'ros.ament_cmake' and name 'servo_pwm_node'
[0.640s] Level 1:colcon.colcon_core.package_identification:_identify(src/waveshare_servo) by extensions ['ignore', 'ignore_ament_install']
[0.640s] Level 1:colcon.colcon_core.package_identification:_identify(src/waveshare_servo) by extension 'ignore'
[0.640s] Level 1:colcon.colcon_core.package_identification:_identify(src/waveshare_servo) by extension 'ignore_ament_install'
[0.640s] Level 1:colcon.colcon_core.package_identification:_identify(src/waveshare_servo) by extensions ['colcon_pkg']
[0.640s] Level 1:colcon.colcon_core.package_identification:_identify(src/waveshare_servo) by extension 'colcon_pkg'
[0.640s] Level 1:colcon.colcon_core.package_identification:_identify(src/waveshare_servo) by extensions ['colcon_meta']
[0.640s] Level 1:colcon.colcon_core.package_identification:_identify(src/waveshare_servo) by extension 'colcon_meta'
[0.640s] Level 1:colcon.colcon_core.package_identification:_identify(src/waveshare_servo) by extensions ['ros']
[0.640s] Level 1:colcon.colcon_core.package_identification:_identify(src/waveshare_servo) by extension 'ros'
[0.641s] DEBUG:colcon.colcon_core.package_identification:Package 'src/waveshare_servo' with type 'ros.ament_python' and name 'waveshare_servo'
[0.641s] Level 1:colcon.colcon_core.package_discovery:discover_packages(recursive) using defaults
[0.641s] Level 1:colcon.colcon_core.package_discovery:discover_packages(ignore) discover
[0.641s] Level 1:colcon.colcon_core.package_discovery:discover_packages(ignore) using defaults
[0.641s] Level 1:colcon.colcon_core.package_discovery:discover_packages(path) discover
[0.641s] Level 1:colcon.colcon_core.package_discovery:discover_packages(path) using defaults
[0.672s] Level 1:colcon.colcon_core.package_discovery:discover_packages(prefix_path) check parameters
[0.673s] Level 1:colcon.colcon_core.package_discovery:discover_packages(prefix_path) discover
[0.678s] DEBUG:colcon.colcon_installed_package_information.package_discovery:Found 5 installed packages in /home/maro/3D_Mapping_Sphere_ROS2/Acuators_ws/install
[0.681s] DEBUG:colcon.colcon_installed_package_information.package_discovery:Found 309 installed packages in /opt/ros/jazzy
[0.683s] Level 1:colcon.colcon_core.package_discovery:discover_packages(prefix_path) using defaults
[0.768s] Level 5:colcon.colcon_core.verb:set package 'logitech_msgs' build argument 'cmake_args' from command line to 'None'
[0.768s] Level 5:colcon.colcon_core.verb:set package 'logitech_msgs' build argument 'cmake_target' from command line to 'None'
[0.768s] Level 5:colcon.colcon_core.verb:set package 'logitech_msgs' build argument 'cmake_target_skip_unavailable' from command line to 'False'
[0.769s] Level 5:colcon.colcon_core.verb:set package 'logitech_msgs' build argument 'cmake_clean_cache' from command line to 'False'
[0.769s] Level 5:colcon.colcon_core.verb:set package 'logitech_msgs' build argument 'cmake_clean_first' from command line to 'False'
[0.769s] Level 5:colcon.colcon_core.verb:set package 'logitech_msgs' build argument 'cmake_force_configure' from command line to 'False'
[0.769s] Level 5:colcon.colcon_core.verb:set package 'logitech_msgs' build argument 'meson_args' from command line to '[]'
[0.769s] Level 5:colcon.colcon_core.verb:set package 'logitech_msgs' build argument 'ament_cmake_args' from command line to 'None'
[0.769s] Level 5:colcon.colcon_core.verb:set package 'logitech_msgs' build argument 'catkin_cmake_args' from command line to 'None'
[0.769s] Level 5:colcon.colcon_core.verb:set package 'logitech_msgs' build argument 'catkin_skip_building_tests' from command line to 'False'
[0.769s] DEBUG:colcon.colcon_core.verb:Building package 'logitech_msgs' with the following arguments: {'ament_cmake_args': None, 'build_base': '/home/maro/3D_Mapping_Sphere_ROS2/Acuators_ws/build/logitech_msgs', 'catkin_cmake_args': None, 'catkin_skip_building_tests': False, 'cmake_args': None, 'cmake_clean_cache': False, 'cmake_clean_first': False, 'cmake_force_configure': False, 'cmake_target': None, 'cmake_target_skip_unavailable': False, 'install_base': '/home/maro/3D_Mapping_Sphere_ROS2/Acuators_ws/install/logitech_msgs', 'merge_install': False, 'meson_args': [], 'path': '/home/maro/3D_Mapping_Sphere_ROS2/Acuators_ws/src/logitech_msgs', 'symlink_install': False, 'test_result_base': None}
[0.783s] Level 5:colcon.colcon_core.verb:set package 'logitech_controller' build argument 'cmake_args' from command line to 'None'
[0.783s] Level 5:colcon.colcon_core.verb:set package 'logitech_controller' build argument 'cmake_target' from command line to 'None'
[0.783s] Level 5:colcon.colcon_core.verb:set package 'logitech_controller' build argument 'cmake_target_skip_unavailable' from command line to 'False'
[0.783s] Level 5:colcon.colcon_core.verb:set package 'logitech_controller' build argument 'cmake_clean_cache' from command line to 'False'
[0.783s] Level 5:colcon.colcon_core.verb:set package 'logitech_controller' build argument 'cmake_clean_first' from command line to 'False'
[0.783s] Level 5:colcon.colcon_core.verb:set package 'logitech_controller' build argument 'cmake_force_configure' from command line to 'False'
[0.783s] Level 5:colcon.colcon_core.verb:set package 'logitech_controller' build argument 'meson_args' from command line to '[]'
[0.783s] Level 5:colcon.colcon_core.verb:set package 'logitech_controller' build argument 'ament_cmake_args' from command line to 'None'
[0.783s] Level 5:colcon.colcon_core.verb:set package 'logitech_controller' build argument 'catkin_cmake_args' from command line to 'None'
[0.783s] Level 5:colcon.colcon_core.verb:set package 'logitech_controller' build argument 'catkin_skip_building_tests' from command line to 'False'
[0.783s] DEBUG:colcon.colcon_core.verb:Building package 'logitech_controller' with the following arguments: {'ament_cmake_args': None, 'build_base': '/home/maro/3D_Mapping_Sphere_ROS2/Acuators_ws/build/logitech_controller', 'catkin_cmake_args': None, 'catkin_skip_building_tests': False, 'cmake_args': None, 'cmake_clean_cache': False, 'cmake_clean_first': False, 'cmake_force_configure': False, 'cmake_target': None, 'cmake_target_skip_unavailable': False, 'install_base': '/home/maro/3D_Mapping_Sphere_ROS2/Acuators_ws/install/logitech_controller', 'merge_install': False, 'meson_args': [], 'path': '/home/maro/3D_Mapping_Sphere_ROS2/Acuators_ws/src/logitech_controller', 'symlink_install': False, 'test_result_base': None}
[0.797s] Level 5:colcon.colcon_core.verb:set package 'servo_pwm_node' build argument 'cmake_args' from command line to 'None'
[0.798s] Level 5:colcon.colcon_core.verb:set package 'servo_pwm_node' build argument 'cmake_target' from command line to 'None'
[0.798s] Level 5:colcon.colcon_core.verb:set package 'servo_pwm_node' build argument 'cmake_target_skip_unavailable' from command line to 'False'
[0.798s] Level 5:colcon.colcon_core.verb:set package 'servo_pwm_node' build argument 'cmake_clean_cache' from command line to 'False'
[0.798s] Level 5:colcon.colcon_core.verb:set package 'servo_pwm_node' build argument 'cmake_clean_first' from command line to 'False'
[0.798s] Level 5:colcon.colcon_core.verb:set package 'servo_pwm_node' build argument 'cmake_force_configure' from command line to 'False'
[0.798s] Level 5:colcon.colcon_core.verb:set package 'servo_pwm_node' build argument 'meson_args' from command line to '[]'
[0.798s] Level 5:colcon.colcon_core.verb:set package 'servo_pwm_node' build argument 'ament_cmake_args' from command line to 'None'
[0.798s] Level 5:colcon.colcon_core.verb:set package 'servo_pwm_node' build argument 'catkin_cmake_args' from command line to 'None'
[0.798s] Level 5:colcon.colcon_core.verb:set package 'servo_pwm_node' build argument 'catkin_skip_building_tests' from command line to 'False'
[0.798s] DEBUG:colcon.colcon_core.verb:Building package 'servo_pwm_node' with the following arguments: {'ament_cmake_args': None, 'build_base': '/home/maro/3D_Mapping_Sphere_ROS2/Acuators_ws/build/servo_pwm_node', 'catkin_cmake_args': None, 'catkin_skip_building_tests': False, 'cmake_args': None, 'cmake_clean_cache': False, 'cmake_clean_first': False, 'cmake_force_configure': False, 'cmake_target': None, 'cmake_target_skip_unavailable': False, 'install_base': '/home/maro/3D_Mapping_Sphere_ROS2/Acuators_ws/install/servo_pwm_node', 'merge_install': False, 'meson_args': [], 'path': '/home/maro/3D_Mapping_Sphere_ROS2/Acuators_ws/src/servo_pwm_node', 'symlink_install': False, 'test_result_base': None}
[0.812s] Level 5:colcon.colcon_core.verb:set package 'waveshare_servo' build argument 'cmake_args' from command line to 'None'
[0.812s] Level 5:colcon.colcon_core.verb:set package 'waveshare_servo' build argument 'cmake_target' from command line to 'None'
[0.812s] Level 5:colcon.colcon_core.verb:set package 'waveshare_servo' build argument 'cmake_target_skip_unavailable' from command line to 'False'
[0.812s] Level 5:colcon.colcon_core.verb:set package 'waveshare_servo' build argument 'cmake_clean_cache' from command line to 'False'
[0.812s] Level 5:colcon.colcon_core.verb:set package 'waveshare_servo' build argument 'cmake_clean_first' from command line to 'False'
[0.812s] Level 5:colcon.colcon_core.verb:set package 'waveshare_servo' build argument 'cmake_force_configure' from command line to 'False'
[0.813s] Level 5:colcon.colcon_core.verb:set package 'waveshare_servo' build argument 'meson_args' from command line to '[]'
[0.813s] Level 5:colcon.colcon_core.verb:set package 'waveshare_servo' build argument 'ament_cmake_args' from command line to 'None'
[0.813s] Level 5:colcon.colcon_core.verb:set package 'waveshare_servo' build argument 'catkin_cmake_args' from command line to 'None'
[0.813s] Level 5:colcon.colcon_core.verb:set package 'waveshare_servo' build argument 'catkin_skip_building_tests' from command line to 'False'
[0.813s] DEBUG:colcon.colcon_core.verb:Building package 'waveshare_servo' with the following arguments: {'ament_cmake_args': None, 'build_base': '/home/maro/3D_Mapping_Sphere_ROS2/Acuators_ws/build/waveshare_servo', 'catkin_cmake_args': None, 'catkin_skip_building_tests': False, 'cmake_args': None, 'cmake_clean_cache': False, 'cmake_clean_first': False, 'cmake_force_configure': False, 'cmake_target': None, 'cmake_target_skip_unavailable': False, 'install_base': '/home/maro/3D_Mapping_Sphere_ROS2/Acuators_ws/install/waveshare_servo', 'merge_install': False, 'meson_args': [], 'path': '/home/maro/3D_Mapping_Sphere_ROS2/Acuators_ws/src/waveshare_servo', 'symlink_install': False, 'test_result_base': None}
[0.831s] Level 5:colcon.colcon_core.verb:set package 'khonsu' build argument 'cmake_args' from command line to 'None'
[0.831s] Level 5:colcon.colcon_core.verb:set package 'khonsu' build argument 'cmake_target' from command line to 'None'
[0.831s] Level 5:colcon.colcon_core.verb:set package 'khonsu' build argument 'cmake_target_skip_unavailable' from command line to 'False'
[0.831s] Level 5:colcon.colcon_core.verb:set package 'khonsu' build argument 'cmake_clean_cache' from command line to 'False'
[0.831s] Level 5:colcon.colcon_core.verb:set package 'khonsu' build argument 'cmake_clean_first' from command line to 'False'
[0.831s] Level 5:colcon.colcon_core.verb:set package 'khonsu' build argument 'cmake_force_configure' from command line to 'False'
[0.831s] Level 5:colcon.colcon_core.verb:set package 'khonsu' build argument 'meson_args' from command line to '[]'
[0.831s] Level 5:colcon.colcon_core.verb:set package 'khonsu' build argument 'ament_cmake_args' from command line to 'None'
[0.831s] Level 5:colcon.colcon_core.verb:set package 'khonsu' build argument 'catkin_cmake_args' from command line to 'None'
[0.831s] Level 5:colcon.colcon_core.verb:set package 'khonsu' build argument 'catkin_skip_building_tests' from command line to 'False'
[0.831s] DEBUG:colcon.colcon_core.verb:Building package 'khonsu' with the following arguments: {'ament_cmake_args': None, 'build_base': '/home/maro/3D_Mapping_Sphere_ROS2/Acuators_ws/build/khonsu', 'catkin_cmake_args': None, 'catkin_skip_building_tests': False, 'cmake_args': None, 'cmake_clean_cache': False, 'cmake_clean_first': False, 'cmake_force_configure': False, 'cmake_target': None, 'cmake_target_skip_unavailable': False, 'install_base': '/home/maro/3D_Mapping_Sphere_ROS2/Acuators_ws/install/khonsu', 'merge_install': False, 'meson_args': [], 'path': '/home/maro/3D_Mapping_Sphere_ROS2/Acuators_ws/src/khonsu', 'symlink_install': False, 'test_result_base': None}
[0.832s] INFO:colcon.colcon_core.executor:Executing jobs using 'parallel' executor
[0.833s] DEBUG:colcon.colcon_parallel_executor.executor.parallel:run_until_complete
[0.833s] INFO:colcon.colcon_ros.task.ament_cmake.build:Building ROS package in '/home/maro/3D_Mapping_Sphere_ROS2/Acuators_ws/src/logitech_msgs' with build type 'ament_cmake'
[0.834s] INFO:colcon.colcon_cmake.task.cmake.build:Building CMake package in '/home/maro/3D_Mapping_Sphere_ROS2/Acuators_ws/src/logitech_msgs'
[0.849s] INFO:colcon.colcon_core.plugin_system:Skipping extension 'colcon_core.shell.bat': Not used on non-Windows systems
[0.849s] INFO:colcon.colcon_core.shell:Skip shell extension 'powershell' for command environment: Not usable outside of PowerShell
[0.849s] DEBUG:colcon.colcon_core.shell:Skip shell extension 'dsv' for command environment
[0.865s] DEBUG:colcon.colcon_core.event_handler.log_command:Invoking command in '/home/maro/3D_Mapping_Sphere_ROS2/Acuators_ws/build/logitech_msgs': CMAKE_PREFIX_PATH=${CMAKE_PREFIX_PATH}:/home/maro/3D_Mapping_Sphere_ROS2/Acuators_ws/install/khonsu:/home/maro/3D_Mapping_Sphere_ROS2/Acuators_ws/install/waveshare_servo:/opt/ros/jazzy DEBUGINFOD_URLS=https://debuginfod.ubuntu.com /usr/bin/cmake --build /home/maro/3D_Mapping_Sphere_ROS2/Acuators_ws/build/logitech_msgs -- -j4 -l4
[1.795s] DEBUG:colcon.colcon_core.event_handler.log_command:Invoked command in '/home/maro/3D_Mapping_Sphere_ROS2/Acuators_ws/build/logitech_msgs' returned '0': CMAKE_PREFIX_PATH=${CMAKE_PREFIX_PATH}:/home/maro/3D_Mapping_Sphere_ROS2/Acuators_ws/install/khonsu:/home/maro/3D_Mapping_Sphere_ROS2/Acuators_ws/install/waveshare_servo:/opt/ros/jazzy DEBUGINFOD_URLS=https://debuginfod.ubuntu.com /usr/bin/cmake --build /home/maro/3D_Mapping_Sphere_ROS2/Acuators_ws/build/logitech_msgs -- -j4 -l4
[1.824s] DEBUG:colcon.colcon_core.event_handler.log_command:Invoking command in '/home/maro/3D_Mapping_Sphere_ROS2/Acuators_ws/build/logitech_msgs': CMAKE_PREFIX_PATH=${CMAKE_PREFIX_PATH}:/home/maro/3D_Mapping_Sphere_ROS2/Acuators_ws/install/khonsu:/home/maro/3D_Mapping_Sphere_ROS2/Acuators_ws/install/waveshare_servo:/opt/ros/jazzy DEBUGINFOD_URLS=https://debuginfod.ubuntu.com /usr/bin/cmake --install /home/maro/3D_Mapping_Sphere_ROS2/Acuators_ws/build/logitech_msgs
[1.955s] Level 1:colcon.colcon_core.environment:create_environment_scripts_only(logitech_msgs)
[1.957s] DEBUG:colcon.colcon_core.event_handler.log_command:Invoked command in '/home/maro/3D_Mapping_Sphere_ROS2/Acuators_ws/build/logitech_msgs' returned '0': CMAKE_PREFIX_PATH=${CMAKE_PREFIX_PATH}:/home/maro/3D_Mapping_Sphere_ROS2/Acuators_ws/install/khonsu:/home/maro/3D_Mapping_Sphere_ROS2/Acuators_ws/install/waveshare_servo:/opt/ros/jazzy DEBUGINFOD_URLS=https://debuginfod.ubuntu.com /usr/bin/cmake --install /home/maro/3D_Mapping_Sphere_ROS2/Acuators_ws/build/logitech_msgs
[1.966s] Level 1:colcon.colcon_core.environment:checking '/home/maro/3D_Mapping_Sphere_ROS2/Acuators_ws/install/logitech_msgs' for CMake module files
[1.967s] Level 1:colcon.colcon_core.environment:checking '/home/maro/3D_Mapping_Sphere_ROS2/Acuators_ws/install/logitech_msgs' for CMake config files
[1.968s] Level 1:colcon.colcon_core.shell:create_environment_hook('logitech_msgs', 'cmake_prefix_path')
[1.968s] INFO:colcon.colcon_core.shell:Creating environment hook '/home/maro/3D_Mapping_Sphere_ROS2/Acuators_ws/install/logitech_msgs/share/logitech_msgs/hook/cmake_prefix_path.ps1'
[1.969s] INFO:colcon.colcon_core.shell:Creating environment descriptor '/home/maro/3D_Mapping_Sphere_ROS2/Acuators_ws/install/logitech_msgs/share/logitech_msgs/hook/cmake_prefix_path.dsv'
[1.970s] INFO:colcon.colcon_core.shell:Creating environment hook '/home/maro/3D_Mapping_Sphere_ROS2/Acuators_ws/install/logitech_msgs/share/logitech_msgs/hook/cmake_prefix_path.sh'
[1.971s] Level 1:colcon.colcon_core.environment:checking '/home/maro/3D_Mapping_Sphere_ROS2/Acuators_ws/install/logitech_msgs/lib'
[1.972s] Level 1:colcon.colcon_core.shell:create_environment_hook('logitech_msgs', 'ld_library_path_lib')
[1.972s] INFO:colcon.colcon_core.shell:Creating environment hook '/home/maro/3D_Mapping_Sphere_ROS2/Acuators_ws/install/logitech_msgs/share/logitech_msgs/hook/ld_library_path_lib.ps1'
[1.973s] INFO:colcon.colcon_core.shell:Creating environment descriptor '/home/maro/3D_Mapping_Sphere_ROS2/Acuators_ws/install/logitech_msgs/share/logitech_msgs/hook/ld_library_path_lib.dsv'
[1.973s] INFO:colcon.colcon_core.shell:Creating environment hook '/home/maro/3D_Mapping_Sphere_ROS2/Acuators_ws/install/logitech_msgs/share/logitech_msgs/hook/ld_library_path_lib.sh'
[1.974s] Level 1:colcon.colcon_core.environment:checking '/home/maro/3D_Mapping_Sphere_ROS2/Acuators_ws/install/logitech_msgs/bin'
[1.974s] Level 1:colcon.colcon_core.environment:checking '/home/maro/3D_Mapping_Sphere_ROS2/Acuators_ws/install/logitech_msgs/lib/pkgconfig/logitech_msgs.pc'
[1.975s] Level 1:colcon.colcon_core.environment:checking '/home/maro/3D_Mapping_Sphere_ROS2/Acuators_ws/install/logitech_msgs/lib/python3.12/site-packages'
[1.975s] Level 1:colcon.colcon_core.shell:create_environment_hook('logitech_msgs', 'pythonpath')
[1.975s] INFO:colcon.colcon_core.shell:Creating environment hook '/home/maro/3D_Mapping_Sphere_ROS2/Acuators_ws/install/logitech_msgs/share/logitech_msgs/hook/pythonpath.ps1'
[1.976s] INFO:colcon.colcon_core.shell:Creating environment descriptor '/home/maro/3D_Mapping_Sphere_ROS2/Acuators_ws/install/logitech_msgs/share/logitech_msgs/hook/pythonpath.dsv'
[1.977s] INFO:colcon.colcon_core.shell:Creating environment hook '/home/maro/3D_Mapping_Sphere_ROS2/Acuators_ws/install/logitech_msgs/share/logitech_msgs/hook/pythonpath.sh'
[1.979s] Level 1:colcon.colcon_core.environment:checking '/home/maro/3D_Mapping_Sphere_ROS2/Acuators_ws/install/logitech_msgs/bin'
[1.980s] INFO:colcon.colcon_core.shell:Creating package script '/home/maro/3D_Mapping_Sphere_ROS2/Acuators_ws/install/logitech_msgs/share/logitech_msgs/package.ps1'
[1.982s] INFO:colcon.colcon_core.shell:Creating package descriptor '/home/maro/3D_Mapping_Sphere_ROS2/Acuators_ws/install/logitech_msgs/share/logitech_msgs/package.dsv'
[1.984s] INFO:colcon.colcon_core.shell:Creating package script '/home/maro/3D_Mapping_Sphere_ROS2/Acuators_ws/install/logitech_msgs/share/logitech_msgs/package.sh'
[1.985s] INFO:colcon.colcon_core.shell:Creating package script '/home/maro/3D_Mapping_Sphere_ROS2/Acuators_ws/install/logitech_msgs/share/logitech_msgs/package.bash'
[1.987s] INFO:colcon.colcon_core.shell:Creating package script '/home/maro/3D_Mapping_Sphere_ROS2/Acuators_ws/install/logitech_msgs/share/logitech_msgs/package.zsh'
[1.988s] Level 1:colcon.colcon_core.environment:create_file_with_runtime_dependencies(/home/maro/3D_Mapping_Sphere_ROS2/Acuators_ws/install/logitech_msgs/share/colcon-core/packages/logitech_msgs)
[1.989s] Level 1:colcon.colcon_core.environment:create_environment_scripts_only(logitech_msgs)
[1.989s] Level 1:colcon.colcon_core.environment:checking '/home/maro/3D_Mapping_Sphere_ROS2/Acuators_ws/install/logitech_msgs' for CMake module files
[1.990s] Level 1:colcon.colcon_core.environment:checking '/home/maro/3D_Mapping_Sphere_ROS2/Acuators_ws/install/logitech_msgs' for CMake config files
[1.991s] Level 1:colcon.colcon_core.shell:create_environment_hook('logitech_msgs', 'cmake_prefix_path')
[1.991s] INFO:colcon.colcon_core.shell:Creating environment hook '/home/maro/3D_Mapping_Sphere_ROS2/Acuators_ws/install/logitech_msgs/share/logitech_msgs/hook/cmake_prefix_path.ps1'
[1.992s] INFO:colcon.colcon_core.shell:Creating environment descriptor '/home/maro/3D_Mapping_Sphere_ROS2/Acuators_ws/install/logitech_msgs/share/logitech_msgs/hook/cmake_prefix_path.dsv'
[1.992s] INFO:colcon.colcon_core.shell:Creating environment hook '/home/maro/3D_Mapping_Sphere_ROS2/Acuators_ws/install/logitech_msgs/share/logitech_msgs/hook/cmake_prefix_path.sh'
[1.993s] Level 1:colcon.colcon_core.environment:checking '/home/maro/3D_Mapping_Sphere_ROS2/Acuators_ws/install/logitech_msgs/lib'
[1.993s] Level 1:colcon.colcon_core.shell:create_environment_hook('logitech_msgs', 'ld_library_path_lib')
[1.993s] INFO:colcon.colcon_core.shell:Creating environment hook '/home/maro/3D_Mapping_Sphere_ROS2/Acuators_ws/install/logitech_msgs/share/logitech_msgs/hook/ld_library_path_lib.ps1'
[1.994s] INFO:colcon.colcon_core.shell:Creating environment descriptor '/home/maro/3D_Mapping_Sphere_ROS2/Acuators_ws/install/logitech_msgs/share/logitech_msgs/hook/ld_library_path_lib.dsv'
[1.994s] INFO:colcon.colcon_core.shell:Creating environment hook '/home/maro/3D_Mapping_Sphere_ROS2/Acuators_ws/install/logitech_msgs/share/logitech_msgs/hook/ld_library_path_lib.sh'
[1.995s] Level 1:colcon.colcon_core.environment:checking '/home/maro/3D_Mapping_Sphere_ROS2/Acuators_ws/install/logitech_msgs/bin'
[1.995s] Level 1:colcon.colcon_core.environment:checking '/home/maro/3D_Mapping_Sphere_ROS2/Acuators_ws/install/logitech_msgs/lib/pkgconfig/logitech_msgs.pc'
[1.995s] Level 1:colcon.colcon_core.environment:checking '/home/maro/3D_Mapping_Sphere_ROS2/Acuators_ws/install/logitech_msgs/lib/python3.12/site-packages'
[1.996s] Level 1:colcon.colcon_core.shell:create_environment_hook('logitech_msgs', 'pythonpath')
[1.996s] INFO:colcon.colcon_core.shell:Creating environment hook '/home/maro/3D_Mapping_Sphere_ROS2/Acuators_ws/install/logitech_msgs/share/logitech_msgs/hook/pythonpath.ps1'
[1.997s] INFO:colcon.colcon_core.shell:Creating environment descriptor '/home/maro/3D_Mapping_Sphere_ROS2/Acuators_ws/install/logitech_msgs/share/logitech_msgs/hook/pythonpath.dsv'
[1.997s] INFO:colcon.colcon_core.shell:Creating environment hook '/home/maro/3D_Mapping_Sphere_ROS2/Acuators_ws/install/logitech_msgs/share/logitech_msgs/hook/pythonpath.sh'
[1.998s] Level 1:colcon.colcon_core.environment:checking '/home/maro/3D_Mapping_Sphere_ROS2/Acuators_ws/install/logitech_msgs/bin'
[1.998s] INFO:colcon.colcon_core.shell:Creating package script '/home/maro/3D_Mapping_Sphere_ROS2/Acuators_ws/install/logitech_msgs/share/logitech_msgs/package.ps1'
[1.999s] INFO:colcon.colcon_core.shell:Creating package descriptor '/home/maro/3D_Mapping_Sphere_ROS2/Acuators_ws/install/logitech_msgs/share/logitech_msgs/package.dsv'
[2.000s] INFO:colcon.colcon_core.shell:Creating package script '/home/maro/3D_Mapping_Sphere_ROS2/Acuators_ws/install/logitech_msgs/share/logitech_msgs/package.sh'
[2.001s] INFO:colcon.colcon_core.shell:Creating package script '/home/maro/3D_Mapping_Sphere_ROS2/Acuators_ws/install/logitech_msgs/share/logitech_msgs/package.bash'
[2.001s] INFO:colcon.colcon_core.shell:Creating package script '/home/maro/3D_Mapping_Sphere_ROS2/Acuators_ws/install/logitech_msgs/share/logitech_msgs/package.zsh'
[2.002s] Level 1:colcon.colcon_core.environment:create_file_with_runtime_dependencies(/home/maro/3D_Mapping_Sphere_ROS2/Acuators_ws/install/logitech_msgs/share/colcon-core/packages/logitech_msgs)
[2.002s] INFO:colcon.colcon_ros.task.ament_cmake.build:Building ROS package in '/home/maro/3D_Mapping_Sphere_ROS2/Acuators_ws/src/logitech_controller' with build type 'ament_cmake'
[2.002s] INFO:colcon.colcon_cmake.task.cmake.build:Building CMake package in '/home/maro/3D_Mapping_Sphere_ROS2/Acuators_ws/src/logitech_controller'
[2.003s] INFO:colcon.colcon_core.shell:Skip shell extension 'powershell' for command environment: Not usable outside of PowerShell
[2.003s] DEBUG:colcon.colcon_core.shell:Skip shell extension 'dsv' for command environment
[2.009s] INFO:colcon.colcon_ros.task.ament_cmake.build:Building ROS package in '/home/maro/3D_Mapping_Sphere_ROS2/Acuators_ws/src/servo_pwm_node' with build type 'ament_cmake'
[2.010s] INFO:colcon.colcon_cmake.task.cmake.build:Building CMake package in '/home/maro/3D_Mapping_Sphere_ROS2/Acuators_ws/src/servo_pwm_node'
[2.010s] INFO:colcon.colcon_core.shell:Skip shell extension 'powershell' for command environment: Not usable outside of PowerShell
[2.010s] DEBUG:colcon.colcon_core.shell:Skip shell extension 'dsv' for command environment
[2.017s] INFO:colcon.colcon_ros.task.ament_python.build:Building ROS package in '/home/maro/3D_Mapping_Sphere_ROS2/Acuators_ws/src/waveshare_servo' with build type 'ament_python'
[2.018s] Level 1:colcon.colcon_core.shell:create_environment_hook('waveshare_servo', 'ament_prefix_path')
[2.018s] INFO:colcon.colcon_core.shell:Creating environment hook '/home/maro/3D_Mapping_Sphere_ROS2/Acuators_ws/install/waveshare_servo/share/waveshare_servo/hook/ament_prefix_path.ps1'
[2.019s] INFO:colcon.colcon_core.shell:Creating environment descriptor '/home/maro/3D_Mapping_Sphere_ROS2/Acuators_ws/install/waveshare_servo/share/waveshare_servo/hook/ament_prefix_path.dsv'
[2.020s] INFO:colcon.colcon_core.shell:Creating environment hook '/home/maro/3D_Mapping_Sphere_ROS2/Acuators_ws/install/waveshare_servo/share/waveshare_servo/hook/ament_prefix_path.sh'
[2.021s] INFO:colcon.colcon_core.shell:Skip shell extension 'powershell' for command environment: Not usable outside of PowerShell
[2.022s] DEBUG:colcon.colcon_core.shell:Skip shell extension 'dsv' for command environment
[2.034s] DEBUG:colcon.colcon_core.event_handler.log_command:Invoking command in '/home/maro/3D_Mapping_Sphere_ROS2/Acuators_ws/build/logitech_controller': CMAKE_PREFIX_PATH=/home/maro/3D_Mapping_Sphere_ROS2/Acuators_ws/install/logitech_msgs:/home/maro/3D_Mapping_Sphere_ROS2/Acuators_ws/install/servo_pwm_node:/home/maro/3D_Mapping_Sphere_ROS2/Acuators_ws/install/logitech_controller:/opt/ros/jazzy/opt/gz_math_vendor:/opt/ros/jazzy/opt/gz_utils_vendor:/opt/ros/jazzy/opt/gz_cmake_vendor:/home/maro/3D_Mapping_Sphere_ROS2/Acuators_ws/install/khonsu:/home/maro/3D_Mapping_Sphere_ROS2/Acuators_ws/install/waveshare_servo:/opt/ros/jazzy DEBUGINFOD_URLS=https://debuginfod.ubuntu.com PYTHONPATH=/home/maro/3D_Mapping_Sphere_ROS2/Acuators_ws/install/logitech_msgs/lib/python3.12/site-packages:/home/maro/3D_Mapping_Sphere_ROS2/Acuators_ws/install/khonsu/lib/python3.12/site-packages:/home/maro/3D_Mapping_Sphere_ROS2/Acuators_ws/install/waveshare_servo/lib/python3.12/site-packages:/opt/ros/jazzy/lib/python3.12/site-packages /usr/bin/cmake --build /home/maro/3D_Mapping_Sphere_ROS2/Acuators_ws/build/logitech_controller -- -j4 -l4
[2.042s] DEBUG:colcon.colcon_core.event_handler.log_command:Invoking command in '/home/maro/3D_Mapping_Sphere_ROS2/Acuators_ws/build/servo_pwm_node': CMAKE_PREFIX_PATH=/home/maro/3D_Mapping_Sphere_ROS2/Acuators_ws/install/logitech_msgs:/home/maro/3D_Mapping_Sphere_ROS2/Acuators_ws/install/servo_pwm_node:/home/maro/3D_Mapping_Sphere_ROS2/Acuators_ws/install/logitech_controller:/opt/ros/jazzy/opt/gz_math_vendor:/opt/ros/jazzy/opt/gz_utils_vendor:/opt/ros/jazzy/opt/gz_cmake_vendor:/home/maro/3D_Mapping_Sphere_ROS2/Acuators_ws/install/khonsu:/home/maro/3D_Mapping_Sphere_ROS2/Acuators_ws/install/waveshare_servo:/opt/ros/jazzy DEBUGINFOD_URLS=https://debuginfod.ubuntu.com PYTHONPATH=/home/maro/3D_Mapping_Sphere_ROS2/Acuators_ws/install/logitech_msgs/lib/python3.12/site-packages:/home/maro/3D_Mapping_Sphere_ROS2/Acuators_ws/install/khonsu/lib/python3.12/site-packages:/home/maro/3D_Mapping_Sphere_ROS2/Acuators_ws/install/waveshare_servo/lib/python3.12/site-packages:/opt/ros/jazzy/lib/python3.12/site-packages /usr/bin/cmake --build /home/maro/3D_Mapping_Sphere_ROS2/Acuators_ws/build/servo_pwm_node -- -j4 -l4
[2.537s] INFO:colcon.colcon_core.task.python.build:Building Python package in '/home/maro/3D_Mapping_Sphere_ROS2/Acuators_ws/src/waveshare_servo'
[2.538s] INFO:colcon.colcon_core.shell:Skip shell extension 'powershell' for command environment: Not usable outside of PowerShell
[2.538s] DEBUG:colcon.colcon_core.shell:Skip shell extension 'dsv' for command environment
[2.546s] DEBUG:colcon.colcon_core.event_handler.log_command:Invoked command in '/home/maro/3D_Mapping_Sphere_ROS2/Acuators_ws/build/logitech_controller' returned '0': CMAKE_PREFIX_PATH=/home/maro/3D_Mapping_Sphere_ROS2/Acuators_ws/install/logitech_msgs:/home/maro/3D_Mapping_Sphere_ROS2/Acuators_ws/install/servo_pwm_node:/home/maro/3D_Mapping_Sphere_ROS2/Acuators_ws/install/logitech_controller:/opt/ros/jazzy/opt/gz_math_vendor:/opt/ros/jazzy/opt/gz_utils_vendor:/opt/ros/jazzy/opt/gz_cmake_vendor:/home/maro/3D_Mapping_Sphere_ROS2/Acuators_ws/install/khonsu:/home/maro/3D_Mapping_Sphere_ROS2/Acuators_ws/install/waveshare_servo:/opt/ros/jazzy DEBUGINFOD_URLS=https://debuginfod.ubuntu.com PYTHONPATH=/home/maro/3D_Mapping_Sphere_ROS2/Acuators_ws/install/logitech_msgs/lib/python3.12/site-packages:/home/maro/3D_Mapping_Sphere_ROS2/Acuators_ws/install/khonsu/lib/python3.12/site-packages:/home/maro/3D_Mapping_Sphere_ROS2/Acuators_ws/install/waveshare_servo/lib/python3.12/site-packages:/opt/ros/jazzy/lib/python3.12/site-packages /usr/bin/cmake --build /home/maro/3D_Mapping_Sphere_ROS2/Acuators_ws/build/logitech_controller -- -j4 -l4
[2.552s] DEBUG:colcon.colcon_core.event_handler.log_command:Invoking command in '/home/maro/3D_Mapping_Sphere_ROS2/Acuators_ws/build/logitech_controller': CMAKE_PREFIX_PATH=/home/maro/3D_Mapping_Sphere_ROS2/Acuators_ws/install/logitech_msgs:/home/maro/3D_Mapping_Sphere_ROS2/Acuators_ws/install/servo_pwm_node:/home/maro/3D_Mapping_Sphere_ROS2/Acuators_ws/install/logitech_controller:/opt/ros/jazzy/opt/gz_math_vendor:/opt/ros/jazzy/opt/gz_utils_vendor:/opt/ros/jazzy/opt/gz_cmake_vendor:/home/maro/3D_Mapping_Sphere_ROS2/Acuators_ws/install/khonsu:/home/maro/3D_Mapping_Sphere_ROS2/Acuators_ws/install/waveshare_servo:/opt/ros/jazzy DEBUGINFOD_URLS=https://debuginfod.ubuntu.com PYTHONPATH=/home/maro/3D_Mapping_Sphere_ROS2/Acuators_ws/install/logitech_msgs/lib/python3.12/site-packages:/home/maro/3D_Mapping_Sphere_ROS2/Acuators_ws/install/khonsu/lib/python3.12/site-packages:/home/maro/3D_Mapping_Sphere_ROS2/Acuators_ws/install/waveshare_servo/lib/python3.12/site-packages:/opt/ros/jazzy/lib/python3.12/site-packages /usr/bin/cmake --install /home/maro/3D_Mapping_Sphere_ROS2/Acuators_ws/build/logitech_controller
[2.555s] DEBUG:colcon.colcon_core.event_handler.log_command:Invoked command in '/home/maro/3D_Mapping_Sphere_ROS2/Acuators_ws/build/servo_pwm_node' returned '0': CMAKE_PREFIX_PATH=/home/maro/3D_Mapping_Sphere_ROS2/Acuators_ws/install/logitech_msgs:/home/maro/3D_Mapping_Sphere_ROS2/Acuators_ws/install/servo_pwm_node:/home/maro/3D_Mapping_Sphere_ROS2/Acuators_ws/install/logitech_controller:/opt/ros/jazzy/opt/gz_math_vendor:/opt/ros/jazzy/opt/gz_utils_vendor:/opt/ros/jazzy/opt/gz_cmake_vendor:/home/maro/3D_Mapping_Sphere_ROS2/Acuators_ws/install/khonsu:/home/maro/3D_Mapping_Sphere_ROS2/Acuators_ws/install/waveshare_servo:/opt/ros/jazzy DEBUGINFOD_URLS=https://debuginfod.ubuntu.com PYTHONPATH=/home/maro/3D_Mapping_Sphere_ROS2/Acuators_ws/install/logitech_msgs/lib/python3.12/site-packages:/home/maro/3D_Mapping_Sphere_ROS2/Acuators_ws/install/khonsu/lib/python3.12/site-packages:/home/maro/3D_Mapping_Sphere_ROS2/Acuators_ws/install/waveshare_servo/lib/python3.12/site-packages:/opt/ros/jazzy/lib/python3.12/site-packages /usr/bin/cmake --build /home/maro/3D_Mapping_Sphere_ROS2/Acuators_ws/build/servo_pwm_node -- -j4 -l4
[2.558s] DEBUG:colcon.colcon_core.event_handler.log_command:Invoking command in '/home/maro/3D_Mapping_Sphere_ROS2/Acuators_ws/build/servo_pwm_node': CMAKE_PREFIX_PATH=/home/maro/3D_Mapping_Sphere_ROS2/Acuators_ws/install/logitech_msgs:/home/maro/3D_Mapping_Sphere_ROS2/Acuators_ws/install/servo_pwm_node:/home/maro/3D_Mapping_Sphere_ROS2/Acuators_ws/install/logitech_controller:/opt/ros/jazzy/opt/gz_math_vendor:/opt/ros/jazzy/opt/gz_utils_vendor:/opt/ros/jazzy/opt/gz_cmake_vendor:/home/maro/3D_Mapping_Sphere_ROS2/Acuators_ws/install/khonsu:/home/maro/3D_Mapping_Sphere_ROS2/Acuators_ws/install/waveshare_servo:/opt/ros/jazzy DEBUGINFOD_URLS=https://debuginfod.ubuntu.com PYTHONPATH=/home/maro/3D_Mapping_Sphere_ROS2/Acuators_ws/install/logitech_msgs/lib/python3.12/site-packages:/home/maro/3D_Mapping_Sphere_ROS2/Acuators_ws/install/khonsu/lib/python3.12/site-packages:/home/maro/3D_Mapping_Sphere_ROS2/Acuators_ws/install/waveshare_servo/lib/python3.12/site-packages:/opt/ros/jazzy/lib/python3.12/site-packages /usr/bin/cmake --install /home/maro/3D_Mapping_Sphere_ROS2/Acuators_ws/build/servo_pwm_node
[2.578s] Level 1:colcon.colcon_core.environment:create_environment_scripts_only(logitech_controller)
[2.578s] Level 1:colcon.colcon_core.environment:checking '/home/maro/3D_Mapping_Sphere_ROS2/Acuators_ws/install/logitech_controller' for CMake module files
[2.579s] DEBUG:colcon.colcon_core.event_handler.log_command:Invoked command in '/home/maro/3D_Mapping_Sphere_ROS2/Acuators_ws/build/logitech_controller' returned '0': CMAKE_PREFIX_PATH=/home/maro/3D_Mapping_Sphere_ROS2/Acuators_ws/install/logitech_msgs:/home/maro/3D_Mapping_Sphere_ROS2/Acuators_ws/install/servo_pwm_node:/home/maro/3D_Mapping_Sphere_ROS2/Acuators_ws/install/logitech_controller:/opt/ros/jazzy/opt/gz_math_vendor:/opt/ros/jazzy/opt/gz_utils_vendor:/opt/ros/jazzy/opt/gz_cmake_vendor:/home/maro/3D_Mapping_Sphere_ROS2/Acuators_ws/install/khonsu:/home/maro/3D_Mapping_Sphere_ROS2/Acuators_ws/install/waveshare_servo:/opt/ros/jazzy DEBUGINFOD_URLS=https://debuginfod.ubuntu.com PYTHONPATH=/home/maro/3D_Mapping_Sphere_ROS2/Acuators_ws/install/logitech_msgs/lib/python3.12/site-packages:/home/maro/3D_Mapping_Sphere_ROS2/Acuators_ws/install/khonsu/lib/python3.12/site-packages:/home/maro/3D_Mapping_Sphere_ROS2/Acuators_ws/install/waveshare_servo/lib/python3.12/site-packages:/opt/ros/jazzy/lib/python3.12/site-packages /usr/bin/cmake --install /home/maro/3D_Mapping_Sphere_ROS2/Acuators_ws/build/logitech_controller
[2.581s] Level 1:colcon.colcon_core.environment:checking '/home/maro/3D_Mapping_Sphere_ROS2/Acuators_ws/install/logitech_controller' for CMake config files
[2.582s] Level 1:colcon.colcon_core.shell:create_environment_hook('logitech_controller', 'cmake_prefix_path')
[2.583s] INFO:colcon.colcon_core.shell:Creating environment hook '/home/maro/3D_Mapping_Sphere_ROS2/Acuators_ws/install/logitech_controller/share/logitech_controller/hook/cmake_prefix_path.ps1'
[2.585s] INFO:colcon.colcon_core.shell:Creating environment descriptor '/home/maro/3D_Mapping_Sphere_ROS2/Acuators_ws/install/logitech_controller/share/logitech_controller/hook/cmake_prefix_path.dsv'
[2.586s] INFO:colcon.colcon_core.shell:Creating environment hook '/home/maro/3D_Mapping_Sphere_ROS2/Acuators_ws/install/logitech_controller/share/logitech_controller/hook/cmake_prefix_path.sh'
[2.589s] Level 1:colcon.colcon_core.environment:checking '/home/maro/3D_Mapping_Sphere_ROS2/Acuators_ws/install/logitech_controller/lib'
[2.589s] Level 1:colcon.colcon_core.environment:checking '/home/maro/3D_Mapping_Sphere_ROS2/Acuators_ws/install/logitech_controller/bin'
[2.589s] Level 1:colcon.colcon_core.environment:checking '/home/maro/3D_Mapping_Sphere_ROS2/Acuators_ws/install/logitech_controller/lib/pkgconfig/logitech_controller.pc'
[2.589s] Level 1:colcon.colcon_core.environment:checking '/home/maro/3D_Mapping_Sphere_ROS2/Acuators_ws/install/logitech_controller/lib/python3.12/site-packages'
[2.589s] Level 1:colcon.colcon_core.environment:checking '/home/maro/3D_Mapping_Sphere_ROS2/Acuators_ws/install/logitech_controller/bin'
[2.590s] INFO:colcon.colcon_core.shell:Creating package script '/home/maro/3D_Mapping_Sphere_ROS2/Acuators_ws/install/logitech_controller/share/logitech_controller/package.ps1'
[2.592s] INFO:colcon.colcon_core.shell:Creating package descriptor '/home/maro/3D_Mapping_Sphere_ROS2/Acuators_ws/install/logitech_controller/share/logitech_controller/package.dsv'
[2.593s] INFO:colcon.colcon_core.shell:Creating package script '/home/maro/3D_Mapping_Sphere_ROS2/Acuators_ws/install/logitech_controller/share/logitech_controller/package.sh'
[2.594s] INFO:colcon.colcon_core.shell:Creating package script '/home/maro/3D_Mapping_Sphere_ROS2/Acuators_ws/install/logitech_controller/share/logitech_controller/package.bash'
[2.595s] INFO:colcon.colcon_core.shell:Creating package script '/home/maro/3D_Mapping_Sphere_ROS2/Acuators_ws/install/logitech_controller/share/logitech_controller/package.zsh'
[2.595s] Level 1:colcon.colcon_core.environment:create_file_with_runtime_dependencies(/home/maro/3D_Mapping_Sphere_ROS2/Acuators_ws/install/logitech_controller/share/colcon-core/packages/logitech_controller)
[2.596s] Level 1:colcon.colcon_core.environment:create_environment_scripts_only(logitech_controller)
[2.597s] Level 1:colcon.colcon_core.environment:checking '/home/maro/3D_Mapping_Sphere_ROS2/Acuators_ws/install/logitech_controller' for CMake module files
[2.598s] Level 1:colcon.colcon_core.environment:checking '/home/maro/3D_Mapping_Sphere_ROS2/Acuators_ws/install/logitech_controller' for CMake config files
[2.598s] Level 1:colcon.colcon_core.shell:create_environment_hook('logitech_controller', 'cmake_prefix_path')
[2.599s] INFO:colcon.colcon_core.shell:Creating environment hook '/home/maro/3D_Mapping_Sphere_ROS2/Acuators_ws/install/logitech_controller/share/logitech_controller/hook/cmake_prefix_path.ps1'
[2.600s] INFO:colcon.colcon_core.shell:Creating environment descriptor '/home/maro/3D_Mapping_Sphere_ROS2/Acuators_ws/install/logitech_controller/share/logitech_controller/hook/cmake_prefix_path.dsv'
[2.601s] INFO:colcon.colcon_core.shell:Creating environment hook '/home/maro/3D_Mapping_Sphere_ROS2/Acuators_ws/install/logitech_controller/share/logitech_controller/hook/cmake_prefix_path.sh'
[2.602s] Level 1:colcon.colcon_core.environment:checking '/home/maro/3D_Mapping_Sphere_ROS2/Acuators_ws/install/logitech_controller/lib'
[2.602s] Level 1:colcon.colcon_core.environment:checking '/home/maro/3D_Mapping_Sphere_ROS2/Acuators_ws/install/logitech_controller/bin'
[2.602s] Level 1:colcon.colcon_core.environment:checking '/home/maro/3D_Mapping_Sphere_ROS2/Acuators_ws/install/logitech_controller/lib/pkgconfig/logitech_controller.pc'
[2.603s] Level 1:colcon.colcon_core.environment:checking '/home/maro/3D_Mapping_Sphere_ROS2/Acuators_ws/install/logitech_controller/lib/python3.12/site-packages'
[2.603s] Level 1:colcon.colcon_core.environment:checking '/home/maro/3D_Mapping_Sphere_ROS2/Acuators_ws/install/logitech_controller/bin'
[2.604s] INFO:colcon.colcon_core.shell:Creating package script '/home/maro/3D_Mapping_Sphere_ROS2/Acuators_ws/install/logitech_controller/share/logitech_controller/package.ps1'
[2.605s] INFO:colcon.colcon_core.shell:Creating package descriptor '/home/maro/3D_Mapping_Sphere_ROS2/Acuators_ws/install/logitech_controller/share/logitech_controller/package.dsv'
[2.606s] INFO:colcon.colcon_core.shell:Creating package script '/home/maro/3D_Mapping_Sphere_ROS2/Acuators_ws/install/logitech_controller/share/logitech_controller/package.sh'
[2.606s] INFO:colcon.colcon_core.shell:Creating package script '/home/maro/3D_Mapping_Sphere_ROS2/Acuators_ws/install/logitech_controller/share/logitech_controller/package.bash'
[2.608s] INFO:colcon.colcon_core.shell:Creating package script '/home/maro/3D_Mapping_Sphere_ROS2/Acuators_ws/install/logitech_controller/share/logitech_controller/package.zsh'
[2.609s] Level 1:colcon.colcon_core.environment:create_file_with_runtime_dependencies(/home/maro/3D_Mapping_Sphere_ROS2/Acuators_ws/install/logitech_controller/share/colcon-core/packages/logitech_controller)
[2.611s] Level 1:colcon.colcon_core.environment:create_environment_scripts_only(servo_pwm_node)
[2.612s] Level 1:colcon.colcon_core.environment:checking '/home/maro/3D_Mapping_Sphere_ROS2/Acuators_ws/install/servo_pwm_node' for CMake module files
[2.613s] DEBUG:colcon.colcon_core.event_handler.log_command:Invoked command in '/home/maro/3D_Mapping_Sphere_ROS2/Acuators_ws/build/servo_pwm_node' returned '0': CMAKE_PREFIX_PATH=/home/maro/3D_Mapping_Sphere_ROS2/Acuators_ws/install/logitech_msgs:/home/maro/3D_Mapping_Sphere_ROS2/Acuators_ws/install/servo_pwm_node:/home/maro/3D_Mapping_Sphere_ROS2/Acuators_ws/install/logitech_controller:/opt/ros/jazzy/opt/gz_math_vendor:/opt/ros/jazzy/opt/gz_utils_vendor:/opt/ros/jazzy/opt/gz_cmake_vendor:/home/maro/3D_Mapping_Sphere_ROS2/Acuators_ws/install/khonsu:/home/maro/3D_Mapping_Sphere_ROS2/Acuators_ws/install/waveshare_servo:/opt/ros/jazzy DEBUGINFOD_URLS=https://debuginfod.ubuntu.com PYTHONPATH=/home/maro/3D_Mapping_Sphere_ROS2/Acuators_ws/install/logitech_msgs/lib/python3.12/site-packages:/home/maro/3D_Mapping_Sphere_ROS2/Acuators_ws/install/khonsu/lib/python3.12/site-packages:/home/maro/3D_Mapping_Sphere_ROS2/Acuators_ws/install/waveshare_servo/lib/python3.12/site-packages:/opt/ros/jazzy/lib/python3.12/site-packages /usr/bin/cmake --install /home/maro/3D_Mapping_Sphere_ROS2/Acuators_ws/build/servo_pwm_node
[2.614s] Level 1:colcon.colcon_core.environment:checking '/home/maro/3D_Mapping_Sphere_ROS2/Acuators_ws/install/servo_pwm_node' for CMake config files
[2.614s] Level 1:colcon.colcon_core.shell:create_environment_hook('servo_pwm_node', 'cmake_prefix_path')
[2.615s] INFO:colcon.colcon_core.shell:Creating environment hook '/home/maro/3D_Mapping_Sphere_ROS2/Acuators_ws/install/servo_pwm_node/share/servo_pwm_node/hook/cmake_prefix_path.ps1'
[2.616s] INFO:colcon.colcon_core.shell:Creating environment descriptor '/home/maro/3D_Mapping_Sphere_ROS2/Acuators_ws/install/servo_pwm_node/share/servo_pwm_node/hook/cmake_prefix_path.dsv'
[2.617s] INFO:colcon.colcon_core.shell:Creating environment hook '/home/maro/3D_Mapping_Sphere_ROS2/Acuators_ws/install/servo_pwm_node/share/servo_pwm_node/hook/cmake_prefix_path.sh'
[2.619s] Level 1:colcon.colcon_core.environment:checking '/home/maro/3D_Mapping_Sphere_ROS2/Acuators_ws/install/servo_pwm_node/lib'
[2.619s] Level 1:colcon.colcon_core.environment:checking '/home/maro/3D_Mapping_Sphere_ROS2/Acuators_ws/install/servo_pwm_node/bin'
[2.619s] Level 1:colcon.colcon_core.environment:checking '/home/maro/3D_Mapping_Sphere_ROS2/Acuators_ws/install/servo_pwm_node/lib/pkgconfig/servo_pwm_node.pc'
[2.619s] Level 1:colcon.colcon_core.environment:checking '/home/maro/3D_Mapping_Sphere_ROS2/Acuators_ws/install/servo_pwm_node/lib/python3.12/site-packages'
[2.619s] Level 1:colcon.colcon_core.environment:checking '/home/maro/3D_Mapping_Sphere_ROS2/Acuators_ws/install/servo_pwm_node/bin'
[2.620s] INFO:colcon.colcon_core.shell:Creating package script '/home/maro/3D_Mapping_Sphere_ROS2/Acuators_ws/install/servo_pwm_node/share/servo_pwm_node/package.ps1'
[2.621s] INFO:colcon.colcon_core.shell:Creating package descriptor '/home/maro/3D_Mapping_Sphere_ROS2/Acuators_ws/install/servo_pwm_node/share/servo_pwm_node/package.dsv'
[2.621s] INFO:colcon.colcon_core.shell:Creating package script '/home/maro/3D_Mapping_Sphere_ROS2/Acuators_ws/install/servo_pwm_node/share/servo_pwm_node/package.sh'
[2.622s] INFO:colcon.colcon_core.shell:Creating package script '/home/maro/3D_Mapping_Sphere_ROS2/Acuators_ws/install/servo_pwm_node/share/servo_pwm_node/package.bash'
[2.622s] INFO:colcon.colcon_core.shell:Creating package script '/home/maro/3D_Mapping_Sphere_ROS2/Acuators_ws/install/servo_pwm_node/share/servo_pwm_node/package.zsh'
[2.623s] Level 1:colcon.colcon_core.environment:create_file_with_runtime_dependencies(/home/maro/3D_Mapping_Sphere_ROS2/Acuators_ws/install/servo_pwm_node/share/colcon-core/packages/servo_pwm_node)
[2.624s] Level 1:colcon.colcon_core.environment:create_environment_scripts_only(servo_pwm_node)
[2.624s] Level 1:colcon.colcon_core.environment:checking '/home/maro/3D_Mapping_Sphere_ROS2/Acuators_ws/install/servo_pwm_node' for CMake module files
[2.625s] Level 1:colcon.colcon_core.environment:checking '/home/maro/3D_Mapping_Sphere_ROS2/Acuators_ws/install/servo_pwm_node' for CMake config files
[2.625s] Level 1:colcon.colcon_core.shell:create_environment_hook('servo_pwm_node', 'cmake_prefix_path')
[2.626s] INFO:colcon.colcon_core.shell:Creating environment hook '/home/maro/3D_Mapping_Sphere_ROS2/Acuators_ws/install/servo_pwm_node/share/servo_pwm_node/hook/cmake_prefix_path.ps1'
[2.626s] INFO:colcon.colcon_core.shell:Creating environment descriptor '/home/maro/3D_Mapping_Sphere_ROS2/Acuators_ws/install/servo_pwm_node/share/servo_pwm_node/hook/cmake_prefix_path.dsv'
[2.627s] INFO:colcon.colcon_core.shell:Creating environment hook '/home/maro/3D_Mapping_Sphere_ROS2/Acuators_ws/install/servo_pwm_node/share/servo_pwm_node/hook/cmake_prefix_path.sh'
[2.628s] Level 1:colcon.colcon_core.environment:checking '/home/maro/3D_Mapping_Sphere_ROS2/Acuators_ws/install/servo_pwm_node/lib'
[2.628s] Level 1:colcon.colcon_core.environment:checking '/home/maro/3D_Mapping_Sphere_ROS2/Acuators_ws/install/servo_pwm_node/bin'
[2.628s] Level 1:colcon.colcon_core.environment:checking '/home/maro/3D_Mapping_Sphere_ROS2/Acuators_ws/install/servo_pwm_node/lib/pkgconfig/servo_pwm_node.pc'
[2.628s] Level 1:colcon.colcon_core.environment:checking '/home/maro/3D_Mapping_Sphere_ROS2/Acuators_ws/install/servo_pwm_node/lib/python3.12/site-packages'
[2.629s] Level 1:colcon.colcon_core.environment:checking '/home/maro/3D_Mapping_Sphere_ROS2/Acuators_ws/install/servo_pwm_node/bin'
[2.629s] INFO:colcon.colcon_core.shell:Creating package script '/home/maro/3D_Mapping_Sphere_ROS2/Acuators_ws/install/servo_pwm_node/share/servo_pwm_node/package.ps1'
[2.630s] INFO:colcon.colcon_core.shell:Creating package descriptor '/home/maro/3D_Mapping_Sphere_ROS2/Acuators_ws/install/servo_pwm_node/share/servo_pwm_node/package.dsv'
[2.631s] INFO:colcon.colcon_core.shell:Creating package script '/home/maro/3D_Mapping_Sphere_ROS2/Acuators_ws/install/servo_pwm_node/share/servo_pwm_node/package.sh'
[2.631s] INFO:colcon.colcon_core.shell:Creating package script '/home/maro/3D_Mapping_Sphere_ROS2/Acuators_ws/install/servo_pwm_node/share/servo_pwm_node/package.bash'
[2.632s] INFO:colcon.colcon_core.shell:Creating package script '/home/maro/3D_Mapping_Sphere_ROS2/Acuators_ws/install/servo_pwm_node/share/servo_pwm_node/package.zsh'
[2.633s] Level 1:colcon.colcon_core.environment:create_file_with_runtime_dependencies(/home/maro/3D_Mapping_Sphere_ROS2/Acuators_ws/install/servo_pwm_node/share/colcon-core/packages/servo_pwm_node)
[3.748s] DEBUG:colcon.colcon_core.event_handler.log_command:Invoking command in '/home/maro/3D_Mapping_Sphere_ROS2/Acuators_ws/src/waveshare_servo': CMAKE_PREFIX_PATH=/home/maro/3D_Mapping_Sphere_ROS2/Acuators_ws/install/logitech_msgs:/home/maro/3D_Mapping_Sphere_ROS2/Acuators_ws/install/servo_pwm_node:/home/maro/3D_Mapping_Sphere_ROS2/Acuators_ws/install/logitech_controller:/opt/ros/jazzy/opt/gz_math_vendor:/opt/ros/jazzy/opt/gz_utils_vendor:/opt/ros/jazzy/opt/gz_cmake_vendor DEBUGINFOD_URLS=https://debuginfod.ubuntu.com PYTHONPATH=/home/maro/3D_Mapping_Sphere_ROS2/Acuators_ws/build/waveshare_servo/prefix_override:/usr/lib/python3/dist-packages/colcon_core/task/python/colcon_distutils_commands:/home/maro/3D_Mapping_Sphere_ROS2/Acuators_ws/install/waveshare_servo/lib/python3.12/site-packages:/home/maro/3D_Mapping_Sphere_ROS2/Acuators_ws/install/logitech_msgs/lib/python3.12/site-packages:/home/maro/3D_Mapping_Sphere_ROS2/Acuators_ws/install/khonsu/lib/python3.12/site-packages:/home/maro/3D_Mapping_Sphere_ROS2/Acuators_ws/install/waveshare_servo/lib/python3.12/site-packages:/opt/ros/jazzy/lib/python3.12/site-packages /usr/bin/python3 -W ignore:setup.py install is deprecated -W ignore:easy_install command is deprecated setup.py egg_info --egg-base ../../build/waveshare_servo build --build-base /home/maro/3D_Mapping_Sphere_ROS2/Acuators_ws/build/waveshare_servo/build install --record /home/maro/3D_Mapping_Sphere_ROS2/Acuators_ws/build/waveshare_servo/install.log --single-version-externally-managed install_data
[4.601s] Level 1:colcon.colcon_core.environment:checking '/home/maro/3D_Mapping_Sphere_ROS2/Acuators_ws/install/waveshare_servo' for CMake module files
[4.602s] DEBUG:colcon.colcon_core.event_handler.log_command:Invoked command in '/home/maro/3D_Mapping_Sphere_ROS2/Acuators_ws/src/waveshare_servo' returned '0': CMAKE_PREFIX_PATH=/home/maro/3D_Mapping_Sphere_ROS2/Acuators_ws/install/logitech_msgs:/home/maro/3D_Mapping_Sphere_ROS2/Acuators_ws/install/servo_pwm_node:/home/maro/3D_Mapping_Sphere_ROS2/Acuators_ws/install/logitech_controller:/opt/ros/jazzy/opt/gz_math_vendor:/opt/ros/jazzy/opt/gz_utils_vendor:/opt/ros/jazzy/opt/gz_cmake_vendor DEBUGINFOD_URLS=https://debuginfod.ubuntu.com PYTHONPATH=/home/maro/3D_Mapping_Sphere_ROS2/Acuators_ws/build/waveshare_servo/prefix_override:/usr/lib/python3/dist-packages/colcon_core/task/python/colcon_distutils_commands:/home/maro/3D_Mapping_Sphere_ROS2/Acuators_ws/install/waveshare_servo/lib/python3.12/site-packages:/home/maro/3D_Mapping_Sphere_ROS2/Acuators_ws/install/logitech_msgs/lib/python3.12/site-packages:/home/maro/3D_Mapping_Sphere_ROS2/Acuators_ws/install/khonsu/lib/python3.12/site-packages:/home/maro/3D_Mapping_Sphere_ROS2/Acuators_ws/install/waveshare_servo/lib/python3.12/site-packages:/opt/ros/jazzy/lib/python3.12/site-packages /usr/bin/python3 -W ignore:setup.py install is deprecated -W ignore:easy_install command is deprecated setup.py egg_info --egg-base ../../build/waveshare_servo build --build-base /home/maro/3D_Mapping_Sphere_ROS2/Acuators_ws/build/waveshare_servo/build install --record /home/maro/3D_Mapping_Sphere_ROS2/Acuators_ws/build/waveshare_servo/install.log --single-version-externally-managed install_data
[4.602s] Level 1:colcon.colcon_core.environment:checking '/home/maro/3D_Mapping_Sphere_ROS2/Acuators_ws/install/waveshare_servo' for CMake config files
[4.603s] Level 1:colcon.colcon_core.environment:checking '/home/maro/3D_Mapping_Sphere_ROS2/Acuators_ws/install/waveshare_servo/lib'
[4.603s] Level 1:colcon.colcon_core.environment:checking '/home/maro/3D_Mapping_Sphere_ROS2/Acuators_ws/install/waveshare_servo/bin'
[4.603s] Level 1:colcon.colcon_core.environment:checking '/home/maro/3D_Mapping_Sphere_ROS2/Acuators_ws/install/waveshare_servo/lib/pkgconfig/waveshare_servo.pc'
[4.604s] Level 1:colcon.colcon_core.environment:checking '/home/maro/3D_Mapping_Sphere_ROS2/Acuators_ws/install/waveshare_servo/lib/python3.12/site-packages'
[4.604s] Level 1:colcon.colcon_core.shell:create_environment_hook('waveshare_servo', 'pythonpath')
[4.604s] INFO:colcon.colcon_core.shell:Creating environment hook '/home/maro/3D_Mapping_Sphere_ROS2/Acuators_ws/install/waveshare_servo/share/waveshare_servo/hook/pythonpath.ps1'
[4.605s] INFO:colcon.colcon_core.shell:Creating environment descriptor '/home/maro/3D_Mapping_Sphere_ROS2/Acuators_ws/install/waveshare_servo/share/waveshare_servo/hook/pythonpath.dsv'
[4.605s] INFO:colcon.colcon_core.shell:Creating environment hook '/home/maro/3D_Mapping_Sphere_ROS2/Acuators_ws/install/waveshare_servo/share/waveshare_servo/hook/pythonpath.sh'
[4.606s] Level 1:colcon.colcon_core.environment:checking '/home/maro/3D_Mapping_Sphere_ROS2/Acuators_ws/install/waveshare_servo/bin'
[4.606s] Level 1:colcon.colcon_core.environment:create_environment_scripts_only(waveshare_servo)
[4.607s] INFO:colcon.colcon_core.shell:Creating package script '/home/maro/3D_Mapping_Sphere_ROS2/Acuators_ws/install/waveshare_servo/share/waveshare_servo/package.ps1'
[4.607s] INFO:colcon.colcon_core.shell:Creating package descriptor '/home/maro/3D_Mapping_Sphere_ROS2/Acuators_ws/install/waveshare_servo/share/waveshare_servo/package.dsv'
[4.608s] INFO:colcon.colcon_core.shell:Creating package script '/home/maro/3D_Mapping_Sphere_ROS2/Acuators_ws/install/waveshare_servo/share/waveshare_servo/package.sh'
[4.609s] INFO:colcon.colcon_core.shell:Creating package script '/home/maro/3D_Mapping_Sphere_ROS2/Acuators_ws/install/waveshare_servo/share/waveshare_servo/package.bash'
[4.609s] INFO:colcon.colcon_core.shell:Creating package script '/home/maro/3D_Mapping_Sphere_ROS2/Acuators_ws/install/waveshare_servo/share/waveshare_servo/package.zsh'
[4.609s] Level 1:colcon.colcon_core.environment:create_file_with_runtime_dependencies(/home/maro/3D_Mapping_Sphere_ROS2/Acuators_ws/install/waveshare_servo/share/colcon-core/packages/waveshare_servo)
[4.610s] INFO:colcon.colcon_ros.task.ament_python.build:Building ROS package in '/home/maro/3D_Mapping_Sphere_ROS2/Acuators_ws/src/khonsu' with build type 'ament_python'
[4.610s] Level 1:colcon.colcon_core.shell:create_environment_hook('khonsu', 'ament_prefix_path')
[4.610s] INFO:colcon.colcon_core.shell:Creating environment hook '/home/maro/3D_Mapping_Sphere_ROS2/Acuators_ws/install/khonsu/share/khonsu/hook/ament_prefix_path.ps1'
[4.612s] INFO:colcon.colcon_core.shell:Creating environment descriptor '/home/maro/3D_Mapping_Sphere_ROS2/Acuators_ws/install/khonsu/share/khonsu/hook/ament_prefix_path.dsv'
[4.612s] INFO:colcon.colcon_core.shell:Creating environment hook '/home/maro/3D_Mapping_Sphere_ROS2/Acuators_ws/install/khonsu/share/khonsu/hook/ament_prefix_path.sh'
[4.613s] INFO:colcon.colcon_core.shell:Skip shell extension 'powershell' for command environment: Not usable outside of PowerShell
[4.613s] DEBUG:colcon.colcon_core.shell:Skip shell extension 'dsv' for command environment
[5.001s] WARNING:colcon.colcon_ros.task.ament_python.build:Package 'khonsu' doesn't explicitly install a marker in the package index (colcon-ros currently does it implicitly but that fallback will be removed in the future)
[5.002s] INFO:colcon.colcon_core.task.python.build:Building Python package in '/home/maro/3D_Mapping_Sphere_ROS2/Acuators_ws/src/khonsu'
[5.002s] INFO:colcon.colcon_core.shell:Skip shell extension 'powershell' for command environment: Not usable outside of PowerShell
[5.002s] DEBUG:colcon.colcon_core.shell:Skip shell extension 'dsv' for command environment
[5.995s] DEBUG:colcon.colcon_core.event_handler.log_command:Invoking command in '/home/maro/3D_Mapping_Sphere_ROS2/Acuators_ws/src/khonsu': AMENT_PREFIX_PATH=/home/maro/3D_Mapping_Sphere_ROS2/Acuators_ws/install/waveshare_servo:/home/maro/3D_Mapping_Sphere_ROS2/Acuators_ws/install/khonsu:/home/maro/3D_Mapping_Sphere_ROS2/Acuators_ws/install/servo_pwm_node:/home/maro/3D_Mapping_Sphere_ROS2/Acuators_ws/install/logitech_controller:/home/maro/3D_Mapping_Sphere_ROS2/Acuators_ws/install/logitech_msgs:/opt/ros/jazzy DEBUGINFOD_URLS=https://debuginfod.ubuntu.com PYTHONPATH=/home/maro/3D_Mapping_Sphere_ROS2/Acuators_ws/build/khonsu/prefix_override:/usr/lib/python3/dist-packages/colcon_core/task/python/colcon_distutils_commands:/home/maro/3D_Mapping_Sphere_ROS2/Acuators_ws/install/khonsu/lib/python3.12/site-packages:/home/maro/3D_Mapping_Sphere_ROS2/Acuators_ws/install/waveshare_servo/lib/python3.12/site-packages:/home/maro/3D_Mapping_Sphere_ROS2/Acuators_ws/install/logitech_msgs/lib/python3.12/site-packages:/home/maro/3D_Mapping_Sphere_ROS2/Acuators_ws/install/khonsu/lib/python3.12/site-packages:/opt/ros/jazzy/lib/python3.12/site-packages /usr/bin/python3 -W ignore:setup.py install is deprecated -W ignore:easy_install command is deprecated setup.py egg_info --egg-base ../../build/khonsu build --build-base /home/maro/3D_Mapping_Sphere_ROS2/Acuators_ws/build/khonsu/build install --record /home/maro/3D_Mapping_Sphere_ROS2/Acuators_ws/build/khonsu/install.log --single-version-externally-managed install_data
[6.837s] Level 1:colcon.colcon_core.environment:checking '/home/maro/3D_Mapping_Sphere_ROS2/Acuators_ws/install/khonsu' for CMake module files
[6.838s] DEBUG:colcon.colcon_core.event_handler.log_command:Invoked command in '/home/maro/3D_Mapping_Sphere_ROS2/Acuators_ws/src/khonsu' returned '0': AMENT_PREFIX_PATH=/home/maro/3D_Mapping_Sphere_ROS2/Acuators_ws/install/waveshare_servo:/home/maro/3D_Mapping_Sphere_ROS2/Acuators_ws/install/khonsu:/home/maro/3D_Mapping_Sphere_ROS2/Acuators_ws/install/servo_pwm_node:/home/maro/3D_Mapping_Sphere_ROS2/Acuators_ws/install/logitech_controller:/home/maro/3D_Mapping_Sphere_ROS2/Acuators_ws/install/logitech_msgs:/opt/ros/jazzy DEBUGINFOD_URLS=https://debuginfod.ubuntu.com PYTHONPATH=/home/maro/3D_Mapping_Sphere_ROS2/Acuators_ws/build/khonsu/prefix_override:/usr/lib/python3/dist-packages/colcon_core/task/python/colcon_distutils_commands:/home/maro/3D_Mapping_Sphere_ROS2/Acuators_ws/install/khonsu/lib/python3.12/site-packages:/home/maro/3D_Mapping_Sphere_ROS2/Acuators_ws/install/waveshare_servo/lib/python3.12/site-packages:/home/maro/3D_Mapping_Sphere_ROS2/Acuators_ws/install/logitech_msgs/lib/python3.12/site-packages:/home/maro/3D_Mapping_Sphere_ROS2/Acuators_ws/install/khonsu/lib/python3.12/site-packages:/opt/ros/jazzy/lib/python3.12/site-packages /usr/bin/python3 -W ignore:setup.py install is deprecated -W ignore:easy_install command is deprecated setup.py egg_info --egg-base ../../build/khonsu build --build-base /home/maro/3D_Mapping_Sphere_ROS2/Acuators_ws/build/khonsu/build install --record /home/maro/3D_Mapping_Sphere_ROS2/Acuators_ws/build/khonsu/install.log --single-version-externally-managed install_data
[6.838s] Level 1:colcon.colcon_core.environment:checking '/home/maro/3D_Mapping_Sphere_ROS2/Acuators_ws/install/khonsu' for CMake config files
[6.839s] Level 1:colcon.colcon_core.environment:checking '/home/maro/3D_Mapping_Sphere_ROS2/Acuators_ws/install/khonsu/lib'
[6.839s] Level 1:colcon.colcon_core.environment:checking '/home/maro/3D_Mapping_Sphere_ROS2/Acuators_ws/install/khonsu/bin'
[6.839s] Level 1:colcon.colcon_core.environment:checking '/home/maro/3D_Mapping_Sphere_ROS2/Acuators_ws/install/khonsu/lib/pkgconfig/khonsu.pc'
[6.840s] Level 1:colcon.colcon_core.environment:checking '/home/maro/3D_Mapping_Sphere_ROS2/Acuators_ws/install/khonsu/lib/python3.12/site-packages'
[6.840s] Level 1:colcon.colcon_core.shell:create_environment_hook('khonsu', 'pythonpath')
[6.840s] INFO:colcon.colcon_core.shell:Creating environment hook '/home/maro/3D_Mapping_Sphere_ROS2/Acuators_ws/install/khonsu/share/khonsu/hook/pythonpath.ps1'
[6.841s] INFO:colcon.colcon_core.shell:Creating environment descriptor '/home/maro/3D_Mapping_Sphere_ROS2/Acuators_ws/install/khonsu/share/khonsu/hook/pythonpath.dsv'
[6.841s] INFO:colcon.colcon_core.shell:Creating environment hook '/home/maro/3D_Mapping_Sphere_ROS2/Acuators_ws/install/khonsu/share/khonsu/hook/pythonpath.sh'
[6.842s] Level 1:colcon.colcon_core.environment:checking '/home/maro/3D_Mapping_Sphere_ROS2/Acuators_ws/install/khonsu/bin'
[6.842s] Level 1:colcon.colcon_core.environment:create_environment_scripts_only(khonsu)
[6.842s] INFO:colcon.colcon_core.shell:Creating package script '/home/maro/3D_Mapping_Sphere_ROS2/Acuators_ws/install/khonsu/share/khonsu/package.ps1'
[6.843s] INFO:colcon.colcon_core.shell:Creating package descriptor '/home/maro/3D_Mapping_Sphere_ROS2/Acuators_ws/install/khonsu/share/khonsu/package.dsv'
[6.844s] INFO:colcon.colcon_core.shell:Creating package script '/home/maro/3D_Mapping_Sphere_ROS2/Acuators_ws/install/khonsu/share/khonsu/package.sh'
[6.844s] INFO:colcon.colcon_core.shell:Creating package script '/home/maro/3D_Mapping_Sphere_ROS2/Acuators_ws/install/khonsu/share/khonsu/package.bash'
[6.845s] INFO:colcon.colcon_core.shell:Creating package script '/home/maro/3D_Mapping_Sphere_ROS2/Acuators_ws/install/khonsu/share/khonsu/package.zsh'
[6.845s] Level 1:colcon.colcon_core.environment:create_file_with_runtime_dependencies(/home/maro/3D_Mapping_Sphere_ROS2/Acuators_ws/install/khonsu/share/colcon-core/packages/khonsu)
[6.845s] DEBUG:colcon.colcon_parallel_executor.executor.parallel:closing loop
[6.846s] DEBUG:colcon.colcon_parallel_executor.executor.parallel:loop closed
[6.847s] DEBUG:colcon.colcon_parallel_executor.executor.parallel:run_until_complete finished with '0'
[6.847s] DEBUG:colcon.colcon_core.event_reactor:joining thread
[6.858s] INFO:colcon.colcon_core.plugin_system:Skipping extension 'colcon_notification.desktop_notification.terminal_notifier': Not used on non-Darwin systems
[6.858s] INFO:colcon.colcon_core.plugin_system:Skipping extension 'colcon_notification.desktop_notification.win32': Not used on non-Windows systems
[6.858s] INFO:colcon.colcon_notification.desktop_notification:Sending desktop notification using 'notify2'
[6.859s] DEBUG:colcon.colcon_notification.desktop_notification.notify2:Failed to initialize notify2: org.freedesktop.DBus.Error.ServiceUnknown: The name org.freedesktop.Notifications was not provided by any .service files
[6.859s] DEBUG:colcon.colcon_core.event_reactor:joined thread
[6.860s] INFO:colcon.colcon_core.shell:Creating prefix script '/home/maro/3D_Mapping_Sphere_ROS2/Acuators_ws/install/local_setup.ps1'
[6.861s] INFO:colcon.colcon_core.shell:Creating prefix util module '/home/maro/3D_Mapping_Sphere_ROS2/Acuators_ws/install/_local_setup_util_ps1.py'
[6.863s] INFO:colcon.colcon_core.shell:Creating prefix chain script '/home/maro/3D_Mapping_Sphere_ROS2/Acuators_ws/install/setup.ps1'
[6.865s] INFO:colcon.colcon_core.shell:Creating prefix script '/home/maro/3D_Mapping_Sphere_ROS2/Acuators_ws/install/local_setup.sh'
[6.865s] INFO:colcon.colcon_core.shell:Creating prefix util module '/home/maro/3D_Mapping_Sphere_ROS2/Acuators_ws/install/_local_setup_util_sh.py'
[6.866s] INFO:colcon.colcon_core.shell:Creating prefix chain script '/home/maro/3D_Mapping_Sphere_ROS2/Acuators_ws/install/setup.sh'
[6.868s] INFO:colcon.colcon_core.shell:Creating prefix script '/home/maro/3D_Mapping_Sphere_ROS2/Acuators_ws/install/local_setup.bash'
[6.869s] INFO:colcon.colcon_core.shell:Creating prefix chain script '/home/maro/3D_Mapping_Sphere_ROS2/Acuators_ws/install/setup.bash'
[6.870s] INFO:colcon.colcon_core.shell:Creating prefix script '/home/maro/3D_Mapping_Sphere_ROS2/Acuators_ws/install/local_setup.zsh'
[6.871s] INFO:colcon.colcon_core.shell:Creating prefix chain script '/home/maro/3D_Mapping_Sphere_ROS2/Acuators_ws/install/setup.zsh'
